# ["--attributes=3", "--values=16", "--game_size=10", "--vocab_size_factor=3", "--n_epochs=60", "--batch_size=32", "--learning_rate=0.001", "--hidden_size=128", "--temp_update=0.99", "--temperature=2", "--length_cost=0.01"]
Creating train_ds and val_ds...

Creating test_ds...
vocab size 13
message length 3
{"loss": 0.7174800038337708, "acc": 0.5213936567306519, "length": 2.318692207336426, "mode": "train", "epoch": 1}
{"loss": 0.7009186744689941, "acc": 0.5619140267372131, "length": 1.0, "mode": "test", "epoch": 1}
{"loss": 0.7019779086112976, "acc": 0.5217512249946594, "length": 1.0453065633773804, "mode": "train", "epoch": 2}
{"loss": 0.7052024602890015, "acc": 0.5173828601837158, "length": 1.0, "mode": "test", "epoch": 2}
{"loss": 0.7011797428131104, "acc": 0.5305421352386475, "length": 1.015701174736023, "mode": "train", "epoch": 3}
{"loss": 0.700753927230835, "acc": 0.5212891101837158, "length": 1.0, "mode": "test", "epoch": 3}
{"loss": 0.7007814645767212, "acc": 0.5339832305908203, "length": 1.0103954076766968, "mode": "train", "epoch": 4}
{"loss": 0.7020492553710938, "acc": 0.525390625, "length": 1.0, "mode": "test", "epoch": 4}
{"loss": 0.7016494274139404, "acc": 0.5255475640296936, "length": 1.007061243057251, "mode": "train", "epoch": 5}
{"loss": 0.7042551040649414, "acc": 0.516796886920929, "length": 1.0, "mode": "test", "epoch": 5}
{"loss": 0.7013158202171326, "acc": 0.5422582626342773, "length": 1.0052385330200195, "mode": "train", "epoch": 6}
{"loss": 0.7020286321640015, "acc": 0.516796886920929, "length": 1.0, "mode": "test", "epoch": 6}
{"loss": 0.7007959485054016, "acc": 0.5398226380348206, "length": 1.0041996240615845, "mode": "train", "epoch": 7}
{"loss": 0.7024490833282471, "acc": 0.5199218392372131, "length": 1.0, "mode": "test", "epoch": 7}
{"loss": 0.6989744305610657, "acc": 0.5402469635009766, "length": 1.0030516386032104, "mode": "train", "epoch": 8}
{"loss": 0.7022389769554138, "acc": 0.519726574420929, "length": 1.0, "mode": "test", "epoch": 8}
{"loss": 0.6995617747306824, "acc": 0.5325268507003784, "length": 1.0025634765625, "mode": "train", "epoch": 9}
{"loss": 0.701596736907959, "acc": 0.516796886920929, "length": 1.0, "mode": "test", "epoch": 9}
{"loss": 0.6978412866592407, "acc": 0.5365411639213562, "length": 1.0020906925201416, "mode": "train", "epoch": 10}
{"loss": 0.6998947858810425, "acc": 0.5433593392372131, "length": 1.0, "mode": "test", "epoch": 10}
{"loss": 0.6969193816184998, "acc": 0.5374191403388977, "length": 1.0016334056854248, "mode": "train", "epoch": 11}
{"loss": 0.700823962688446, "acc": 0.516796886920929, "length": 1.0, "mode": "test", "epoch": 11}
{"loss": 0.6964365839958191, "acc": 0.5365405678749084, "length": 1.0014338493347168, "mode": "train", "epoch": 12}
{"loss": 0.6985570788383484, "acc": 0.5478516221046448, "length": 1.0, "mode": "test", "epoch": 12}
{"loss": 0.6967242360115051, "acc": 0.5374772548675537, "length": 1.0011653900146484, "mode": "train", "epoch": 13}
{"loss": 0.7013877034187317, "acc": 0.5146484375, "length": 1.0, "mode": "test", "epoch": 13}
{"loss": 0.6955942511558533, "acc": 0.544087827205658, "length": 1.001038908958435, "mode": "train", "epoch": 14}
{"loss": 0.7004766464233398, "acc": 0.529296875, "length": 1.0, "mode": "test", "epoch": 14}
{"loss": 0.6940655708312988, "acc": 0.5410889983177185, "length": 1.0008246898651123, "mode": "train", "epoch": 15}
{"loss": 0.6999197602272034, "acc": 0.5220703482627869, "length": 1.0, "mode": "test", "epoch": 15}
{"loss": 0.6942510008811951, "acc": 0.5539475679397583, "length": 1.0007356405258179, "mode": "train", "epoch": 16}
{"loss": 0.6981889009475708, "acc": 0.5376953482627869, "length": 1.0, "mode": "test", "epoch": 16}
{"loss": 0.6920669078826904, "acc": 0.5543006658554077, "length": 1.000627875328064, "mode": "train", "epoch": 17}
{"loss": 0.7009909749031067, "acc": 0.5302734971046448, "length": 1.0, "mode": "test", "epoch": 17}
{"loss": 0.6925730109214783, "acc": 0.5576130151748657, "length": 1.0005546808242798, "mode": "train", "epoch": 18}
{"loss": 0.6970790028572083, "acc": 0.5335937142372131, "length": 1.0, "mode": "test", "epoch": 18}
{"loss": 0.6924222111701965, "acc": 0.5511186122894287, "length": 1.0004675388336182, "mode": "train", "epoch": 19}
{"loss": 0.7025198936462402, "acc": 0.5181640982627869, "length": 1.0, "mode": "test", "epoch": 19}
{"loss": 0.6925437450408936, "acc": 0.5585564970970154, "length": 1.0004140138626099, "mode": "train", "epoch": 20}
{"loss": 0.6985523104667664, "acc": 0.533984363079071, "length": 1.0, "mode": "test", "epoch": 20}
{"loss": 0.6908243894577026, "acc": 0.5679982900619507, "length": 1.0003280639648438, "mode": "train", "epoch": 21}
{"loss": 0.6969971656799316, "acc": 0.5376953482627869, "length": 1.0, "mode": "test", "epoch": 21}
{"loss": 0.6903846859931946, "acc": 0.5509465336799622, "length": 1.000292420387268, "mode": "train", "epoch": 22}
{"loss": 0.7034169435501099, "acc": 0.527148425579071, "length": 1.0, "mode": "test", "epoch": 22}
{"loss": 0.6908190250396729, "acc": 0.5667045712471008, "length": 1.0002766847610474, "mode": "train", "epoch": 23}
{"loss": 0.6975015997886658, "acc": 0.5361328721046448, "length": 1.0, "mode": "test", "epoch": 23}
{"loss": 0.6892157793045044, "acc": 0.5664103031158447, "length": 1.0002449750900269, "mode": "train", "epoch": 24}
{"loss": 0.7024461627006531, "acc": 0.5302734375, "length": 1.0, "mode": "test", "epoch": 24}
{"loss": 0.6890477538108826, "acc": 0.5704823732376099, "length": 1.0001939535140991, "mode": "train", "epoch": 25}
{"loss": 0.7003958821296692, "acc": 0.5185546875, "length": 1.0, "mode": "test", "epoch": 25}
{"loss": 0.6887725591659546, "acc": 0.5642848610877991, "length": 1.0001800060272217, "mode": "train", "epoch": 26}
{"loss": 0.699210524559021, "acc": 0.5306640267372131, "length": 1.0, "mode": "test", "epoch": 26}
{"loss": 0.687704861164093, "acc": 0.5690085291862488, "length": 1.0001540184020996, "mode": "train", "epoch": 27}
{"loss": 0.6999838352203369, "acc": 0.533984363079071, "length": 1.0, "mode": "test", "epoch": 27}
{"loss": 0.688222348690033, "acc": 0.569774866104126, "length": 1.0001345872879028, "mode": "train", "epoch": 28}
{"loss": 0.702444851398468, "acc": 0.5275390148162842, "length": 1.0, "mode": "test", "epoch": 28}
{"loss": 0.6889057159423828, "acc": 0.5715466141700745, "length": 1.0001181364059448, "mode": "train", "epoch": 29}
{"loss": 0.697117030620575, "acc": 0.5523437857627869, "length": 1.0, "mode": "test", "epoch": 29}
{"loss": 0.6898967623710632, "acc": 0.5641083717346191, "length": 1.0001156330108643, "mode": "train", "epoch": 30}
{"loss": 0.7011579275131226, "acc": 0.525390625, "length": 1.0, "mode": "test", "epoch": 30}
{"loss": 0.6877036690711975, "acc": 0.5610385537147522, "length": 1.0000852346420288, "mode": "train", "epoch": 31}
{"loss": 0.6983702182769775, "acc": 0.533984363079071, "length": 1.0, "mode": "test", "epoch": 31}
{"loss": 0.6880863308906555, "acc": 0.5687133073806763, "length": 1.0000920295715332, "mode": "train", "epoch": 32}
{"loss": 0.6993622183799744, "acc": 0.525390625, "length": 1.0, "mode": "test", "epoch": 32}
{"loss": 0.6874834299087524, "acc": 0.5620424151420593, "length": 1.0000849962234497, "mode": "train", "epoch": 33}
{"loss": 0.6994501948356628, "acc": 0.533984363079071, "length": 1.0, "mode": "test", "epoch": 33}
{"loss": 0.686940610408783, "acc": 0.569480299949646, "length": 1.0000834465026855, "mode": "train", "epoch": 34}
{"loss": 0.7028559446334839, "acc": 0.533984363079071, "length": 1.0, "mode": "test", "epoch": 34}
{"loss": 0.6878905892372131, "acc": 0.5679453015327454, "length": 1.0000560283660889, "mode": "train", "epoch": 35}
{"loss": 0.7017479538917542, "acc": 0.5306640267372131, "length": 1.0, "mode": "test", "epoch": 35}
{"loss": 0.6877526640892029, "acc": 0.5657615661621094, "length": 1.0000512599945068, "mode": "train", "epoch": 36}
{"loss": 0.699755072593689, "acc": 0.5210937857627869, "length": 1.0, "mode": "test", "epoch": 36}
{"loss": 0.6864593029022217, "acc": 0.56623375415802, "length": 1.0000436305999756, "mode": "train", "epoch": 37}
{"loss": 0.7003993391990662, "acc": 0.533984363079071, "length": 1.0, "mode": "test", "epoch": 37}
{"loss": 0.6866816282272339, "acc": 0.5694213509559631, "length": 1.0000371932983398, "mode": "train", "epoch": 38}
{"loss": 0.7007654309272766, "acc": 0.533984363079071, "length": 1.0, "mode": "test", "epoch": 38}
{"loss": 0.6877509951591492, "acc": 0.5697754621505737, "length": 1.0000380277633667, "mode": "train", "epoch": 39}
{"loss": 0.7008723616600037, "acc": 0.533984363079071, "length": 1.0, "mode": "test", "epoch": 39}
{"loss": 0.6872122287750244, "acc": 0.5701889991760254, "length": 1.0000276565551758, "mode": "train", "epoch": 40}
{"loss": 0.7021212577819824, "acc": 0.525390625, "length": 1.0, "mode": "test", "epoch": 40}
{"loss": 0.6865187287330627, "acc": 0.5738489627838135, "length": 1.0000293254852295, "mode": "train", "epoch": 41}
{"loss": 0.7006767392158508, "acc": 0.533984363079071, "length": 1.0, "mode": "test", "epoch": 41}
{"loss": 0.6861100196838379, "acc": 0.5672373175621033, "length": 1.000023365020752, "mode": "train", "epoch": 42}
{"loss": 0.6999918222427368, "acc": 0.539257824420929, "length": 1.0, "mode": "test", "epoch": 42}
{"loss": 0.6860626339912415, "acc": 0.5728453397750854, "length": 1.0000256299972534, "mode": "train", "epoch": 43}
{"loss": 0.6989214420318604, "acc": 0.533984363079071, "length": 1.0, "mode": "test", "epoch": 43}
{"loss": 0.6857185959815979, "acc": 0.5698937177658081, "length": 1.000017523765564, "mode": "train", "epoch": 44}
{"loss": 0.7039076685905457, "acc": 0.5189452767372131, "length": 1.0, "mode": "test", "epoch": 44}
{"loss": 0.6872920393943787, "acc": 0.5690083503723145, "length": 1.0000176429748535, "mode": "train", "epoch": 45}
{"loss": 0.6984816789627075, "acc": 0.5308594107627869, "length": 1.0, "mode": "test", "epoch": 45}
{"loss": 0.6850627660751343, "acc": 0.5685360431671143, "length": 1.0000133514404297, "mode": "train", "epoch": 46}
{"loss": 0.7024824619293213, "acc": 0.5189452767372131, "length": 1.0, "mode": "test", "epoch": 46}
{"loss": 0.6863436698913574, "acc": 0.5706021785736084, "length": 1.0000206232070923, "mode": "train", "epoch": 47}
{"loss": 0.7004358768463135, "acc": 0.533984363079071, "length": 1.0, "mode": "test", "epoch": 47}
{"loss": 0.686496376991272, "acc": 0.5708972811698914, "length": 1.0000121593475342, "mode": "train", "epoch": 48}
{"loss": 0.7010547518730164, "acc": 0.525390625, "length": 1.0, "mode": "test", "epoch": 48}
{"loss": 0.6859015226364136, "acc": 0.5699526071548462, "length": 1.0000125169754028, "mode": "train", "epoch": 49}
{"loss": 0.7002222537994385, "acc": 0.533984363079071, "length": 1.0, "mode": "test", "epoch": 49}
{"loss": 0.685945451259613, "acc": 0.573140561580658, "length": 1.000008463859558, "mode": "train", "epoch": 50}
{"loss": 0.7023937106132507, "acc": 0.5250000357627869, "length": 1.0, "mode": "test", "epoch": 50}
{"loss": 0.6857752203941345, "acc": 0.5729633569717407, "length": 1.0000076293945312, "mode": "train", "epoch": 51}
{"loss": 0.6988363265991211, "acc": 0.533984363079071, "length": 1.0, "mode": "test", "epoch": 51}
{"loss": 0.6856505870819092, "acc": 0.5707792639732361, "length": 1.0000061988830566, "mode": "train", "epoch": 52}
{"loss": 0.7017874717712402, "acc": 0.5275390148162842, "length": 1.0, "mode": "test", "epoch": 52}
{"loss": 0.6858777403831482, "acc": 0.5668240785598755, "length": 1.000007152557373, "mode": "train", "epoch": 53}
{"loss": 0.7007219791412354, "acc": 0.533984363079071, "length": 1.0, "mode": "test", "epoch": 53}
{"loss": 0.6859267354011536, "acc": 0.5747343301773071, "length": 1.0000046491622925, "mode": "train", "epoch": 54}
{"loss": 0.6990228891372681, "acc": 0.5308594107627869, "length": 1.0, "mode": "test", "epoch": 54}
{"loss": 0.685174286365509, "acc": 0.5667060017585754, "length": 1.0000090599060059, "mode": "train", "epoch": 55}
{"loss": 0.7011444568634033, "acc": 0.533984363079071, "length": 1.0, "mode": "test", "epoch": 55}
{"loss": 0.6848446726799011, "acc": 0.5742030143737793, "length": 1.0000038146972656, "mode": "train", "epoch": 56}
{"loss": 0.6995580792427063, "acc": 0.533984363079071, "length": 1.0, "mode": "test", "epoch": 56}
{"loss": 0.687114417552948, "acc": 0.5669420957565308, "length": 1.0000033378601074, "mode": "train", "epoch": 57}
{"loss": 0.7015100121498108, "acc": 0.533984363079071, "length": 1.0, "mode": "test", "epoch": 57}
{"loss": 0.6843425035476685, "acc": 0.5721369385719299, "length": 1.0000029802322388, "mode": "train", "epoch": 58}
{"loss": 0.6988011002540588, "acc": 0.533984363079071, "length": 1.0, "mode": "test", "epoch": 58}
{"loss": 0.6850930452346802, "acc": 0.5704250335693359, "length": 1.0000028610229492, "mode": "train", "epoch": 59}
{"loss": 0.7008569240570068, "acc": 0.533984363079071, "length": 1.0, "mode": "test", "epoch": 59}
{"loss": 0.6847159266471863, "acc": 0.5720189213752747, "length": 1.0000022649765015, "mode": "train", "epoch": 60}
{"loss": 0.6985924243927002, "acc": 0.533984363079071, "length": 1.0, "mode": "test", "epoch": 60}
test accuracy: 0.2680644989013672
