# ["--attributes=5", "--values=4", "--game_size=10", "--vocab_size_factor=3", "--n_epochs=60", "--batch_size=32", "--learning_rate=0.001", "--hidden_size=128", "--temp_update=0.99", "--temperature=2", "--length_cost=0.01"]
Creating train_ds and val_ds...

Creating test_ds...
vocab size 13
message length 3
{"loss": 0.7150833010673523, "acc": 0.5313749313354492, "length": 2.291557550430298, "mode": "train", "epoch": 1}
{"loss": 0.6993377208709717, "acc": 0.5263672471046448, "length": 1.0, "mode": "test", "epoch": 1}
{"loss": 0.697378396987915, "acc": 0.5302197337150574, "length": 1.0545505285263062, "mode": "train", "epoch": 2}
{"loss": 0.6999602317810059, "acc": 0.5232422351837158, "length": 1.0, "mode": "test", "epoch": 2}
{"loss": 0.6967528462409973, "acc": 0.5313458442687988, "length": 1.0192838907241821, "mode": "train", "epoch": 3}
{"loss": 0.7005667686462402, "acc": 0.5261719226837158, "length": 1.0, "mode": "test", "epoch": 3}
{"loss": 0.6960949301719666, "acc": 0.5431851744651794, "length": 1.0116791725158691, "mode": "train", "epoch": 4}
{"loss": 0.7004513740539551, "acc": 0.5316405892372131, "length": 1.0, "mode": "test", "epoch": 4}
{"loss": 0.6963851451873779, "acc": 0.54574054479599, "length": 1.008446216583252, "mode": "train", "epoch": 5}
{"loss": 0.6997935771942139, "acc": 0.5179687142372131, "length": 1.0, "mode": "test", "epoch": 5}
{"loss": 0.6966559290885925, "acc": 0.5404874682426453, "length": 1.0061317682266235, "mode": "train", "epoch": 6}
{"loss": 0.7032098174095154, "acc": 0.5238280892372131, "length": 1.0, "mode": "test", "epoch": 6}
{"loss": 0.6969411969184875, "acc": 0.5453307032585144, "length": 1.0046873092651367, "mode": "train", "epoch": 7}
{"loss": 0.7011330127716064, "acc": 0.5398437976837158, "length": 1.0, "mode": "test", "epoch": 7}
{"loss": 0.6975453495979309, "acc": 0.5423708558082581, "length": 1.0035946369171143, "mode": "train", "epoch": 8}
{"loss": 0.6977059841156006, "acc": 0.5232422351837158, "length": 1.0, "mode": "test", "epoch": 8}
{"loss": 0.695647120475769, "acc": 0.5333482027053833, "length": 1.0030691623687744, "mode": "train", "epoch": 9}
{"loss": 0.7005236148834229, "acc": 0.5166015625, "length": 1.0, "mode": "test", "epoch": 9}
{"loss": 0.695397675037384, "acc": 0.5472240447998047, "length": 1.0024663209915161, "mode": "train", "epoch": 10}
{"loss": 0.6980413794517517, "acc": 0.52734375, "length": 1.0, "mode": "test", "epoch": 10}
{"loss": 0.6956207156181335, "acc": 0.5375416874885559, "length": 1.002023458480835, "mode": "train", "epoch": 11}
{"loss": 0.7009608149528503, "acc": 0.52734375, "length": 1.0, "mode": "test", "epoch": 11}
{"loss": 0.6949355602264404, "acc": 0.5482149124145508, "length": 1.0017225742340088, "mode": "train", "epoch": 12}
{"loss": 0.7000102996826172, "acc": 0.5384765267372131, "length": 1.0, "mode": "test", "epoch": 12}
{"loss": 0.6940422654151917, "acc": 0.5406122803688049, "length": 1.0013911724090576, "mode": "train", "epoch": 13}
{"loss": 0.6997492909431458, "acc": 0.5261719226837158, "length": 1.0, "mode": "test", "epoch": 13}
{"loss": 0.6949973106384277, "acc": 0.5485246777534485, "length": 1.0012927055358887, "mode": "train", "epoch": 14}
{"loss": 0.6968269944190979, "acc": 0.5285155773162842, "length": 1.0, "mode": "test", "epoch": 14}
{"loss": 0.6957961320877075, "acc": 0.5363627076148987, "length": 1.001102089881897, "mode": "train", "epoch": 15}
{"loss": 0.6976301670074463, "acc": 0.534375011920929, "length": 1.0, "mode": "test", "epoch": 15}
{"loss": 0.6945324540138245, "acc": 0.5407311916351318, "length": 1.000914216041565, "mode": "train", "epoch": 16}
{"loss": 0.6995813846588135, "acc": 0.522265613079071, "length": 1.0, "mode": "test", "epoch": 16}
{"loss": 0.6949427723884583, "acc": 0.5557851791381836, "length": 1.000761866569519, "mode": "train", "epoch": 17}
{"loss": 0.6968874931335449, "acc": 0.5289062857627869, "length": 1.0, "mode": "test", "epoch": 17}
{"loss": 0.693061113357544, "acc": 0.5466330647468567, "length": 1.0007297992706299, "mode": "train", "epoch": 18}
{"loss": 0.6976855397224426, "acc": 0.5384765267372131, "length": 1.0, "mode": "test", "epoch": 18}
{"loss": 0.6924935579299927, "acc": 0.557201087474823, "length": 1.0006309747695923, "mode": "train", "epoch": 19}
{"loss": 0.6953011155128479, "acc": 0.5384765267372131, "length": 1.0, "mode": "test", "epoch": 19}
{"loss": 0.6938050389289856, "acc": 0.5506492257118225, "length": 1.0004963874816895, "mode": "train", "epoch": 20}
{"loss": 0.6953887939453125, "acc": 0.52734375, "length": 1.0, "mode": "test", "epoch": 20}
{"loss": 0.694094181060791, "acc": 0.5370111465454102, "length": 1.0004606246948242, "mode": "train", "epoch": 21}
{"loss": 0.6985293626785278, "acc": 0.5384765267372131, "length": 1.0, "mode": "test", "epoch": 21}
{"loss": 0.6921119689941406, "acc": 0.553720235824585, "length": 1.0003976821899414, "mode": "train", "epoch": 22}
{"loss": 0.6948586106300354, "acc": 0.5384765267372131, "length": 1.0, "mode": "test", "epoch": 22}
{"loss": 0.6912646889686584, "acc": 0.5543085932731628, "length": 1.0003788471221924, "mode": "train", "epoch": 23}
{"loss": 0.6975643038749695, "acc": 0.5384765267372131, "length": 1.0, "mode": "test", "epoch": 23}
{"loss": 0.6910786032676697, "acc": 0.5553715229034424, "length": 1.000286340713501, "mode": "train", "epoch": 24}
{"loss": 0.6952937245368958, "acc": 0.5384765267372131, "length": 1.0, "mode": "test", "epoch": 24}
{"loss": 0.6902175545692444, "acc": 0.5520668029785156, "length": 1.0002740621566772, "mode": "train", "epoch": 25}
{"loss": 0.6958420872688293, "acc": 0.5384765267372131, "length": 1.0, "mode": "test", "epoch": 25}
{"loss": 0.689882755279541, "acc": 0.5556091666221619, "length": 1.0002245903015137, "mode": "train", "epoch": 26}
{"loss": 0.694362461566925, "acc": 0.5406250357627869, "length": 1.0, "mode": "test", "epoch": 26}
{"loss": 0.6900482177734375, "acc": 0.5511811375617981, "length": 1.0001943111419678, "mode": "train", "epoch": 27}
{"loss": 0.6976976990699768, "acc": 0.5474609732627869, "length": 1.0, "mode": "test", "epoch": 27}
{"loss": 0.6920910477638245, "acc": 0.5514760613441467, "length": 1.0001879930496216, "mode": "train", "epoch": 28}
{"loss": 0.6924554109573364, "acc": 0.556835949420929, "length": 1.0, "mode": "test", "epoch": 28}
{"loss": 0.6897514462471008, "acc": 0.5536020398139954, "length": 1.000154972076416, "mode": "train", "epoch": 29}
{"loss": 0.6960026025772095, "acc": 0.5513672232627869, "length": 1.0, "mode": "test", "epoch": 29}
{"loss": 0.6898096203804016, "acc": 0.5533058047294617, "length": 1.0001338720321655, "mode": "train", "epoch": 30}
{"loss": 0.6926310062408447, "acc": 0.565234363079071, "length": 1.0, "mode": "test", "epoch": 30}
{"loss": 0.6884222626686096, "acc": 0.5515937209129333, "length": 1.0001345872879028, "mode": "train", "epoch": 31}
{"loss": 0.6933666467666626, "acc": 0.5406250357627869, "length": 1.0, "mode": "test", "epoch": 31}
{"loss": 0.689444363117218, "acc": 0.5570255517959595, "length": 1.0001195669174194, "mode": "train", "epoch": 32}
{"loss": 0.6938948035240173, "acc": 0.5658202767372131, "length": 1.0, "mode": "test", "epoch": 32}
{"loss": 0.6885784864425659, "acc": 0.5565524697303772, "length": 1.0000921487808228, "mode": "train", "epoch": 33}
{"loss": 0.6943204998970032, "acc": 0.5460938811302185, "length": 1.0, "mode": "test", "epoch": 33}
{"loss": 0.688339114189148, "acc": 0.5596814751625061, "length": 1.0000849962234497, "mode": "train", "epoch": 34}
{"loss": 0.6948226690292358, "acc": 0.5460938811302185, "length": 1.0, "mode": "test", "epoch": 34}
{"loss": 0.6883131265640259, "acc": 0.5610983371734619, "length": 1.0000784397125244, "mode": "train", "epoch": 35}
{"loss": 0.6938725709915161, "acc": 0.5658202767372131, "length": 1.0, "mode": "test", "epoch": 35}
{"loss": 0.6875873804092407, "acc": 0.5583236217498779, "length": 1.0000619888305664, "mode": "train", "epoch": 36}
{"loss": 0.692482590675354, "acc": 0.5652344226837158, "length": 1.0, "mode": "test", "epoch": 36}
{"loss": 0.6879920959472656, "acc": 0.5582055449485779, "length": 1.0000592470169067, "mode": "train", "epoch": 37}
{"loss": 0.6927047967910767, "acc": 0.559374988079071, "length": 1.0, "mode": "test", "epoch": 37}
{"loss": 0.6883808970451355, "acc": 0.5599763989448547, "length": 1.0000561475753784, "mode": "train", "epoch": 38}
{"loss": 0.6933937072753906, "acc": 0.5753905773162842, "length": 1.0, "mode": "test", "epoch": 38}
{"loss": 0.6879231333732605, "acc": 0.5525384545326233, "length": 1.000095009803772, "mode": "train", "epoch": 39}
{"loss": 0.6942227482795715, "acc": 0.549609363079071, "length": 1.0, "mode": "test", "epoch": 39}
{"loss": 0.6869936585426331, "acc": 0.563754677772522, "length": 1.000040888786316, "mode": "train", "epoch": 40}
{"loss": 0.6910606622695923, "acc": 0.5550780892372131, "length": 1.0, "mode": "test", "epoch": 40}
{"loss": 0.6872733235359192, "acc": 0.5593863129615784, "length": 1.0000338554382324, "mode": "train", "epoch": 41}
{"loss": 0.6931654214859009, "acc": 0.549609363079071, "length": 1.0, "mode": "test", "epoch": 41}
{"loss": 0.6873641014099121, "acc": 0.5580282807350159, "length": 1.0000312328338623, "mode": "train", "epoch": 42}
{"loss": 0.6930435299873352, "acc": 0.556835949420929, "length": 1.0, "mode": "test", "epoch": 42}
{"loss": 0.6878393888473511, "acc": 0.554427444934845, "length": 1.0000253915786743, "mode": "train", "epoch": 43}
{"loss": 0.6926168203353882, "acc": 0.5658202767372131, "length": 1.0, "mode": "test", "epoch": 43}
{"loss": 0.6877882480621338, "acc": 0.5632230043411255, "length": 1.0000258684158325, "mode": "train", "epoch": 44}
{"loss": 0.6921807527542114, "acc": 0.5550780892372131, "length": 1.0, "mode": "test", "epoch": 44}
{"loss": 0.6875004172325134, "acc": 0.5608617067337036, "length": 1.000029444694519, "mode": "train", "epoch": 45}
{"loss": 0.6921198964118958, "acc": 0.563671886920929, "length": 1.0, "mode": "test", "epoch": 45}
{"loss": 0.6886570453643799, "acc": 0.558441698551178, "length": 1.000022292137146, "mode": "train", "epoch": 46}
{"loss": 0.6956920623779297, "acc": 0.556835949420929, "length": 1.0, "mode": "test", "epoch": 46}
{"loss": 0.687363862991333, "acc": 0.5560213923454285, "length": 1.0000190734863281, "mode": "train", "epoch": 47}
{"loss": 0.6920840740203857, "acc": 0.5658202767372131, "length": 1.0, "mode": "test", "epoch": 47}
{"loss": 0.6886278986930847, "acc": 0.5631051063537598, "length": 1.000014066696167, "mode": "train", "epoch": 48}
{"loss": 0.6935003995895386, "acc": 0.5658202767372131, "length": 1.0, "mode": "test", "epoch": 48}
{"loss": 0.6885309815406799, "acc": 0.5572609305381775, "length": 1.000014066696167, "mode": "train", "epoch": 49}
{"loss": 0.6920043230056763, "acc": 0.5658202767372131, "length": 1.0, "mode": "test", "epoch": 49}
{"loss": 0.6872475147247314, "acc": 0.5609209537506104, "length": 1.0000115633010864, "mode": "train", "epoch": 50}
{"loss": 0.6925879716873169, "acc": 0.5658202767372131, "length": 1.0, "mode": "test", "epoch": 50}
{"loss": 0.6866539120674133, "acc": 0.562396764755249, "length": 1.0000128746032715, "mode": "train", "epoch": 51}
{"loss": 0.6925105452537537, "acc": 0.560351550579071, "length": 1.0, "mode": "test", "epoch": 51}
{"loss": 0.6883333325386047, "acc": 0.5601534247398376, "length": 1.000008463859558, "mode": "train", "epoch": 52}
{"loss": 0.69133460521698, "acc": 0.5658202767372131, "length": 1.0, "mode": "test", "epoch": 52}
{"loss": 0.6870335340499878, "acc": 0.5611569881439209, "length": 1.0000089406967163, "mode": "train", "epoch": 53}
{"loss": 0.693463921546936, "acc": 0.5406250357627869, "length": 1.0, "mode": "test", "epoch": 53}
{"loss": 0.68626469373703, "acc": 0.5589728355407715, "length": 1.000006914138794, "mode": "train", "epoch": 54}
{"loss": 0.6923891305923462, "acc": 0.560351550579071, "length": 1.0, "mode": "test", "epoch": 54}
{"loss": 0.687074601650238, "acc": 0.5550767183303833, "length": 1.0000056028366089, "mode": "train", "epoch": 55}
{"loss": 0.6932053565979004, "acc": 0.5664063096046448, "length": 1.0, "mode": "test", "epoch": 55}
{"loss": 0.6870363354682922, "acc": 0.5574935078620911, "length": 1.0000876188278198, "mode": "train", "epoch": 56}
{"loss": 0.6911493539810181, "acc": 0.5486328601837158, "length": 1.0, "mode": "test", "epoch": 56}
{"loss": 0.6872238516807556, "acc": 0.5609209537506104, "length": 1.0000053644180298, "mode": "train", "epoch": 57}
{"loss": 0.6918449997901917, "acc": 0.559374988079071, "length": 1.0, "mode": "test", "epoch": 57}
{"loss": 0.6863808631896973, "acc": 0.556139349937439, "length": 1.0000038146972656, "mode": "train", "epoch": 58}
{"loss": 0.6921331286430359, "acc": 0.559374988079071, "length": 1.0, "mode": "test", "epoch": 58}
{"loss": 0.6865360736846924, "acc": 0.5597402453422546, "length": 1.0000089406967163, "mode": "train", "epoch": 59}
{"loss": 0.6908886432647705, "acc": 0.5658202767372131, "length": 1.0, "mode": "test", "epoch": 59}
{"loss": 0.6877471208572388, "acc": 0.5616292953491211, "length": 1.000003457069397, "mode": "train", "epoch": 60}
{"loss": 0.6911998987197876, "acc": 0.5658202767372131, "length": 1.0, "mode": "test", "epoch": 60}
test accuracy: 0.2567741870880127
