ndevices 0
# ["--attributes=4", "--values=8", "--game_size=10", "--vocab_size_factor=3", "--n_epochs=60", "--batch_size=32", "--learning_rate=0.0005", "--speaker_hidden_size=128", "--temp_update=0.97", "--temperature=1"]
data loaded from: data/dim(4,8).ds
vocab size 28
message length 4
{"loss": 0.40720656514167786, "acc": 0.811630368232727, "length": 4.939755439758301, "mode": "train", "epoch": 1}
{"loss": 0.33387359976768494, "acc": 0.858701765537262, "length": 5.0, "mode": "test", "epoch": 1}
{"loss": 0.2985498309135437, "acc": 0.8779360055923462, "length": 4.999989986419678, "mode": "train", "epoch": 2}
{"loss": 0.2743835747241974, "acc": 0.8924647569656372, "length": 5.0, "mode": "test", "epoch": 2}
{"loss": 0.2651354968547821, "acc": 0.8948314189910889, "length": 4.999999523162842, "mode": "train", "epoch": 3}
{"loss": 0.2709019184112549, "acc": 0.8925138115882874, "length": 5.0, "mode": "test", "epoch": 3}
{"loss": 0.2536967396736145, "acc": 0.9004812240600586, "length": 5.0, "mode": "train", "epoch": 4}
{"loss": 0.24109379947185516, "acc": 0.9079998135566711, "length": 5.0, "mode": "test", "epoch": 4}
{"loss": 0.23637765645980835, "acc": 0.9084992408752441, "length": 5.0, "mode": "train", "epoch": 5}
{"loss": 0.22785212099552155, "acc": 0.9138966202735901, "length": 5.0, "mode": "test", "epoch": 5}
{"loss": 0.22764530777931213, "acc": 0.9119157791137695, "length": 5.0, "mode": "train", "epoch": 6}
{"loss": 0.24293400347232819, "acc": 0.9061301946640015, "length": 5.0, "mode": "test", "epoch": 6}
{"loss": 0.22330798208713531, "acc": 0.9139730930328369, "length": 5.0, "mode": "train", "epoch": 7}
{"loss": 0.21817758679389954, "acc": 0.9171532392501831, "length": 5.0, "mode": "test", "epoch": 7}
{"loss": 0.21327687799930573, "acc": 0.9179869294166565, "length": 5.0, "mode": "train", "epoch": 8}
{"loss": 0.20897893607616425, "acc": 0.9207267761230469, "length": 5.0, "mode": "test", "epoch": 8}
{"loss": 0.20464561879634857, "acc": 0.9221642017364502, "length": 5.0, "mode": "train", "epoch": 9}
{"loss": 0.2094300538301468, "acc": 0.922462522983551, "length": 5.0, "mode": "test", "epoch": 9}
{"loss": 0.19592317938804626, "acc": 0.926729679107666, "length": 5.0, "mode": "train", "epoch": 10}
{"loss": 0.19905593991279602, "acc": 0.9262305498123169, "length": 5.0, "mode": "test", "epoch": 10}
{"loss": 0.18847256898880005, "acc": 0.930609941482544, "length": 5.0, "mode": "train", "epoch": 11}
{"loss": 0.18666912615299225, "acc": 0.9328403472900391, "length": 5.0, "mode": "test", "epoch": 11}
{"loss": 0.17762574553489685, "acc": 0.9353563189506531, "length": 5.0, "mode": "train", "epoch": 12}
{"loss": 0.1746188998222351, "acc": 0.9379409551620483, "length": 5.0, "mode": "test", "epoch": 12}
{"loss": 0.17156408727169037, "acc": 0.9381528496742249, "length": 5.0, "mode": "train", "epoch": 13}
{"loss": 0.16812558472156525, "acc": 0.9400674104690552, "length": 5.0, "mode": "test", "epoch": 13}
{"loss": 0.16741985082626343, "acc": 0.9397651553153992, "length": 5.0, "mode": "train", "epoch": 14}
{"loss": 0.17492520809173584, "acc": 0.9384986162185669, "length": 5.0, "mode": "test", "epoch": 14}
{"loss": 0.16569584608078003, "acc": 0.9403930306434631, "length": 5.0, "mode": "train", "epoch": 15}
{"loss": 0.16913026571273804, "acc": 0.9403190016746521, "length": 5.0, "mode": "test", "epoch": 15}
{"loss": 0.17157301306724548, "acc": 0.9376333355903625, "length": 5.0, "mode": "train", "epoch": 16}
{"loss": 0.1694810688495636, "acc": 0.9397228360176086, "length": 5.0, "mode": "test", "epoch": 16}
{"loss": 0.1613864004611969, "acc": 0.9422010183334351, "length": 5.0, "mode": "train", "epoch": 17}
{"loss": 0.16176018118858337, "acc": 0.9423363208770752, "length": 5.0, "mode": "test", "epoch": 17}
{"loss": 0.15912017226219177, "acc": 0.9434846043586731, "length": 5.0, "mode": "train", "epoch": 18}
{"loss": 0.16813409328460693, "acc": 0.9417304992675781, "length": 5.0, "mode": "test", "epoch": 18}
{"loss": 0.15731586515903473, "acc": 0.9446782469749451, "length": 5.0, "mode": "train", "epoch": 19}
{"loss": 0.153825044631958, "acc": 0.946871817111969, "length": 5.0, "mode": "test", "epoch": 19}
{"loss": 0.148095965385437, "acc": 0.9494249820709229, "length": 5.0, "mode": "train", "epoch": 20}
{"loss": 0.14895465970039368, "acc": 0.9505459070205688, "length": 5.0, "mode": "test", "epoch": 20}
{"loss": 0.14361794292926788, "acc": 0.9514197707176208, "length": 5.0, "mode": "train", "epoch": 21}
{"loss": 0.1403995007276535, "acc": 0.9531806707382202, "length": 5.0, "mode": "test", "epoch": 21}
{"loss": 0.14311084151268005, "acc": 0.951971709728241, "length": 5.0, "mode": "train", "epoch": 22}
{"loss": 0.1493099480867386, "acc": 0.9514919519424438, "length": 5.0, "mode": "test", "epoch": 22}
{"loss": 0.14005091786384583, "acc": 0.9532715678215027, "length": 5.0, "mode": "train", "epoch": 23}
{"loss": 0.1457008421421051, "acc": 0.9522796273231506, "length": 5.0, "mode": "test", "epoch": 23}
{"loss": 0.14055030047893524, "acc": 0.9534992575645447, "length": 5.0, "mode": "train", "epoch": 24}
{"loss": 0.13964885473251343, "acc": 0.9545130729675293, "length": 5.0, "mode": "test", "epoch": 24}
{"loss": 0.1426146924495697, "acc": 0.9525816440582275, "length": 5.0, "mode": "train", "epoch": 25}
{"loss": 0.14662298560142517, "acc": 0.9511151313781738, "length": 5.0, "mode": "test", "epoch": 25}
{"loss": 0.1400633305311203, "acc": 0.9530416131019592, "length": 5.0, "mode": "train", "epoch": 26}
{"loss": 0.1389344334602356, "acc": 0.954841673374176, "length": 5.0, "mode": "test", "epoch": 26}
{"loss": 0.14450818300247192, "acc": 0.95054692029953, "length": 5.0, "mode": "train", "epoch": 27}
{"loss": 0.15086723864078522, "acc": 0.9501381516456604, "length": 5.0, "mode": "test", "epoch": 27}
{"loss": 0.1433306187391281, "acc": 0.9527179002761841, "length": 5.0, "mode": "train", "epoch": 28}
{"loss": 0.14091506600379944, "acc": 0.9550930857658386, "length": 5.0, "mode": "test", "epoch": 28}
{"loss": 0.13957180082798004, "acc": 0.9547783732414246, "length": 5.0, "mode": "train", "epoch": 29}
{"loss": 0.14044001698493958, "acc": 0.9556592702865601, "length": 5.0, "mode": "test", "epoch": 29}
{"loss": 0.13705985248088837, "acc": 0.9558408856391907, "length": 5.0, "mode": "train", "epoch": 30}
{"loss": 0.13632240891456604, "acc": 0.9569809436798096, "length": 5.0, "mode": "test", "epoch": 30}
{"loss": 0.13598331809043884, "acc": 0.9563031792640686, "length": 5.0, "mode": "train", "epoch": 31}
{"loss": 0.1345323622226715, "acc": 0.9574529528617859, "length": 5.0, "mode": "test", "epoch": 31}
{"loss": 0.13216108083724976, "acc": 0.9577586650848389, "length": 5.0, "mode": "train", "epoch": 32}
{"loss": 0.13465747237205505, "acc": 0.9581379294395447, "length": 5.0, "mode": "test", "epoch": 32}
{"loss": 0.12785594165325165, "acc": 0.9592612385749817, "length": 5.0, "mode": "train", "epoch": 33}
{"loss": 0.12954452633857727, "acc": 0.959542989730835, "length": 5.0, "mode": "test", "epoch": 33}
{"loss": 0.12788420915603638, "acc": 0.9594031572341919, "length": 5.0, "mode": "train", "epoch": 34}
{"loss": 0.12670528888702393, "acc": 0.9606345891952515, "length": 5.0, "mode": "test", "epoch": 34}
{"loss": 0.1270126849412918, "acc": 0.9594503045082092, "length": 5.0, "mode": "train", "epoch": 35}
{"loss": 0.13178136944770813, "acc": 0.9583615064620972, "length": 5.0, "mode": "test", "epoch": 35}
{"loss": 0.12638071179389954, "acc": 0.9596672058105469, "length": 5.0, "mode": "train", "epoch": 36}
{"loss": 0.1259882003068924, "acc": 0.9605628252029419, "length": 5.0, "mode": "test", "epoch": 36}
{"loss": 0.12377090752124786, "acc": 0.9605836272239685, "length": 5.0, "mode": "train", "epoch": 37}
{"loss": 0.128122478723526, "acc": 0.959427535533905, "length": 5.0, "mode": "test", "epoch": 37}
{"loss": 0.12624408304691315, "acc": 0.9592176079750061, "length": 5.0, "mode": "train", "epoch": 38}
{"loss": 0.12530043721199036, "acc": 0.9601606130599976, "length": 5.0, "mode": "test", "epoch": 38}
{"loss": 0.12509828805923462, "acc": 0.959619402885437, "length": 5.0, "mode": "train", "epoch": 39}
{"loss": 0.1282014548778534, "acc": 0.9599337577819824, "length": 5.0, "mode": "test", "epoch": 39}
{"loss": 0.12311702221632004, "acc": 0.9603675603866577, "length": 5.0, "mode": "train", "epoch": 40}
{"loss": 0.1310720443725586, "acc": 0.9590442180633545, "length": 5.0, "mode": "test", "epoch": 40}
{"loss": 0.12452814728021622, "acc": 0.9600232839584351, "length": 5.0, "mode": "train", "epoch": 41}
{"loss": 0.1266082376241684, "acc": 0.960293173789978, "length": 5.0, "mode": "test", "epoch": 41}
{"loss": 0.12344590574502945, "acc": 0.960181474685669, "length": 5.0, "mode": "train", "epoch": 42}
{"loss": 0.12447743117809296, "acc": 0.961060643196106, "length": 5.0, "mode": "test", "epoch": 42}
{"loss": 0.11925801634788513, "acc": 0.961793839931488, "length": 5.0, "mode": "train", "epoch": 43}
{"loss": 0.11944451183080673, "acc": 0.9626883864402771, "length": 5.0, "mode": "test", "epoch": 43}
{"loss": 0.121450275182724, "acc": 0.9608088135719299, "length": 5.0, "mode": "train", "epoch": 44}
{"loss": 0.12906360626220703, "acc": 0.9595388174057007, "length": 5.0, "mode": "test", "epoch": 44}
{"loss": 0.12072630226612091, "acc": 0.9608895182609558, "length": 5.0, "mode": "train", "epoch": 45}
{"loss": 0.12375316023826599, "acc": 0.9609642624855042, "length": 5.0, "mode": "test", "epoch": 45}
{"loss": 0.12061318755149841, "acc": 0.9611551761627197, "length": 5.0, "mode": "train", "epoch": 46}
{"loss": 0.12169229984283447, "acc": 0.9621157050132751, "length": 5.0, "mode": "test", "epoch": 46}
{"loss": 0.12190738320350647, "acc": 0.9607559442520142, "length": 5.0, "mode": "train", "epoch": 47}
{"loss": 0.12365637719631195, "acc": 0.9613527059555054, "length": 5.0, "mode": "test", "epoch": 47}
{"loss": 0.11905223876237869, "acc": 0.9617137908935547, "length": 5.0, "mode": "train", "epoch": 48}
{"loss": 0.12101417779922485, "acc": 0.9619200229644775, "length": 5.0, "mode": "test", "epoch": 48}
{"loss": 0.11681506782770157, "acc": 0.9623394012451172, "length": 5.0, "mode": "train", "epoch": 49}
{"loss": 0.1205621138215065, "acc": 0.9625204205513, "length": 5.0, "mode": "test", "epoch": 49}
{"loss": 0.12093412131071091, "acc": 0.960784912109375, "length": 5.0, "mode": "train", "epoch": 50}
{"loss": 0.12257753312587738, "acc": 0.9614254236221313, "length": 5.0, "mode": "test", "epoch": 50}
{"loss": 0.1198076382279396, "acc": 0.9611908197402954, "length": 5.0, "mode": "train", "epoch": 51}
{"loss": 0.11910130828619003, "acc": 0.9625449180603027, "length": 5.0, "mode": "test", "epoch": 51}
{"loss": 0.11830469220876694, "acc": 0.9615247249603271, "length": 5.0, "mode": "train", "epoch": 52}
{"loss": 0.1257426142692566, "acc": 0.9596050381660461, "length": 5.0, "mode": "test", "epoch": 52}
{"loss": 0.1183515191078186, "acc": 0.9615957140922546, "length": 5.0, "mode": "train", "epoch": 53}
{"loss": 0.12103048712015152, "acc": 0.9619725346565247, "length": 5.0, "mode": "test", "epoch": 53}
{"loss": 0.1180330440402031, "acc": 0.9616953134536743, "length": 5.0, "mode": "train", "epoch": 54}
{"loss": 0.12310028821229935, "acc": 0.9615581631660461, "length": 5.0, "mode": "test", "epoch": 54}
{"loss": 0.11840948462486267, "acc": 0.9616150259971619, "length": 5.0, "mode": "train", "epoch": 55}
{"loss": 0.12205503135919571, "acc": 0.9614468216896057, "length": 5.0, "mode": "test", "epoch": 55}
{"loss": 0.11772911250591278, "acc": 0.9616310596466064, "length": 5.0, "mode": "train", "epoch": 56}
{"loss": 0.12156768143177032, "acc": 0.96168452501297, "length": 5.0, "mode": "test", "epoch": 56}
{"loss": 0.11685138940811157, "acc": 0.9619809985160828, "length": 5.0, "mode": "train", "epoch": 57}
{"loss": 0.11969490349292755, "acc": 0.9618803858757019, "length": 5.0, "mode": "test", "epoch": 57}
{"loss": 0.11532141268253326, "acc": 0.9624783396720886, "length": 5.0, "mode": "train", "epoch": 58}
{"loss": 0.11995844542980194, "acc": 0.9618343114852905, "length": 5.0, "mode": "test", "epoch": 58}
{"loss": 0.11443193256855011, "acc": 0.9627565741539001, "length": 5.0, "mode": "train", "epoch": 59}
{"loss": 0.11739785224199295, "acc": 0.9631838202476501, "length": 5.0, "mode": "test", "epoch": 59}
{"loss": 0.11340079456567764, "acc": 0.9632243514060974, "length": 5.0, "mode": "train", "epoch": 60}
{"loss": 0.11587439477443695, "acc": 0.963733971118927, "length": 5.0, "mode": "test", "epoch": 60}
test accuracy: 0.9598739743232727
