ndevices 0
# ["--attributes=4", "--values=8", "--game_size=10", "--vocab_size_factor=3", "--n_epochs=60", "--batch_size=32", "--learning_rate=0.0005", "--speaker_hidden_size=128", "--temp_update=0.97", "--temperature=1.5"]
data loaded from: data/dim(4,8).ds
vocab size 28
message length 4
{"loss": 0.3516821265220642, "acc": 0.8433623313903809, "length": 4.932734966278076, "mode": "train", "epoch": 1}
{"loss": 0.27247944474220276, "acc": 0.8884482979774475, "length": 5.0, "mode": "test", "epoch": 1}
{"loss": 0.2268177568912506, "acc": 0.9121184945106506, "length": 4.999985694885254, "mode": "train", "epoch": 2}
{"loss": 0.22353202104568481, "acc": 0.9112135767936707, "length": 5.0, "mode": "test", "epoch": 2}
{"loss": 0.1927577257156372, "acc": 0.9270344376564026, "length": 4.999998092651367, "mode": "train", "epoch": 3}
{"loss": 0.2088090479373932, "acc": 0.9147847890853882, "length": 5.0, "mode": "test", "epoch": 3}
{"loss": 0.17442527413368225, "acc": 0.9341762065887451, "length": 5.0, "mode": "train", "epoch": 4}
{"loss": 0.18253107368946075, "acc": 0.9293630719184875, "length": 5.0, "mode": "test", "epoch": 4}
{"loss": 0.16771195828914642, "acc": 0.9366973638534546, "length": 5.0, "mode": "train", "epoch": 5}
{"loss": 0.17975085973739624, "acc": 0.931628942489624, "length": 5.0, "mode": "test", "epoch": 5}
{"loss": 0.16166414320468903, "acc": 0.9397199153900146, "length": 5.0, "mode": "train", "epoch": 6}
{"loss": 0.16694022715091705, "acc": 0.9369938373565674, "length": 5.0, "mode": "test", "epoch": 6}
{"loss": 0.14335106313228607, "acc": 0.9490179419517517, "length": 5.0, "mode": "train", "epoch": 7}
{"loss": 0.1447848081588745, "acc": 0.9497601985931396, "length": 5.0, "mode": "test", "epoch": 7}
{"loss": 0.12907126545906067, "acc": 0.9562187194824219, "length": 5.0, "mode": "train", "epoch": 8}
{"loss": 0.13835832476615906, "acc": 0.9528895616531372, "length": 5.0, "mode": "test", "epoch": 8}
{"loss": 0.12654054164886475, "acc": 0.9574382901191711, "length": 5.0, "mode": "train", "epoch": 9}
{"loss": 0.14063170552253723, "acc": 0.9520140886306763, "length": 5.0, "mode": "test", "epoch": 9}
{"loss": 0.12241503596305847, "acc": 0.9587774872779846, "length": 5.0, "mode": "train", "epoch": 10}
{"loss": 0.12634234130382538, "acc": 0.9576648473739624, "length": 5.0, "mode": "test", "epoch": 10}
{"loss": 0.12091261148452759, "acc": 0.9592477083206177, "length": 5.0, "mode": "train", "epoch": 11}
{"loss": 0.12550945580005646, "acc": 0.9586173295974731, "length": 5.0, "mode": "test", "epoch": 11}
{"loss": 0.11763153970241547, "acc": 0.9603064656257629, "length": 5.0, "mode": "train", "epoch": 12}
{"loss": 0.1211763247847557, "acc": 0.9598875045776367, "length": 5.0, "mode": "test", "epoch": 12}
{"loss": 0.11794745922088623, "acc": 0.9601477980613708, "length": 5.0, "mode": "train", "epoch": 13}
{"loss": 0.1277482658624649, "acc": 0.9576091766357422, "length": 5.0, "mode": "test", "epoch": 13}
{"loss": 0.11570986360311508, "acc": 0.9610214829444885, "length": 5.0, "mode": "train", "epoch": 14}
{"loss": 0.11832668632268906, "acc": 0.9611815810203552, "length": 5.0, "mode": "test", "epoch": 14}
{"loss": 0.11386808007955551, "acc": 0.9616738557815552, "length": 5.0, "mode": "train", "epoch": 15}
{"loss": 0.12068666517734528, "acc": 0.960076093673706, "length": 5.0, "mode": "test", "epoch": 15}
{"loss": 0.11512240767478943, "acc": 0.9614855647087097, "length": 5.0, "mode": "train", "epoch": 16}
{"loss": 0.11200028657913208, "acc": 0.9644231796264648, "length": 5.0, "mode": "test", "epoch": 16}
{"loss": 0.11056141555309296, "acc": 0.9639753103256226, "length": 5.0, "mode": "train", "epoch": 17}
{"loss": 0.11480607092380524, "acc": 0.9634877443313599, "length": 5.0, "mode": "test", "epoch": 17}
{"loss": 0.10544691979885101, "acc": 0.9659711122512817, "length": 5.0, "mode": "train", "epoch": 18}
{"loss": 0.10835076123476028, "acc": 0.9654516577720642, "length": 5.0, "mode": "test", "epoch": 18}
{"loss": 0.1030978262424469, "acc": 0.966859757900238, "length": 5.0, "mode": "train", "epoch": 19}
{"loss": 0.1052757278084755, "acc": 0.9674603939056396, "length": 5.0, "mode": "test", "epoch": 19}
{"loss": 0.10378370434045792, "acc": 0.9665483832359314, "length": 5.0, "mode": "train", "epoch": 20}
{"loss": 0.11027667671442032, "acc": 0.9652857780456543, "length": 5.0, "mode": "test", "epoch": 20}
{"loss": 0.10581808537244797, "acc": 0.9660581946372986, "length": 5.0, "mode": "train", "epoch": 21}
{"loss": 0.10906728357076645, "acc": 0.9664051532745361, "length": 5.0, "mode": "test", "epoch": 21}
{"loss": 0.1034371480345726, "acc": 0.9665960669517517, "length": 5.0, "mode": "train", "epoch": 22}
{"loss": 0.10878826677799225, "acc": 0.965140163898468, "length": 5.0, "mode": "test", "epoch": 22}
{"loss": 0.10493609309196472, "acc": 0.9659932255744934, "length": 5.0, "mode": "train", "epoch": 23}
{"loss": 0.10627297312021255, "acc": 0.9667004942893982, "length": 5.0, "mode": "test", "epoch": 23}
{"loss": 0.10426239669322968, "acc": 0.9663228392601013, "length": 5.0, "mode": "train", "epoch": 24}
{"loss": 0.11256399005651474, "acc": 0.9639789462089539, "length": 5.0, "mode": "test", "epoch": 24}
{"loss": 0.10165094584226608, "acc": 0.9671118855476379, "length": 5.0, "mode": "train", "epoch": 25}
{"loss": 0.10458825528621674, "acc": 0.9675610065460205, "length": 5.0, "mode": "test", "epoch": 25}
{"loss": 0.10376551747322083, "acc": 0.9663511514663696, "length": 5.0, "mode": "train", "epoch": 26}
{"loss": 0.10573778301477432, "acc": 0.9668845534324646, "length": 5.0, "mode": "test", "epoch": 26}
{"loss": 0.10100628435611725, "acc": 0.9673759937286377, "length": 5.0, "mode": "train", "epoch": 27}
{"loss": 0.10455150157213211, "acc": 0.9673875570297241, "length": 5.0, "mode": "test", "epoch": 27}
{"loss": 0.10211192816495895, "acc": 0.9669771194458008, "length": 5.0, "mode": "train", "epoch": 28}
{"loss": 0.10315758734941483, "acc": 0.9675878286361694, "length": 5.0, "mode": "test", "epoch": 28}
{"loss": 0.10181155800819397, "acc": 0.9668940901756287, "length": 5.0, "mode": "train", "epoch": 29}
{"loss": 0.11177670955657959, "acc": 0.9640550017356873, "length": 5.0, "mode": "test", "epoch": 29}
{"loss": 0.10900530219078064, "acc": 0.9641296863555908, "length": 5.0, "mode": "train", "epoch": 30}
{"loss": 0.11267626285552979, "acc": 0.9636398553848267, "length": 5.0, "mode": "test", "epoch": 30}
{"loss": 0.10640935599803925, "acc": 0.9656023383140564, "length": 5.0, "mode": "train", "epoch": 31}
{"loss": 0.10444436222314835, "acc": 0.9672934412956238, "length": 5.0, "mode": "test", "epoch": 31}
{"loss": 0.1012531965970993, "acc": 0.96722012758255, "length": 5.0, "mode": "train", "epoch": 32}
{"loss": 0.10622286051511765, "acc": 0.9672207832336426, "length": 5.0, "mode": "test", "epoch": 32}
{"loss": 0.10171812027692795, "acc": 0.9670203924179077, "length": 5.0, "mode": "train", "epoch": 33}
{"loss": 0.10902085900306702, "acc": 0.9660765528678894, "length": 5.0, "mode": "test", "epoch": 33}
{"loss": 0.10627193003892899, "acc": 0.9656893014907837, "length": 5.0, "mode": "train", "epoch": 34}
{"loss": 0.10926870256662369, "acc": 0.965600311756134, "length": 5.0, "mode": "test", "epoch": 34}
{"loss": 0.10454769432544708, "acc": 0.966087818145752, "length": 5.0, "mode": "train", "epoch": 35}
{"loss": 0.10507005453109741, "acc": 0.9674004316329956, "length": 5.0, "mode": "test", "epoch": 35}
{"loss": 0.10250759869813919, "acc": 0.9669161438941956, "length": 5.0, "mode": "train", "epoch": 36}
{"loss": 0.10395688563585281, "acc": 0.9673758745193481, "length": 5.0, "mode": "test", "epoch": 36}
{"loss": 0.10239508748054504, "acc": 0.9667944312095642, "length": 5.0, "mode": "train", "epoch": 37}
{"loss": 0.10888469219207764, "acc": 0.9661890864372253, "length": 5.0, "mode": "test", "epoch": 37}
{"loss": 0.10400629788637161, "acc": 0.9661296606063843, "length": 5.0, "mode": "train", "epoch": 38}
{"loss": 0.11029727756977081, "acc": 0.9648298025131226, "length": 5.0, "mode": "test", "epoch": 38}
{"loss": 0.10228018462657928, "acc": 0.9665704369544983, "length": 5.0, "mode": "train", "epoch": 39}
{"loss": 0.10274960100650787, "acc": 0.967705488204956, "length": 5.0, "mode": "test", "epoch": 39}
{"loss": 0.10055944323539734, "acc": 0.9673617482185364, "length": 5.0, "mode": "train", "epoch": 40}
{"loss": 0.10186827182769775, "acc": 0.9677162766456604, "length": 5.0, "mode": "test", "epoch": 40}
{"loss": 0.10043448209762573, "acc": 0.9675068855285645, "length": 5.0, "mode": "train", "epoch": 41}
{"loss": 0.10187968611717224, "acc": 0.9682545065879822, "length": 5.0, "mode": "test", "epoch": 41}
{"loss": 0.09821049124002457, "acc": 0.9682531356811523, "length": 5.0, "mode": "train", "epoch": 42}
{"loss": 0.0994759351015091, "acc": 0.9686782360076904, "length": 5.0, "mode": "test", "epoch": 42}
{"loss": 0.09933163225650787, "acc": 0.967814028263092, "length": 5.0, "mode": "train", "epoch": 43}
{"loss": 0.11487779021263123, "acc": 0.9631420969963074, "length": 5.0, "mode": "test", "epoch": 43}
{"loss": 0.10141994804143906, "acc": 0.9672068953514099, "length": 5.0, "mode": "train", "epoch": 44}
{"loss": 0.10173367708921432, "acc": 0.9681624174118042, "length": 5.0, "mode": "test", "epoch": 44}
{"loss": 0.09682123363018036, "acc": 0.9690220355987549, "length": 5.0, "mode": "train", "epoch": 45}
{"loss": 0.09992840141057968, "acc": 0.9688302874565125, "length": 5.0, "mode": "test", "epoch": 45}
{"loss": 0.09671767055988312, "acc": 0.9695331454277039, "length": 5.0, "mode": "train", "epoch": 46}
{"loss": 0.09697584062814713, "acc": 0.9707813262939453, "length": 5.0, "mode": "test", "epoch": 46}
{"loss": 0.09306131303310394, "acc": 0.9711301922798157, "length": 5.0, "mode": "train", "epoch": 47}
{"loss": 0.09435877203941345, "acc": 0.9718343019485474, "length": 5.0, "mode": "test", "epoch": 47}
{"loss": 0.0905725359916687, "acc": 0.9721922874450684, "length": 5.0, "mode": "train", "epoch": 48}
{"loss": 0.09051334112882614, "acc": 0.9730843305587769, "length": 5.0, "mode": "test", "epoch": 48}
{"loss": 0.08998897671699524, "acc": 0.9725023508071899, "length": 5.0, "mode": "train", "epoch": 49}
{"loss": 0.10653408616781235, "acc": 0.9671767354011536, "length": 5.0, "mode": "test", "epoch": 49}
{"loss": 0.09333354979753494, "acc": 0.9711224436759949, "length": 5.0, "mode": "train", "epoch": 50}
{"loss": 0.09608668833971024, "acc": 0.9711044430732727, "length": 5.0, "mode": "test", "epoch": 50}
{"loss": 0.08974843472242355, "acc": 0.9723770022392273, "length": 5.0, "mode": "train", "epoch": 51}
{"loss": 0.09542727470397949, "acc": 0.9713259935379028, "length": 5.0, "mode": "test", "epoch": 51}
{"loss": 0.09000582247972488, "acc": 0.9723103642463684, "length": 5.0, "mode": "train", "epoch": 52}
{"loss": 0.09126823395490646, "acc": 0.9728767275810242, "length": 5.0, "mode": "test", "epoch": 52}
{"loss": 0.08692923188209534, "acc": 0.9733930230140686, "length": 5.0, "mode": "train", "epoch": 53}
{"loss": 0.09055061638355255, "acc": 0.9733518958091736, "length": 5.0, "mode": "test", "epoch": 53}
{"loss": 0.08609507232904434, "acc": 0.9737653732299805, "length": 5.0, "mode": "train", "epoch": 54}
{"loss": 0.091947540640831, "acc": 0.9731217622756958, "length": 5.0, "mode": "test", "epoch": 54}
{"loss": 0.08580327779054642, "acc": 0.9739252328872681, "length": 5.0, "mode": "train", "epoch": 55}
{"loss": 0.08786415308713913, "acc": 0.9742903113365173, "length": 5.0, "mode": "test", "epoch": 55}
{"loss": 0.08722542971372604, "acc": 0.9734954833984375, "length": 5.0, "mode": "train", "epoch": 56}
{"loss": 0.09234733134508133, "acc": 0.9729346036911011, "length": 5.0, "mode": "test", "epoch": 56}
{"loss": 0.08500539511442184, "acc": 0.9743658304214478, "length": 5.0, "mode": "train", "epoch": 57}
{"loss": 0.0863591879606247, "acc": 0.9750214219093323, "length": 5.0, "mode": "test", "epoch": 57}
{"loss": 0.08674066513776779, "acc": 0.9736214876174927, "length": 5.0, "mode": "train", "epoch": 58}
{"loss": 0.1129753440618515, "acc": 0.965560793876648, "length": 5.0, "mode": "test", "epoch": 58}
{"loss": 0.08610919117927551, "acc": 0.9739835858345032, "length": 5.0, "mode": "train", "epoch": 59}
{"loss": 0.08812133222818375, "acc": 0.9743332266807556, "length": 5.0, "mode": "test", "epoch": 59}
{"loss": 0.0813244953751564, "acc": 0.9758545160293579, "length": 5.0, "mode": "train", "epoch": 60}
{"loss": 0.08197759836912155, "acc": 0.9764372706413269, "length": 5.0, "mode": "test", "epoch": 60}
test accuracy: 0.9743006825447083
