ndevices 0
# ["--attributes=4", "--values=8", "--game_size=10", "--vocab_size_factor=3", "--n_epochs=60", "--batch_size=32", "--learning_rate=0.0005", "--speaker_hidden_size=256", "--temp_update=0.99", "--temperature=1.5"]
data loaded from: data/dim(4,8).ds
vocab size 28
message length 4
{"loss": 0.3856949210166931, "acc": 0.8231845498085022, "length": 4.947001934051514, "mode": "train", "epoch": 1}
{"loss": 0.30287137627601624, "acc": 0.874678909778595, "length": 5.0, "mode": "test", "epoch": 1}
{"loss": 0.2584120035171509, "acc": 0.8965498805046082, "length": 4.999939441680908, "mode": "train", "epoch": 2}
{"loss": 0.2439579963684082, "acc": 0.9027579426765442, "length": 5.0, "mode": "test", "epoch": 2}
{"loss": 0.21992526948451996, "acc": 0.9142270088195801, "length": 4.999995231628418, "mode": "train", "epoch": 3}
{"loss": 0.2182556837797165, "acc": 0.915493369102478, "length": 5.0, "mode": "test", "epoch": 3}
{"loss": 0.1953526884317398, "acc": 0.9257664680480957, "length": 4.999999523162842, "mode": "train", "epoch": 4}
{"loss": 0.19781140983104706, "acc": 0.9208700656890869, "length": 5.0, "mode": "test", "epoch": 4}
{"loss": 0.18306881189346313, "acc": 0.9309434294700623, "length": 5.0, "mode": "train", "epoch": 5}
{"loss": 0.1876477748155594, "acc": 0.9291920065879822, "length": 5.0, "mode": "test", "epoch": 5}
{"loss": 0.17594628036022186, "acc": 0.9330028891563416, "length": 5.0, "mode": "train", "epoch": 6}
{"loss": 0.18459081649780273, "acc": 0.9308850169181824, "length": 5.0, "mode": "test", "epoch": 6}
{"loss": 0.1727137714624405, "acc": 0.9337752461433411, "length": 5.0, "mode": "train", "epoch": 7}
{"loss": 0.17867396771907806, "acc": 0.9315390586853027, "length": 5.0, "mode": "test", "epoch": 7}
{"loss": 0.1707158088684082, "acc": 0.9342471361160278, "length": 5.0, "mode": "train", "epoch": 8}
{"loss": 0.18151092529296875, "acc": 0.9313292503356934, "length": 5.0, "mode": "test", "epoch": 8}
{"loss": 0.16707786917686462, "acc": 0.9354322552680969, "length": 5.0, "mode": "train", "epoch": 9}
{"loss": 0.17897626757621765, "acc": 0.9322987794876099, "length": 5.0, "mode": "test", "epoch": 9}
{"loss": 0.16452866792678833, "acc": 0.9366052746772766, "length": 5.0, "mode": "train", "epoch": 10}
{"loss": 0.16977301239967346, "acc": 0.9359567165374756, "length": 5.0, "mode": "test", "epoch": 10}
{"loss": 0.15782111883163452, "acc": 0.9396378397941589, "length": 5.0, "mode": "train", "epoch": 11}
{"loss": 0.16379649937152863, "acc": 0.9381956458091736, "length": 5.0, "mode": "test", "epoch": 11}
{"loss": 0.1498812735080719, "acc": 0.9436831474304199, "length": 5.0, "mode": "train", "epoch": 12}
{"loss": 0.15563784539699554, "acc": 0.9426295161247253, "length": 5.0, "mode": "test", "epoch": 12}
{"loss": 0.14468877017498016, "acc": 0.946449339389801, "length": 5.0, "mode": "train", "epoch": 13}
{"loss": 0.14875414967536926, "acc": 0.9459438323974609, "length": 5.0, "mode": "test", "epoch": 13}
{"loss": 0.13685333728790283, "acc": 0.9498055577278137, "length": 5.0, "mode": "train", "epoch": 14}
{"loss": 0.14764034748077393, "acc": 0.9463515877723694, "length": 5.0, "mode": "test", "epoch": 14}
{"loss": 0.1327165961265564, "acc": 0.9521047472953796, "length": 5.0, "mode": "train", "epoch": 15}
{"loss": 0.1423797756433487, "acc": 0.9493396282196045, "length": 5.0, "mode": "test", "epoch": 15}
{"loss": 0.12438175827264786, "acc": 0.9561636447906494, "length": 5.0, "mode": "train", "epoch": 16}
{"loss": 0.1440316140651703, "acc": 0.9497078657150269, "length": 5.0, "mode": "test", "epoch": 16}
{"loss": 0.1174183040857315, "acc": 0.9598727226257324, "length": 5.0, "mode": "train", "epoch": 17}
{"loss": 0.12986032664775848, "acc": 0.9560016989707947, "length": 5.0, "mode": "test", "epoch": 17}
{"loss": 0.1110689714550972, "acc": 0.9631510972976685, "length": 5.0, "mode": "train", "epoch": 18}
{"loss": 0.12169455736875534, "acc": 0.9595215916633606, "length": 5.0, "mode": "test", "epoch": 18}
{"loss": 0.10866369307041168, "acc": 0.9645767211914062, "length": 5.0, "mode": "train", "epoch": 19}
{"loss": 0.12973320484161377, "acc": 0.956946611404419, "length": 5.0, "mode": "test", "epoch": 19}
{"loss": 0.10665855556726456, "acc": 0.9653247594833374, "length": 5.0, "mode": "train", "epoch": 20}
{"loss": 0.12444029748439789, "acc": 0.9589630365371704, "length": 5.0, "mode": "test", "epoch": 20}
{"loss": 0.10138174891471863, "acc": 0.9676439166069031, "length": 5.0, "mode": "train", "epoch": 21}
{"loss": 0.11401994526386261, "acc": 0.9633926153182983, "length": 5.0, "mode": "test", "epoch": 21}
{"loss": 0.09853475540876389, "acc": 0.9689699411392212, "length": 5.0, "mode": "train", "epoch": 22}
{"loss": 0.12093189358711243, "acc": 0.9613217711448669, "length": 5.0, "mode": "test", "epoch": 22}
{"loss": 0.09602697193622589, "acc": 0.9697386026382446, "length": 5.0, "mode": "train", "epoch": 23}
{"loss": 0.10888214409351349, "acc": 0.9658979773521423, "length": 5.0, "mode": "test", "epoch": 23}
{"loss": 0.09490049630403519, "acc": 0.9701046943664551, "length": 5.0, "mode": "train", "epoch": 24}
{"loss": 0.10705091804265976, "acc": 0.9664811491966248, "length": 5.0, "mode": "test", "epoch": 24}
{"loss": 0.09504689276218414, "acc": 0.9701659083366394, "length": 5.0, "mode": "train", "epoch": 25}
{"loss": 0.10608768463134766, "acc": 0.967143714427948, "length": 5.0, "mode": "test", "epoch": 25}
{"loss": 0.09504038840532303, "acc": 0.9699265360832214, "length": 5.0, "mode": "train", "epoch": 26}
{"loss": 0.10801485925912857, "acc": 0.9663933515548706, "length": 5.0, "mode": "test", "epoch": 26}
{"loss": 0.09123087674379349, "acc": 0.9714460372924805, "length": 5.0, "mode": "train", "epoch": 27}
{"loss": 0.10346457362174988, "acc": 0.9679303169250488, "length": 5.0, "mode": "test", "epoch": 27}
{"loss": 0.08982373774051666, "acc": 0.9720606207847595, "length": 5.0, "mode": "train", "epoch": 28}
{"loss": 0.10117056965827942, "acc": 0.9691426157951355, "length": 5.0, "mode": "test", "epoch": 28}
{"loss": 0.08892301470041275, "acc": 0.9722546339035034, "length": 5.0, "mode": "train", "epoch": 29}
{"loss": 0.09960490465164185, "acc": 0.9694563150405884, "length": 5.0, "mode": "test", "epoch": 29}
{"loss": 0.08734393864870071, "acc": 0.9729560613632202, "length": 5.0, "mode": "train", "epoch": 30}
{"loss": 0.09820470958948135, "acc": 0.9701316356658936, "length": 5.0, "mode": "test", "epoch": 30}
{"loss": 0.086677186191082, "acc": 0.9733028411865234, "length": 5.0, "mode": "train", "epoch": 31}
{"loss": 0.09619901329278946, "acc": 0.9710927605628967, "length": 5.0, "mode": "test", "epoch": 31}
{"loss": 0.0895945131778717, "acc": 0.9722582697868347, "length": 5.0, "mode": "train", "epoch": 32}
{"loss": 0.09949501603841782, "acc": 0.9692797660827637, "length": 5.0, "mode": "test", "epoch": 32}
{"loss": 0.08608865737915039, "acc": 0.9737727642059326, "length": 5.0, "mode": "train", "epoch": 33}
{"loss": 0.0955534502863884, "acc": 0.9715142846107483, "length": 5.0, "mode": "test", "epoch": 33}
{"loss": 0.08527299016714096, "acc": 0.9740744233131409, "length": 5.0, "mode": "train", "epoch": 34}
{"loss": 0.09856342524290085, "acc": 0.9704976081848145, "length": 5.0, "mode": "test", "epoch": 34}
{"loss": 0.08733073621988297, "acc": 0.9734484553337097, "length": 5.0, "mode": "train", "epoch": 35}
{"loss": 0.0996372252702713, "acc": 0.9701230525970459, "length": 5.0, "mode": "test", "epoch": 35}
{"loss": 0.08355981111526489, "acc": 0.9748235940933228, "length": 5.0, "mode": "train", "epoch": 36}
{"loss": 0.09134982526302338, "acc": 0.9729987382888794, "length": 5.0, "mode": "test", "epoch": 36}
{"loss": 0.0820046216249466, "acc": 0.9752516746520996, "length": 5.0, "mode": "train", "epoch": 37}
{"loss": 0.09147167205810547, "acc": 0.9730608463287354, "length": 5.0, "mode": "test", "epoch": 37}
{"loss": 0.08167541027069092, "acc": 0.9754300117492676, "length": 5.0, "mode": "train", "epoch": 38}
{"loss": 0.08858761936426163, "acc": 0.9736911654472351, "length": 5.0, "mode": "test", "epoch": 38}
{"loss": 0.07974530011415482, "acc": 0.97612464427948, "length": 5.0, "mode": "train", "epoch": 39}
{"loss": 0.09329381585121155, "acc": 0.9729558825492859, "length": 5.0, "mode": "test", "epoch": 39}
{"loss": 0.08080795407295227, "acc": 0.9758623242378235, "length": 5.0, "mode": "train", "epoch": 40}
{"loss": 0.08891741931438446, "acc": 0.9739822745323181, "length": 5.0, "mode": "test", "epoch": 40}
{"loss": 0.0783892571926117, "acc": 0.9766704440116882, "length": 5.0, "mode": "train", "epoch": 41}
{"loss": 0.08986403793096542, "acc": 0.9732726812362671, "length": 5.0, "mode": "test", "epoch": 41}
{"loss": 0.07867448776960373, "acc": 0.9766451716423035, "length": 5.0, "mode": "train", "epoch": 42}
{"loss": 0.0892459824681282, "acc": 0.9743043780326843, "length": 5.0, "mode": "test", "epoch": 42}
{"loss": 0.07749269157648087, "acc": 0.977034330368042, "length": 5.0, "mode": "train", "epoch": 43}
{"loss": 0.09019996225833893, "acc": 0.973565936088562, "length": 5.0, "mode": "test", "epoch": 43}
{"loss": 0.07877448946237564, "acc": 0.9765890836715698, "length": 5.0, "mode": "train", "epoch": 44}
{"loss": 0.08739297091960907, "acc": 0.9750310182571411, "length": 5.0, "mode": "test", "epoch": 44}
{"loss": 0.07672545313835144, "acc": 0.9774142503738403, "length": 5.0, "mode": "train", "epoch": 45}
{"loss": 0.08776775747537613, "acc": 0.9745281338691711, "length": 5.0, "mode": "test", "epoch": 45}
{"loss": 0.07693684846162796, "acc": 0.9774242043495178, "length": 5.0, "mode": "train", "epoch": 46}
{"loss": 0.08767447620630264, "acc": 0.9752493500709534, "length": 5.0, "mode": "test", "epoch": 46}
{"loss": 0.07673034816980362, "acc": 0.9776436686515808, "length": 5.0, "mode": "train", "epoch": 47}
{"loss": 0.08937357366085052, "acc": 0.9740849733352661, "length": 5.0, "mode": "test", "epoch": 47}
{"loss": 0.0783504992723465, "acc": 0.9771018028259277, "length": 5.0, "mode": "train", "epoch": 48}
{"loss": 0.08921464532613754, "acc": 0.9742990136146545, "length": 5.0, "mode": "test", "epoch": 48}
{"loss": 0.07421250641345978, "acc": 0.9784319996833801, "length": 5.0, "mode": "train", "epoch": 49}
{"loss": 0.08147266507148743, "acc": 0.9769895672798157, "length": 5.0, "mode": "test", "epoch": 49}
{"loss": 0.07514624297618866, "acc": 0.978095293045044, "length": 5.0, "mode": "train", "epoch": 50}
{"loss": 0.08724276721477509, "acc": 0.9751508235931396, "length": 5.0, "mode": "test", "epoch": 50}
{"loss": 0.07475514709949493, "acc": 0.9782832860946655, "length": 5.0, "mode": "train", "epoch": 51}
{"loss": 0.0822281539440155, "acc": 0.976921021938324, "length": 5.0, "mode": "test", "epoch": 51}
{"loss": 0.07294348627328873, "acc": 0.9790145754814148, "length": 5.0, "mode": "train", "epoch": 52}
{"loss": 0.07800288498401642, "acc": 0.9780597686767578, "length": 5.0, "mode": "test", "epoch": 52}
{"loss": 0.07230684161186218, "acc": 0.9790865778923035, "length": 5.0, "mode": "train", "epoch": 53}
{"loss": 0.08046455681324005, "acc": 0.9774432182312012, "length": 5.0, "mode": "test", "epoch": 53}
{"loss": 0.0729348361492157, "acc": 0.9790897965431213, "length": 5.0, "mode": "train", "epoch": 54}
{"loss": 0.08084927499294281, "acc": 0.977612316608429, "length": 5.0, "mode": "test", "epoch": 54}
{"loss": 0.07385615259408951, "acc": 0.9787880182266235, "length": 5.0, "mode": "train", "epoch": 55}
{"loss": 0.08241554349660873, "acc": 0.9769723415374756, "length": 5.0, "mode": "test", "epoch": 55}
{"loss": 0.07436570525169373, "acc": 0.9787366390228271, "length": 5.0, "mode": "train", "epoch": 56}
{"loss": 0.08086991310119629, "acc": 0.977656364440918, "length": 5.0, "mode": "test", "epoch": 56}
{"loss": 0.0718015804886818, "acc": 0.9795649647712708, "length": 5.0, "mode": "train", "epoch": 57}
{"loss": 0.0820973664522171, "acc": 0.9767807126045227, "length": 5.0, "mode": "test", "epoch": 57}
{"loss": 0.07094632089138031, "acc": 0.9796993732452393, "length": 5.0, "mode": "train", "epoch": 58}
{"loss": 0.07664117962121964, "acc": 0.9788581132888794, "length": 5.0, "mode": "test", "epoch": 58}
{"loss": 0.07113327831029892, "acc": 0.9797776341438293, "length": 5.0, "mode": "train", "epoch": 59}
{"loss": 0.07541128993034363, "acc": 0.9790496230125427, "length": 5.0, "mode": "test", "epoch": 59}
{"loss": 0.06988071650266647, "acc": 0.9801971316337585, "length": 5.0, "mode": "train", "epoch": 60}
{"loss": 0.07748617976903915, "acc": 0.9789939522743225, "length": 5.0, "mode": "test", "epoch": 60}
test accuracy: 0.9726097583770752
