ndevices 0
# ["--attributes=4", "--values=8", "--game_size=10", "--vocab_size_factor=3", "--n_epochs=60", "--batch_size=32", "--learning_rate=0.0005", "--speaker_hidden_size=256", "--temp_update=0.99", "--temperature=2"]
data loaded from: data/dim(4,8).ds
vocab size 28
message length 4
{"loss": 0.4001021385192871, "acc": 0.8140345215797424, "length": 4.910510063171387, "mode": "train", "epoch": 1}
{"loss": 0.3437623679637909, "acc": 0.8493000864982605, "length": 5.0, "mode": "test", "epoch": 1}
{"loss": 0.2578899562358856, "acc": 0.8970013856887817, "length": 4.9999680519104, "mode": "train", "epoch": 2}
{"loss": 0.26715287566185, "acc": 0.8902686834335327, "length": 5.0, "mode": "test", "epoch": 2}
{"loss": 0.2075004279613495, "acc": 0.9210940003395081, "length": 4.999997615814209, "mode": "train", "epoch": 3}
{"loss": 0.2335311472415924, "acc": 0.9064757227897644, "length": 5.0, "mode": "test", "epoch": 3}
{"loss": 0.17252442240715027, "acc": 0.9371241927146912, "length": 5.0, "mode": "train", "epoch": 4}
{"loss": 0.2083818018436432, "acc": 0.9196306467056274, "length": 5.0, "mode": "test", "epoch": 4}
{"loss": 0.15491937100887299, "acc": 0.9448191523551941, "length": 5.0, "mode": "train", "epoch": 5}
{"loss": 0.20043712854385376, "acc": 0.9229922890663147, "length": 5.0, "mode": "test", "epoch": 5}
{"loss": 0.1402016282081604, "acc": 0.9508483409881592, "length": 5.0, "mode": "train", "epoch": 6}
{"loss": 0.16325747966766357, "acc": 0.9416727423667908, "length": 5.0, "mode": "test", "epoch": 6}
{"loss": 0.13243995606899261, "acc": 0.9540179371833801, "length": 5.0, "mode": "train", "epoch": 7}
{"loss": 0.15591596066951752, "acc": 0.9436504244804382, "length": 5.0, "mode": "test", "epoch": 7}
{"loss": 0.1204785630106926, "acc": 0.9590610861778259, "length": 5.0, "mode": "train", "epoch": 8}
{"loss": 0.14558959007263184, "acc": 0.948594868183136, "length": 5.0, "mode": "test", "epoch": 8}
{"loss": 0.11326130479574203, "acc": 0.9623512625694275, "length": 5.0, "mode": "train", "epoch": 9}
{"loss": 0.138285294175148, "acc": 0.9524078965187073, "length": 5.0, "mode": "test", "epoch": 9}
{"loss": 0.10647456347942352, "acc": 0.9651545286178589, "length": 5.0, "mode": "train", "epoch": 10}
{"loss": 0.12811188399791718, "acc": 0.9572314023971558, "length": 5.0, "mode": "test", "epoch": 10}
{"loss": 0.10252518206834793, "acc": 0.9668154716491699, "length": 5.0, "mode": "train", "epoch": 11}
{"loss": 0.12833917140960693, "acc": 0.9572442770004272, "length": 5.0, "mode": "test", "epoch": 11}
{"loss": 0.10022591799497604, "acc": 0.9673755764961243, "length": 5.0, "mode": "train", "epoch": 12}
{"loss": 0.12037072330713272, "acc": 0.9595559239387512, "length": 5.0, "mode": "test", "epoch": 12}
{"loss": 0.09698556363582611, "acc": 0.9683865904808044, "length": 5.0, "mode": "train", "epoch": 13}
{"loss": 0.1217045709490776, "acc": 0.960002064704895, "length": 5.0, "mode": "test", "epoch": 13}
{"loss": 0.09582264721393585, "acc": 0.9686534404754639, "length": 5.0, "mode": "train", "epoch": 14}
{"loss": 0.11663588136434555, "acc": 0.9617679715156555, "length": 5.0, "mode": "test", "epoch": 14}
{"loss": 0.09430079907178879, "acc": 0.9691029191017151, "length": 5.0, "mode": "train", "epoch": 15}
{"loss": 0.12048489600419998, "acc": 0.9595795273780823, "length": 5.0, "mode": "test", "epoch": 15}
{"loss": 0.09226235002279282, "acc": 0.9697250127792358, "length": 5.0, "mode": "train", "epoch": 16}
{"loss": 0.1144174113869667, "acc": 0.9613805413246155, "length": 5.0, "mode": "test", "epoch": 16}
{"loss": 0.09156794100999832, "acc": 0.9701488614082336, "length": 5.0, "mode": "train", "epoch": 17}
{"loss": 0.10882923752069473, "acc": 0.9650824666023254, "length": 5.0, "mode": "test", "epoch": 17}
{"loss": 0.08761153370141983, "acc": 0.9715779423713684, "length": 5.0, "mode": "train", "epoch": 18}
{"loss": 0.11188162863254547, "acc": 0.9630767107009888, "length": 5.0, "mode": "test", "epoch": 18}
{"loss": 0.08291053771972656, "acc": 0.9736810326576233, "length": 5.0, "mode": "train", "epoch": 19}
{"loss": 0.10088525712490082, "acc": 0.9677215218544006, "length": 5.0, "mode": "test", "epoch": 19}
{"loss": 0.07626847922801971, "acc": 0.9766390323638916, "length": 5.0, "mode": "train", "epoch": 20}
{"loss": 0.09665714204311371, "acc": 0.9693590402603149, "length": 5.0, "mode": "test", "epoch": 20}
{"loss": 0.07024533301591873, "acc": 0.9793432354927063, "length": 5.0, "mode": "train", "epoch": 21}
{"loss": 0.09964990615844727, "acc": 0.968028724193573, "length": 5.0, "mode": "test", "epoch": 21}
{"loss": 0.06792620569467545, "acc": 0.9802338480949402, "length": 5.0, "mode": "train", "epoch": 22}
{"loss": 0.08886323869228363, "acc": 0.9725760817527771, "length": 5.0, "mode": "test", "epoch": 22}
{"loss": 0.06536008417606354, "acc": 0.9810779690742493, "length": 5.0, "mode": "train", "epoch": 23}
{"loss": 0.09408505260944366, "acc": 0.9691791534423828, "length": 5.0, "mode": "test", "epoch": 23}
{"loss": 0.0633150190114975, "acc": 0.9817635416984558, "length": 5.0, "mode": "train", "epoch": 24}
{"loss": 0.08329132944345474, "acc": 0.9757202863693237, "length": 5.0, "mode": "test", "epoch": 24}
{"loss": 0.06188037991523743, "acc": 0.9822065830230713, "length": 5.0, "mode": "train", "epoch": 25}
{"loss": 0.0850219801068306, "acc": 0.9741524457931519, "length": 5.0, "mode": "test", "epoch": 25}
{"loss": 0.05924387276172638, "acc": 0.9831021428108215, "length": 5.0, "mode": "train", "epoch": 26}
{"loss": 0.0839003175497055, "acc": 0.9743695855140686, "length": 5.0, "mode": "test", "epoch": 26}
{"loss": 0.056670643389225006, "acc": 0.9840481281280518, "length": 5.0, "mode": "train", "epoch": 27}
{"loss": 0.07917238771915436, "acc": 0.9755682349205017, "length": 5.0, "mode": "test", "epoch": 27}
{"loss": 0.055989574640989304, "acc": 0.9843064546585083, "length": 5.0, "mode": "train", "epoch": 28}
{"loss": 0.08642860502004623, "acc": 0.9733262062072754, "length": 5.0, "mode": "test", "epoch": 28}
{"loss": 0.056165385991334915, "acc": 0.9842333197593689, "length": 5.0, "mode": "train", "epoch": 29}
{"loss": 0.0845407024025917, "acc": 0.974240243434906, "length": 5.0, "mode": "test", "epoch": 29}
{"loss": 0.05443817377090454, "acc": 0.9846628308296204, "length": 5.0, "mode": "train", "epoch": 30}
{"loss": 0.07616377621889114, "acc": 0.9779399037361145, "length": 5.0, "mode": "test", "epoch": 30}
{"loss": 0.05362124741077423, "acc": 0.9848093390464783, "length": 5.0, "mode": "train", "epoch": 31}
{"loss": 0.07596900314092636, "acc": 0.9777439832687378, "length": 5.0, "mode": "test", "epoch": 31}
{"loss": 0.05244559422135353, "acc": 0.9851590394973755, "length": 5.0, "mode": "train", "epoch": 32}
{"loss": 0.06952451914548874, "acc": 0.9798758029937744, "length": 5.0, "mode": "test", "epoch": 32}
{"loss": 0.049973264336586, "acc": 0.9860308170318604, "length": 5.0, "mode": "train", "epoch": 33}
{"loss": 0.0689457356929779, "acc": 0.9805854558944702, "length": 5.0, "mode": "test", "epoch": 33}
{"loss": 0.04851611331105232, "acc": 0.9867938756942749, "length": 5.0, "mode": "train", "epoch": 34}
{"loss": 0.06669094413518906, "acc": 0.9812243580818176, "length": 5.0, "mode": "test", "epoch": 34}
{"loss": 0.047380585223436356, "acc": 0.9871960282325745, "length": 5.0, "mode": "train", "epoch": 35}
{"loss": 0.06259329617023468, "acc": 0.9826883673667908, "length": 5.0, "mode": "test", "epoch": 35}
{"loss": 0.04704504832625389, "acc": 0.9874181747436523, "length": 5.0, "mode": "train", "epoch": 36}
{"loss": 0.061276283115148544, "acc": 0.983465313911438, "length": 5.0, "mode": "test", "epoch": 36}
{"loss": 0.045273661613464355, "acc": 0.9878566265106201, "length": 5.0, "mode": "train", "epoch": 37}
{"loss": 0.05580038204789162, "acc": 0.9850834012031555, "length": 5.0, "mode": "test", "epoch": 37}
{"loss": 0.045521073043346405, "acc": 0.987800657749176, "length": 5.0, "mode": "train", "epoch": 38}
{"loss": 0.056950028985738754, "acc": 0.9845205545425415, "length": 5.0, "mode": "test", "epoch": 38}
{"loss": 0.04427865892648697, "acc": 0.9881303310394287, "length": 5.0, "mode": "train", "epoch": 39}
{"loss": 0.05546491593122482, "acc": 0.9852890372276306, "length": 5.0, "mode": "test", "epoch": 39}
{"loss": 0.04408517852425575, "acc": 0.9881637692451477, "length": 5.0, "mode": "train", "epoch": 40}
{"loss": 0.0531877800822258, "acc": 0.9859075546264648, "length": 5.0, "mode": "test", "epoch": 40}
{"loss": 0.04381488263607025, "acc": 0.9882119297981262, "length": 5.0, "mode": "train", "epoch": 41}
{"loss": 0.05273555591702461, "acc": 0.9863077998161316, "length": 5.0, "mode": "test", "epoch": 41}
{"loss": 0.043497245758771896, "acc": 0.9882354736328125, "length": 5.0, "mode": "train", "epoch": 42}
{"loss": 0.05758942291140556, "acc": 0.9845109581947327, "length": 5.0, "mode": "test", "epoch": 42}
{"loss": 0.043035563081502914, "acc": 0.988395631313324, "length": 5.0, "mode": "train", "epoch": 43}
{"loss": 0.05085122585296631, "acc": 0.9871510863304138, "length": 5.0, "mode": "test", "epoch": 43}
{"loss": 0.04288208857178688, "acc": 0.9883674383163452, "length": 5.0, "mode": "train", "epoch": 44}
{"loss": 0.05152656510472298, "acc": 0.9866940975189209, "length": 5.0, "mode": "test", "epoch": 44}
{"loss": 0.042284540832042694, "acc": 0.9885109066963196, "length": 5.0, "mode": "train", "epoch": 45}
{"loss": 0.050877343863248825, "acc": 0.9867134690284729, "length": 5.0, "mode": "test", "epoch": 45}
{"loss": 0.04328157752752304, "acc": 0.9881744980812073, "length": 5.0, "mode": "train", "epoch": 46}
{"loss": 0.052143268287181854, "acc": 0.9862328171730042, "length": 5.0, "mode": "test", "epoch": 46}
{"loss": 0.04254619777202606, "acc": 0.9883599877357483, "length": 5.0, "mode": "train", "epoch": 47}
{"loss": 0.053057171404361725, "acc": 0.9862971305847168, "length": 5.0, "mode": "test", "epoch": 47}
{"loss": 0.042370084673166275, "acc": 0.9884420037269592, "length": 5.0, "mode": "train", "epoch": 48}
{"loss": 0.04879334941506386, "acc": 0.9875717163085938, "length": 5.0, "mode": "test", "epoch": 48}
{"loss": 0.04143618792295456, "acc": 0.9886179566383362, "length": 5.0, "mode": "train", "epoch": 49}
{"loss": 0.05171576142311096, "acc": 0.9867304563522339, "length": 5.0, "mode": "test", "epoch": 49}
{"loss": 0.0417054183781147, "acc": 0.9884840846061707, "length": 5.0, "mode": "train", "epoch": 50}
{"loss": 0.04930935800075531, "acc": 0.987561047077179, "length": 5.0, "mode": "test", "epoch": 50}
{"loss": 0.04209794104099274, "acc": 0.9883489608764648, "length": 5.0, "mode": "train", "epoch": 51}
{"loss": 0.05150265246629715, "acc": 0.9868718385696411, "length": 5.0, "mode": "test", "epoch": 51}
{"loss": 0.04066602140665054, "acc": 0.9887185096740723, "length": 5.0, "mode": "train", "epoch": 52}
{"loss": 0.0500146746635437, "acc": 0.9873040914535522, "length": 5.0, "mode": "test", "epoch": 52}
{"loss": 0.04037214070558548, "acc": 0.9888402223587036, "length": 5.0, "mode": "train", "epoch": 53}
{"loss": 0.04708775132894516, "acc": 0.9879719018936157, "length": 5.0, "mode": "test", "epoch": 53}
{"loss": 0.03982382267713547, "acc": 0.9889881610870361, "length": 5.0, "mode": "train", "epoch": 54}
{"loss": 0.04612955451011658, "acc": 0.9882073998451233, "length": 5.0, "mode": "test", "epoch": 54}
{"loss": 0.03958786278963089, "acc": 0.9891160726547241, "length": 5.0, "mode": "train", "epoch": 55}
{"loss": 0.04715560004115105, "acc": 0.987686276435852, "length": 5.0, "mode": "test", "epoch": 55}
{"loss": 0.03858717158436775, "acc": 0.9893524050712585, "length": 5.0, "mode": "train", "epoch": 56}
{"loss": 0.04534010589122772, "acc": 0.9884064197540283, "length": 5.0, "mode": "test", "epoch": 56}
{"loss": 0.03882736712694168, "acc": 0.9893438816070557, "length": 5.0, "mode": "train", "epoch": 57}
{"loss": 0.04476996138691902, "acc": 0.9886718988418579, "length": 5.0, "mode": "test", "epoch": 57}
{"loss": 0.03899583965539932, "acc": 0.9892568588256836, "length": 5.0, "mode": "train", "epoch": 58}
{"loss": 0.04528654366731644, "acc": 0.9882780909538269, "length": 5.0, "mode": "test", "epoch": 58}
{"loss": 0.037699904292821884, "acc": 0.9896552562713623, "length": 5.0, "mode": "train", "epoch": 59}
{"loss": 0.04371079057455063, "acc": 0.988905131816864, "length": 5.0, "mode": "test", "epoch": 59}
{"loss": 0.0376267172396183, "acc": 0.9896945357322693, "length": 5.0, "mode": "train", "epoch": 60}
{"loss": 0.04385359212756157, "acc": 0.9888880848884583, "length": 5.0, "mode": "test", "epoch": 60}
test accuracy: 0.9836379289627075
