ndevices 0
# ["--attributes=4", "--values=8", "--game_size=10", "--vocab_size_factor=3", "--n_epochs=60", "--batch_size=32", "--learning_rate=0.001", "--speaker_hidden_size=128", "--temp_update=0.97", "--temperature=1"]
data loaded from: data/dim(4,8).ds
vocab size 28
message length 4
{"loss": 0.382671058177948, "acc": 0.8245440125465393, "length": 4.927218914031982, "mode": "train", "epoch": 1}
{"loss": 0.31634750962257385, "acc": 0.8630918860435486, "length": 5.0, "mode": "test", "epoch": 1}
{"loss": 0.30822867155075073, "acc": 0.8626047372817993, "length": 4.99999475479126, "mode": "train", "epoch": 2}
{"loss": 0.30169862508773804, "acc": 0.8655853867530823, "length": 5.0, "mode": "test", "epoch": 2}
{"loss": 0.29584914445877075, "acc": 0.8654237985610962, "length": 4.999999523162842, "mode": "train", "epoch": 3}
{"loss": 0.28675320744514465, "acc": 0.8728745579719543, "length": 5.0, "mode": "test", "epoch": 3}
{"loss": 0.2714230716228485, "acc": 0.8791958093643188, "length": 4.999999523162842, "mode": "train", "epoch": 4}
{"loss": 0.2607904374599457, "acc": 0.8841556906700134, "length": 5.0, "mode": "test", "epoch": 4}
{"loss": 0.2616225481033325, "acc": 0.8829842805862427, "length": 5.0, "mode": "train", "epoch": 5}
{"loss": 0.25705695152282715, "acc": 0.8848865032196045, "length": 5.0, "mode": "test", "epoch": 5}
{"loss": 0.2537546157836914, "acc": 0.8857354521751404, "length": 5.0, "mode": "train", "epoch": 6}
{"loss": 0.24950242042541504, "acc": 0.8883904218673706, "length": 5.0, "mode": "test", "epoch": 6}
{"loss": 0.24439997971057892, "acc": 0.889616072177887, "length": 5.0, "mode": "train", "epoch": 7}
{"loss": 0.24033668637275696, "acc": 0.8927332162857056, "length": 5.0, "mode": "test", "epoch": 7}
{"loss": 0.23600174486637115, "acc": 0.8939294219017029, "length": 5.0, "mode": "train", "epoch": 8}
{"loss": 0.23370663821697235, "acc": 0.8935851454734802, "length": 5.0, "mode": "test", "epoch": 8}
{"loss": 0.23428751528263092, "acc": 0.8945936560630798, "length": 5.0, "mode": "train", "epoch": 9}
{"loss": 0.23148013651371002, "acc": 0.8965047001838684, "length": 5.0, "mode": "test", "epoch": 9}
{"loss": 0.2281685620546341, "acc": 0.8964619040489197, "length": 5.0, "mode": "train", "epoch": 10}
{"loss": 0.2337033599615097, "acc": 0.8974807262420654, "length": 5.0, "mode": "test", "epoch": 10}
{"loss": 0.2292218953371048, "acc": 0.8961047530174255, "length": 5.0, "mode": "train", "epoch": 11}
{"loss": 0.22887100279331207, "acc": 0.8970056176185608, "length": 5.0, "mode": "test", "epoch": 11}
{"loss": 0.22750025987625122, "acc": 0.8963324427604675, "length": 5.0, "mode": "train", "epoch": 12}
{"loss": 0.2283799946308136, "acc": 0.8971928954124451, "length": 5.0, "mode": "test", "epoch": 12}
{"loss": 0.22661557793617249, "acc": 0.896591067314148, "length": 5.0, "mode": "train", "epoch": 13}
{"loss": 0.22513964772224426, "acc": 0.8985905051231384, "length": 5.0, "mode": "test", "epoch": 13}
{"loss": 0.22659887373447418, "acc": 0.8967397212982178, "length": 5.0, "mode": "train", "epoch": 14}
{"loss": 0.22670240700244904, "acc": 0.8975556492805481, "length": 5.0, "mode": "test", "epoch": 14}
{"loss": 0.2261994332075119, "acc": 0.8968068957328796, "length": 5.0, "mode": "train", "epoch": 15}
{"loss": 0.22778211534023285, "acc": 0.8977505564689636, "length": 5.0, "mode": "test", "epoch": 15}
{"loss": 0.2254844456911087, "acc": 0.8968404531478882, "length": 5.0, "mode": "train", "epoch": 16}
{"loss": 0.2250564992427826, "acc": 0.8987339735031128, "length": 5.0, "mode": "test", "epoch": 16}
{"loss": 0.22231875360012054, "acc": 0.8980881571769714, "length": 5.0, "mode": "train", "epoch": 17}
{"loss": 0.22274236381053925, "acc": 0.8995033502578735, "length": 5.0, "mode": "test", "epoch": 17}
{"loss": 0.22165252268314362, "acc": 0.8985352516174316, "length": 5.0, "mode": "train", "epoch": 18}
{"loss": 0.22562505304813385, "acc": 0.8995568752288818, "length": 5.0, "mode": "test", "epoch": 18}
{"loss": 0.2195431888103485, "acc": 0.8999385833740234, "length": 5.0, "mode": "train", "epoch": 19}
{"loss": 0.2210027128458023, "acc": 0.9004088640213013, "length": 5.0, "mode": "test", "epoch": 19}
{"loss": 0.21661855280399323, "acc": 0.9015253782272339, "length": 5.0, "mode": "train", "epoch": 20}
{"loss": 0.2128954976797104, "acc": 0.9049572348594666, "length": 5.0, "mode": "test", "epoch": 20}
{"loss": 0.21439246833324432, "acc": 0.9028499126434326, "length": 5.0, "mode": "train", "epoch": 21}
{"loss": 0.21312928199768066, "acc": 0.9052718281745911, "length": 5.0, "mode": "test", "epoch": 21}
{"loss": 0.21019165217876434, "acc": 0.9051730632781982, "length": 5.0, "mode": "train", "epoch": 22}
{"loss": 0.20933593809604645, "acc": 0.907947301864624, "length": 5.0, "mode": "test", "epoch": 22}
{"loss": 0.20812074840068817, "acc": 0.9067811965942383, "length": 5.0, "mode": "train", "epoch": 23}
{"loss": 0.20625528693199158, "acc": 0.9101467132568359, "length": 5.0, "mode": "test", "epoch": 23}
{"loss": 0.20421111583709717, "acc": 0.9087802767753601, "length": 5.0, "mode": "train", "epoch": 24}
{"loss": 0.2057596892118454, "acc": 0.9104580879211426, "length": 5.0, "mode": "test", "epoch": 24}
{"loss": 0.20249858498573303, "acc": 0.9092952013015747, "length": 5.0, "mode": "train", "epoch": 25}
{"loss": 0.2048555314540863, "acc": 0.9105896949768066, "length": 5.0, "mode": "test", "epoch": 25}
{"loss": 0.20136263966560364, "acc": 0.9102019667625427, "length": 5.0, "mode": "train", "epoch": 26}
{"loss": 0.20492543280124664, "acc": 0.910610020160675, "length": 5.0, "mode": "test", "epoch": 26}
{"loss": 0.1986735761165619, "acc": 0.9112696051597595, "length": 5.0, "mode": "train", "epoch": 27}
{"loss": 0.20058980584144592, "acc": 0.9112874865531921, "length": 5.0, "mode": "test", "epoch": 27}
{"loss": 0.1966238021850586, "acc": 0.9127145409584045, "length": 5.0, "mode": "train", "epoch": 28}
{"loss": 0.2000051587820053, "acc": 0.9118568897247314, "length": 5.0, "mode": "test", "epoch": 28}
{"loss": 0.19588422775268555, "acc": 0.9135231971740723, "length": 5.0, "mode": "train", "epoch": 29}
{"loss": 0.1942555457353592, "acc": 0.9152044653892517, "length": 5.0, "mode": "test", "epoch": 29}
{"loss": 0.19618473947048187, "acc": 0.9133412837982178, "length": 5.0, "mode": "train", "epoch": 30}
{"loss": 0.19646868109703064, "acc": 0.914962649345398, "length": 5.0, "mode": "test", "epoch": 30}
{"loss": 0.19484050571918488, "acc": 0.9140151143074036, "length": 5.0, "mode": "train", "epoch": 31}
{"loss": 0.19518409669399261, "acc": 0.9147463440895081, "length": 5.0, "mode": "test", "epoch": 31}
{"loss": 0.19425959885120392, "acc": 0.9142853021621704, "length": 5.0, "mode": "train", "epoch": 32}
{"loss": 0.1954585313796997, "acc": 0.9154120683670044, "length": 5.0, "mode": "test", "epoch": 32}
{"loss": 0.19260038435459137, "acc": 0.9148146510124207, "length": 5.0, "mode": "train", "epoch": 33}
{"loss": 0.19657307863235474, "acc": 0.9152826070785522, "length": 5.0, "mode": "test", "epoch": 33}
{"loss": 0.19303712248802185, "acc": 0.9152103066444397, "length": 5.0, "mode": "train", "epoch": 34}
{"loss": 0.1933942437171936, "acc": 0.9164511561393738, "length": 5.0, "mode": "test", "epoch": 34}
{"loss": 0.18977145850658417, "acc": 0.9165754914283752, "length": 5.0, "mode": "train", "epoch": 35}
{"loss": 0.19370929896831512, "acc": 0.9167819023132324, "length": 5.0, "mode": "test", "epoch": 35}
{"loss": 0.18847864866256714, "acc": 0.9186056852340698, "length": 5.0, "mode": "train", "epoch": 36}
{"loss": 0.19074644148349762, "acc": 0.9204643964767456, "length": 5.0, "mode": "test", "epoch": 36}
{"loss": 0.1859923005104065, "acc": 0.9211074709892273, "length": 5.0, "mode": "train", "epoch": 37}
{"loss": 0.18420721590518951, "acc": 0.9222656488418579, "length": 5.0, "mode": "test", "epoch": 37}
{"loss": 0.18109434843063354, "acc": 0.9239792227745056, "length": 5.0, "mode": "train", "epoch": 38}
{"loss": 0.18159689009189606, "acc": 0.9251595139503479, "length": 5.0, "mode": "test", "epoch": 38}
{"loss": 0.17961940169334412, "acc": 0.9253012537956238, "length": 5.0, "mode": "train", "epoch": 39}
{"loss": 0.17995329201221466, "acc": 0.9267016053199768, "length": 5.0, "mode": "test", "epoch": 39}
{"loss": 0.17702993750572205, "acc": 0.9264445900917053, "length": 5.0, "mode": "train", "epoch": 40}
{"loss": 0.17781268060207367, "acc": 0.9280179738998413, "length": 5.0, "mode": "test", "epoch": 40}
{"loss": 0.17388318479061127, "acc": 0.9288672804832458, "length": 5.0, "mode": "train", "epoch": 41}
{"loss": 0.1777966022491455, "acc": 0.929028332233429, "length": 5.0, "mode": "test", "epoch": 41}
{"loss": 0.17263126373291016, "acc": 0.929951012134552, "length": 5.0, "mode": "train", "epoch": 42}
{"loss": 0.17341144382953644, "acc": 0.9315294027328491, "length": 5.0, "mode": "test", "epoch": 42}
{"loss": 0.17134706676006317, "acc": 0.930906355381012, "length": 5.0, "mode": "train", "epoch": 43}
{"loss": 0.17595604062080383, "acc": 0.9299272298812866, "length": 5.0, "mode": "test", "epoch": 43}
{"loss": 0.17194925248622894, "acc": 0.9309070706367493, "length": 5.0, "mode": "train", "epoch": 44}
{"loss": 0.17257380485534668, "acc": 0.9317359328269958, "length": 5.0, "mode": "test", "epoch": 44}
{"loss": 0.17130210995674133, "acc": 0.9308799505233765, "length": 5.0, "mode": "train", "epoch": 45}
{"loss": 0.17676062881946564, "acc": 0.929650068283081, "length": 5.0, "mode": "test", "epoch": 45}
{"loss": 0.17137078940868378, "acc": 0.9314259886741638, "length": 5.0, "mode": "train", "epoch": 46}
{"loss": 0.174814835190773, "acc": 0.93177330493927, "length": 5.0, "mode": "test", "epoch": 46}
{"loss": 0.16828395426273346, "acc": 0.9325793981552124, "length": 5.0, "mode": "train", "epoch": 47}
{"loss": 0.1688671112060547, "acc": 0.9336387515068054, "length": 5.0, "mode": "test", "epoch": 47}
{"loss": 0.16883417963981628, "acc": 0.9322466254234314, "length": 5.0, "mode": "train", "epoch": 48}
{"loss": 0.1715575009584427, "acc": 0.9325170516967773, "length": 5.0, "mode": "test", "epoch": 48}
{"loss": 0.16710306704044342, "acc": 0.932732105255127, "length": 5.0, "mode": "train", "epoch": 49}
{"loss": 0.17070968449115753, "acc": 0.932938814163208, "length": 5.0, "mode": "test", "epoch": 49}
{"loss": 0.1684883087873459, "acc": 0.9324334263801575, "length": 5.0, "mode": "train", "epoch": 50}
{"loss": 0.17125293612480164, "acc": 0.9327762126922607, "length": 5.0, "mode": "test", "epoch": 50}
{"loss": 0.16825944185256958, "acc": 0.932820200920105, "length": 5.0, "mode": "train", "epoch": 51}
{"loss": 0.17139491438865662, "acc": 0.9323545694351196, "length": 5.0, "mode": "test", "epoch": 51}
{"loss": 0.16775007545948029, "acc": 0.9328547716140747, "length": 5.0, "mode": "train", "epoch": 52}
{"loss": 0.1690925508737564, "acc": 0.9336065649986267, "length": 5.0, "mode": "test", "epoch": 52}
{"loss": 0.16650527715682983, "acc": 0.933275043964386, "length": 5.0, "mode": "train", "epoch": 53}
{"loss": 0.16918246448040009, "acc": 0.9335455894470215, "length": 5.0, "mode": "test", "epoch": 53}
{"loss": 0.16602762043476105, "acc": 0.9333816766738892, "length": 5.0, "mode": "train", "epoch": 54}
{"loss": 0.171329066157341, "acc": 0.9328991770744324, "length": 5.0, "mode": "test", "epoch": 54}
{"loss": 0.1644953191280365, "acc": 0.9337505102157593, "length": 5.0, "mode": "train", "epoch": 55}
{"loss": 0.16889157891273499, "acc": 0.9332705736160278, "length": 5.0, "mode": "test", "epoch": 55}
{"loss": 0.1664939522743225, "acc": 0.9333821535110474, "length": 5.0, "mode": "train", "epoch": 56}
{"loss": 0.1678491085767746, "acc": 0.9340154528617859, "length": 5.0, "mode": "test", "epoch": 56}
{"loss": 0.1659744679927826, "acc": 0.9336895942687988, "length": 5.0, "mode": "train", "epoch": 57}
{"loss": 0.16770456731319427, "acc": 0.934266984462738, "length": 5.0, "mode": "test", "epoch": 57}
{"loss": 0.16511914134025574, "acc": 0.9340024590492249, "length": 5.0, "mode": "train", "epoch": 58}
{"loss": 0.1688113659620285, "acc": 0.9339030385017395, "length": 5.0, "mode": "test", "epoch": 58}
{"loss": 0.16409236192703247, "acc": 0.934337854385376, "length": 5.0, "mode": "train", "epoch": 59}
{"loss": 0.17089778184890747, "acc": 0.9329859018325806, "length": 5.0, "mode": "test", "epoch": 59}
{"loss": 0.16631899774074554, "acc": 0.9337390661239624, "length": 5.0, "mode": "train", "epoch": 60}
{"loss": 0.1692156195640564, "acc": 0.9340571165084839, "length": 5.0, "mode": "test", "epoch": 60}
test accuracy: 0.9192888140678406
