ndevices 0
# ["--attributes=4", "--values=8", "--game_size=10", "--vocab_size_factor=3", "--n_epochs=60", "--batch_size=32", "--learning_rate=0.001", "--speaker_hidden_size=128", "--temp_update=0.97", "--temperature=1.5"]
data loaded from: data/dim(4,8).ds
vocab size 28
message length 4
{"loss": 0.3647751212120056, "acc": 0.8331703543663025, "length": 4.9613356590271, "mode": "train", "epoch": 1}
{"loss": 0.2988186478614807, "acc": 0.8660851716995239, "length": 5.0, "mode": "test", "epoch": 1}
{"loss": 0.28472238779067993, "acc": 0.8717299699783325, "length": 4.999948501586914, "mode": "train", "epoch": 2}
{"loss": 0.2714642584323883, "acc": 0.8788119554519653, "length": 5.0, "mode": "test", "epoch": 2}
{"loss": 0.2634277939796448, "acc": 0.8818262219429016, "length": 4.999993801116943, "mode": "train", "epoch": 3}
{"loss": 0.2648264765739441, "acc": 0.8819145560264587, "length": 5.0, "mode": "test", "epoch": 3}
{"loss": 0.22821259498596191, "acc": 0.9047389626502991, "length": 4.999999046325684, "mode": "train", "epoch": 4}
{"loss": 0.22114287316799164, "acc": 0.910022497177124, "length": 5.0, "mode": "test", "epoch": 4}
{"loss": 0.2055642157793045, "acc": 0.9175063967704773, "length": 5.0, "mode": "train", "epoch": 5}
{"loss": 0.2057095468044281, "acc": 0.9182309508323669, "length": 5.0, "mode": "test", "epoch": 5}
{"loss": 0.19823376834392548, "acc": 0.921450674533844, "length": 5.0, "mode": "train", "epoch": 6}
{"loss": 0.19848714768886566, "acc": 0.9217466711997986, "length": 5.0, "mode": "test", "epoch": 6}
{"loss": 0.193283349275589, "acc": 0.9237997531890869, "length": 5.0, "mode": "train", "epoch": 7}
{"loss": 0.19189760088920593, "acc": 0.9251627326011658, "length": 5.0, "mode": "test", "epoch": 7}
{"loss": 0.1875830590724945, "acc": 0.9260361194610596, "length": 5.0, "mode": "train", "epoch": 8}
{"loss": 0.19215919077396393, "acc": 0.9225974082946777, "length": 5.0, "mode": "test", "epoch": 8}
{"loss": 0.17175135016441345, "acc": 0.9344687461853027, "length": 5.0, "mode": "train", "epoch": 9}
{"loss": 0.16737742722034454, "acc": 0.937961220741272, "length": 5.0, "mode": "test", "epoch": 9}
{"loss": 0.15962272882461548, "acc": 0.9403659701347351, "length": 5.0, "mode": "train", "epoch": 10}
{"loss": 0.1584712117910385, "acc": 0.9410969614982605, "length": 5.0, "mode": "test", "epoch": 10}
{"loss": 0.15711791813373566, "acc": 0.9410343766212463, "length": 5.0, "mode": "train", "epoch": 11}
{"loss": 0.15784913301467896, "acc": 0.9413869976997375, "length": 5.0, "mode": "test", "epoch": 11}
{"loss": 0.15619903802871704, "acc": 0.9412712454795837, "length": 5.0, "mode": "train", "epoch": 12}
{"loss": 0.1556515395641327, "acc": 0.9426047801971436, "length": 5.0, "mode": "test", "epoch": 12}
{"loss": 0.15363271534442902, "acc": 0.94228196144104, "length": 5.0, "mode": "train", "epoch": 13}
{"loss": 0.15830537676811218, "acc": 0.9420205950737, "length": 5.0, "mode": "test", "epoch": 13}
{"loss": 0.15313363075256348, "acc": 0.9424340128898621, "length": 5.0, "mode": "train", "epoch": 14}
{"loss": 0.15883877873420715, "acc": 0.9412102699279785, "length": 5.0, "mode": "test", "epoch": 14}
{"loss": 0.15265731513500214, "acc": 0.9426811933517456, "length": 5.0, "mode": "train", "epoch": 15}
{"loss": 0.15453992784023285, "acc": 0.9434289932250977, "length": 5.0, "mode": "test", "epoch": 15}
{"loss": 0.1530064195394516, "acc": 0.9424014687538147, "length": 5.0, "mode": "train", "epoch": 16}
{"loss": 0.15818598866462708, "acc": 0.9418376088142395, "length": 5.0, "mode": "test", "epoch": 16}
{"loss": 0.15112021565437317, "acc": 0.942965567111969, "length": 5.0, "mode": "train", "epoch": 17}
{"loss": 0.15285345911979675, "acc": 0.9437938928604126, "length": 5.0, "mode": "test", "epoch": 17}
{"loss": 0.15006732940673828, "acc": 0.943661093711853, "length": 5.0, "mode": "train", "epoch": 18}
{"loss": 0.1513284295797348, "acc": 0.9441449642181396, "length": 5.0, "mode": "test", "epoch": 18}
{"loss": 0.14631181955337524, "acc": 0.9451313018798828, "length": 5.0, "mode": "train", "epoch": 19}
{"loss": 0.14536841213703156, "acc": 0.9463965892791748, "length": 5.0, "mode": "test", "epoch": 19}
{"loss": 0.1456475555896759, "acc": 0.945396363735199, "length": 5.0, "mode": "train", "epoch": 20}
{"loss": 0.1458766609430313, "acc": 0.9457373023033142, "length": 5.0, "mode": "test", "epoch": 20}
{"loss": 0.14585435390472412, "acc": 0.9454384446144104, "length": 5.0, "mode": "train", "epoch": 21}
{"loss": 0.14863720536231995, "acc": 0.9456560611724854, "length": 5.0, "mode": "test", "epoch": 21}
{"loss": 0.1444704830646515, "acc": 0.9458305835723877, "length": 5.0, "mode": "train", "epoch": 22}
{"loss": 0.14573989808559418, "acc": 0.946513295173645, "length": 5.0, "mode": "test", "epoch": 22}
{"loss": 0.14514486491680145, "acc": 0.9455614686012268, "length": 5.0, "mode": "train", "epoch": 23}
{"loss": 0.14821338653564453, "acc": 0.9455447793006897, "length": 5.0, "mode": "test", "epoch": 23}
{"loss": 0.1442868858575821, "acc": 0.9457440972328186, "length": 5.0, "mode": "train", "epoch": 24}
{"loss": 0.14902369678020477, "acc": 0.9451947212219238, "length": 5.0, "mode": "test", "epoch": 24}
{"loss": 0.14522504806518555, "acc": 0.9455586075782776, "length": 5.0, "mode": "train", "epoch": 25}
{"loss": 0.14791126549243927, "acc": 0.9456914067268372, "length": 5.0, "mode": "test", "epoch": 25}
{"loss": 0.14424288272857666, "acc": 0.9457452297210693, "length": 5.0, "mode": "train", "epoch": 26}
{"loss": 0.14643214643001556, "acc": 0.9463420510292053, "length": 5.0, "mode": "test", "epoch": 26}
{"loss": 0.14354781806468964, "acc": 0.9460391998291016, "length": 5.0, "mode": "train", "epoch": 27}
{"loss": 0.14402568340301514, "acc": 0.9466449022293091, "length": 5.0, "mode": "test", "epoch": 27}
{"loss": 0.14392288029193878, "acc": 0.9454940557479858, "length": 5.0, "mode": "train", "epoch": 28}
{"loss": 0.14852242171764374, "acc": 0.9454816579818726, "length": 5.0, "mode": "test", "epoch": 28}
{"loss": 0.14131753146648407, "acc": 0.9469466209411621, "length": 5.0, "mode": "train", "epoch": 29}
{"loss": 0.1436818242073059, "acc": 0.9475043416023254, "length": 5.0, "mode": "test", "epoch": 29}
{"loss": 0.14153560996055603, "acc": 0.9471585750579834, "length": 5.0, "mode": "train", "epoch": 30}
{"loss": 0.1424761265516281, "acc": 0.9484589099884033, "length": 5.0, "mode": "test", "epoch": 30}
{"loss": 0.13982026278972626, "acc": 0.9476404786109924, "length": 5.0, "mode": "train", "epoch": 31}
{"loss": 0.14235128462314606, "acc": 0.9478917717933655, "length": 5.0, "mode": "test", "epoch": 31}
{"loss": 0.13858820497989655, "acc": 0.9479655623435974, "length": 5.0, "mode": "train", "epoch": 32}
{"loss": 0.1397928148508072, "acc": 0.9486547112464905, "length": 5.0, "mode": "test", "epoch": 32}
{"loss": 0.1381746530532837, "acc": 0.9480422735214233, "length": 5.0, "mode": "train", "epoch": 33}
{"loss": 0.14000895619392395, "acc": 0.9487724304199219, "length": 5.0, "mode": "test", "epoch": 33}
{"loss": 0.13819795846939087, "acc": 0.9485342502593994, "length": 5.0, "mode": "train", "epoch": 34}
{"loss": 0.13755664229393005, "acc": 0.9498116970062256, "length": 5.0, "mode": "test", "epoch": 34}
{"loss": 0.13621406257152557, "acc": 0.9495840668678284, "length": 5.0, "mode": "train", "epoch": 35}
{"loss": 0.13756558299064636, "acc": 0.9504675269126892, "length": 5.0, "mode": "test", "epoch": 35}
{"loss": 0.13439051806926727, "acc": 0.9508229494094849, "length": 5.0, "mode": "train", "epoch": 36}
{"loss": 0.13491100072860718, "acc": 0.9520578980445862, "length": 5.0, "mode": "test", "epoch": 36}
{"loss": 0.1335436999797821, "acc": 0.9520326852798462, "length": 5.0, "mode": "train", "epoch": 37}
{"loss": 0.13427665829658508, "acc": 0.953846275806427, "length": 5.0, "mode": "test", "epoch": 37}
{"loss": 0.12903769314289093, "acc": 0.955492377281189, "length": 5.0, "mode": "train", "epoch": 38}
{"loss": 0.1248428001999855, "acc": 0.9585273861885071, "length": 5.0, "mode": "test", "epoch": 38}
{"loss": 0.12208820134401321, "acc": 0.9587664604187012, "length": 5.0, "mode": "train", "epoch": 39}
{"loss": 0.12060565501451492, "acc": 0.9602236151695251, "length": 5.0, "mode": "test", "epoch": 39}
{"loss": 0.118885837495327, "acc": 0.9603090286254883, "length": 5.0, "mode": "train", "epoch": 40}
{"loss": 0.12000279128551483, "acc": 0.9614222645759583, "length": 5.0, "mode": "test", "epoch": 40}
{"loss": 0.11409500241279602, "acc": 0.9627479910850525, "length": 5.0, "mode": "train", "epoch": 41}
{"loss": 0.11680673807859421, "acc": 0.9630885124206543, "length": 5.0, "mode": "test", "epoch": 41}
{"loss": 0.11459749937057495, "acc": 0.9627958536148071, "length": 5.0, "mode": "train", "epoch": 42}
{"loss": 0.11585140228271484, "acc": 0.9625738263130188, "length": 5.0, "mode": "test", "epoch": 42}
{"loss": 0.1137155294418335, "acc": 0.9628425240516663, "length": 5.0, "mode": "train", "epoch": 43}
{"loss": 0.11457513272762299, "acc": 0.9637563228607178, "length": 5.0, "mode": "test", "epoch": 43}
{"loss": 0.11093619465827942, "acc": 0.9639455080032349, "length": 5.0, "mode": "train", "epoch": 44}
{"loss": 0.11459895968437195, "acc": 0.9635648727416992, "length": 5.0, "mode": "test", "epoch": 44}
{"loss": 0.10960704833269119, "acc": 0.9645153284072876, "length": 5.0, "mode": "train", "epoch": 45}
{"loss": 0.10909711569547653, "acc": 0.9653231501579285, "length": 5.0, "mode": "test", "epoch": 45}
{"loss": 0.10847298055887222, "acc": 0.9651374816894531, "length": 5.0, "mode": "train", "epoch": 46}
{"loss": 0.11100250482559204, "acc": 0.964942216873169, "length": 5.0, "mode": "test", "epoch": 46}
{"loss": 0.10662421584129333, "acc": 0.9656885266304016, "length": 5.0, "mode": "train", "epoch": 47}
{"loss": 0.10982218384742737, "acc": 0.9652172327041626, "length": 5.0, "mode": "test", "epoch": 47}
{"loss": 0.10754486173391342, "acc": 0.9654040336608887, "length": 5.0, "mode": "train", "epoch": 48}
{"loss": 0.1080516055226326, "acc": 0.9657567143440247, "length": 5.0, "mode": "test", "epoch": 48}
{"loss": 0.10758038610219955, "acc": 0.9654068350791931, "length": 5.0, "mode": "train", "epoch": 49}
{"loss": 0.11207606643438339, "acc": 0.9637092351913452, "length": 5.0, "mode": "test", "epoch": 49}
{"loss": 0.10668439418077469, "acc": 0.9655545353889465, "length": 5.0, "mode": "train", "epoch": 50}
{"loss": 0.11770132184028625, "acc": 0.963898777961731, "length": 5.0, "mode": "test", "epoch": 50}
{"loss": 0.10808317363262177, "acc": 0.9651598930358887, "length": 5.0, "mode": "train", "epoch": 51}
{"loss": 0.1123872697353363, "acc": 0.9651520252227783, "length": 5.0, "mode": "test", "epoch": 51}
{"loss": 0.10752207040786743, "acc": 0.9655373692512512, "length": 5.0, "mode": "train", "epoch": 52}
{"loss": 0.11006032675504684, "acc": 0.9656388759613037, "length": 5.0, "mode": "test", "epoch": 52}
{"loss": 0.10855195671319962, "acc": 0.9647114872932434, "length": 5.0, "mode": "train", "epoch": 53}
{"loss": 0.1220821961760521, "acc": 0.9599968194961548, "length": 5.0, "mode": "test", "epoch": 53}
{"loss": 0.10570992529392242, "acc": 0.9659401178359985, "length": 5.0, "mode": "train", "epoch": 54}
{"loss": 0.10580483078956604, "acc": 0.9668921232223511, "length": 5.0, "mode": "test", "epoch": 54}
{"loss": 0.10454545170068741, "acc": 0.966293215751648, "length": 5.0, "mode": "train", "epoch": 55}
{"loss": 0.10503130406141281, "acc": 0.9668493866920471, "length": 5.0, "mode": "test", "epoch": 55}
{"loss": 0.10792861878871918, "acc": 0.9649451971054077, "length": 5.0, "mode": "train", "epoch": 56}
{"loss": 0.11016227304935455, "acc": 0.9654783606529236, "length": 5.0, "mode": "test", "epoch": 56}
{"loss": 0.10461892932653427, "acc": 0.9662544131278992, "length": 5.0, "mode": "train", "epoch": 57}
{"loss": 0.10632839798927307, "acc": 0.9667925238609314, "length": 5.0, "mode": "test", "epoch": 57}
{"loss": 0.10263840854167938, "acc": 0.967030942440033, "length": 5.0, "mode": "train", "epoch": 58}
{"loss": 0.1040787398815155, "acc": 0.9674904346466064, "length": 5.0, "mode": "test", "epoch": 58}
{"loss": 0.10296754539012909, "acc": 0.9670841693878174, "length": 5.0, "mode": "train", "epoch": 59}
{"loss": 0.10471592843532562, "acc": 0.9670483469963074, "length": 5.0, "mode": "test", "epoch": 59}
{"loss": 0.10335846245288849, "acc": 0.9670231938362122, "length": 5.0, "mode": "train", "epoch": 60}
{"loss": 0.10368066281080246, "acc": 0.9677900075912476, "length": 5.0, "mode": "test", "epoch": 60}
test accuracy: 0.9610118269920349
