ndevices 0
# ["--attributes=4", "--values=8", "--game_size=10", "--vocab_size_factor=3", "--n_epochs=60", "--batch_size=32", "--learning_rate=0.001", "--speaker_hidden_size=128", "--temp_update=0.97", "--temperature=2"]
data loaded from: data/dim(4,8).ds
vocab size 28
message length 4
{"loss": 0.34857475757598877, "acc": 0.8461133241653442, "length": 4.887024402618408, "mode": "train", "epoch": 1}
{"loss": 0.3279958963394165, "acc": 0.8594144582748413, "length": 5.0, "mode": "test", "epoch": 1}
{"loss": 0.21149630844593048, "acc": 0.9219529628753662, "length": 4.999960422515869, "mode": "train", "epoch": 2}
{"loss": 0.23327627778053284, "acc": 0.9105950593948364, "length": 5.0, "mode": "test", "epoch": 2}
{"loss": 0.16639278829097748, "acc": 0.942308247089386, "length": 4.999995708465576, "mode": "train", "epoch": 3}
{"loss": 0.22983385622501373, "acc": 0.9089318513870239, "length": 5.0, "mode": "test", "epoch": 3}
{"loss": 0.14148184657096863, "acc": 0.9526762962341309, "length": 5.0, "mode": "train", "epoch": 4}
{"loss": 0.19670654833316803, "acc": 0.9253008365631104, "length": 5.0, "mode": "test", "epoch": 4}
{"loss": 0.12476243823766708, "acc": 0.9596019983291626, "length": 5.0, "mode": "train", "epoch": 5}
{"loss": 0.1744115650653839, "acc": 0.9344990849494934, "length": 5.0, "mode": "test", "epoch": 5}
{"loss": 0.11753393709659576, "acc": 0.9621248245239258, "length": 5.0, "mode": "train", "epoch": 6}
{"loss": 0.165359765291214, "acc": 0.9414372444152832, "length": 5.0, "mode": "test", "epoch": 6}
{"loss": 0.11053232103586197, "acc": 0.9645203351974487, "length": 5.0, "mode": "train", "epoch": 7}
{"loss": 0.17293862998485565, "acc": 0.9366471171379089, "length": 5.0, "mode": "test", "epoch": 7}
{"loss": 0.09881085157394409, "acc": 0.9696537852287292, "length": 5.0, "mode": "train", "epoch": 8}
{"loss": 0.14510215818881989, "acc": 0.9501101970672607, "length": 5.0, "mode": "test", "epoch": 8}
{"loss": 0.09606122225522995, "acc": 0.9707381725311279, "length": 5.0, "mode": "train", "epoch": 9}
{"loss": 0.13594387471675873, "acc": 0.9540442824363708, "length": 5.0, "mode": "test", "epoch": 9}
{"loss": 0.09350605309009552, "acc": 0.9714463949203491, "length": 5.0, "mode": "train", "epoch": 10}
{"loss": 0.18207040429115295, "acc": 0.9359161853790283, "length": 5.0, "mode": "test", "epoch": 10}
{"loss": 0.088108591735363, "acc": 0.9736043214797974, "length": 5.0, "mode": "train", "epoch": 11}
{"loss": 0.1291070133447647, "acc": 0.9568643569946289, "length": 5.0, "mode": "test", "epoch": 11}
{"loss": 0.08430740237236023, "acc": 0.9750732779502869, "length": 5.0, "mode": "train", "epoch": 12}
{"loss": 0.12226145714521408, "acc": 0.9603767395019531, "length": 5.0, "mode": "test", "epoch": 12}
{"loss": 0.08374666422605515, "acc": 0.9751132130622864, "length": 5.0, "mode": "train", "epoch": 13}
{"loss": 0.12361205369234085, "acc": 0.9585874080657959, "length": 5.0, "mode": "test", "epoch": 13}
{"loss": 0.08437192440032959, "acc": 0.9748589396476746, "length": 5.0, "mode": "train", "epoch": 14}
{"loss": 0.11255011707544327, "acc": 0.9645280241966248, "length": 5.0, "mode": "test", "epoch": 14}
{"loss": 0.08344093710184097, "acc": 0.9751429557800293, "length": 5.0, "mode": "train", "epoch": 15}
{"loss": 0.10765960812568665, "acc": 0.9650599360466003, "length": 5.0, "mode": "test", "epoch": 15}
{"loss": 0.08222514390945435, "acc": 0.9755374789237976, "length": 5.0, "mode": "train", "epoch": 16}
{"loss": 0.10305515676736832, "acc": 0.9670162796974182, "length": 5.0, "mode": "test", "epoch": 16}
{"loss": 0.08165621757507324, "acc": 0.975810706615448, "length": 5.0, "mode": "train", "epoch": 17}
{"loss": 0.09503129869699478, "acc": 0.9713292121887207, "length": 5.0, "mode": "test", "epoch": 17}
{"loss": 0.07976516336202621, "acc": 0.9763917922973633, "length": 5.0, "mode": "train", "epoch": 18}
{"loss": 0.0935555100440979, "acc": 0.9718183279037476, "length": 5.0, "mode": "test", "epoch": 18}
{"loss": 0.0789799764752388, "acc": 0.9766372442245483, "length": 5.0, "mode": "train", "epoch": 19}
{"loss": 0.09295665472745895, "acc": 0.9720751643180847, "length": 5.0, "mode": "test", "epoch": 19}
{"loss": 0.07841897755861282, "acc": 0.9770104885101318, "length": 5.0, "mode": "train", "epoch": 20}
{"loss": 0.09321308135986328, "acc": 0.9716663956642151, "length": 5.0, "mode": "test", "epoch": 20}
{"loss": 0.07736825942993164, "acc": 0.9771498441696167, "length": 5.0, "mode": "train", "epoch": 21}
{"loss": 0.0879398062825203, "acc": 0.9735970497131348, "length": 5.0, "mode": "test", "epoch": 21}
{"loss": 0.07323160022497177, "acc": 0.9789642095565796, "length": 5.0, "mode": "train", "epoch": 22}
{"loss": 0.08951693773269653, "acc": 0.9735692143440247, "length": 5.0, "mode": "test", "epoch": 22}
{"loss": 0.06914660334587097, "acc": 0.9806234836578369, "length": 5.0, "mode": "train", "epoch": 23}
{"loss": 0.08471867442131042, "acc": 0.9756196141242981, "length": 5.0, "mode": "test", "epoch": 23}
{"loss": 0.06759830564260483, "acc": 0.9813151955604553, "length": 5.0, "mode": "train", "epoch": 24}
{"loss": 0.07184102386236191, "acc": 0.9802771210670471, "length": 5.0, "mode": "test", "epoch": 24}
{"loss": 0.06527558714151382, "acc": 0.982017993927002, "length": 5.0, "mode": "train", "epoch": 25}
{"loss": 0.0791446715593338, "acc": 0.9778392314910889, "length": 5.0, "mode": "test", "epoch": 25}
{"loss": 0.06616856157779694, "acc": 0.9816925525665283, "length": 5.0, "mode": "train", "epoch": 26}
{"loss": 0.07732872664928436, "acc": 0.9778189063072205, "length": 5.0, "mode": "test", "epoch": 26}
{"loss": 0.06687258929014206, "acc": 0.9815132021903992, "length": 5.0, "mode": "train", "epoch": 27}
{"loss": 0.072027288377285, "acc": 0.9801958203315735, "length": 5.0, "mode": "test", "epoch": 27}
{"loss": 0.06725715845823288, "acc": 0.9814407229423523, "length": 5.0, "mode": "train", "epoch": 28}
{"loss": 0.07571806758642197, "acc": 0.979279637336731, "length": 5.0, "mode": "test", "epoch": 28}
{"loss": 0.0662304013967514, "acc": 0.9818520545959473, "length": 5.0, "mode": "train", "epoch": 29}
{"loss": 0.07771869003772736, "acc": 0.9784215092658997, "length": 5.0, "mode": "test", "epoch": 29}
{"loss": 0.06869648396968842, "acc": 0.9810369610786438, "length": 5.0, "mode": "train", "epoch": 30}
{"loss": 0.07368776202201843, "acc": 0.979824423789978, "length": 5.0, "mode": "test", "epoch": 30}
{"loss": 0.06674765795469284, "acc": 0.9816701412200928, "length": 5.0, "mode": "train", "epoch": 31}
{"loss": 0.07038138061761856, "acc": 0.9810552597045898, "length": 5.0, "mode": "test", "epoch": 31}
{"loss": 0.06755366176366806, "acc": 0.9812798500061035, "length": 5.0, "mode": "train", "epoch": 32}
{"loss": 0.07520510256290436, "acc": 0.9797003865242004, "length": 5.0, "mode": "test", "epoch": 32}
{"loss": 0.07185420393943787, "acc": 0.9795842170715332, "length": 5.0, "mode": "train", "epoch": 33}
{"loss": 0.07380174845457077, "acc": 0.9797912836074829, "length": 5.0, "mode": "test", "epoch": 33}
{"loss": 0.0680978074669838, "acc": 0.9812894463539124, "length": 5.0, "mode": "train", "epoch": 34}
{"loss": 0.07441099733114243, "acc": 0.9799603819847107, "length": 5.0, "mode": "test", "epoch": 34}
{"loss": 0.06800337135791779, "acc": 0.9813718199729919, "length": 5.0, "mode": "train", "epoch": 35}
{"loss": 0.07051750272512436, "acc": 0.9810412526130676, "length": 5.0, "mode": "test", "epoch": 35}
{"loss": 0.07017768174409866, "acc": 0.9805566668510437, "length": 5.0, "mode": "train", "epoch": 36}
{"loss": 0.07117840647697449, "acc": 0.9811955094337463, "length": 5.0, "mode": "test", "epoch": 36}
{"loss": 0.06724696606397629, "acc": 0.9816680550575256, "length": 5.0, "mode": "train", "epoch": 37}
{"loss": 0.07037502527236938, "acc": 0.9810616374015808, "length": 5.0, "mode": "test", "epoch": 37}
{"loss": 0.06705150008201599, "acc": 0.9816094040870667, "length": 5.0, "mode": "train", "epoch": 38}
{"loss": 0.06997337192296982, "acc": 0.9812874794006348, "length": 5.0, "mode": "test", "epoch": 38}
{"loss": 0.06853237748146057, "acc": 0.9810654520988464, "length": 5.0, "mode": "train", "epoch": 39}
{"loss": 0.07036510854959488, "acc": 0.9810487627983093, "length": 5.0, "mode": "test", "epoch": 39}
{"loss": 0.06396542489528656, "acc": 0.9825605154037476, "length": 5.0, "mode": "train", "epoch": 40}
{"loss": 0.06719601154327393, "acc": 0.982282817363739, "length": 5.0, "mode": "test", "epoch": 40}
{"loss": 0.06780949234962463, "acc": 0.9812310338020325, "length": 5.0, "mode": "train", "epoch": 41}
{"loss": 0.07133296132087708, "acc": 0.9809065461158752, "length": 5.0, "mode": "test", "epoch": 41}
{"loss": 0.069308802485466, "acc": 0.9808257818222046, "length": 5.0, "mode": "train", "epoch": 42}
{"loss": 0.07743779569864273, "acc": 0.9780929088592529, "length": 5.0, "mode": "test", "epoch": 42}
{"loss": 0.0706494003534317, "acc": 0.9803632497787476, "length": 5.0, "mode": "train", "epoch": 43}
{"loss": 0.07636496424674988, "acc": 0.9786269664764404, "length": 5.0, "mode": "test", "epoch": 43}
{"loss": 0.08756265789270401, "acc": 0.9742581248283386, "length": 5.0, "mode": "train", "epoch": 44}
{"loss": 0.0866425409913063, "acc": 0.975185215473175, "length": 5.0, "mode": "test", "epoch": 44}
{"loss": 0.07829485833644867, "acc": 0.9776326417922974, "length": 5.0, "mode": "train", "epoch": 45}
{"loss": 0.08503361791372299, "acc": 0.9752964973449707, "length": 5.0, "mode": "test", "epoch": 45}
{"loss": 0.07944121211767197, "acc": 0.9770513772964478, "length": 5.0, "mode": "train", "epoch": 46}
{"loss": 0.08582136780023575, "acc": 0.9748886227607727, "length": 5.0, "mode": "test", "epoch": 46}
{"loss": 0.07536479830741882, "acc": 0.9788201451301575, "length": 5.0, "mode": "train", "epoch": 47}
{"loss": 0.08137323707342148, "acc": 0.9774689078330994, "length": 5.0, "mode": "test", "epoch": 47}
{"loss": 0.07678479701280594, "acc": 0.978184700012207, "length": 5.0, "mode": "train", "epoch": 48}
{"loss": 0.07586535066366196, "acc": 0.9789918065071106, "length": 5.0, "mode": "test", "epoch": 48}
{"loss": 0.07351657748222351, "acc": 0.9793591499328613, "length": 5.0, "mode": "train", "epoch": 49}
{"loss": 0.08392014354467392, "acc": 0.9769359827041626, "length": 5.0, "mode": "test", "epoch": 49}
{"loss": 0.08109220117330551, "acc": 0.9765341281890869, "length": 5.0, "mode": "train", "epoch": 50}
{"loss": 0.08295023441314697, "acc": 0.9764533638954163, "length": 5.0, "mode": "test", "epoch": 50}
{"loss": 0.07866143435239792, "acc": 0.9775498509407043, "length": 5.0, "mode": "train", "epoch": 51}
{"loss": 0.07977946847677231, "acc": 0.9776830673217773, "length": 5.0, "mode": "test", "epoch": 51}
{"loss": 0.07685305178165436, "acc": 0.9782336354255676, "length": 5.0, "mode": "train", "epoch": 52}
{"loss": 0.08693156391382217, "acc": 0.9748244285583496, "length": 5.0, "mode": "test", "epoch": 52}
{"loss": 0.07715178281068802, "acc": 0.9782953858375549, "length": 5.0, "mode": "train", "epoch": 53}
{"loss": 0.07558564096689224, "acc": 0.9796788692474365, "length": 5.0, "mode": "test", "epoch": 53}
{"loss": 0.07407691329717636, "acc": 0.9792271852493286, "length": 5.0, "mode": "train", "epoch": 54}
{"loss": 0.07917220890522003, "acc": 0.9783025979995728, "length": 5.0, "mode": "test", "epoch": 54}
{"loss": 0.0797991007566452, "acc": 0.9772230982780457, "length": 5.0, "mode": "train", "epoch": 55}
{"loss": 0.08421382308006287, "acc": 0.9755093455314636, "length": 5.0, "mode": "test", "epoch": 55}
{"loss": 0.07626809924840927, "acc": 0.978151261806488, "length": 5.0, "mode": "train", "epoch": 56}
{"loss": 0.07735764235258102, "acc": 0.9788633584976196, "length": 5.0, "mode": "test", "epoch": 56}
{"loss": 0.07224657386541367, "acc": 0.9799492359161377, "length": 5.0, "mode": "train", "epoch": 57}
{"loss": 0.07224733382463455, "acc": 0.9803104996681213, "length": 5.0, "mode": "test", "epoch": 57}
{"loss": 0.07120370119810104, "acc": 0.9800312519073486, "length": 5.0, "mode": "train", "epoch": 58}
{"loss": 0.07317864149808884, "acc": 0.9802312254905701, "length": 5.0, "mode": "test", "epoch": 58}
{"loss": 0.07095136493444443, "acc": 0.9802402853965759, "length": 5.0, "mode": "train", "epoch": 59}
{"loss": 0.07433394342660904, "acc": 0.9798426628112793, "length": 5.0, "mode": "test", "epoch": 59}
{"loss": 0.07123249024152756, "acc": 0.9800633788108826, "length": 5.0, "mode": "train", "epoch": 60}
{"loss": 0.07569903135299683, "acc": 0.9792594313621521, "length": 5.0, "mode": "test", "epoch": 60}
test accuracy: 0.9764288067817688
