ndevices 0
# ["--attributes=4", "--values=8", "--game_size=10", "--vocab_size_factor=3", "--n_epochs=60", "--batch_size=32", "--learning_rate=0.001", "--speaker_hidden_size=128", "--temp_update=0.99", "--temperature=1"]
data loaded from: data/dim(4,8).ds
vocab size 28
message length 4
{"loss": 0.3714277148246765, "acc": 0.8299394845962524, "length": 4.910646438598633, "mode": "train", "epoch": 1}
{"loss": 0.3069622218608856, "acc": 0.8655918836593628, "length": 5.0, "mode": "test", "epoch": 1}
{"loss": 0.2794240415096283, "acc": 0.8799898028373718, "length": 4.999971866607666, "mode": "train", "epoch": 2}
{"loss": 0.25732776522636414, "acc": 0.8944435715675354, "length": 5.0, "mode": "test", "epoch": 2}
{"loss": 0.25389161705970764, "acc": 0.8940427303314209, "length": 4.999996185302734, "mode": "train", "epoch": 3}
{"loss": 0.2475225329399109, "acc": 0.8949335813522339, "length": 5.0, "mode": "test", "epoch": 3}
{"loss": 0.2426077276468277, "acc": 0.8989166021347046, "length": 4.999999046325684, "mode": "train", "epoch": 4}
{"loss": 0.24270500242710114, "acc": 0.9004526734352112, "length": 5.0, "mode": "test", "epoch": 4}
{"loss": 0.2281104326248169, "acc": 0.9068147540092468, "length": 5.0, "mode": "train", "epoch": 5}
{"loss": 0.22096864879131317, "acc": 0.9129409790039062, "length": 5.0, "mode": "test", "epoch": 5}
{"loss": 0.2105051428079605, "acc": 0.9166346788406372, "length": 5.0, "mode": "train", "epoch": 6}
{"loss": 0.20662879943847656, "acc": 0.9192808270454407, "length": 5.0, "mode": "test", "epoch": 6}
{"loss": 0.203774556517601, "acc": 0.9206169843673706, "length": 5.0, "mode": "train", "epoch": 7}
{"loss": 0.20380662381649017, "acc": 0.9210831522941589, "length": 5.0, "mode": "test", "epoch": 7}
{"loss": 0.1984083652496338, "acc": 0.9231106042861938, "length": 5.0, "mode": "train", "epoch": 8}
{"loss": 0.19642162322998047, "acc": 0.9239490032196045, "length": 5.0, "mode": "test", "epoch": 8}
{"loss": 0.1952906996011734, "acc": 0.9241661429405212, "length": 5.0, "mode": "train", "epoch": 9}
{"loss": 0.19869381189346313, "acc": 0.9234322309494019, "length": 5.0, "mode": "test", "epoch": 9}
{"loss": 0.19154183566570282, "acc": 0.9259129762649536, "length": 5.0, "mode": "train", "epoch": 10}
{"loss": 0.18858300149440765, "acc": 0.9266759753227234, "length": 5.0, "mode": "test", "epoch": 10}
{"loss": 0.18914750218391418, "acc": 0.9265098571777344, "length": 5.0, "mode": "train", "epoch": 11}
{"loss": 0.19190096855163574, "acc": 0.9267540574073792, "length": 5.0, "mode": "test", "epoch": 11}
{"loss": 0.18873079121112823, "acc": 0.9263968467712402, "length": 5.0, "mode": "train", "epoch": 12}
{"loss": 0.18639470636844635, "acc": 0.9285209774971008, "length": 5.0, "mode": "test", "epoch": 12}
{"loss": 0.1863132268190384, "acc": 0.9269514679908752, "length": 5.0, "mode": "train", "epoch": 13}
{"loss": 0.1846368908882141, "acc": 0.9282481670379639, "length": 5.0, "mode": "test", "epoch": 13}
{"loss": 0.18463332951068878, "acc": 0.9272782206535339, "length": 5.0, "mode": "train", "epoch": 14}
{"loss": 0.18732738494873047, "acc": 0.9271330237388611, "length": 5.0, "mode": "test", "epoch": 14}
{"loss": 0.1849236935377121, "acc": 0.9273044466972351, "length": 5.0, "mode": "train", "epoch": 15}
{"loss": 0.1828436255455017, "acc": 0.9280287623405457, "length": 5.0, "mode": "test", "epoch": 15}
{"loss": 0.1818130612373352, "acc": 0.9282100796699524, "length": 5.0, "mode": "train", "epoch": 16}
{"loss": 0.17846904695034027, "acc": 0.9303553700447083, "length": 5.0, "mode": "test", "epoch": 16}
{"loss": 0.17902438342571259, "acc": 0.9293417930603027, "length": 5.0, "mode": "train", "epoch": 17}
{"loss": 0.17736020684242249, "acc": 0.9314255714416504, "length": 5.0, "mode": "test", "epoch": 17}
{"loss": 0.17805035412311554, "acc": 0.9303022623062134, "length": 5.0, "mode": "train", "epoch": 18}
{"loss": 0.17661476135253906, "acc": 0.9315785765647888, "length": 5.0, "mode": "test", "epoch": 18}
{"loss": 0.1744159460067749, "acc": 0.9318759441375732, "length": 5.0, "mode": "train", "epoch": 19}
{"loss": 0.17215587198734283, "acc": 0.9345976710319519, "length": 5.0, "mode": "test", "epoch": 19}
{"loss": 0.1689678132534027, "acc": 0.9352024793624878, "length": 5.0, "mode": "train", "epoch": 20}
{"loss": 0.16610747575759888, "acc": 0.9377086162567139, "length": 5.0, "mode": "test", "epoch": 20}
{"loss": 0.16472822427749634, "acc": 0.9370900988578796, "length": 5.0, "mode": "train", "epoch": 21}
{"loss": 0.16238237917423248, "acc": 0.9388869404792786, "length": 5.0, "mode": "test", "epoch": 21}
{"loss": 0.164202481508255, "acc": 0.9373465776443481, "length": 5.0, "mode": "train", "epoch": 22}
{"loss": 0.16251717507839203, "acc": 0.9395430088043213, "length": 5.0, "mode": "test", "epoch": 22}
{"loss": 0.16191266477108002, "acc": 0.9382390975952148, "length": 5.0, "mode": "train", "epoch": 23}
{"loss": 0.16686777770519257, "acc": 0.9372762441635132, "length": 5.0, "mode": "test", "epoch": 23}
{"loss": 0.16206786036491394, "acc": 0.9379814863204956, "length": 5.0, "mode": "train", "epoch": 24}
{"loss": 0.16342657804489136, "acc": 0.9384267330169678, "length": 5.0, "mode": "test", "epoch": 24}
{"loss": 0.16350425779819489, "acc": 0.9381002187728882, "length": 5.0, "mode": "train", "epoch": 25}
{"loss": 0.16228599846363068, "acc": 0.9398554563522339, "length": 5.0, "mode": "test", "epoch": 25}
{"loss": 0.16000758111476898, "acc": 0.939271867275238, "length": 5.0, "mode": "train", "epoch": 26}
{"loss": 0.16069021821022034, "acc": 0.9402868151664734, "length": 5.0, "mode": "test", "epoch": 26}
{"loss": 0.16174106299877167, "acc": 0.9387656450271606, "length": 5.0, "mode": "train", "epoch": 27}
{"loss": 0.16257305443286896, "acc": 0.9398373365402222, "length": 5.0, "mode": "test", "epoch": 27}
{"loss": 0.15924759209156036, "acc": 0.9399253726005554, "length": 5.0, "mode": "train", "epoch": 28}
{"loss": 0.15881814062595367, "acc": 0.9416898488998413, "length": 5.0, "mode": "test", "epoch": 28}
{"loss": 0.15694749355316162, "acc": 0.9408276081085205, "length": 5.0, "mode": "train", "epoch": 29}
{"loss": 0.1582418978214264, "acc": 0.9421918392181396, "length": 5.0, "mode": "test", "epoch": 29}
{"loss": 0.15400469303131104, "acc": 0.9422573447227478, "length": 5.0, "mode": "train", "epoch": 30}
{"loss": 0.15766368806362152, "acc": 0.9419819712638855, "length": 5.0, "mode": "test", "epoch": 30}
{"loss": 0.153429314494133, "acc": 0.9431185126304626, "length": 5.0, "mode": "train", "epoch": 31}
{"loss": 0.15574556589126587, "acc": 0.9437810778617859, "length": 5.0, "mode": "test", "epoch": 31}
{"loss": 0.15031065046787262, "acc": 0.9448052048683167, "length": 5.0, "mode": "train", "epoch": 32}
{"loss": 0.14948652684688568, "acc": 0.9463590383529663, "length": 5.0, "mode": "test", "epoch": 32}
{"loss": 0.15126019716262817, "acc": 0.9447296261787415, "length": 5.0, "mode": "train", "epoch": 33}
{"loss": 0.1492300182580948, "acc": 0.9472924470901489, "length": 5.0, "mode": "test", "epoch": 33}
{"loss": 0.14466486871242523, "acc": 0.9477700591087341, "length": 5.0, "mode": "train", "epoch": 34}
{"loss": 0.14581671357154846, "acc": 0.9493268728256226, "length": 5.0, "mode": "test", "epoch": 34}
{"loss": 0.1430269032716751, "acc": 0.9492889642715454, "length": 5.0, "mode": "train", "epoch": 35}
{"loss": 0.14545591175556183, "acc": 0.9498202204704285, "length": 5.0, "mode": "test", "epoch": 35}
{"loss": 0.14187127351760864, "acc": 0.9500489234924316, "length": 5.0, "mode": "train", "epoch": 36}
{"loss": 0.14245013892650604, "acc": 0.9509267210960388, "length": 5.0, "mode": "test", "epoch": 36}
{"loss": 0.13855712115764618, "acc": 0.9517248272895813, "length": 5.0, "mode": "train", "epoch": 37}
{"loss": 0.13992342352867126, "acc": 0.9526466727256775, "length": 5.0, "mode": "test", "epoch": 37}
{"loss": 0.13704366981983185, "acc": 0.9530330300331116, "length": 5.0, "mode": "train", "epoch": 38}
{"loss": 0.14117038249969482, "acc": 0.9527087211608887, "length": 5.0, "mode": "test", "epoch": 38}
{"loss": 0.13558314740657806, "acc": 0.9539072513580322, "length": 5.0, "mode": "train", "epoch": 39}
{"loss": 0.13656342029571533, "acc": 0.9549058079719543, "length": 5.0, "mode": "test", "epoch": 39}
{"loss": 0.13444341719150543, "acc": 0.9547688961029053, "length": 5.0, "mode": "train", "epoch": 40}
{"loss": 0.1334920972585678, "acc": 0.9564212560653687, "length": 5.0, "mode": "test", "epoch": 40}
{"loss": 0.12867766618728638, "acc": 0.9574643969535828, "length": 5.0, "mode": "train", "epoch": 41}
{"loss": 0.12851576507091522, "acc": 0.9586986899375916, "length": 5.0, "mode": "test", "epoch": 41}
{"loss": 0.12626639008522034, "acc": 0.9590054750442505, "length": 5.0, "mode": "train", "epoch": 42}
{"loss": 0.13190853595733643, "acc": 0.9580725431442261, "length": 5.0, "mode": "test", "epoch": 42}
{"loss": 0.12687206268310547, "acc": 0.9586095213890076, "length": 5.0, "mode": "train", "epoch": 43}
{"loss": 0.12908342480659485, "acc": 0.9587264657020569, "length": 5.0, "mode": "test", "epoch": 43}
{"loss": 0.12622897326946259, "acc": 0.9590513110160828, "length": 5.0, "mode": "train", "epoch": 44}
{"loss": 0.1257602572441101, "acc": 0.9601178169250488, "length": 5.0, "mode": "test", "epoch": 44}
{"loss": 0.12447556108236313, "acc": 0.9599176049232483, "length": 5.0, "mode": "train", "epoch": 45}
{"loss": 0.129743292927742, "acc": 0.9591287970542908, "length": 5.0, "mode": "test", "epoch": 45}
{"loss": 0.12256056070327759, "acc": 0.9605420231819153, "length": 5.0, "mode": "train", "epoch": 46}
{"loss": 0.12785711884498596, "acc": 0.9599400162696838, "length": 5.0, "mode": "test", "epoch": 46}
{"loss": 0.12490122765302658, "acc": 0.9598639011383057, "length": 5.0, "mode": "train", "epoch": 47}
{"loss": 0.12499020993709564, "acc": 0.9606945514678955, "length": 5.0, "mode": "test", "epoch": 47}
{"loss": 0.12240972369909286, "acc": 0.9609223008155823, "length": 5.0, "mode": "train", "epoch": 48}
{"loss": 0.12490732967853546, "acc": 0.9603466987609863, "length": 5.0, "mode": "test", "epoch": 48}
{"loss": 0.12272366881370544, "acc": 0.9607966542243958, "length": 5.0, "mode": "train", "epoch": 49}
{"loss": 0.12466887384653091, "acc": 0.9604794979095459, "length": 5.0, "mode": "test", "epoch": 49}
{"loss": 0.12037710100412369, "acc": 0.9617763161659241, "length": 5.0, "mode": "train", "epoch": 50}
{"loss": 0.12335778772830963, "acc": 0.9614329934120178, "length": 5.0, "mode": "test", "epoch": 50}
{"loss": 0.12085144966840744, "acc": 0.9615872502326965, "length": 5.0, "mode": "train", "epoch": 51}
{"loss": 0.12233928591012955, "acc": 0.9621371626853943, "length": 5.0, "mode": "test", "epoch": 51}
{"loss": 0.11866097152233124, "acc": 0.962621808052063, "length": 5.0, "mode": "train", "epoch": 52}
{"loss": 0.12017056345939636, "acc": 0.9629291892051697, "length": 5.0, "mode": "test", "epoch": 52}
{"loss": 0.11988171190023422, "acc": 0.9620959758758545, "length": 5.0, "mode": "train", "epoch": 53}
{"loss": 0.1236279085278511, "acc": 0.9617048501968384, "length": 5.0, "mode": "test", "epoch": 53}
{"loss": 0.12025448679924011, "acc": 0.9618639349937439, "length": 5.0, "mode": "train", "epoch": 54}
{"loss": 0.12143772840499878, "acc": 0.962532103061676, "length": 5.0, "mode": "test", "epoch": 54}
{"loss": 0.12033554911613464, "acc": 0.9620898365974426, "length": 5.0, "mode": "train", "epoch": 55}
{"loss": 0.11980395019054413, "acc": 0.9630939364433289, "length": 5.0, "mode": "test", "epoch": 55}
{"loss": 0.1184234619140625, "acc": 0.9625629186630249, "length": 5.0, "mode": "train", "epoch": 56}
{"loss": 0.11756434291601181, "acc": 0.9637253880500793, "length": 5.0, "mode": "test", "epoch": 56}
{"loss": 0.11647643893957138, "acc": 0.9633815288543701, "length": 5.0, "mode": "train", "epoch": 57}
{"loss": 0.11867053061723709, "acc": 0.9633669257164001, "length": 5.0, "mode": "test", "epoch": 57}
{"loss": 0.11755042523145676, "acc": 0.9628408551216125, "length": 5.0, "mode": "train", "epoch": 58}
{"loss": 0.12002047896385193, "acc": 0.962593138217926, "length": 5.0, "mode": "test", "epoch": 58}
{"loss": 0.11765280365943909, "acc": 0.962623119354248, "length": 5.0, "mode": "train", "epoch": 59}
{"loss": 0.11997848004102707, "acc": 0.9626649022102356, "length": 5.0, "mode": "test", "epoch": 59}
{"loss": 0.11707085371017456, "acc": 0.96308833360672, "length": 5.0, "mode": "train", "epoch": 60}
{"loss": 0.12180715054273605, "acc": 0.9622848629951477, "length": 5.0, "mode": "test", "epoch": 60}
test accuracy: 0.9598479866981506
