ndevices 0
# ["--attributes=4", "--values=8", "--game_size=10", "--vocab_size_factor=3", "--n_epochs=60", "--batch_size=32", "--learning_rate=0.001", "--speaker_hidden_size=128", "--temp_update=0.99", "--temperature=1.5"]
data loaded from: data/dim(4,8).ds
vocab size 28
message length 4
{"loss": 0.3020285665988922, "acc": 0.8699430823326111, "length": 4.934157371520996, "mode": "train", "epoch": 1}
{"loss": 0.2215072214603424, "acc": 0.9126615524291992, "length": 5.0, "mode": "test", "epoch": 1}
{"loss": 0.1787707507610321, "acc": 0.9357349276542664, "length": 4.999980449676514, "mode": "train", "epoch": 2}
{"loss": 0.20398929715156555, "acc": 0.9187361001968384, "length": 5.0, "mode": "test", "epoch": 2}
{"loss": 0.1531745344400406, "acc": 0.9463540315628052, "length": 4.999999046325684, "mode": "train", "epoch": 3}
{"loss": 0.16193632781505585, "acc": 0.9406453967094421, "length": 5.0, "mode": "test", "epoch": 3}
{"loss": 0.13052776455879211, "acc": 0.9563391804695129, "length": 5.0, "mode": "train", "epoch": 4}
{"loss": 0.14193187654018402, "acc": 0.9514436721801758, "length": 5.0, "mode": "test", "epoch": 4}
{"loss": 0.11450213938951492, "acc": 0.9635007381439209, "length": 5.0, "mode": "train", "epoch": 5}
{"loss": 0.12050215899944305, "acc": 0.9617839455604553, "length": 5.0, "mode": "test", "epoch": 5}
{"loss": 0.10760678350925446, "acc": 0.9661762714385986, "length": 5.0, "mode": "train", "epoch": 6}
{"loss": 0.11207686364650726, "acc": 0.9654601216316223, "length": 5.0, "mode": "test", "epoch": 6}
{"loss": 0.10236655175685883, "acc": 0.9679642915725708, "length": 5.0, "mode": "train", "epoch": 7}
{"loss": 0.11162460595369339, "acc": 0.9653210043907166, "length": 5.0, "mode": "test", "epoch": 7}
{"loss": 0.09916035830974579, "acc": 0.9690069556236267, "length": 5.0, "mode": "train", "epoch": 8}
{"loss": 0.10473645478487015, "acc": 0.968059778213501, "length": 5.0, "mode": "test", "epoch": 8}
{"loss": 0.10091036558151245, "acc": 0.9679021835327148, "length": 5.0, "mode": "train", "epoch": 9}
{"loss": 0.1093919426202774, "acc": 0.9648576378822327, "length": 5.0, "mode": "test", "epoch": 9}
{"loss": 0.09284795075654984, "acc": 0.9711167216300964, "length": 5.0, "mode": "train", "epoch": 10}
{"loss": 0.10016512125730515, "acc": 0.9698662161827087, "length": 5.0, "mode": "test", "epoch": 10}
{"loss": 0.08497247099876404, "acc": 0.9744665026664734, "length": 5.0, "mode": "train", "epoch": 11}
{"loss": 0.09849032759666443, "acc": 0.9700546264648438, "length": 5.0, "mode": "test", "epoch": 11}
{"loss": 0.08069722354412079, "acc": 0.976168155670166, "length": 5.0, "mode": "train", "epoch": 12}
{"loss": 0.08626516163349152, "acc": 0.9746606945991516, "length": 5.0, "mode": "test", "epoch": 12}
{"loss": 0.07516300678253174, "acc": 0.9784747958183289, "length": 5.0, "mode": "train", "epoch": 13}
{"loss": 0.08246254175901413, "acc": 0.9769048690795898, "length": 5.0, "mode": "test", "epoch": 13}
{"loss": 0.07349231094121933, "acc": 0.9790823459625244, "length": 5.0, "mode": "train", "epoch": 14}
{"loss": 0.09114246070384979, "acc": 0.9748736619949341, "length": 5.0, "mode": "test", "epoch": 14}
{"loss": 0.07194662094116211, "acc": 0.9794647097587585, "length": 5.0, "mode": "train", "epoch": 15}
{"loss": 0.07882947474718094, "acc": 0.9774540066719055, "length": 5.0, "mode": "test", "epoch": 15}
{"loss": 0.0684753954410553, "acc": 0.9806755185127258, "length": 5.0, "mode": "train", "epoch": 16}
{"loss": 0.07426028698682785, "acc": 0.9789940118789673, "length": 5.0, "mode": "test", "epoch": 16}
{"loss": 0.06566637009382248, "acc": 0.982004702091217, "length": 5.0, "mode": "train", "epoch": 17}
{"loss": 0.07409442961215973, "acc": 0.9798886775970459, "length": 5.0, "mode": "test", "epoch": 17}
{"loss": 0.0634472593665123, "acc": 0.9827531576156616, "length": 5.0, "mode": "train", "epoch": 18}
{"loss": 0.07151860743761063, "acc": 0.9807021021842957, "length": 5.0, "mode": "test", "epoch": 18}
{"loss": 0.062206145375967026, "acc": 0.983254075050354, "length": 5.0, "mode": "train", "epoch": 19}
{"loss": 0.06928504258394241, "acc": 0.9816973805427551, "length": 5.0, "mode": "test", "epoch": 19}
{"loss": 0.06164509803056717, "acc": 0.9833382368087769, "length": 5.0, "mode": "train", "epoch": 20}
{"loss": 0.07123599946498871, "acc": 0.9809406399726868, "length": 5.0, "mode": "test", "epoch": 20}
{"loss": 0.0624815858900547, "acc": 0.9831426739692688, "length": 5.0, "mode": "train", "epoch": 21}
{"loss": 0.07247010618448257, "acc": 0.980576753616333, "length": 5.0, "mode": "test", "epoch": 21}
{"loss": 0.061574243009090424, "acc": 0.9834213852882385, "length": 5.0, "mode": "train", "epoch": 22}
{"loss": 0.07854004204273224, "acc": 0.9777525067329407, "length": 5.0, "mode": "test", "epoch": 22}
{"loss": 0.06084563955664635, "acc": 0.9835925102233887, "length": 5.0, "mode": "train", "epoch": 23}
{"loss": 0.07048524916172028, "acc": 0.9815315008163452, "length": 5.0, "mode": "test", "epoch": 23}
{"loss": 0.0595833957195282, "acc": 0.9839863777160645, "length": 5.0, "mode": "train", "epoch": 24}
{"loss": 0.0762765184044838, "acc": 0.9791203737258911, "length": 5.0, "mode": "test", "epoch": 24}
{"loss": 0.06288205087184906, "acc": 0.9828456044197083, "length": 5.0, "mode": "train", "epoch": 25}
{"loss": 0.06940363347530365, "acc": 0.9816396236419678, "length": 5.0, "mode": "test", "epoch": 25}
{"loss": 0.06052318587899208, "acc": 0.9836985468864441, "length": 5.0, "mode": "train", "epoch": 26}
{"loss": 0.06954941898584366, "acc": 0.9814833402633667, "length": 5.0, "mode": "test", "epoch": 26}
{"loss": 0.06044209003448486, "acc": 0.9837045669555664, "length": 5.0, "mode": "train", "epoch": 27}
{"loss": 0.08181488513946533, "acc": 0.9776166677474976, "length": 5.0, "mode": "test", "epoch": 27}
{"loss": 0.061185941100120544, "acc": 0.983543336391449, "length": 5.0, "mode": "train", "epoch": 28}
{"loss": 0.07104652374982834, "acc": 0.9812436699867249, "length": 5.0, "mode": "test", "epoch": 28}
{"loss": 0.06133101135492325, "acc": 0.9834937453269958, "length": 5.0, "mode": "train", "epoch": 29}
{"loss": 0.07162106037139893, "acc": 0.980541467666626, "length": 5.0, "mode": "test", "epoch": 29}
{"loss": 0.060366515070199966, "acc": 0.9836581945419312, "length": 5.0, "mode": "train", "epoch": 30}
{"loss": 0.06573212146759033, "acc": 0.9825705885887146, "length": 5.0, "mode": "test", "epoch": 30}
{"loss": 0.05976202338933945, "acc": 0.9837620854377747, "length": 5.0, "mode": "train", "epoch": 31}
{"loss": 0.07155539095401764, "acc": 0.9808903932571411, "length": 5.0, "mode": "test", "epoch": 31}
{"loss": 0.060611095279455185, "acc": 0.9834483861923218, "length": 5.0, "mode": "train", "epoch": 32}
{"loss": 0.07461579889059067, "acc": 0.9800278544425964, "length": 5.0, "mode": "test", "epoch": 32}
{"loss": 0.061616238206624985, "acc": 0.9831976294517517, "length": 5.0, "mode": "train", "epoch": 33}
{"loss": 0.06968455761671066, "acc": 0.9813559055328369, "length": 5.0, "mode": "test", "epoch": 33}
{"loss": 0.06146496534347534, "acc": 0.9832664132118225, "length": 5.0, "mode": "train", "epoch": 34}
{"loss": 0.06764095276594162, "acc": 0.9817646741867065, "length": 5.0, "mode": "test", "epoch": 34}
{"loss": 0.060230761766433716, "acc": 0.9835572838783264, "length": 5.0, "mode": "train", "epoch": 35}
{"loss": 0.06862285733222961, "acc": 0.9808496832847595, "length": 5.0, "mode": "test", "epoch": 35}
{"loss": 0.06037193536758423, "acc": 0.9835052490234375, "length": 5.0, "mode": "train", "epoch": 36}
{"loss": 0.0703270211815834, "acc": 0.9808946847915649, "length": 5.0, "mode": "test", "epoch": 36}
{"loss": 0.06125536933541298, "acc": 0.9833108186721802, "length": 5.0, "mode": "train", "epoch": 37}
{"loss": 0.06820011883974075, "acc": 0.981777548789978, "length": 5.0, "mode": "test", "epoch": 37}
{"loss": 0.05908883735537529, "acc": 0.9839164614677429, "length": 5.0, "mode": "train", "epoch": 38}
{"loss": 0.07083669304847717, "acc": 0.9805758595466614, "length": 5.0, "mode": "test", "epoch": 38}
{"loss": 0.058623604476451874, "acc": 0.9839437007904053, "length": 5.0, "mode": "train", "epoch": 39}
{"loss": 0.06440836936235428, "acc": 0.9828767776489258, "length": 5.0, "mode": "test", "epoch": 39}
{"loss": 0.05853515863418579, "acc": 0.984139084815979, "length": 5.0, "mode": "train", "epoch": 40}
{"loss": 0.06400350481271744, "acc": 0.9833219051361084, "length": 5.0, "mode": "test", "epoch": 40}
{"loss": 0.05969660356640816, "acc": 0.9837034344673157, "length": 5.0, "mode": "train", "epoch": 41}
{"loss": 0.07058467715978622, "acc": 0.9807353019714355, "length": 5.0, "mode": "test", "epoch": 41}
{"loss": 0.05752668157219887, "acc": 0.9843854904174805, "length": 5.0, "mode": "train", "epoch": 42}
{"loss": 0.06686313450336456, "acc": 0.9821435213088989, "length": 5.0, "mode": "test", "epoch": 42}
{"loss": 0.060069527477025986, "acc": 0.983558714389801, "length": 5.0, "mode": "train", "epoch": 43}
{"loss": 0.06743765622377396, "acc": 0.9818686842918396, "length": 5.0, "mode": "test", "epoch": 43}
{"loss": 0.05712909251451492, "acc": 0.9845761060714722, "length": 5.0, "mode": "train", "epoch": 44}
{"loss": 0.06322887539863586, "acc": 0.9832159280776978, "length": 5.0, "mode": "test", "epoch": 44}
{"loss": 0.05800987035036087, "acc": 0.9841983318328857, "length": 5.0, "mode": "train", "epoch": 45}
{"loss": 0.07029037177562714, "acc": 0.9813591837882996, "length": 5.0, "mode": "test", "epoch": 45}
{"loss": 0.059375397861003876, "acc": 0.9837442636489868, "length": 5.0, "mode": "train", "epoch": 46}
{"loss": 0.07160398364067078, "acc": 0.9802985191345215, "length": 5.0, "mode": "test", "epoch": 46}
{"loss": 0.05702482536435127, "acc": 0.9846563935279846, "length": 5.0, "mode": "train", "epoch": 47}
{"loss": 0.06312430649995804, "acc": 0.9834235310554504, "length": 5.0, "mode": "test", "epoch": 47}
{"loss": 0.05557674169540405, "acc": 0.9850237965583801, "length": 5.0, "mode": "train", "epoch": 48}
{"loss": 0.06732381880283356, "acc": 0.9815422296524048, "length": 5.0, "mode": "test", "epoch": 48}
{"loss": 0.05425700917840004, "acc": 0.9852967262268066, "length": 5.0, "mode": "train", "epoch": 49}
{"loss": 0.06226354092359543, "acc": 0.9835059642791748, "length": 5.0, "mode": "test", "epoch": 49}
{"loss": 0.052304163575172424, "acc": 0.9860758781433105, "length": 5.0, "mode": "train", "epoch": 50}
{"loss": 0.0592987947165966, "acc": 0.9844039082527161, "length": 5.0, "mode": "test", "epoch": 50}
{"loss": 0.052242595702409744, "acc": 0.9861966967582703, "length": 5.0, "mode": "train", "epoch": 51}
{"loss": 0.05776455998420715, "acc": 0.9853115081787109, "length": 5.0, "mode": "test", "epoch": 51}
{"loss": 0.05181482434272766, "acc": 0.9864439964294434, "length": 5.0, "mode": "train", "epoch": 52}
{"loss": 0.057556722313165665, "acc": 0.9852268099784851, "length": 5.0, "mode": "test", "epoch": 52}
{"loss": 0.05173931270837784, "acc": 0.9864486455917358, "length": 5.0, "mode": "train", "epoch": 53}
{"loss": 0.05659734085202217, "acc": 0.9854912757873535, "length": 5.0, "mode": "test", "epoch": 53}
{"loss": 0.051088690757751465, "acc": 0.9866752028465271, "length": 5.0, "mode": "train", "epoch": 54}
{"loss": 0.05787084251642227, "acc": 0.9853349328041077, "length": 5.0, "mode": "test", "epoch": 54}
{"loss": 0.05236316844820976, "acc": 0.986291229724884, "length": 5.0, "mode": "train", "epoch": 55}
{"loss": 0.06045151129364967, "acc": 0.9845998287200928, "length": 5.0, "mode": "test", "epoch": 55}
{"loss": 0.05174414813518524, "acc": 0.9865496754646301, "length": 5.0, "mode": "train", "epoch": 56}
{"loss": 0.059323862195014954, "acc": 0.9849840402603149, "length": 5.0, "mode": "test", "epoch": 56}
{"loss": 0.050939884036779404, "acc": 0.9866923689842224, "length": 5.0, "mode": "train", "epoch": 57}
{"loss": 0.05482521653175354, "acc": 0.9865431785583496, "length": 5.0, "mode": "test", "epoch": 57}
{"loss": 0.04949913173913956, "acc": 0.9871335625648499, "length": 5.0, "mode": "train", "epoch": 58}
{"loss": 0.055544719099998474, "acc": 0.9859920740127563, "length": 5.0, "mode": "test", "epoch": 58}
{"loss": 0.049773916602134705, "acc": 0.9871442914009094, "length": 5.0, "mode": "train", "epoch": 59}
{"loss": 0.056495826691389084, "acc": 0.985977053642273, "length": 5.0, "mode": "test", "epoch": 59}
{"loss": 0.04946284741163254, "acc": 0.9872344732284546, "length": 5.0, "mode": "train", "epoch": 60}
{"loss": 0.052948322147130966, "acc": 0.9865400195121765, "length": 5.0, "mode": "test", "epoch": 60}
test accuracy: 0.9850345849990845
