ndevices 0
# ["--attributes=4", "--values=8", "--game_size=10", "--vocab_size_factor=3", "--n_epochs=60", "--batch_size=32", "--learning_rate=0.001", "--speaker_hidden_size=128", "--temp_update=0.99", "--temperature=2"]
data loaded from: data/dim(4,8).ds
vocab size 28
message length 4
{"loss": 0.3314036428928375, "acc": 0.8519031405448914, "length": 4.908778667449951, "mode": "train", "epoch": 1}
{"loss": 0.2944255471229553, "acc": 0.8707995414733887, "length": 5.0, "mode": "test", "epoch": 1}
{"loss": 0.20741552114486694, "acc": 0.9193242192268372, "length": 4.999949932098389, "mode": "train", "epoch": 2}
{"loss": 0.223142609000206, "acc": 0.9096639752388, "length": 5.0, "mode": "test", "epoch": 2}
{"loss": 0.1675436943769455, "acc": 0.9362684488296509, "length": 4.999995231628418, "mode": "train", "epoch": 3}
{"loss": 0.18579533696174622, "acc": 0.9235756397247314, "length": 5.0, "mode": "test", "epoch": 3}
{"loss": 0.1546802967786789, "acc": 0.9407954812049866, "length": 5.0, "mode": "train", "epoch": 4}
{"loss": 0.1794164627790451, "acc": 0.9304462671279907, "length": 5.0, "mode": "test", "epoch": 4}
{"loss": 0.1482311189174652, "acc": 0.9428970217704773, "length": 5.0, "mode": "train", "epoch": 5}
{"loss": 0.1784333735704422, "acc": 0.9293385148048401, "length": 5.0, "mode": "test", "epoch": 5}
{"loss": 0.1470363736152649, "acc": 0.9430297613143921, "length": 5.0, "mode": "train", "epoch": 6}
{"loss": 0.16957394778728485, "acc": 0.9350973963737488, "length": 5.0, "mode": "test", "epoch": 6}
{"loss": 0.1355782449245453, "acc": 0.9484969973564148, "length": 5.0, "mode": "train", "epoch": 7}
{"loss": 0.14850212633609772, "acc": 0.9423437714576721, "length": 5.0, "mode": "test", "epoch": 7}
{"loss": 0.12605877220630646, "acc": 0.9518539905548096, "length": 5.0, "mode": "train", "epoch": 8}
{"loss": 0.16463947296142578, "acc": 0.9345911145210266, "length": 5.0, "mode": "test", "epoch": 8}
{"loss": 0.12350615859031677, "acc": 0.9527350664138794, "length": 5.0, "mode": "train", "epoch": 9}
{"loss": 0.14522260427474976, "acc": 0.944653332233429, "length": 5.0, "mode": "test", "epoch": 9}
{"loss": 0.11981644481420517, "acc": 0.9538224339485168, "length": 5.0, "mode": "train", "epoch": 10}
{"loss": 0.14144745469093323, "acc": 0.9440968036651611, "length": 5.0, "mode": "test", "epoch": 10}
{"loss": 0.11773020774126053, "acc": 0.9542381167411804, "length": 5.0, "mode": "train", "epoch": 11}
{"loss": 0.14214001595973969, "acc": 0.9457865953445435, "length": 5.0, "mode": "test", "epoch": 11}
{"loss": 0.11614052951335907, "acc": 0.9547296762466431, "length": 5.0, "mode": "train", "epoch": 12}
{"loss": 0.1311461180448532, "acc": 0.9501252770423889, "length": 5.0, "mode": "test", "epoch": 12}
{"loss": 0.11404553800821304, "acc": 0.9559889435768127, "length": 5.0, "mode": "train", "epoch": 13}
{"loss": 0.1351829171180725, "acc": 0.9491491913795471, "length": 5.0, "mode": "test", "epoch": 13}
{"loss": 0.10311087220907211, "acc": 0.9617006182670593, "length": 5.0, "mode": "train", "epoch": 14}
{"loss": 0.11074313521385193, "acc": 0.9608594179153442, "length": 5.0, "mode": "test", "epoch": 14}
{"loss": 0.08637520670890808, "acc": 0.9713839292526245, "length": 5.0, "mode": "train", "epoch": 15}
{"loss": 0.11035441607236862, "acc": 0.960481584072113, "length": 5.0, "mode": "test", "epoch": 15}
{"loss": 0.07933316379785538, "acc": 0.9749672412872314, "length": 5.0, "mode": "train", "epoch": 16}
{"loss": 0.10740222781896591, "acc": 0.9626583456993103, "length": 5.0, "mode": "test", "epoch": 16}
{"loss": 0.07431679219007492, "acc": 0.9770488142967224, "length": 5.0, "mode": "train", "epoch": 17}
{"loss": 0.10329891741275787, "acc": 0.9661997556686401, "length": 5.0, "mode": "test", "epoch": 17}
{"loss": 0.07254991680383682, "acc": 0.977807343006134, "length": 5.0, "mode": "train", "epoch": 18}
{"loss": 0.09651227295398712, "acc": 0.9676123261451721, "length": 5.0, "mode": "test", "epoch": 18}
{"loss": 0.07193981111049652, "acc": 0.9779096841812134, "length": 5.0, "mode": "train", "epoch": 19}
{"loss": 0.0849900171160698, "acc": 0.973664402961731, "length": 5.0, "mode": "test", "epoch": 19}
{"loss": 0.07043970376253128, "acc": 0.9783391952514648, "length": 5.0, "mode": "train", "epoch": 20}
{"loss": 0.08882320672273636, "acc": 0.972021758556366, "length": 5.0, "mode": "test", "epoch": 20}
{"loss": 0.06747112423181534, "acc": 0.9794106483459473, "length": 5.0, "mode": "train", "epoch": 21}
{"loss": 0.0799601599574089, "acc": 0.9759663343429565, "length": 5.0, "mode": "test", "epoch": 21}
{"loss": 0.06257646530866623, "acc": 0.9820325970649719, "length": 5.0, "mode": "train", "epoch": 22}
{"loss": 0.08456796407699585, "acc": 0.9745869040489197, "length": 5.0, "mode": "test", "epoch": 22}
{"loss": 0.05776813626289368, "acc": 0.9839734435081482, "length": 5.0, "mode": "train", "epoch": 23}
{"loss": 0.079374760389328, "acc": 0.9754772186279297, "length": 5.0, "mode": "test", "epoch": 23}
{"loss": 0.056052424013614655, "acc": 0.9846171140670776, "length": 5.0, "mode": "train", "epoch": 24}
{"loss": 0.07314451038837433, "acc": 0.9786975383758545, "length": 5.0, "mode": "test", "epoch": 24}
{"loss": 0.05437096208333969, "acc": 0.9851496815681458, "length": 5.0, "mode": "train", "epoch": 25}
{"loss": 0.06697214394807816, "acc": 0.9813496470451355, "length": 5.0, "mode": "test", "epoch": 25}
{"loss": 0.0541403591632843, "acc": 0.9852185845375061, "length": 5.0, "mode": "train", "epoch": 26}
{"loss": 0.07202861458063126, "acc": 0.9799122214317322, "length": 5.0, "mode": "test", "epoch": 26}
{"loss": 0.05361871421337128, "acc": 0.9853205680847168, "length": 5.0, "mode": "train", "epoch": 27}
{"loss": 0.0689365565776825, "acc": 0.9808422327041626, "length": 5.0, "mode": "test", "epoch": 27}
{"loss": 0.05067392811179161, "acc": 0.9862444996833801, "length": 5.0, "mode": "train", "epoch": 28}
{"loss": 0.06760701537132263, "acc": 0.9810658693313599, "length": 5.0, "mode": "test", "epoch": 28}
{"loss": 0.04946114122867584, "acc": 0.9868013858795166, "length": 5.0, "mode": "train", "epoch": 29}
{"loss": 0.06916239112615585, "acc": 0.9806357026100159, "length": 5.0, "mode": "test", "epoch": 29}
{"loss": 0.046613097190856934, "acc": 0.9877108335494995, "length": 5.0, "mode": "train", "epoch": 30}
{"loss": 0.06627857685089111, "acc": 0.9815987944602966, "length": 5.0, "mode": "test", "epoch": 30}
{"loss": 0.04644346609711647, "acc": 0.987903356552124, "length": 5.0, "mode": "train", "epoch": 31}
{"loss": 0.06877502799034119, "acc": 0.9810274243354797, "length": 5.0, "mode": "test", "epoch": 31}
{"loss": 0.04627065360546112, "acc": 0.9878926277160645, "length": 5.0, "mode": "train", "epoch": 32}
{"loss": 0.06363034248352051, "acc": 0.9820600748062134, "length": 5.0, "mode": "test", "epoch": 32}
{"loss": 0.04454474151134491, "acc": 0.9884501695632935, "length": 5.0, "mode": "train", "epoch": 33}
{"loss": 0.059350620955228806, "acc": 0.983906090259552, "length": 5.0, "mode": "test", "epoch": 33}
{"loss": 0.04392305016517639, "acc": 0.9885658621788025, "length": 5.0, "mode": "train", "epoch": 34}
{"loss": 0.06394224613904953, "acc": 0.9828906059265137, "length": 5.0, "mode": "test", "epoch": 34}
{"loss": 0.04407288879156113, "acc": 0.9885322451591492, "length": 5.0, "mode": "train", "epoch": 35}
{"loss": 0.05940510332584381, "acc": 0.9842208027839661, "length": 5.0, "mode": "test", "epoch": 35}
{"loss": 0.04366457089781761, "acc": 0.9886306524276733, "length": 5.0, "mode": "train", "epoch": 36}
{"loss": 0.05667981132864952, "acc": 0.9849432706832886, "length": 5.0, "mode": "test", "epoch": 36}
{"loss": 0.04215333238244057, "acc": 0.9890481233596802, "length": 5.0, "mode": "train", "epoch": 37}
{"loss": 0.05489061027765274, "acc": 0.9852996468544006, "length": 5.0, "mode": "test", "epoch": 37}
{"loss": 0.042364563792943954, "acc": 0.9889571666717529, "length": 5.0, "mode": "train", "epoch": 38}
{"loss": 0.05732397735118866, "acc": 0.9842498302459717, "length": 5.0, "mode": "test", "epoch": 38}
{"loss": 0.041082192212343216, "acc": 0.989223301410675, "length": 5.0, "mode": "train", "epoch": 39}
{"loss": 0.05676950886845589, "acc": 0.9848833680152893, "length": 5.0, "mode": "test", "epoch": 39}
{"loss": 0.03950505331158638, "acc": 0.9897252917289734, "length": 5.0, "mode": "train", "epoch": 40}
{"loss": 0.062283825129270554, "acc": 0.9824143648147583, "length": 5.0, "mode": "test", "epoch": 40}
{"loss": 0.04024220630526543, "acc": 0.9895086884498596, "length": 5.0, "mode": "train", "epoch": 41}
{"loss": 0.05950998142361641, "acc": 0.9830682873725891, "length": 5.0, "mode": "test", "epoch": 41}
{"loss": 0.039484452456235886, "acc": 0.9898543953895569, "length": 5.0, "mode": "train", "epoch": 42}
{"loss": 0.0602068230509758, "acc": 0.9830008745193481, "length": 5.0, "mode": "test", "epoch": 42}
{"loss": 0.03914821147918701, "acc": 0.9900447726249695, "length": 5.0, "mode": "train", "epoch": 43}
{"loss": 0.057536836713552475, "acc": 0.9841223359107971, "length": 5.0, "mode": "test", "epoch": 43}
{"loss": 0.037833258509635925, "acc": 0.9904739856719971, "length": 5.0, "mode": "train", "epoch": 44}
{"loss": 0.062053579837083817, "acc": 0.9818974137306213, "length": 5.0, "mode": "test", "epoch": 44}
{"loss": 0.037197016179561615, "acc": 0.9906648397445679, "length": 5.0, "mode": "train", "epoch": 45}
{"loss": 0.05779986456036568, "acc": 0.9830052256584167, "length": 5.0, "mode": "test", "epoch": 45}
{"loss": 0.03930883854627609, "acc": 0.9899823665618896, "length": 5.0, "mode": "train", "epoch": 46}
{"loss": 0.05850343406200409, "acc": 0.9830971360206604, "length": 5.0, "mode": "test", "epoch": 46}
{"loss": 0.037278223782777786, "acc": 0.9905818104743958, "length": 5.0, "mode": "train", "epoch": 47}
{"loss": 0.054289426654577255, "acc": 0.98462975025177, "length": 5.0, "mode": "test", "epoch": 47}
{"loss": 0.03732368350028992, "acc": 0.9905339479446411, "length": 5.0, "mode": "train", "epoch": 48}
{"loss": 0.0556231364607811, "acc": 0.9849721193313599, "length": 5.0, "mode": "test", "epoch": 48}
{"loss": 0.03609586879611015, "acc": 0.9909107685089111, "length": 5.0, "mode": "train", "epoch": 49}
{"loss": 0.05635417625308037, "acc": 0.9836515784263611, "length": 5.0, "mode": "test", "epoch": 49}
{"loss": 0.03642730414867401, "acc": 0.9907219409942627, "length": 5.0, "mode": "train", "epoch": 50}
{"loss": 0.05407263711094856, "acc": 0.9850096702575684, "length": 5.0, "mode": "test", "epoch": 50}
{"loss": 0.035642143338918686, "acc": 0.9908715486526489, "length": 5.0, "mode": "train", "epoch": 51}
{"loss": 0.05462058633565903, "acc": 0.984958291053772, "length": 5.0, "mode": "test", "epoch": 51}
{"loss": 0.03454563394188881, "acc": 0.9911739826202393, "length": 5.0, "mode": "train", "epoch": 52}
{"loss": 0.0662374347448349, "acc": 0.9810444712638855, "length": 5.0, "mode": "test", "epoch": 52}
{"loss": 0.03407898545265198, "acc": 0.9914058446884155, "length": 5.0, "mode": "train", "epoch": 53}
{"loss": 0.05967952683568001, "acc": 0.9832597970962524, "length": 5.0, "mode": "test", "epoch": 53}
{"loss": 0.034261737018823624, "acc": 0.9913220405578613, "length": 5.0, "mode": "train", "epoch": 54}
{"loss": 0.05830346792936325, "acc": 0.9833101630210876, "length": 5.0, "mode": "test", "epoch": 54}
{"loss": 0.03492617979645729, "acc": 0.9911822080612183, "length": 5.0, "mode": "train", "epoch": 55}
{"loss": 0.06428444385528564, "acc": 0.9816588759422302, "length": 5.0, "mode": "test", "epoch": 55}
{"loss": 0.03605484962463379, "acc": 0.9907191395759583, "length": 5.0, "mode": "train", "epoch": 56}
{"loss": 0.05256597325205803, "acc": 0.9853585958480835, "length": 5.0, "mode": "test", "epoch": 56}
{"loss": 0.03517182916402817, "acc": 0.9911732077598572, "length": 5.0, "mode": "train", "epoch": 57}
{"loss": 0.054053131490945816, "acc": 0.9845483303070068, "length": 5.0, "mode": "test", "epoch": 57}
{"loss": 0.0341460257768631, "acc": 0.9914764165878296, "length": 5.0, "mode": "train", "epoch": 58}
{"loss": 0.06292608380317688, "acc": 0.9813836812973022, "length": 5.0, "mode": "test", "epoch": 58}
{"loss": 0.03322252258658409, "acc": 0.9917288422584534, "length": 5.0, "mode": "train", "epoch": 59}
{"loss": 0.047468457370996475, "acc": 0.9874412417411804, "length": 5.0, "mode": "test", "epoch": 59}
{"loss": 0.03312506526708603, "acc": 0.9918058514595032, "length": 5.0, "mode": "train", "epoch": 60}
{"loss": 0.04688836261630058, "acc": 0.9871542453765869, "length": 5.0, "mode": "test", "epoch": 60}
test accuracy: 0.9844838380813599
