ndevices 0
# ["--attributes=4", "--values=8", "--game_size=10", "--vocab_size_factor=3", "--n_epochs=60", "--batch_size=32", "--learning_rate=0.001", "--speaker_hidden_size=256", "--temp_update=0.97", "--temperature=1"]
data loaded from: data/dim(4,8).ds
vocab size 28
message length 4
{"loss": 0.35374915599823, "acc": 0.8448405861854553, "length": 4.956038475036621, "mode": "train", "epoch": 1}
{"loss": 0.2866005599498749, "acc": 0.8847944736480713, "length": 5.0, "mode": "test", "epoch": 1}
{"loss": 0.2595517635345459, "acc": 0.8977398872375488, "length": 4.999989986419678, "mode": "train", "epoch": 2}
{"loss": 0.24644973874092102, "acc": 0.9036397933959961, "length": 5.0, "mode": "test", "epoch": 2}
{"loss": 0.2350706309080124, "acc": 0.9072367548942566, "length": 4.999999046325684, "mode": "train", "epoch": 3}
{"loss": 0.22248698770999908, "acc": 0.914166271686554, "length": 5.0, "mode": "test", "epoch": 3}
{"loss": 0.21020932495594025, "acc": 0.9198178648948669, "length": 4.999999523162842, "mode": "train", "epoch": 4}
{"loss": 0.19919803738594055, "acc": 0.9256282448768616, "length": 5.0, "mode": "test", "epoch": 4}
{"loss": 0.19397178292274475, "acc": 0.9268741607666016, "length": 5.0, "mode": "train", "epoch": 5}
{"loss": 0.190609410405159, "acc": 0.9285562634468079, "length": 5.0, "mode": "test", "epoch": 5}
{"loss": 0.18727514147758484, "acc": 0.9298146963119507, "length": 5.0, "mode": "train", "epoch": 6}
{"loss": 0.1861295998096466, "acc": 0.9305168986320496, "length": 5.0, "mode": "test", "epoch": 6}
{"loss": 0.18426239490509033, "acc": 0.9307907819747925, "length": 5.0, "mode": "train", "epoch": 7}
{"loss": 0.1932087540626526, "acc": 0.9274004101753235, "length": 5.0, "mode": "test", "epoch": 7}
{"loss": 0.18258263170719147, "acc": 0.9311689138412476, "length": 5.0, "mode": "train", "epoch": 8}
{"loss": 0.18054446578025818, "acc": 0.9327824711799622, "length": 5.0, "mode": "test", "epoch": 8}
{"loss": 0.18178138136863708, "acc": 0.931615948677063, "length": 5.0, "mode": "train", "epoch": 9}
{"loss": 0.18317191302776337, "acc": 0.9318546056747437, "length": 5.0, "mode": "test", "epoch": 9}
{"loss": 0.18206001818180084, "acc": 0.9312237501144409, "length": 5.0, "mode": "train", "epoch": 10}
{"loss": 0.18373149633407593, "acc": 0.9317017197608948, "length": 5.0, "mode": "test", "epoch": 10}
{"loss": 0.17786471545696259, "acc": 0.9328287839889526, "length": 5.0, "mode": "train", "epoch": 11}
{"loss": 0.17627042531967163, "acc": 0.9345654845237732, "length": 5.0, "mode": "test", "epoch": 11}
{"loss": 0.17467191815376282, "acc": 0.9343228340148926, "length": 5.0, "mode": "train", "epoch": 12}
{"loss": 0.174531951546669, "acc": 0.9352622032165527, "length": 5.0, "mode": "test", "epoch": 12}
{"loss": 0.1726984679698944, "acc": 0.9351258277893066, "length": 5.0, "mode": "train", "epoch": 13}
{"loss": 0.1725257933139801, "acc": 0.9356464743614197, "length": 5.0, "mode": "test", "epoch": 13}
{"loss": 0.16957004368305206, "acc": 0.9364867806434631, "length": 5.0, "mode": "train", "epoch": 14}
{"loss": 0.16718709468841553, "acc": 0.9381271600723267, "length": 5.0, "mode": "test", "epoch": 14}
{"loss": 0.16722823679447174, "acc": 0.9375230669975281, "length": 5.0, "mode": "train", "epoch": 15}
{"loss": 0.16407299041748047, "acc": 0.9401454925537109, "length": 5.0, "mode": "test", "epoch": 15}
{"loss": 0.16182281076908112, "acc": 0.9402145743370056, "length": 5.0, "mode": "train", "epoch": 16}
{"loss": 0.16109460592269897, "acc": 0.9414382576942444, "length": 5.0, "mode": "test", "epoch": 16}
{"loss": 0.1602260321378708, "acc": 0.9409156441688538, "length": 5.0, "mode": "train", "epoch": 17}
{"loss": 0.15868526697158813, "acc": 0.9426102042198181, "length": 5.0, "mode": "test", "epoch": 17}
{"loss": 0.16030322015285492, "acc": 0.9407240152359009, "length": 5.0, "mode": "train", "epoch": 18}
{"loss": 0.1581897735595703, "acc": 0.942091166973114, "length": 5.0, "mode": "test", "epoch": 18}
{"loss": 0.1585576832294464, "acc": 0.9414742588996887, "length": 5.0, "mode": "train", "epoch": 19}
{"loss": 0.15790317952632904, "acc": 0.9431560635566711, "length": 5.0, "mode": "test", "epoch": 19}
{"loss": 0.157558411359787, "acc": 0.9420239925384521, "length": 5.0, "mode": "train", "epoch": 20}
{"loss": 0.1560281217098236, "acc": 0.9430392980575562, "length": 5.0, "mode": "test", "epoch": 20}
{"loss": 0.1563582569360733, "acc": 0.9423197507858276, "length": 5.0, "mode": "train", "epoch": 21}
{"loss": 0.15790632367134094, "acc": 0.9420279860496521, "length": 5.0, "mode": "test", "epoch": 21}
{"loss": 0.15604940056800842, "acc": 0.9422900676727295, "length": 5.0, "mode": "train", "epoch": 22}
{"loss": 0.1545173078775406, "acc": 0.9439651370048523, "length": 5.0, "mode": "test", "epoch": 22}
{"loss": 0.1551268845796585, "acc": 0.9425855278968811, "length": 5.0, "mode": "train", "epoch": 23}
{"loss": 0.1557481288909912, "acc": 0.9434386491775513, "length": 5.0, "mode": "test", "epoch": 23}
{"loss": 0.1552007794380188, "acc": 0.9427435994148254, "length": 5.0, "mode": "train", "epoch": 24}
{"loss": 0.15486402809619904, "acc": 0.9441266655921936, "length": 5.0, "mode": "test", "epoch": 24}
{"loss": 0.15457206964492798, "acc": 0.9429440498352051, "length": 5.0, "mode": "train", "epoch": 25}
{"loss": 0.15497314929962158, "acc": 0.9439169764518738, "length": 5.0, "mode": "test", "epoch": 25}
{"loss": 0.15483835339546204, "acc": 0.9426007866859436, "length": 5.0, "mode": "train", "epoch": 26}
{"loss": 0.15395349264144897, "acc": 0.9436548352241516, "length": 5.0, "mode": "test", "epoch": 26}
{"loss": 0.1547217220067978, "acc": 0.9425891041755676, "length": 5.0, "mode": "train", "epoch": 27}
{"loss": 0.1611926555633545, "acc": 0.9405480027198792, "length": 5.0, "mode": "test", "epoch": 27}
{"loss": 0.1529693752527237, "acc": 0.9431881904602051, "length": 5.0, "mode": "train", "epoch": 28}
{"loss": 0.1527167707681656, "acc": 0.9444873332977295, "length": 5.0, "mode": "test", "epoch": 28}
{"loss": 0.1541098654270172, "acc": 0.9428601861000061, "length": 5.0, "mode": "train", "epoch": 29}
{"loss": 0.1540667861700058, "acc": 0.9440774917602539, "length": 5.0, "mode": "test", "epoch": 29}
{"loss": 0.1530994176864624, "acc": 0.9431781768798828, "length": 5.0, "mode": "train", "epoch": 30}
{"loss": 0.1513177454471588, "acc": 0.9445751309394836, "length": 5.0, "mode": "test", "epoch": 30}
{"loss": 0.1523950845003128, "acc": 0.9432240724563599, "length": 5.0, "mode": "train", "epoch": 31}
{"loss": 0.15559199452400208, "acc": 0.9439941644668579, "length": 5.0, "mode": "test", "epoch": 31}
{"loss": 0.15230728685855865, "acc": 0.9435822367668152, "length": 5.0, "mode": "train", "epoch": 32}
{"loss": 0.15185068547725677, "acc": 0.9445269703865051, "length": 5.0, "mode": "test", "epoch": 32}
{"loss": 0.15164341032505035, "acc": 0.9437516927719116, "length": 5.0, "mode": "train", "epoch": 33}
{"loss": 0.15282884240150452, "acc": 0.9447004199028015, "length": 5.0, "mode": "test", "epoch": 33}
{"loss": 0.15086627006530762, "acc": 0.9441359043121338, "length": 5.0, "mode": "train", "epoch": 34}
{"loss": 0.15096823871135712, "acc": 0.9449282884597778, "length": 5.0, "mode": "test", "epoch": 34}
{"loss": 0.1508873552083969, "acc": 0.9440046548843384, "length": 5.0, "mode": "train", "epoch": 35}
{"loss": 0.1553289294242859, "acc": 0.9435734748840332, "length": 5.0, "mode": "test", "epoch": 35}
{"loss": 0.15017154812812805, "acc": 0.9443874955177307, "length": 5.0, "mode": "train", "epoch": 36}
{"loss": 0.1496681272983551, "acc": 0.9458701014518738, "length": 5.0, "mode": "test", "epoch": 36}
{"loss": 0.14962054789066315, "acc": 0.9445579648017883, "length": 5.0, "mode": "train", "epoch": 37}
{"loss": 0.15168948471546173, "acc": 0.9451862573623657, "length": 5.0, "mode": "test", "epoch": 37}
{"loss": 0.14655861258506775, "acc": 0.9461084008216858, "length": 5.0, "mode": "train", "epoch": 38}
{"loss": 0.14859230816364288, "acc": 0.9464127421379089, "length": 5.0, "mode": "test", "epoch": 38}
{"loss": 0.14680296182632446, "acc": 0.9463379383087158, "length": 5.0, "mode": "train", "epoch": 39}
{"loss": 0.1535961776971817, "acc": 0.9450075030326843, "length": 5.0, "mode": "test", "epoch": 39}
{"loss": 0.1458742916584015, "acc": 0.9466930031776428, "length": 5.0, "mode": "train", "epoch": 40}
{"loss": 0.14477859437465668, "acc": 0.9486343860626221, "length": 5.0, "mode": "test", "epoch": 40}
{"loss": 0.1424081027507782, "acc": 0.9485747814178467, "length": 5.0, "mode": "train", "epoch": 41}
{"loss": 0.14409446716308594, "acc": 0.9490389823913574, "length": 5.0, "mode": "test", "epoch": 41}
{"loss": 0.14076490700244904, "acc": 0.9498497843742371, "length": 5.0, "mode": "train", "epoch": 42}
{"loss": 0.14120052754878998, "acc": 0.9507448077201843, "length": 5.0, "mode": "test", "epoch": 42}
{"loss": 0.1371552050113678, "acc": 0.9514248371124268, "length": 5.0, "mode": "train", "epoch": 43}
{"loss": 0.13612905144691467, "acc": 0.9529119729995728, "length": 5.0, "mode": "test", "epoch": 43}
{"loss": 0.13455361127853394, "acc": 0.9529556632041931, "length": 5.0, "mode": "train", "epoch": 44}
{"loss": 0.1369648575782776, "acc": 0.9533464908599854, "length": 5.0, "mode": "test", "epoch": 44}
{"loss": 0.13265864551067352, "acc": 0.9545117020606995, "length": 5.0, "mode": "train", "epoch": 45}
{"loss": 0.13273274898529053, "acc": 0.955859363079071, "length": 5.0, "mode": "test", "epoch": 45}
{"loss": 0.12971609830856323, "acc": 0.9564112424850464, "length": 5.0, "mode": "train", "epoch": 46}
{"loss": 0.12872660160064697, "acc": 0.9584107398986816, "length": 5.0, "mode": "test", "epoch": 46}
{"loss": 0.1232093870639801, "acc": 0.9594402313232422, "length": 5.0, "mode": "train", "epoch": 47}
{"loss": 0.12578774988651276, "acc": 0.959450900554657, "length": 5.0, "mode": "test", "epoch": 47}
{"loss": 0.12377896159887314, "acc": 0.9593539834022522, "length": 5.0, "mode": "train", "epoch": 48}
{"loss": 0.12232369929552078, "acc": 0.960482656955719, "length": 5.0, "mode": "test", "epoch": 48}
{"loss": 0.12050992995500565, "acc": 0.961158037185669, "length": 5.0, "mode": "train", "epoch": 49}
{"loss": 0.12509863078594208, "acc": 0.9603874087333679, "length": 5.0, "mode": "test", "epoch": 49}
{"loss": 0.11848952621221542, "acc": 0.9619774222373962, "length": 5.0, "mode": "train", "epoch": 50}
{"loss": 0.11720369011163712, "acc": 0.9631174802780151, "length": 5.0, "mode": "test", "epoch": 50}
{"loss": 0.11885062605142593, "acc": 0.9617303013801575, "length": 5.0, "mode": "train", "epoch": 51}
{"loss": 0.12031517922878265, "acc": 0.9619948267936707, "length": 5.0, "mode": "test", "epoch": 51}
{"loss": 0.11669271439313889, "acc": 0.962622344493866, "length": 5.0, "mode": "train", "epoch": 52}
{"loss": 0.11752785742282867, "acc": 0.9629815220832825, "length": 5.0, "mode": "test", "epoch": 52}
{"loss": 0.1155983954668045, "acc": 0.9631368517875671, "length": 5.0, "mode": "train", "epoch": 53}
{"loss": 0.11788234114646912, "acc": 0.9634320735931396, "length": 5.0, "mode": "test", "epoch": 53}
{"loss": 0.11452152580022812, "acc": 0.9636160135269165, "length": 5.0, "mode": "train", "epoch": 54}
{"loss": 0.1137980967760086, "acc": 0.9644487500190735, "length": 5.0, "mode": "test", "epoch": 54}
{"loss": 0.11337535083293915, "acc": 0.9639698266983032, "length": 5.0, "mode": "train", "epoch": 55}
{"loss": 0.11913066357374191, "acc": 0.962782621383667, "length": 5.0, "mode": "test", "epoch": 55}
{"loss": 0.11241883784532547, "acc": 0.9643266797065735, "length": 5.0, "mode": "train", "epoch": 56}
{"loss": 0.11191293597221375, "acc": 0.9653530716896057, "length": 5.0, "mode": "test", "epoch": 56}
{"loss": 0.10998068004846573, "acc": 0.9652044773101807, "length": 5.0, "mode": "train", "epoch": 57}
{"loss": 0.114152692258358, "acc": 0.965310275554657, "length": 5.0, "mode": "test", "epoch": 57}
{"loss": 0.11015570908784866, "acc": 0.9654674530029297, "length": 5.0, "mode": "train", "epoch": 58}
{"loss": 0.11312318593263626, "acc": 0.9648747444152832, "length": 5.0, "mode": "test", "epoch": 58}
{"loss": 0.10925577580928802, "acc": 0.9656243920326233, "length": 5.0, "mode": "train", "epoch": 59}
{"loss": 0.111295185983181, "acc": 0.9657458066940308, "length": 5.0, "mode": "test", "epoch": 59}
{"loss": 0.10901390761137009, "acc": 0.9657966494560242, "length": 5.0, "mode": "train", "epoch": 60}
{"loss": 0.11310189962387085, "acc": 0.9648929238319397, "length": 5.0, "mode": "test", "epoch": 60}
test accuracy: 0.9600550532341003
