ndevices 0
# ["--attributes=4", "--values=8", "--game_size=10", "--vocab_size_factor=3", "--n_epochs=60", "--batch_size=32", "--learning_rate=0.001", "--speaker_hidden_size=256", "--temp_update=0.97", "--temperature=1.5"]
data loaded from: data/dim(4,8).ds
vocab size 28
message length 4
{"loss": 0.353773295879364, "acc": 0.8435834050178528, "length": 4.934762001037598, "mode": "train", "epoch": 1}
{"loss": 0.2757284939289093, "acc": 0.8803778886795044, "length": 5.0, "mode": "test", "epoch": 1}
{"loss": 0.20860247313976288, "acc": 0.9195165038108826, "length": 4.99997615814209, "mode": "train", "epoch": 2}
{"loss": 0.20745450258255005, "acc": 0.9189501404762268, "length": 5.0, "mode": "test", "epoch": 2}
{"loss": 0.1642351895570755, "acc": 0.9399369359016418, "length": 4.999998092651367, "mode": "train", "epoch": 3}
{"loss": 0.16904212534427643, "acc": 0.9378093481063843, "length": 5.0, "mode": "test", "epoch": 3}
{"loss": 0.13910281658172607, "acc": 0.9512550234794617, "length": 5.0, "mode": "train", "epoch": 4}
{"loss": 0.1595064103603363, "acc": 0.9420290589332581, "length": 5.0, "mode": "test", "epoch": 4}
{"loss": 0.12205126136541367, "acc": 0.9585684537887573, "length": 5.0, "mode": "train", "epoch": 5}
{"loss": 0.14417171478271484, "acc": 0.9477642774581909, "length": 5.0, "mode": "test", "epoch": 5}
{"loss": 0.10334508866071701, "acc": 0.9670531749725342, "length": 5.0, "mode": "train", "epoch": 6}
{"loss": 0.13998842239379883, "acc": 0.9542261958122253, "length": 5.0, "mode": "test", "epoch": 6}
{"loss": 0.0921880230307579, "acc": 0.9722946286201477, "length": 5.0, "mode": "train", "epoch": 7}
{"loss": 0.11726364493370056, "acc": 0.9620195031166077, "length": 5.0, "mode": "test", "epoch": 7}
{"loss": 0.08404349535703659, "acc": 0.9755795001983643, "length": 5.0, "mode": "train", "epoch": 8}
{"loss": 0.10742364823818207, "acc": 0.9672282338142395, "length": 5.0, "mode": "test", "epoch": 8}
{"loss": 0.08126643300056458, "acc": 0.9766518473625183, "length": 5.0, "mode": "train", "epoch": 9}
{"loss": 0.10736788064241409, "acc": 0.9662286639213562, "length": 5.0, "mode": "test", "epoch": 9}
{"loss": 0.07717613875865936, "acc": 0.9777557253837585, "length": 5.0, "mode": "train", "epoch": 10}
{"loss": 0.0933758020401001, "acc": 0.9713238477706909, "length": 5.0, "mode": "test", "epoch": 10}
{"loss": 0.07235889136791229, "acc": 0.9795206785202026, "length": 5.0, "mode": "train", "epoch": 11}
{"loss": 0.0947498083114624, "acc": 0.9722860455513, "length": 5.0, "mode": "test", "epoch": 11}
{"loss": 0.06937766075134277, "acc": 0.980827808380127, "length": 5.0, "mode": "train", "epoch": 12}
{"loss": 0.0874594897031784, "acc": 0.9739523530006409, "length": 5.0, "mode": "test", "epoch": 12}
{"loss": 0.06815393269062042, "acc": 0.9812605977058411, "length": 5.0, "mode": "train", "epoch": 13}
{"loss": 0.09083491563796997, "acc": 0.9736290574073792, "length": 5.0, "mode": "test", "epoch": 13}
{"loss": 0.06696851551532745, "acc": 0.9817695617675781, "length": 5.0, "mode": "train", "epoch": 14}
{"loss": 0.08225837349891663, "acc": 0.9773469567298889, "length": 5.0, "mode": "test", "epoch": 14}
{"loss": 0.06468507647514343, "acc": 0.9825497269630432, "length": 5.0, "mode": "train", "epoch": 15}
{"loss": 0.08031836897134781, "acc": 0.9777311682701111, "length": 5.0, "mode": "test", "epoch": 15}
{"loss": 0.06378819048404694, "acc": 0.9827723503112793, "length": 5.0, "mode": "train", "epoch": 16}
{"loss": 0.07727117091417313, "acc": 0.9788677096366882, "length": 5.0, "mode": "test", "epoch": 16}
{"loss": 0.06522705405950546, "acc": 0.982274055480957, "length": 5.0, "mode": "train", "epoch": 17}
{"loss": 0.07847391068935394, "acc": 0.9779173731803894, "length": 5.0, "mode": "test", "epoch": 17}
{"loss": 0.06320685893297195, "acc": 0.9829853773117065, "length": 5.0, "mode": "train", "epoch": 18}
{"loss": 0.07750200480222702, "acc": 0.9792349338531494, "length": 5.0, "mode": "test", "epoch": 18}
{"loss": 0.0628010481595993, "acc": 0.9831069111824036, "length": 5.0, "mode": "train", "epoch": 19}
{"loss": 0.07310264557600021, "acc": 0.9802109003067017, "length": 5.0, "mode": "test", "epoch": 19}
{"loss": 0.0631709173321724, "acc": 0.9830271005630493, "length": 5.0, "mode": "train", "epoch": 20}
{"loss": 0.07068386673927307, "acc": 0.9810006618499756, "length": 5.0, "mode": "test", "epoch": 20}
{"loss": 0.06236639991402626, "acc": 0.983340322971344, "length": 5.0, "mode": "train", "epoch": 21}
{"loss": 0.07083066552877426, "acc": 0.9811375737190247, "length": 5.0, "mode": "test", "epoch": 21}
{"loss": 0.06209762766957283, "acc": 0.9833486080169678, "length": 5.0, "mode": "train", "epoch": 22}
{"loss": 0.0733802318572998, "acc": 0.979608416557312, "length": 5.0, "mode": "test", "epoch": 22}
{"loss": 0.06362795829772949, "acc": 0.9829065799713135, "length": 5.0, "mode": "train", "epoch": 23}
{"loss": 0.0734446793794632, "acc": 0.9802953600883484, "length": 5.0, "mode": "test", "epoch": 23}
{"loss": 0.06339313834905624, "acc": 0.983013927936554, "length": 5.0, "mode": "train", "epoch": 24}
{"loss": 0.07175032049417496, "acc": 0.9810979962348938, "length": 5.0, "mode": "test", "epoch": 24}
{"loss": 0.06322450190782547, "acc": 0.9830299615859985, "length": 5.0, "mode": "train", "epoch": 25}
{"loss": 0.0670924186706543, "acc": 0.9825910329818726, "length": 5.0, "mode": "test", "epoch": 25}
{"loss": 0.06266606599092484, "acc": 0.9832888245582581, "length": 5.0, "mode": "train", "epoch": 26}
{"loss": 0.06939978152513504, "acc": 0.981640636920929, "length": 5.0, "mode": "test", "epoch": 26}
{"loss": 0.06362737715244293, "acc": 0.9828615188598633, "length": 5.0, "mode": "train", "epoch": 27}
{"loss": 0.06604472547769547, "acc": 0.9824635982513428, "length": 5.0, "mode": "test", "epoch": 27}
{"loss": 0.0621950663626194, "acc": 0.983284056186676, "length": 5.0, "mode": "train", "epoch": 28}
{"loss": 0.07014448940753937, "acc": 0.981255292892456, "length": 5.0, "mode": "test", "epoch": 28}
{"loss": 0.06301611661911011, "acc": 0.9829632043838501, "length": 5.0, "mode": "train", "epoch": 29}
{"loss": 0.06668750196695328, "acc": 0.9822250008583069, "length": 5.0, "mode": "test", "epoch": 29}
{"loss": 0.06429076939821243, "acc": 0.9823967814445496, "length": 5.0, "mode": "train", "epoch": 30}
{"loss": 0.06308931857347488, "acc": 0.983659029006958, "length": 5.0, "mode": "test", "epoch": 30}
{"loss": 0.06031830608844757, "acc": 0.9838194847106934, "length": 5.0, "mode": "train", "epoch": 31}
{"loss": 0.06490226835012436, "acc": 0.9830480217933655, "length": 5.0, "mode": "test", "epoch": 31}
{"loss": 0.06160760298371315, "acc": 0.9834577441215515, "length": 5.0, "mode": "train", "epoch": 32}
{"loss": 0.06863433122634888, "acc": 0.981741189956665, "length": 5.0, "mode": "test", "epoch": 32}
{"loss": 0.06506367772817612, "acc": 0.9822683334350586, "length": 5.0, "mode": "train", "epoch": 33}
{"loss": 0.0694282278418541, "acc": 0.9817197918891907, "length": 5.0, "mode": "test", "epoch": 33}
{"loss": 0.06393658369779587, "acc": 0.9826703667640686, "length": 5.0, "mode": "train", "epoch": 34}
{"loss": 0.0696730762720108, "acc": 0.9818043112754822, "length": 5.0, "mode": "test", "epoch": 34}
{"loss": 0.06746649742126465, "acc": 0.9814825057983398, "length": 5.0, "mode": "train", "epoch": 35}
{"loss": 0.06556233018636703, "acc": 0.9823448061943054, "length": 5.0, "mode": "test", "epoch": 35}
{"loss": 0.06819912046194077, "acc": 0.9812591075897217, "length": 5.0, "mode": "train", "epoch": 36}
{"loss": 0.07797592133283615, "acc": 0.9790165424346924, "length": 5.0, "mode": "test", "epoch": 36}
{"loss": 0.06785427033901215, "acc": 0.9813036918640137, "length": 5.0, "mode": "train", "epoch": 37}
{"loss": 0.06835440546274185, "acc": 0.9820998311042786, "length": 5.0, "mode": "test", "epoch": 37}
{"loss": 0.06611448526382446, "acc": 0.9821174144744873, "length": 5.0, "mode": "train", "epoch": 38}
{"loss": 0.06675784289836884, "acc": 0.9825770258903503, "length": 5.0, "mode": "test", "epoch": 38}
{"loss": 0.0632472112774849, "acc": 0.9831355810165405, "length": 5.0, "mode": "train", "epoch": 39}
{"loss": 0.06521908193826675, "acc": 0.982949435710907, "length": 5.0, "mode": "test", "epoch": 39}
{"loss": 0.06309504061937332, "acc": 0.9831231832504272, "length": 5.0, "mode": "train", "epoch": 40}
{"loss": 0.06638653576374054, "acc": 0.9824849963188171, "length": 5.0, "mode": "test", "epoch": 40}
{"loss": 0.06323637813329697, "acc": 0.9830368161201477, "length": 5.0, "mode": "train", "epoch": 41}
{"loss": 0.06586574763059616, "acc": 0.9827054738998413, "length": 5.0, "mode": "test", "epoch": 41}
{"loss": 0.06285561621189117, "acc": 0.9831666350364685, "length": 5.0, "mode": "train", "epoch": 42}
{"loss": 0.06577520072460175, "acc": 0.9827643632888794, "length": 5.0, "mode": "test", "epoch": 42}
{"loss": 0.06369799375534058, "acc": 0.9828038215637207, "length": 5.0, "mode": "train", "epoch": 43}
{"loss": 0.0663876086473465, "acc": 0.9828317165374756, "length": 5.0, "mode": "test", "epoch": 43}
{"loss": 0.06302320957183838, "acc": 0.9829739332199097, "length": 5.0, "mode": "train", "epoch": 44}
{"loss": 0.06652417778968811, "acc": 0.9828125238418579, "length": 5.0, "mode": "test", "epoch": 44}
{"loss": 0.06410282850265503, "acc": 0.9826768040657043, "length": 5.0, "mode": "train", "epoch": 45}
{"loss": 0.0714474692940712, "acc": 0.9813570976257324, "length": 5.0, "mode": "test", "epoch": 45}
{"loss": 0.06443727761507034, "acc": 0.9825544953346252, "length": 5.0, "mode": "train", "epoch": 46}
{"loss": 0.06432787328958511, "acc": 0.9832726716995239, "length": 5.0, "mode": "test", "epoch": 46}
{"loss": 0.06447616964578629, "acc": 0.9826126098632812, "length": 5.0, "mode": "train", "epoch": 47}
{"loss": 0.0667472556233406, "acc": 0.9832148551940918, "length": 5.0, "mode": "test", "epoch": 47}
{"loss": 0.06340327858924866, "acc": 0.9829743504524231, "length": 5.0, "mode": "train", "epoch": 48}
{"loss": 0.06845961511135101, "acc": 0.9823694229125977, "length": 5.0, "mode": "test", "epoch": 48}
{"loss": 0.06417537480592728, "acc": 0.9827152490615845, "length": 5.0, "mode": "train", "epoch": 49}
{"loss": 0.06961328536272049, "acc": 0.9817123413085938, "length": 5.0, "mode": "test", "epoch": 49}
{"loss": 0.06349456310272217, "acc": 0.9828912019729614, "length": 5.0, "mode": "train", "epoch": 50}
{"loss": 0.065528005361557, "acc": 0.9829623103141785, "length": 5.0, "mode": "test", "epoch": 50}
{"loss": 0.06420731544494629, "acc": 0.9827067852020264, "length": 5.0, "mode": "train", "epoch": 51}
{"loss": 0.06407265365123749, "acc": 0.9835178256034851, "length": 5.0, "mode": "test", "epoch": 51}
{"loss": 0.06170213967561722, "acc": 0.9835101366043091, "length": 5.0, "mode": "train", "epoch": 52}
{"loss": 0.06655984371900558, "acc": 0.9829345941543579, "length": 5.0, "mode": "test", "epoch": 52}
{"loss": 0.06527867168188095, "acc": 0.9821481704711914, "length": 5.0, "mode": "train", "epoch": 53}
{"loss": 0.0692761018872261, "acc": 0.9815325140953064, "length": 5.0, "mode": "test", "epoch": 53}
{"loss": 0.061766985803842545, "acc": 0.9834376573562622, "length": 5.0, "mode": "train", "epoch": 54}
{"loss": 0.06283746659755707, "acc": 0.9837703108787537, "length": 5.0, "mode": "test", "epoch": 54}
{"loss": 0.06096651405096054, "acc": 0.9837583899497986, "length": 5.0, "mode": "train", "epoch": 55}
{"loss": 0.0645192489027977, "acc": 0.9834609627723694, "length": 5.0, "mode": "test", "epoch": 55}
{"loss": 0.06131632998585701, "acc": 0.9835668802261353, "length": 5.0, "mode": "train", "epoch": 56}
{"loss": 0.06507204473018646, "acc": 0.9830949306488037, "length": 5.0, "mode": "test", "epoch": 56}
{"loss": 0.0615900382399559, "acc": 0.9835201501846313, "length": 5.0, "mode": "train", "epoch": 57}
{"loss": 0.06098739802837372, "acc": 0.9843108057975769, "length": 5.0, "mode": "test", "epoch": 57}
{"loss": 0.060107141733169556, "acc": 0.9839439988136292, "length": 5.0, "mode": "train", "epoch": 58}
{"loss": 0.06378178298473358, "acc": 0.9835915565490723, "length": 5.0, "mode": "test", "epoch": 58}
{"loss": 0.0635310709476471, "acc": 0.982826292514801, "length": 5.0, "mode": "train", "epoch": 59}
{"loss": 0.07452580332756042, "acc": 0.9797207117080688, "length": 5.0, "mode": "test", "epoch": 59}
{"loss": 0.06705479323863983, "acc": 0.9815112948417664, "length": 5.0, "mode": "train", "epoch": 60}
{"loss": 0.0660666972398758, "acc": 0.9828628301620483, "length": 5.0, "mode": "test", "epoch": 60}
test accuracy: 0.9812585711479187
