ndevices 0
# ["--attributes=4", "--values=8", "--game_size=10", "--vocab_size_factor=3", "--n_epochs=60", "--batch_size=32", "--learning_rate=0.0005", "--speaker_hidden_size=128", "--temp_update=0.97", "--temperature=2"]
data loaded from: data/dim(4,8).ds
vocab size 28
message length 4
{"loss": 0.38695305585861206, "acc": 0.8181186318397522, "length": 4.98553991317749, "mode": "train", "epoch": 1}
{"loss": 0.33593615889549255, "acc": 0.8467894792556763, "length": 5.0, "mode": "test", "epoch": 1}
{"loss": 0.29326769709587097, "acc": 0.8700495958328247, "length": 4.999989986419678, "mode": "train", "epoch": 2}
{"loss": 0.29668527841567993, "acc": 0.8662264943122864, "length": 5.0, "mode": "test", "epoch": 2}
{"loss": 0.27379310131073, "acc": 0.8750051856040955, "length": 4.999999523162842, "mode": "train", "epoch": 3}
{"loss": 0.27370330691337585, "acc": 0.8761173486709595, "length": 5.0, "mode": "test", "epoch": 3}
{"loss": 0.26860275864601135, "acc": 0.8754229545593262, "length": 5.0, "mode": "train", "epoch": 4}
{"loss": 0.2743242383003235, "acc": 0.8763988018035889, "length": 5.0, "mode": "test", "epoch": 4}
{"loss": 0.2630838453769684, "acc": 0.8768364191055298, "length": 5.0, "mode": "train", "epoch": 5}
{"loss": 0.26923295855522156, "acc": 0.8775813579559326, "length": 5.0, "mode": "test", "epoch": 5}
{"loss": 0.2553659975528717, "acc": 0.8810048699378967, "length": 5.0, "mode": "train", "epoch": 6}
{"loss": 0.2564751207828522, "acc": 0.8796735405921936, "length": 5.0, "mode": "test", "epoch": 6}
{"loss": 0.24049663543701172, "acc": 0.8884981274604797, "length": 5.0, "mode": "train", "epoch": 7}
{"loss": 0.23880502581596375, "acc": 0.8896768093109131, "length": 5.0, "mode": "test", "epoch": 7}
{"loss": 0.22731207311153412, "acc": 0.8953959345817566, "length": 5.0, "mode": "train", "epoch": 8}
{"loss": 0.23385979235172272, "acc": 0.8935359716415405, "length": 5.0, "mode": "test", "epoch": 8}
{"loss": 0.21982817351818085, "acc": 0.898292064666748, "length": 5.0, "mode": "train", "epoch": 9}
{"loss": 0.22157572209835052, "acc": 0.898334801197052, "length": 5.0, "mode": "test", "epoch": 9}
{"loss": 0.21793624758720398, "acc": 0.8995769023895264, "length": 5.0, "mode": "train", "epoch": 10}
{"loss": 0.2256689965724945, "acc": 0.8965004086494446, "length": 5.0, "mode": "test", "epoch": 10}
{"loss": 0.21153877675533295, "acc": 0.9018011093139648, "length": 5.0, "mode": "train", "epoch": 11}
{"loss": 0.2142179310321808, "acc": 0.9029279947280884, "length": 5.0, "mode": "test", "epoch": 11}
{"loss": 0.2063293755054474, "acc": 0.9036914706230164, "length": 5.0, "mode": "train", "epoch": 12}
{"loss": 0.2078908234834671, "acc": 0.9049581289291382, "length": 5.0, "mode": "test", "epoch": 12}
{"loss": 0.2026718556880951, "acc": 0.9050348997116089, "length": 5.0, "mode": "train", "epoch": 13}
{"loss": 0.20596732199192047, "acc": 0.9056506156921387, "length": 5.0, "mode": "test", "epoch": 13}
{"loss": 0.20104102790355682, "acc": 0.9054334759712219, "length": 5.0, "mode": "train", "epoch": 14}
{"loss": 0.20421180129051208, "acc": 0.9050962924957275, "length": 5.0, "mode": "test", "epoch": 14}
{"loss": 0.2003180980682373, "acc": 0.9054257273674011, "length": 5.0, "mode": "train", "epoch": 15}
{"loss": 0.20447379350662231, "acc": 0.9065871238708496, "length": 5.0, "mode": "test", "epoch": 15}
{"loss": 0.19913671910762787, "acc": 0.9056129455566406, "length": 5.0, "mode": "train", "epoch": 16}
{"loss": 0.20270918309688568, "acc": 0.9065399765968323, "length": 5.0, "mode": "test", "epoch": 16}
{"loss": 0.20002736151218414, "acc": 0.9054478406906128, "length": 5.0, "mode": "train", "epoch": 17}
{"loss": 0.20450125634670258, "acc": 0.9061141610145569, "length": 5.0, "mode": "test", "epoch": 17}
{"loss": 0.19889365136623383, "acc": 0.9057328104972839, "length": 5.0, "mode": "train", "epoch": 18}
{"loss": 0.20657747983932495, "acc": 0.9060359597206116, "length": 5.0, "mode": "test", "epoch": 18}
{"loss": 0.19850052893161774, "acc": 0.9060189127922058, "length": 5.0, "mode": "train", "epoch": 19}
{"loss": 0.20645304024219513, "acc": 0.9064565300941467, "length": 5.0, "mode": "test", "epoch": 19}
{"loss": 0.19722388684749603, "acc": 0.9064149260520935, "length": 5.0, "mode": "train", "epoch": 20}
{"loss": 0.20390741527080536, "acc": 0.9065229892730713, "length": 5.0, "mode": "test", "epoch": 20}
{"loss": 0.19787456095218658, "acc": 0.9065062403678894, "length": 5.0, "mode": "train", "epoch": 21}
{"loss": 0.2056788206100464, "acc": 0.9052653908729553, "length": 5.0, "mode": "test", "epoch": 21}
{"loss": 0.19598035514354706, "acc": 0.9074051380157471, "length": 5.0, "mode": "train", "epoch": 22}
{"loss": 0.20122139155864716, "acc": 0.9088644981384277, "length": 5.0, "mode": "test", "epoch": 22}
{"loss": 0.19385938346385956, "acc": 0.9089648723602295, "length": 5.0, "mode": "train", "epoch": 23}
{"loss": 0.19676747918128967, "acc": 0.9097345471382141, "length": 5.0, "mode": "test", "epoch": 23}
{"loss": 0.19477060437202454, "acc": 0.9095776677131653, "length": 5.0, "mode": "train", "epoch": 24}
{"loss": 0.19702868163585663, "acc": 0.9118204116821289, "length": 5.0, "mode": "test", "epoch": 24}
{"loss": 0.18891215324401855, "acc": 0.913744330406189, "length": 5.0, "mode": "train", "epoch": 25}
{"loss": 0.19278904795646667, "acc": 0.9146747589111328, "length": 5.0, "mode": "test", "epoch": 25}
{"loss": 0.18361473083496094, "acc": 0.9178004860877991, "length": 5.0, "mode": "train", "epoch": 26}
{"loss": 0.19041399657726288, "acc": 0.9185969233512878, "length": 5.0, "mode": "test", "epoch": 26}
{"loss": 0.17814791202545166, "acc": 0.9214025735855103, "length": 5.0, "mode": "train", "epoch": 27}
{"loss": 0.18327674269676208, "acc": 0.9219263195991516, "length": 5.0, "mode": "test", "epoch": 27}
{"loss": 0.17761066555976868, "acc": 0.9230965971946716, "length": 5.0, "mode": "train", "epoch": 28}
{"loss": 0.18841756880283356, "acc": 0.9198180437088013, "length": 5.0, "mode": "test", "epoch": 28}
{"loss": 0.17564405500888824, "acc": 0.9239420890808105, "length": 5.0, "mode": "train", "epoch": 29}
{"loss": 0.1806832104921341, "acc": 0.9238602519035339, "length": 5.0, "mode": "test", "epoch": 29}
{"loss": 0.17427268624305725, "acc": 0.9250814914703369, "length": 5.0, "mode": "train", "epoch": 30}
{"loss": 0.17870615422725677, "acc": 0.9252825975418091, "length": 5.0, "mode": "test", "epoch": 30}
{"loss": 0.16941341757774353, "acc": 0.9273906946182251, "length": 5.0, "mode": "train", "epoch": 31}
{"loss": 0.176691934466362, "acc": 0.9270538091659546, "length": 5.0, "mode": "test", "epoch": 31}
{"loss": 0.16821812093257904, "acc": 0.9279395937919617, "length": 5.0, "mode": "train", "epoch": 32}
{"loss": 0.17334480583667755, "acc": 0.9272688627243042, "length": 5.0, "mode": "test", "epoch": 32}
{"loss": 0.168181374669075, "acc": 0.9282033443450928, "length": 5.0, "mode": "train", "epoch": 33}
{"loss": 0.1781248301267624, "acc": 0.9265068173408508, "length": 5.0, "mode": "test", "epoch": 33}
{"loss": 0.16780641674995422, "acc": 0.928493320941925, "length": 5.0, "mode": "train", "epoch": 34}
{"loss": 0.17570434510707855, "acc": 0.9273040294647217, "length": 5.0, "mode": "test", "epoch": 34}
{"loss": 0.16560432314872742, "acc": 0.9296624660491943, "length": 5.0, "mode": "train", "epoch": 35}
{"loss": 0.17066998779773712, "acc": 0.9297988414764404, "length": 5.0, "mode": "test", "epoch": 35}
{"loss": 0.1642453670501709, "acc": 0.9303515553474426, "length": 5.0, "mode": "train", "epoch": 36}
{"loss": 0.16773591935634613, "acc": 0.9308476448059082, "length": 5.0, "mode": "test", "epoch": 36}
{"loss": 0.16192777454853058, "acc": 0.9314243197441101, "length": 5.0, "mode": "train", "epoch": 37}
{"loss": 0.16622020304203033, "acc": 0.9319071769714355, "length": 5.0, "mode": "test", "epoch": 37}
{"loss": 0.16444477438926697, "acc": 0.9310147166252136, "length": 5.0, "mode": "train", "epoch": 38}
{"loss": 0.17110447585582733, "acc": 0.9312490224838257, "length": 5.0, "mode": "test", "epoch": 38}
{"loss": 0.16457010805606842, "acc": 0.9311971068382263, "length": 5.0, "mode": "train", "epoch": 39}
{"loss": 0.17378634214401245, "acc": 0.9284278154373169, "length": 5.0, "mode": "test", "epoch": 39}
{"loss": 0.16341078281402588, "acc": 0.9322540760040283, "length": 5.0, "mode": "train", "epoch": 40}
{"loss": 0.16846446692943573, "acc": 0.9325962662696838, "length": 5.0, "mode": "test", "epoch": 40}
{"loss": 0.1632833033800125, "acc": 0.9331274032592773, "length": 5.0, "mode": "train", "epoch": 41}
{"loss": 0.16447000205516815, "acc": 0.9345933198928833, "length": 5.0, "mode": "test", "epoch": 41}
{"loss": 0.15808004140853882, "acc": 0.9351279735565186, "length": 5.0, "mode": "train", "epoch": 42}
{"loss": 0.16154758632183075, "acc": 0.9354773163795471, "length": 5.0, "mode": "test", "epoch": 42}
{"loss": 0.15571248531341553, "acc": 0.9364764094352722, "length": 5.0, "mode": "train", "epoch": 43}
{"loss": 0.1597854346036911, "acc": 0.9363270998001099, "length": 5.0, "mode": "test", "epoch": 43}
{"loss": 0.15412652492523193, "acc": 0.9372662305831909, "length": 5.0, "mode": "train", "epoch": 44}
{"loss": 0.15796729922294617, "acc": 0.9375245571136475, "length": 5.0, "mode": "test", "epoch": 44}
{"loss": 0.15259775519371033, "acc": 0.938090980052948, "length": 5.0, "mode": "train", "epoch": 45}
{"loss": 0.1542726457118988, "acc": 0.9391053318977356, "length": 5.0, "mode": "test", "epoch": 45}
{"loss": 0.15230847895145416, "acc": 0.9387153387069702, "length": 5.0, "mode": "train", "epoch": 46}
{"loss": 0.1586514264345169, "acc": 0.9382448792457581, "length": 5.0, "mode": "test", "epoch": 46}
{"loss": 0.14886227250099182, "acc": 0.9405065178871155, "length": 5.0, "mode": "train", "epoch": 47}
{"loss": 0.1523255854845047, "acc": 0.9403713941574097, "length": 5.0, "mode": "test", "epoch": 47}
{"loss": 0.14758647978305817, "acc": 0.9409034848213196, "length": 5.0, "mode": "train", "epoch": 48}
{"loss": 0.152291402220726, "acc": 0.9403778314590454, "length": 5.0, "mode": "test", "epoch": 48}
{"loss": 0.14596840739250183, "acc": 0.9414535164833069, "length": 5.0, "mode": "train", "epoch": 49}
{"loss": 0.15070123970508575, "acc": 0.9410167336463928, "length": 5.0, "mode": "test", "epoch": 49}
{"loss": 0.1465708613395691, "acc": 0.9417977929115295, "length": 5.0, "mode": "train", "epoch": 50}
{"loss": 0.1496107131242752, "acc": 0.9417070150375366, "length": 5.0, "mode": "test", "epoch": 50}
{"loss": 0.14813131093978882, "acc": 0.9411717057228088, "length": 5.0, "mode": "train", "epoch": 51}
{"loss": 0.15161897242069244, "acc": 0.9404034614562988, "length": 5.0, "mode": "test", "epoch": 51}
{"loss": 0.14775720238685608, "acc": 0.9413448572158813, "length": 5.0, "mode": "train", "epoch": 52}
{"loss": 0.14877334237098694, "acc": 0.9423566460609436, "length": 5.0, "mode": "test", "epoch": 52}
{"loss": 0.1440095752477646, "acc": 0.942926287651062, "length": 5.0, "mode": "train", "epoch": 53}
{"loss": 0.14808884263038635, "acc": 0.9424444437026978, "length": 5.0, "mode": "test", "epoch": 53}
{"loss": 0.14451923966407776, "acc": 0.9430682063102722, "length": 5.0, "mode": "train", "epoch": 54}
{"loss": 0.14896391332149506, "acc": 0.9426701664924622, "length": 5.0, "mode": "test", "epoch": 54}
{"loss": 0.1425057351589203, "acc": 0.9433351159095764, "length": 5.0, "mode": "train", "epoch": 55}
{"loss": 0.14529958367347717, "acc": 0.9433755278587341, "length": 5.0, "mode": "test", "epoch": 55}
{"loss": 0.14554476737976074, "acc": 0.9423511624336243, "length": 5.0, "mode": "train", "epoch": 56}
{"loss": 0.1554064154624939, "acc": 0.9404386878013611, "length": 5.0, "mode": "test", "epoch": 56}
{"loss": 0.1443234384059906, "acc": 0.9432041049003601, "length": 5.0, "mode": "train", "epoch": 57}
{"loss": 0.1545044630765915, "acc": 0.94114089012146, "length": 5.0, "mode": "test", "epoch": 57}
{"loss": 0.14469748735427856, "acc": 0.9428637623786926, "length": 5.0, "mode": "train", "epoch": 58}
{"loss": 0.148056298494339, "acc": 0.9423983097076416, "length": 5.0, "mode": "test", "epoch": 58}
{"loss": 0.1456715613603592, "acc": 0.9426892995834351, "length": 5.0, "mode": "train", "epoch": 59}
{"loss": 0.14906348288059235, "acc": 0.9423543810844421, "length": 5.0, "mode": "test", "epoch": 59}
{"loss": 0.1451929658651352, "acc": 0.9428395628929138, "length": 5.0, "mode": "train", "epoch": 60}
{"loss": 0.1471415013074875, "acc": 0.9430147409439087, "length": 5.0, "mode": "test", "epoch": 60}
test accuracy: 0.9315171241760254
