ndevices 0
# ["--attributes=4", "--values=8", "--game_size=10", "--vocab_size_factor=3", "--n_epochs=60", "--batch_size=32", "--learning_rate=0.001", "--speaker_hidden_size=256", "--temp_update=0.97", "--temperature=2"]
data loaded from: data/dim(4,8).ds
vocab size 28
message length 4
{"loss": 0.35567334294319153, "acc": 0.8422896265983582, "length": 4.93759822845459, "mode": "train", "epoch": 1}
{"loss": 0.32989004254341125, "acc": 0.8533604741096497, "length": 5.0, "mode": "test", "epoch": 1}
{"loss": 0.26176169514656067, "acc": 0.894113302230835, "length": 4.999932289123535, "mode": "train", "epoch": 2}
{"loss": 0.26878172159194946, "acc": 0.8899432420730591, "length": 5.0, "mode": "test", "epoch": 2}
{"loss": 0.22938193380832672, "acc": 0.9071829915046692, "length": 4.9999918937683105, "mode": "train", "epoch": 3}
{"loss": 0.22697828710079193, "acc": 0.9078285694122314, "length": 5.0, "mode": "test", "epoch": 3}
{"loss": 0.18311791121959686, "acc": 0.9291754961013794, "length": 4.999999046325684, "mode": "train", "epoch": 4}
{"loss": 0.1928344964981079, "acc": 0.9226123690605164, "length": 5.0, "mode": "test", "epoch": 4}
{"loss": 0.17224104702472687, "acc": 0.9327873587608337, "length": 5.0, "mode": "train", "epoch": 5}
{"loss": 0.18544483184814453, "acc": 0.9256324172019958, "length": 5.0, "mode": "test", "epoch": 5}
{"loss": 0.1662573516368866, "acc": 0.9351033568382263, "length": 5.0, "mode": "train", "epoch": 6}
{"loss": 0.183765709400177, "acc": 0.9253820776939392, "length": 5.0, "mode": "test", "epoch": 6}
{"loss": 0.16098663210868835, "acc": 0.93677818775177, "length": 5.0, "mode": "train", "epoch": 7}
{"loss": 0.18642455339431763, "acc": 0.9240164756774902, "length": 5.0, "mode": "test", "epoch": 7}
{"loss": 0.1604759246110916, "acc": 0.9369134902954102, "length": 5.0, "mode": "train", "epoch": 8}
{"loss": 0.16928131878376007, "acc": 0.9324283003807068, "length": 5.0, "mode": "test", "epoch": 8}
{"loss": 0.14599725604057312, "acc": 0.9442073106765747, "length": 5.0, "mode": "train", "epoch": 9}
{"loss": 0.1640794575214386, "acc": 0.9369349479675293, "length": 5.0, "mode": "test", "epoch": 9}
{"loss": 0.14234738051891327, "acc": 0.9456385374069214, "length": 5.0, "mode": "train", "epoch": 10}
{"loss": 0.15462538599967957, "acc": 0.9408165216445923, "length": 5.0, "mode": "test", "epoch": 10}
{"loss": 0.13863280415534973, "acc": 0.9470526576042175, "length": 5.0, "mode": "train", "epoch": 11}
{"loss": 0.14425350725650787, "acc": 0.9465155005455017, "length": 5.0, "mode": "test", "epoch": 11}
{"loss": 0.1410694271326065, "acc": 0.9462141990661621, "length": 5.0, "mode": "train", "epoch": 12}
{"loss": 0.1456703543663025, "acc": 0.9455896615982056, "length": 5.0, "mode": "test", "epoch": 12}
{"loss": 0.13766372203826904, "acc": 0.9475884437561035, "length": 5.0, "mode": "train", "epoch": 13}
{"loss": 0.14289994537830353, "acc": 0.9467357993125916, "length": 5.0, "mode": "test", "epoch": 13}
{"loss": 0.135085791349411, "acc": 0.9492491483688354, "length": 5.0, "mode": "train", "epoch": 14}
{"loss": 0.14458046853542328, "acc": 0.9460135698318481, "length": 5.0, "mode": "test", "epoch": 14}
{"loss": 0.12727166712284088, "acc": 0.9535334706306458, "length": 5.0, "mode": "train", "epoch": 15}
{"loss": 0.12263906747102737, "acc": 0.9573202133178711, "length": 5.0, "mode": "test", "epoch": 15}
{"loss": 0.1153976321220398, "acc": 0.9604681134223938, "length": 5.0, "mode": "train", "epoch": 16}
{"loss": 0.1221390888094902, "acc": 0.9583658576011658, "length": 5.0, "mode": "test", "epoch": 16}
{"loss": 0.10946966707706451, "acc": 0.9638352990150452, "length": 5.0, "mode": "train", "epoch": 17}
{"loss": 0.11784422397613525, "acc": 0.9620344638824463, "length": 5.0, "mode": "test", "epoch": 17}
{"loss": 0.10692322254180908, "acc": 0.9659144878387451, "length": 5.0, "mode": "train", "epoch": 18}
{"loss": 0.11231216043233871, "acc": 0.9648501873016357, "length": 5.0, "mode": "test", "epoch": 18}
{"loss": 0.10377388447523117, "acc": 0.9673196077346802, "length": 5.0, "mode": "train", "epoch": 19}
{"loss": 0.1136632040143013, "acc": 0.9652600288391113, "length": 5.0, "mode": "test", "epoch": 19}
{"loss": 0.10084961354732513, "acc": 0.9686734080314636, "length": 5.0, "mode": "train", "epoch": 20}
{"loss": 0.10414832830429077, "acc": 0.9688078761100769, "length": 5.0, "mode": "test", "epoch": 20}
{"loss": 0.09912879019975662, "acc": 0.9693766236305237, "length": 5.0, "mode": "train", "epoch": 21}
{"loss": 0.10604692995548248, "acc": 0.9675610661506653, "length": 5.0, "mode": "test", "epoch": 21}
{"loss": 0.09907703846693039, "acc": 0.9694892168045044, "length": 5.0, "mode": "train", "epoch": 22}
{"loss": 0.10638884454965591, "acc": 0.9677515029907227, "length": 5.0, "mode": "test", "epoch": 22}
{"loss": 0.10132727026939392, "acc": 0.9686477780342102, "length": 5.0, "mode": "train", "epoch": 23}
{"loss": 0.11234664171934128, "acc": 0.9663196206092834, "length": 5.0, "mode": "test", "epoch": 23}
{"loss": 0.09766876697540283, "acc": 0.9698762893676758, "length": 5.0, "mode": "train", "epoch": 24}
{"loss": 0.10208657383918762, "acc": 0.9692819118499756, "length": 5.0, "mode": "test", "epoch": 24}
{"loss": 0.09842843562364578, "acc": 0.969529926776886, "length": 5.0, "mode": "train", "epoch": 25}
{"loss": 0.09907893091440201, "acc": 0.9704452157020569, "length": 5.0, "mode": "test", "epoch": 25}
{"loss": 0.09521210938692093, "acc": 0.9711599946022034, "length": 5.0, "mode": "train", "epoch": 26}
{"loss": 0.09970076382160187, "acc": 0.9692754745483398, "length": 5.0, "mode": "test", "epoch": 26}
{"loss": 0.09730126708745956, "acc": 0.9706155061721802, "length": 5.0, "mode": "train", "epoch": 27}
{"loss": 0.101721853017807, "acc": 0.9697164297103882, "length": 5.0, "mode": "test", "epoch": 27}
{"loss": 0.1007838249206543, "acc": 0.9691985845565796, "length": 5.0, "mode": "train", "epoch": 28}
{"loss": 0.09768778830766678, "acc": 0.9714041948318481, "length": 5.0, "mode": "test", "epoch": 28}
{"loss": 0.09579342603683472, "acc": 0.9711655378341675, "length": 5.0, "mode": "train", "epoch": 29}
{"loss": 0.10116589814424515, "acc": 0.970344603061676, "length": 5.0, "mode": "test", "epoch": 29}
{"loss": 0.09482792764902115, "acc": 0.9713622331619263, "length": 5.0, "mode": "train", "epoch": 30}
{"loss": 0.10010256618261337, "acc": 0.9709311127662659, "length": 5.0, "mode": "test", "epoch": 30}
{"loss": 0.09396526962518692, "acc": 0.9717817306518555, "length": 5.0, "mode": "train", "epoch": 31}
{"loss": 0.09699933975934982, "acc": 0.9716396331787109, "length": 5.0, "mode": "test", "epoch": 31}
{"loss": 0.09489842504262924, "acc": 0.9715073704719543, "length": 5.0, "mode": "train", "epoch": 32}
{"loss": 0.09911920130252838, "acc": 0.9706827402114868, "length": 5.0, "mode": "test", "epoch": 32}
{"loss": 0.09679707884788513, "acc": 0.9709332585334778, "length": 5.0, "mode": "train", "epoch": 33}
{"loss": 0.0973755270242691, "acc": 0.9713923335075378, "length": 5.0, "mode": "test", "epoch": 33}
{"loss": 0.09580972045660019, "acc": 0.9712550640106201, "length": 5.0, "mode": "train", "epoch": 34}
{"loss": 0.09667713940143585, "acc": 0.9719542860984802, "length": 5.0, "mode": "test", "epoch": 34}
{"loss": 0.0958077609539032, "acc": 0.9711019992828369, "length": 5.0, "mode": "train", "epoch": 35}
{"loss": 0.105345219373703, "acc": 0.9687543511390686, "length": 5.0, "mode": "test", "epoch": 35}
{"loss": 0.09859931468963623, "acc": 0.9701835513114929, "length": 5.0, "mode": "train", "epoch": 36}
{"loss": 0.10074705630540848, "acc": 0.9702247381210327, "length": 5.0, "mode": "test", "epoch": 36}
{"loss": 0.0959230363368988, "acc": 0.971109926700592, "length": 5.0, "mode": "train", "epoch": 37}
{"loss": 0.10503657162189484, "acc": 0.9694927334785461, "length": 5.0, "mode": "test", "epoch": 37}
{"loss": 0.09578938782215118, "acc": 0.9712058901786804, "length": 5.0, "mode": "train", "epoch": 38}
{"loss": 0.09946324676275253, "acc": 0.9704794883728027, "length": 5.0, "mode": "test", "epoch": 38}
{"loss": 0.09876926243305206, "acc": 0.9700635671615601, "length": 5.0, "mode": "train", "epoch": 39}
{"loss": 0.10454104840755463, "acc": 0.968555212020874, "length": 5.0, "mode": "test", "epoch": 39}
{"loss": 0.09629090875387192, "acc": 0.9707708954811096, "length": 5.0, "mode": "train", "epoch": 40}
{"loss": 0.0998217761516571, "acc": 0.9704591631889343, "length": 5.0, "mode": "test", "epoch": 40}
{"loss": 0.09520653635263443, "acc": 0.9713907241821289, "length": 5.0, "mode": "train", "epoch": 41}
{"loss": 0.099663645029068, "acc": 0.9709171652793884, "length": 5.0, "mode": "test", "epoch": 41}
{"loss": 0.09411852806806564, "acc": 0.9719381332397461, "length": 5.0, "mode": "train", "epoch": 42}
{"loss": 0.09945497661828995, "acc": 0.970574676990509, "length": 5.0, "mode": "test", "epoch": 42}
{"loss": 0.09742392599582672, "acc": 0.9705861806869507, "length": 5.0, "mode": "train", "epoch": 43}
{"loss": 0.09888701885938644, "acc": 0.9711377024650574, "length": 5.0, "mode": "test", "epoch": 43}
{"loss": 0.10260485112667084, "acc": 0.9688900113105774, "length": 5.0, "mode": "train", "epoch": 44}
{"loss": 0.10484832525253296, "acc": 0.9691491723060608, "length": 5.0, "mode": "test", "epoch": 44}
{"loss": 0.0981006771326065, "acc": 0.9706636667251587, "length": 5.0, "mode": "train", "epoch": 45}
{"loss": 0.09959128499031067, "acc": 0.9712243676185608, "length": 5.0, "mode": "test", "epoch": 45}
{"loss": 0.09460192173719406, "acc": 0.9719287753105164, "length": 5.0, "mode": "train", "epoch": 46}
{"loss": 0.09695493429899216, "acc": 0.9715902805328369, "length": 5.0, "mode": "test", "epoch": 46}
{"loss": 0.09882505238056183, "acc": 0.9703672528266907, "length": 5.0, "mode": "train", "epoch": 47}
{"loss": 0.10296278446912766, "acc": 0.9694242477416992, "length": 5.0, "mode": "test", "epoch": 47}
{"loss": 0.09955492615699768, "acc": 0.9699991345405579, "length": 5.0, "mode": "train", "epoch": 48}
{"loss": 0.0985264852643013, "acc": 0.9711022973060608, "length": 5.0, "mode": "test", "epoch": 48}
{"loss": 0.09756110608577728, "acc": 0.9707717895507812, "length": 5.0, "mode": "train", "epoch": 49}
{"loss": 0.10526176542043686, "acc": 0.9682042002677917, "length": 5.0, "mode": "test", "epoch": 49}
{"loss": 0.1024864986538887, "acc": 0.9691029191017151, "length": 5.0, "mode": "train", "epoch": 50}
{"loss": 0.09969252347946167, "acc": 0.97113436460495, "length": 5.0, "mode": "test", "epoch": 50}
{"loss": 0.09908310323953629, "acc": 0.9704535603523254, "length": 5.0, "mode": "train", "epoch": 51}
{"loss": 0.10587930679321289, "acc": 0.9680201411247253, "length": 5.0, "mode": "test", "epoch": 51}
{"loss": 0.10093652456998825, "acc": 0.9698001742362976, "length": 5.0, "mode": "train", "epoch": 52}
{"loss": 0.10561968386173248, "acc": 0.9687564373016357, "length": 5.0, "mode": "test", "epoch": 52}
{"loss": 0.10220907628536224, "acc": 0.9691311717033386, "length": 5.0, "mode": "train", "epoch": 53}
{"loss": 0.10737523436546326, "acc": 0.9677964448928833, "length": 5.0, "mode": "test", "epoch": 53}
{"loss": 0.10378524661064148, "acc": 0.968257486820221, "length": 5.0, "mode": "train", "epoch": 54}
{"loss": 0.10594972223043442, "acc": 0.9677483439445496, "length": 5.0, "mode": "test", "epoch": 54}
{"loss": 0.10081667453050613, "acc": 0.9693570137023926, "length": 5.0, "mode": "train", "epoch": 55}
{"loss": 0.10470171272754669, "acc": 0.9694713950157166, "length": 5.0, "mode": "test", "epoch": 55}
{"loss": 0.0980614423751831, "acc": 0.970184326171875, "length": 5.0, "mode": "train", "epoch": 56}
{"loss": 0.1048470288515091, "acc": 0.968980073928833, "length": 5.0, "mode": "test", "epoch": 56}
{"loss": 0.09954144060611725, "acc": 0.9701560139656067, "length": 5.0, "mode": "train", "epoch": 57}
{"loss": 0.102781742811203, "acc": 0.9694371223449707, "length": 5.0, "mode": "test", "epoch": 57}
{"loss": 0.09951763600111008, "acc": 0.9701314568519592, "length": 5.0, "mode": "train", "epoch": 58}
{"loss": 0.10374416410923004, "acc": 0.9689297676086426, "length": 5.0, "mode": "test", "epoch": 58}
{"loss": 0.09741231054067612, "acc": 0.9707082509994507, "length": 5.0, "mode": "train", "epoch": 59}
{"loss": 0.1005384773015976, "acc": 0.9701456427574158, "length": 5.0, "mode": "test", "epoch": 59}
{"loss": 0.10178770869970322, "acc": 0.9693548083305359, "length": 5.0, "mode": "train", "epoch": 60}
{"loss": 0.10514871031045914, "acc": 0.9683946371078491, "length": 5.0, "mode": "test", "epoch": 60}
test accuracy: 0.9649471044540405
