ndevices 0
# ["--attributes=4", "--values=8", "--game_size=10", "--vocab_size_factor=3", "--n_epochs=60", "--batch_size=32", "--learning_rate=0.001", "--speaker_hidden_size=256", "--temp_update=0.99", "--temperature=1"]
data loaded from: data/dim(4,8).ds
vocab size 28
message length 4
{"loss": 0.38227808475494385, "acc": 0.8244014382362366, "length": 4.94131326675415, "mode": "train", "epoch": 1}
{"loss": 0.3160955607891083, "acc": 0.8667658567428589, "length": 5.0, "mode": "test", "epoch": 1}
{"loss": 0.2870873212814331, "acc": 0.8786649703979492, "length": 4.999936580657959, "mode": "train", "epoch": 2}
{"loss": 0.2678886353969574, "acc": 0.8886150121688843, "length": 5.0, "mode": "test", "epoch": 2}
{"loss": 0.2561061978340149, "acc": 0.8934767842292786, "length": 4.9999918937683105, "mode": "train", "epoch": 3}
{"loss": 0.25490498542785645, "acc": 0.8931325674057007, "length": 5.0, "mode": "test", "epoch": 3}
{"loss": 0.2457762509584427, "acc": 0.8978796005249023, "length": 5.0, "mode": "train", "epoch": 4}
{"loss": 0.2423732876777649, "acc": 0.8999646306037903, "length": 5.0, "mode": "test", "epoch": 4}
{"loss": 0.23376862704753876, "acc": 0.9031121134757996, "length": 4.999999523162842, "mode": "train", "epoch": 5}
{"loss": 0.22753508388996124, "acc": 0.907219648361206, "length": 5.0, "mode": "test", "epoch": 5}
{"loss": 0.21596193313598633, "acc": 0.9125194549560547, "length": 5.0, "mode": "train", "epoch": 6}
{"loss": 0.21320629119873047, "acc": 0.9160252213478088, "length": 5.0, "mode": "test", "epoch": 6}
{"loss": 0.20279435813426971, "acc": 0.9201321601867676, "length": 5.0, "mode": "train", "epoch": 7}
{"loss": 0.1993616223335266, "acc": 0.9220483899116516, "length": 5.0, "mode": "test", "epoch": 7}
{"loss": 0.190940260887146, "acc": 0.9259651303291321, "length": 5.0, "mode": "train", "epoch": 8}
{"loss": 0.18894438445568085, "acc": 0.9281185865402222, "length": 5.0, "mode": "test", "epoch": 8}
{"loss": 0.18352696299552917, "acc": 0.9287551045417786, "length": 5.0, "mode": "train", "epoch": 9}
{"loss": 0.18209700286388397, "acc": 0.9302868247032166, "length": 5.0, "mode": "test", "epoch": 9}
{"loss": 0.179607093334198, "acc": 0.9301645755767822, "length": 5.0, "mode": "train", "epoch": 10}
{"loss": 0.18086938560009003, "acc": 0.9308272004127502, "length": 5.0, "mode": "test", "epoch": 10}
{"loss": 0.17218083143234253, "acc": 0.9337616562843323, "length": 5.0, "mode": "train", "epoch": 11}
{"loss": 0.1654367744922638, "acc": 0.939993679523468, "length": 5.0, "mode": "test", "epoch": 11}
{"loss": 0.15736301243305206, "acc": 0.9415475130081177, "length": 5.0, "mode": "train", "epoch": 12}
{"loss": 0.15763768553733826, "acc": 0.9431689381599426, "length": 5.0, "mode": "test", "epoch": 12}
{"loss": 0.15356901288032532, "acc": 0.943244457244873, "length": 5.0, "mode": "train", "epoch": 13}
{"loss": 0.1563815027475357, "acc": 0.9429944157600403, "length": 5.0, "mode": "test", "epoch": 13}
{"loss": 0.1511155068874359, "acc": 0.9441309571266174, "length": 5.0, "mode": "train", "epoch": 14}
{"loss": 0.1552150398492813, "acc": 0.9431378245353699, "length": 5.0, "mode": "test", "epoch": 14}
{"loss": 0.15054278075695038, "acc": 0.9440895915031433, "length": 5.0, "mode": "train", "epoch": 15}
{"loss": 0.15135502815246582, "acc": 0.9442123770713806, "length": 5.0, "mode": "test", "epoch": 15}
{"loss": 0.14783860743045807, "acc": 0.9448297619819641, "length": 5.0, "mode": "train", "epoch": 16}
{"loss": 0.14924202859401703, "acc": 0.9450320601463318, "length": 5.0, "mode": "test", "epoch": 16}
{"loss": 0.14678707718849182, "acc": 0.9451966285705566, "length": 5.0, "mode": "train", "epoch": 17}
{"loss": 0.150700643658638, "acc": 0.9445183873176575, "length": 5.0, "mode": "test", "epoch": 17}
{"loss": 0.1463635116815567, "acc": 0.9452425241470337, "length": 5.0, "mode": "train", "epoch": 18}
{"loss": 0.14941692352294922, "acc": 0.9460187554359436, "length": 5.0, "mode": "test", "epoch": 18}
{"loss": 0.14623811841011047, "acc": 0.9453252553939819, "length": 5.0, "mode": "train", "epoch": 19}
{"loss": 0.1503886580467224, "acc": 0.9448319673538208, "length": 5.0, "mode": "test", "epoch": 19}
{"loss": 0.14513477683067322, "acc": 0.9455874562263489, "length": 5.0, "mode": "train", "epoch": 20}
{"loss": 0.1508215367794037, "acc": 0.944663941860199, "length": 5.0, "mode": "test", "epoch": 20}
{"loss": 0.1454915702342987, "acc": 0.9453834295272827, "length": 5.0, "mode": "train", "epoch": 21}
{"loss": 0.14714908599853516, "acc": 0.9460338950157166, "length": 5.0, "mode": "test", "epoch": 21}
{"loss": 0.14375664293766022, "acc": 0.9459673762321472, "length": 5.0, "mode": "train", "epoch": 22}
{"loss": 0.14715364575386047, "acc": 0.9463036060333252, "length": 5.0, "mode": "test", "epoch": 22}
{"loss": 0.1440132111310959, "acc": 0.9459328055381775, "length": 5.0, "mode": "train", "epoch": 23}
{"loss": 0.14654624462127686, "acc": 0.9463505744934082, "length": 5.0, "mode": "test", "epoch": 23}
{"loss": 0.14345189929008484, "acc": 0.9459295868873596, "length": 5.0, "mode": "train", "epoch": 24}
{"loss": 0.15096896886825562, "acc": 0.944688618183136, "length": 5.0, "mode": "test", "epoch": 24}
{"loss": 0.1432192325592041, "acc": 0.9461361765861511, "length": 5.0, "mode": "train", "epoch": 25}
{"loss": 0.1457102745771408, "acc": 0.9462907314300537, "length": 5.0, "mode": "test", "epoch": 25}
{"loss": 0.14271517097949982, "acc": 0.9465326070785522, "length": 5.0, "mode": "train", "epoch": 26}
{"loss": 0.14645050466060638, "acc": 0.9461172223091125, "length": 5.0, "mode": "test", "epoch": 26}
{"loss": 0.14302527904510498, "acc": 0.9465814232826233, "length": 5.0, "mode": "train", "epoch": 27}
{"loss": 0.14485488831996918, "acc": 0.9473833441734314, "length": 5.0, "mode": "test", "epoch": 27}
{"loss": 0.14147350192070007, "acc": 0.9474136233329773, "length": 5.0, "mode": "train", "epoch": 28}
{"loss": 0.14375625550746918, "acc": 0.9481582641601562, "length": 5.0, "mode": "test", "epoch": 28}
{"loss": 0.13941167294979095, "acc": 0.9493899345397949, "length": 5.0, "mode": "train", "epoch": 29}
{"loss": 0.13839763402938843, "acc": 0.9520900845527649, "length": 5.0, "mode": "test", "epoch": 29}
{"loss": 0.13602867722511292, "acc": 0.9517990350723267, "length": 5.0, "mode": "train", "epoch": 30}
{"loss": 0.13521049916744232, "acc": 0.9538249969482422, "length": 5.0, "mode": "test", "epoch": 30}
{"loss": 0.1322603076696396, "acc": 0.9538838267326355, "length": 5.0, "mode": "train", "epoch": 31}
{"loss": 0.13279958069324493, "acc": 0.9548074007034302, "length": 5.0, "mode": "test", "epoch": 31}
{"loss": 0.12777796387672424, "acc": 0.9557163715362549, "length": 5.0, "mode": "train", "epoch": 32}
{"loss": 0.12956520915031433, "acc": 0.9557780027389526, "length": 5.0, "mode": "test", "epoch": 32}
{"loss": 0.12527360022068024, "acc": 0.9568019509315491, "length": 5.0, "mode": "train", "epoch": 33}
{"loss": 0.12641599774360657, "acc": 0.9571372866630554, "length": 5.0, "mode": "test", "epoch": 33}
{"loss": 0.12462300062179565, "acc": 0.9570317268371582, "length": 5.0, "mode": "train", "epoch": 34}
{"loss": 0.12909278273582458, "acc": 0.9567112922668457, "length": 5.0, "mode": "test", "epoch": 34}
{"loss": 0.12317652255296707, "acc": 0.9576787352561951, "length": 5.0, "mode": "train", "epoch": 35}
{"loss": 0.12497714161872864, "acc": 0.9579044580459595, "length": 5.0, "mode": "test", "epoch": 35}
{"loss": 0.12302609533071518, "acc": 0.9579895734786987, "length": 5.0, "mode": "train", "epoch": 36}
{"loss": 0.1273440569639206, "acc": 0.9576486945152283, "length": 5.0, "mode": "test", "epoch": 36}
{"loss": 0.12238776683807373, "acc": 0.9584158658981323, "length": 5.0, "mode": "train", "epoch": 37}
{"loss": 0.12174101173877716, "acc": 0.960051417350769, "length": 5.0, "mode": "test", "epoch": 37}
{"loss": 0.12004108726978302, "acc": 0.9595540761947632, "length": 5.0, "mode": "train", "epoch": 38}
{"loss": 0.12456206977367401, "acc": 0.9585756063461304, "length": 5.0, "mode": "test", "epoch": 38}
{"loss": 0.12067355215549469, "acc": 0.9594802856445312, "length": 5.0, "mode": "train", "epoch": 39}
{"loss": 0.12452484667301178, "acc": 0.9588205814361572, "length": 5.0, "mode": "test", "epoch": 39}
{"loss": 0.11847889423370361, "acc": 0.9603090286254883, "length": 5.0, "mode": "train", "epoch": 40}
{"loss": 0.12000350654125214, "acc": 0.9604580998420715, "length": 5.0, "mode": "test", "epoch": 40}
{"loss": 0.11753925681114197, "acc": 0.9606478214263916, "length": 5.0, "mode": "train", "epoch": 41}
{"loss": 0.119698666036129, "acc": 0.9604923725128174, "length": 5.0, "mode": "test", "epoch": 41}
{"loss": 0.11640272289514542, "acc": 0.9610784649848938, "length": 5.0, "mode": "train", "epoch": 42}
{"loss": 0.12028107047080994, "acc": 0.9606378674507141, "length": 5.0, "mode": "test", "epoch": 42}
{"loss": 0.11646579205989838, "acc": 0.9611444473266602, "length": 5.0, "mode": "train", "epoch": 43}
{"loss": 0.1174217239022255, "acc": 0.9617273807525635, "length": 5.0, "mode": "test", "epoch": 43}
{"loss": 0.11633559316396713, "acc": 0.9611769318580627, "length": 5.0, "mode": "train", "epoch": 44}
{"loss": 0.11857347935438156, "acc": 0.9612381458282471, "length": 5.0, "mode": "test", "epoch": 44}
{"loss": 0.1171889528632164, "acc": 0.9609265327453613, "length": 5.0, "mode": "train", "epoch": 45}
{"loss": 0.12163105607032776, "acc": 0.9606720209121704, "length": 5.0, "mode": "test", "epoch": 45}
{"loss": 0.11625965684652328, "acc": 0.9613210558891296, "length": 5.0, "mode": "train", "epoch": 46}
{"loss": 0.11606629937887192, "acc": 0.9623180031776428, "length": 5.0, "mode": "test", "epoch": 46}
{"loss": 0.11349146068096161, "acc": 0.962307870388031, "length": 5.0, "mode": "train", "epoch": 47}
{"loss": 0.11890559643507004, "acc": 0.9620537161827087, "length": 5.0, "mode": "test", "epoch": 47}
{"loss": 0.11354481428861618, "acc": 0.9623894691467285, "length": 5.0, "mode": "train", "epoch": 48}
{"loss": 0.11652640998363495, "acc": 0.9626775979995728, "length": 5.0, "mode": "test", "epoch": 48}
{"loss": 0.11378809064626694, "acc": 0.9624136686325073, "length": 5.0, "mode": "train", "epoch": 49}
{"loss": 0.11712852120399475, "acc": 0.9625021815299988, "length": 5.0, "mode": "test", "epoch": 49}
{"loss": 0.11287441104650497, "acc": 0.96273273229599, "length": 5.0, "mode": "train", "epoch": 50}
{"loss": 0.11398841440677643, "acc": 0.963417112827301, "length": 5.0, "mode": "test", "epoch": 50}
{"loss": 0.11223497241735458, "acc": 0.9628010392189026, "length": 5.0, "mode": "train", "epoch": 51}
{"loss": 0.11193575710058212, "acc": 0.9639897346496582, "length": 5.0, "mode": "test", "epoch": 51}
{"loss": 0.11079290509223938, "acc": 0.9633520245552063, "length": 5.0, "mode": "train", "epoch": 52}
{"loss": 0.11675477772951126, "acc": 0.9626123905181885, "length": 5.0, "mode": "test", "epoch": 52}
{"loss": 0.11169489473104477, "acc": 0.9631223678588867, "length": 5.0, "mode": "train", "epoch": 53}
{"loss": 0.11366137117147446, "acc": 0.9637404084205627, "length": 5.0, "mode": "test", "epoch": 53}
{"loss": 0.1115059182047844, "acc": 0.9633795619010925, "length": 5.0, "mode": "train", "epoch": 54}
{"loss": 0.11276331543922424, "acc": 0.9639564752578735, "length": 5.0, "mode": "test", "epoch": 54}
{"loss": 0.11046735942363739, "acc": 0.9635725021362305, "length": 5.0, "mode": "train", "epoch": 55}
{"loss": 0.11256653070449829, "acc": 0.9640303254127502, "length": 5.0, "mode": "test", "epoch": 55}
{"loss": 0.11145664751529694, "acc": 0.9633492231369019, "length": 5.0, "mode": "train", "epoch": 56}
{"loss": 0.11497855931520462, "acc": 0.9639425873756409, "length": 5.0, "mode": "test", "epoch": 56}
{"loss": 0.11085177212953568, "acc": 0.9637227654457092, "length": 5.0, "mode": "train", "epoch": 57}
{"loss": 0.11975112557411194, "acc": 0.9618739485740662, "length": 5.0, "mode": "test", "epoch": 57}
{"loss": 0.11193811148405075, "acc": 0.9634660482406616, "length": 5.0, "mode": "train", "epoch": 58}
{"loss": 0.11257129907608032, "acc": 0.9641684889793396, "length": 5.0, "mode": "test", "epoch": 58}
{"loss": 0.11150019615888596, "acc": 0.9635393023490906, "length": 5.0, "mode": "train", "epoch": 59}
{"loss": 0.11334022879600525, "acc": 0.9641566276550293, "length": 5.0, "mode": "test", "epoch": 59}
{"loss": 0.1103043258190155, "acc": 0.9638686180114746, "length": 5.0, "mode": "train", "epoch": 60}
{"loss": 0.1133425384759903, "acc": 0.9640399813652039, "length": 5.0, "mode": "test", "epoch": 60}
test accuracy: 0.9520010352134705
