ndevices 0
# ["--attributes=4", "--values=8", "--game_size=10", "--vocab_size_factor=3", "--n_epochs=60", "--batch_size=32", "--learning_rate=0.001", "--speaker_hidden_size=256", "--temp_update=0.99", "--temperature=1.5"]
data loaded from: data/dim(4,8).ds
vocab size 28
message length 4
{"loss": 0.33837294578552246, "acc": 0.8521775603294373, "length": 4.924776554107666, "mode": "train", "epoch": 1}
{"loss": 0.2611980140209198, "acc": 0.897746205329895, "length": 5.0, "mode": "test", "epoch": 1}
{"loss": 0.23661571741104126, "acc": 0.906742513179779, "length": 4.999981880187988, "mode": "train", "epoch": 2}
{"loss": 0.2558891773223877, "acc": 0.9005960822105408, "length": 5.0, "mode": "test", "epoch": 2}
{"loss": 0.21836963295936584, "acc": 0.9136244654655457, "length": 4.999998569488525, "mode": "train", "epoch": 3}
{"loss": 0.24258770048618317, "acc": 0.9019188284873962, "length": 5.0, "mode": "test", "epoch": 3}
{"loss": 0.21903547644615173, "acc": 0.9129106402397156, "length": 5.0, "mode": "train", "epoch": 4}
{"loss": 0.21287205815315247, "acc": 0.917029082775116, "length": 5.0, "mode": "test", "epoch": 4}
{"loss": 0.20579497516155243, "acc": 0.9179239273071289, "length": 5.0, "mode": "train", "epoch": 5}
{"loss": 0.21117405593395233, "acc": 0.9179269671440125, "length": 5.0, "mode": "test", "epoch": 5}
{"loss": 0.20065619051456451, "acc": 0.9198845028877258, "length": 5.0, "mode": "train", "epoch": 6}
{"loss": 0.2001948058605194, "acc": 0.923045814037323, "length": 5.0, "mode": "test", "epoch": 6}
{"loss": 0.18642236292362213, "acc": 0.9275212287902832, "length": 5.0, "mode": "train", "epoch": 7}
{"loss": 0.18659371137619019, "acc": 0.9281485676765442, "length": 5.0, "mode": "test", "epoch": 7}
{"loss": 0.178516685962677, "acc": 0.9304671883583069, "length": 5.0, "mode": "train", "epoch": 8}
{"loss": 0.17407985031604767, "acc": 0.9357020258903503, "length": 5.0, "mode": "test", "epoch": 8}
{"loss": 0.16184209287166595, "acc": 0.938824474811554, "length": 5.0, "mode": "train", "epoch": 9}
{"loss": 0.16507887840270996, "acc": 0.9386869072914124, "length": 5.0, "mode": "test", "epoch": 9}
{"loss": 0.16214661300182343, "acc": 0.9381178021430969, "length": 5.0, "mode": "train", "epoch": 10}
{"loss": 0.1672336310148239, "acc": 0.9380779266357422, "length": 5.0, "mode": "test", "epoch": 10}
{"loss": 0.15196727216243744, "acc": 0.9422106146812439, "length": 5.0, "mode": "train", "epoch": 11}
{"loss": 0.1514011174440384, "acc": 0.943983256816864, "length": 5.0, "mode": "test", "epoch": 11}
{"loss": 0.14662213623523712, "acc": 0.944449782371521, "length": 5.0, "mode": "train", "epoch": 12}
{"loss": 0.14635123312473297, "acc": 0.9445012211799622, "length": 5.0, "mode": "test", "epoch": 12}
{"loss": 0.14423687756061554, "acc": 0.9451368451118469, "length": 5.0, "mode": "train", "epoch": 13}
{"loss": 0.14477065205574036, "acc": 0.9460220336914062, "length": 5.0, "mode": "test", "epoch": 13}
{"loss": 0.14587999880313873, "acc": 0.9445843696594238, "length": 5.0, "mode": "train", "epoch": 14}
{"loss": 0.14789509773254395, "acc": 0.9452236294746399, "length": 5.0, "mode": "test", "epoch": 14}
{"loss": 0.14482681453227997, "acc": 0.9447740912437439, "length": 5.0, "mode": "train", "epoch": 15}
{"loss": 0.14482444524765015, "acc": 0.9458582997322083, "length": 5.0, "mode": "test", "epoch": 15}
{"loss": 0.1431523710489273, "acc": 0.9452033042907715, "length": 5.0, "mode": "train", "epoch": 16}
{"loss": 0.15017421543598175, "acc": 0.9434245824813843, "length": 5.0, "mode": "test", "epoch": 16}
{"loss": 0.1427638977766037, "acc": 0.945107638835907, "length": 5.0, "mode": "train", "epoch": 17}
{"loss": 0.14497524499893188, "acc": 0.9461783766746521, "length": 5.0, "mode": "test", "epoch": 17}
{"loss": 0.14151446521282196, "acc": 0.9454565644264221, "length": 5.0, "mode": "train", "epoch": 18}
{"loss": 0.1440715789794922, "acc": 0.9463067054748535, "length": 5.0, "mode": "test", "epoch": 18}
{"loss": 0.1412113606929779, "acc": 0.9453809857368469, "length": 5.0, "mode": "train", "epoch": 19}
{"loss": 0.14186695218086243, "acc": 0.9462093710899353, "length": 5.0, "mode": "test", "epoch": 19}
{"loss": 0.13904979825019836, "acc": 0.9459938406944275, "length": 5.0, "mode": "train", "epoch": 20}
{"loss": 0.13972821831703186, "acc": 0.9473106265068054, "length": 5.0, "mode": "test", "epoch": 20}
{"loss": 0.1391655057668686, "acc": 0.9460808634757996, "length": 5.0, "mode": "train", "epoch": 21}
{"loss": 0.14399553835391998, "acc": 0.9465518593788147, "length": 5.0, "mode": "test", "epoch": 21}
{"loss": 0.13726001977920532, "acc": 0.9469866752624512, "length": 5.0, "mode": "train", "epoch": 22}
{"loss": 0.13935761153697968, "acc": 0.9474850296974182, "length": 5.0, "mode": "test", "epoch": 22}
{"loss": 0.13562904298305511, "acc": 0.9478551745414734, "length": 5.0, "mode": "train", "epoch": 23}
{"loss": 0.13729742169380188, "acc": 0.9481624960899353, "length": 5.0, "mode": "test", "epoch": 23}
{"loss": 0.13257621228694916, "acc": 0.9490795731544495, "length": 5.0, "mode": "train", "epoch": 24}
{"loss": 0.136703759431839, "acc": 0.9494809508323669, "length": 5.0, "mode": "test", "epoch": 24}
{"loss": 0.1313209980726242, "acc": 0.9499682188034058, "length": 5.0, "mode": "train", "epoch": 25}
{"loss": 0.13569039106369019, "acc": 0.9504718780517578, "length": 5.0, "mode": "test", "epoch": 25}
{"loss": 0.12858173251152039, "acc": 0.9506339430809021, "length": 5.0, "mode": "train", "epoch": 26}
{"loss": 0.13128814101219177, "acc": 0.9512072205543518, "length": 5.0, "mode": "test", "epoch": 26}
{"loss": 0.12865997850894928, "acc": 0.9507637023925781, "length": 5.0, "mode": "train", "epoch": 27}
{"loss": 0.12739069759845734, "acc": 0.9520409107208252, "length": 5.0, "mode": "test", "epoch": 27}
{"loss": 0.12567706406116486, "acc": 0.9524032473564148, "length": 5.0, "mode": "train", "epoch": 28}
{"loss": 0.12616002559661865, "acc": 0.955400288105011, "length": 5.0, "mode": "test", "epoch": 28}
{"loss": 0.11894160509109497, "acc": 0.958206057548523, "length": 5.0, "mode": "train", "epoch": 29}
{"loss": 0.1203470379114151, "acc": 0.9596757292747498, "length": 5.0, "mode": "test", "epoch": 29}
{"loss": 0.11260046809911728, "acc": 0.9613995552062988, "length": 5.0, "mode": "train", "epoch": 30}
{"loss": 0.11629161983728409, "acc": 0.9616117477416992, "length": 5.0, "mode": "test", "epoch": 30}
{"loss": 0.10786529630422592, "acc": 0.9638991355895996, "length": 5.0, "mode": "train", "epoch": 31}
{"loss": 0.11123381555080414, "acc": 0.9643963575363159, "length": 5.0, "mode": "test", "epoch": 31}
{"loss": 0.10508428514003754, "acc": 0.9654770493507385, "length": 5.0, "mode": "train", "epoch": 32}
{"loss": 0.1096467599272728, "acc": 0.9642701148986816, "length": 5.0, "mode": "test", "epoch": 32}
{"loss": 0.10661683976650238, "acc": 0.9645377993583679, "length": 5.0, "mode": "train", "epoch": 33}
{"loss": 0.11308947205543518, "acc": 0.9625899791717529, "length": 5.0, "mode": "test", "epoch": 33}
{"loss": 0.10219396650791168, "acc": 0.9665284156799316, "length": 5.0, "mode": "train", "epoch": 34}
{"loss": 0.10532781481742859, "acc": 0.9660134315490723, "length": 5.0, "mode": "test", "epoch": 34}
{"loss": 0.09939371794462204, "acc": 0.9679075479507446, "length": 5.0, "mode": "train", "epoch": 35}
{"loss": 0.09989768266677856, "acc": 0.968870997428894, "length": 5.0, "mode": "test", "epoch": 35}
{"loss": 0.0972062274813652, "acc": 0.9691172242164612, "length": 5.0, "mode": "train", "epoch": 36}
{"loss": 0.10109222680330276, "acc": 0.968856930732727, "length": 5.0, "mode": "test", "epoch": 36}
{"loss": 0.09543932974338531, "acc": 0.9696142077445984, "length": 5.0, "mode": "train", "epoch": 37}
{"loss": 0.09615474194288254, "acc": 0.970545768737793, "length": 5.0, "mode": "test", "epoch": 37}
{"loss": 0.09608294069766998, "acc": 0.9697161912918091, "length": 5.0, "mode": "train", "epoch": 38}
{"loss": 0.09975343197584152, "acc": 0.9695279598236084, "length": 5.0, "mode": "test", "epoch": 38}
{"loss": 0.09234894067049026, "acc": 0.9711412787437439, "length": 5.0, "mode": "train", "epoch": 39}
{"loss": 0.09542922675609589, "acc": 0.9712167978286743, "length": 5.0, "mode": "test", "epoch": 39}
{"loss": 0.08821777999401093, "acc": 0.9728601574897766, "length": 5.0, "mode": "train", "epoch": 40}
{"loss": 0.09467892348766327, "acc": 0.9717658162117004, "length": 5.0, "mode": "test", "epoch": 40}
{"loss": 0.08666075021028519, "acc": 0.9736570119857788, "length": 5.0, "mode": "train", "epoch": 41}
{"loss": 0.09132874011993408, "acc": 0.9734845757484436, "length": 5.0, "mode": "test", "epoch": 41}
{"loss": 0.08503890037536621, "acc": 0.9747936725616455, "length": 5.0, "mode": "train", "epoch": 42}
{"loss": 0.08850686252117157, "acc": 0.9747409820556641, "length": 5.0, "mode": "test", "epoch": 42}
{"loss": 0.08652925491333008, "acc": 0.974486768245697, "length": 5.0, "mode": "train", "epoch": 43}
{"loss": 0.08980149775743484, "acc": 0.9748297929763794, "length": 5.0, "mode": "test", "epoch": 43}
{"loss": 0.08174440264701843, "acc": 0.9763714671134949, "length": 5.0, "mode": "train", "epoch": 44}
{"loss": 0.0873667448759079, "acc": 0.9756592512130737, "length": 5.0, "mode": "test", "epoch": 44}
{"loss": 0.07953565567731857, "acc": 0.9773763418197632, "length": 5.0, "mode": "train", "epoch": 45}
{"loss": 0.08627546578645706, "acc": 0.9757813215255737, "length": 5.0, "mode": "test", "epoch": 45}
{"loss": 0.07817503809928894, "acc": 0.9776974320411682, "length": 5.0, "mode": "train", "epoch": 46}
{"loss": 0.08733820170164108, "acc": 0.9758435487747192, "length": 5.0, "mode": "test", "epoch": 46}
{"loss": 0.07639529556035995, "acc": 0.97834312915802, "length": 5.0, "mode": "train", "epoch": 47}
{"loss": 0.0788588747382164, "acc": 0.9783796668052673, "length": 5.0, "mode": "test", "epoch": 47}
{"loss": 0.07652570307254791, "acc": 0.9782326221466064, "length": 5.0, "mode": "train", "epoch": 48}
{"loss": 0.08068537712097168, "acc": 0.9776487350463867, "length": 5.0, "mode": "test", "epoch": 48}
{"loss": 0.07646890729665756, "acc": 0.9782843589782715, "length": 5.0, "mode": "train", "epoch": 49}
{"loss": 0.08523854613304138, "acc": 0.9758541584014893, "length": 5.0, "mode": "test", "epoch": 49}
{"loss": 0.07574469596147537, "acc": 0.9785417914390564, "length": 5.0, "mode": "train", "epoch": 50}
{"loss": 0.08218307793140411, "acc": 0.977764368057251, "length": 5.0, "mode": "test", "epoch": 50}
{"loss": 0.0752314031124115, "acc": 0.9786942005157471, "length": 5.0, "mode": "train", "epoch": 51}
{"loss": 0.08743546158075333, "acc": 0.9756614565849304, "length": 5.0, "mode": "test", "epoch": 51}
{"loss": 0.07400336116552353, "acc": 0.978941798210144, "length": 5.0, "mode": "train", "epoch": 52}
{"loss": 0.08226136863231659, "acc": 0.9775984883308411, "length": 5.0, "mode": "test", "epoch": 52}
{"loss": 0.07578207552433014, "acc": 0.9782875180244446, "length": 5.0, "mode": "train", "epoch": 53}
{"loss": 0.07925926148891449, "acc": 0.978229820728302, "length": 5.0, "mode": "test", "epoch": 53}
{"loss": 0.07504003494977951, "acc": 0.9785785675048828, "length": 5.0, "mode": "train", "epoch": 54}
{"loss": 0.07859818637371063, "acc": 0.9783507585525513, "length": 5.0, "mode": "test", "epoch": 54}
{"loss": 0.0730554386973381, "acc": 0.9791945815086365, "length": 5.0, "mode": "train", "epoch": 55}
{"loss": 0.0752461776137352, "acc": 0.9794445037841797, "length": 5.0, "mode": "test", "epoch": 55}
{"loss": 0.07333960384130478, "acc": 0.979104220867157, "length": 5.0, "mode": "train", "epoch": 56}
{"loss": 0.07880355417728424, "acc": 0.9786857962608337, "length": 5.0, "mode": "test", "epoch": 56}
{"loss": 0.074008047580719, "acc": 0.9789496064186096, "length": 5.0, "mode": "train", "epoch": 57}
{"loss": 0.07640024274587631, "acc": 0.9788495898246765, "length": 5.0, "mode": "test", "epoch": 57}
{"loss": 0.07406416535377502, "acc": 0.9790226817131042, "length": 5.0, "mode": "train", "epoch": 58}
{"loss": 0.07710299640893936, "acc": 0.9790165424346924, "length": 5.0, "mode": "test", "epoch": 58}
{"loss": 0.07267839461565018, "acc": 0.9793956279754639, "length": 5.0, "mode": "train", "epoch": 59}
{"loss": 0.07578593492507935, "acc": 0.9791556596755981, "length": 5.0, "mode": "test", "epoch": 59}
{"loss": 0.07271870225667953, "acc": 0.9792835712432861, "length": 5.0, "mode": "train", "epoch": 60}
{"loss": 0.07780889421701431, "acc": 0.9788013100624084, "length": 5.0, "mode": "test", "epoch": 60}
test accuracy: 0.9741088151931763
