ndevices 0
# ["--attributes=4", "--values=8", "--game_size=10", "--vocab_size_factor=3", "--n_epochs=60", "--batch_size=32", "--learning_rate=0.001", "--speaker_hidden_size=256", "--temp_update=0.99", "--temperature=2"]
data loaded from: data/dim(4,8).ds
vocab size 28
message length 4
{"loss": 0.3486434519290924, "acc": 0.8449392318725586, "length": 4.92378568649292, "mode": "train", "epoch": 1}
{"loss": 0.34935492277145386, "acc": 0.8423222899436951, "length": 5.0, "mode": "test", "epoch": 1}
{"loss": 0.23492629826068878, "acc": 0.904872477054596, "length": 4.999940395355225, "mode": "train", "epoch": 2}
{"loss": 0.2884579002857208, "acc": 0.8783668875694275, "length": 5.0, "mode": "test", "epoch": 2}
{"loss": 0.18733039498329163, "acc": 0.9280278086662292, "length": 4.99999475479126, "mode": "train", "epoch": 3}
{"loss": 0.20710250735282898, "acc": 0.9172462821006775, "length": 5.0, "mode": "test", "epoch": 3}
{"loss": 0.1722584217786789, "acc": 0.9333022236824036, "length": 5.0, "mode": "train", "epoch": 4}
{"loss": 0.19830681383609772, "acc": 0.9208507537841797, "length": 5.0, "mode": "test", "epoch": 4}
{"loss": 0.1621156930923462, "acc": 0.936815619468689, "length": 5.0, "mode": "train", "epoch": 5}
{"loss": 0.1856938749551773, "acc": 0.9269446134567261, "length": 5.0, "mode": "test", "epoch": 5}
{"loss": 0.16157983243465424, "acc": 0.9368569850921631, "length": 5.0, "mode": "train", "epoch": 6}
{"loss": 0.17308904230594635, "acc": 0.931839644908905, "length": 5.0, "mode": "test", "epoch": 6}
{"loss": 0.14883007109165192, "acc": 0.9429754614830017, "length": 5.0, "mode": "train", "epoch": 7}
{"loss": 0.16995283961296082, "acc": 0.9357149600982666, "length": 5.0, "mode": "test", "epoch": 7}
{"loss": 0.12027265876531601, "acc": 0.959364652633667, "length": 5.0, "mode": "train", "epoch": 8}
{"loss": 0.15739908814430237, "acc": 0.9412426352500916, "length": 5.0, "mode": "test", "epoch": 8}
{"loss": 0.10631094872951508, "acc": 0.96590656042099, "length": 5.0, "mode": "train", "epoch": 9}
{"loss": 0.14030687510967255, "acc": 0.9522089958190918, "length": 5.0, "mode": "test", "epoch": 9}
{"loss": 0.10211736708879471, "acc": 0.9680584669113159, "length": 5.0, "mode": "train", "epoch": 10}
{"loss": 0.14056798815727234, "acc": 0.952343761920929, "length": 5.0, "mode": "test", "epoch": 10}
{"loss": 0.10063108056783676, "acc": 0.9686620235443115, "length": 5.0, "mode": "train", "epoch": 11}
{"loss": 0.14634226262569427, "acc": 0.9485104084014893, "length": 5.0, "mode": "test", "epoch": 11}
{"loss": 0.0977775976061821, "acc": 0.9696552157402039, "length": 5.0, "mode": "train", "epoch": 12}
{"loss": 0.1382235735654831, "acc": 0.9543076753616333, "length": 5.0, "mode": "test", "epoch": 12}
{"loss": 0.09630268812179565, "acc": 0.9700782895088196, "length": 5.0, "mode": "train", "epoch": 13}
{"loss": 0.13920724391937256, "acc": 0.9533743858337402, "length": 5.0, "mode": "test", "epoch": 13}
{"loss": 0.09569666534662247, "acc": 0.9702565670013428, "length": 5.0, "mode": "train", "epoch": 14}
{"loss": 0.13301126658916473, "acc": 0.954848051071167, "length": 5.0, "mode": "test", "epoch": 14}
{"loss": 0.094168521463871, "acc": 0.9705902338027954, "length": 5.0, "mode": "train", "epoch": 15}
{"loss": 0.11774270236492157, "acc": 0.9633241295814514, "length": 5.0, "mode": "test", "epoch": 15}
{"loss": 0.09322397410869598, "acc": 0.9707396030426025, "length": 5.0, "mode": "train", "epoch": 16}
{"loss": 0.12085718661546707, "acc": 0.9622719883918762, "length": 5.0, "mode": "test", "epoch": 16}
{"loss": 0.08954145014286041, "acc": 0.9722040891647339, "length": 5.0, "mode": "train", "epoch": 17}
{"loss": 0.12060194462537766, "acc": 0.9611097574234009, "length": 5.0, "mode": "test", "epoch": 17}
{"loss": 0.08409388363361359, "acc": 0.974800705909729, "length": 5.0, "mode": "train", "epoch": 18}
{"loss": 0.12940284609794617, "acc": 0.95783931016922, "length": 5.0, "mode": "test", "epoch": 18}
{"loss": 0.08198480308055878, "acc": 0.9754714965820312, "length": 5.0, "mode": "train", "epoch": 19}
{"loss": 0.11259933561086655, "acc": 0.965979278087616, "length": 5.0, "mode": "test", "epoch": 19}
{"loss": 0.08070076256990433, "acc": 0.9758049249649048, "length": 5.0, "mode": "train", "epoch": 20}
{"loss": 0.10889232903718948, "acc": 0.9666824340820312, "length": 5.0, "mode": "test", "epoch": 20}
{"loss": 0.08131828159093857, "acc": 0.9754219055175781, "length": 5.0, "mode": "train", "epoch": 21}
{"loss": 0.10656242817640305, "acc": 0.9670409560203552, "length": 5.0, "mode": "test", "epoch": 21}
{"loss": 0.07735349982976913, "acc": 0.9767377972602844, "length": 5.0, "mode": "train", "epoch": 22}
{"loss": 0.10919760912656784, "acc": 0.9652182459831238, "length": 5.0, "mode": "test", "epoch": 22}
{"loss": 0.07313242554664612, "acc": 0.9783113598823547, "length": 5.0, "mode": "train", "epoch": 23}
{"loss": 0.11116586625576019, "acc": 0.9647507667541504, "length": 5.0, "mode": "test", "epoch": 23}
{"loss": 0.0659358948469162, "acc": 0.9809005856513977, "length": 5.0, "mode": "train", "epoch": 24}
{"loss": 0.1115507036447525, "acc": 0.9627043604850769, "length": 5.0, "mode": "test", "epoch": 24}
{"loss": 0.0624476820230484, "acc": 0.9824731349945068, "length": 5.0, "mode": "train", "epoch": 25}
{"loss": 0.10800381749868393, "acc": 0.9648555517196655, "length": 5.0, "mode": "test", "epoch": 25}
{"loss": 0.058595046401023865, "acc": 0.9838269352912903, "length": 5.0, "mode": "train", "epoch": 26}
{"loss": 0.110811747610569, "acc": 0.962994396686554, "length": 5.0, "mode": "test", "epoch": 26}
{"loss": 0.05759872868657112, "acc": 0.9841355681419373, "length": 5.0, "mode": "train", "epoch": 27}
{"loss": 0.11181119829416275, "acc": 0.9636880159378052, "length": 5.0, "mode": "test", "epoch": 27}
{"loss": 0.05697011575102806, "acc": 0.9844576120376587, "length": 5.0, "mode": "train", "epoch": 28}
{"loss": 0.11418026685714722, "acc": 0.9634171724319458, "length": 5.0, "mode": "test", "epoch": 28}
{"loss": 0.056826088577508926, "acc": 0.9845225811004639, "length": 5.0, "mode": "train", "epoch": 29}
{"loss": 0.12251786887645721, "acc": 0.9609364867210388, "length": 5.0, "mode": "test", "epoch": 29}
{"loss": 0.05423138290643692, "acc": 0.9853084087371826, "length": 5.0, "mode": "train", "epoch": 30}
{"loss": 0.10498607158660889, "acc": 0.9662243723869324, "length": 5.0, "mode": "test", "epoch": 30}
{"loss": 0.054347194731235504, "acc": 0.9853851199150085, "length": 5.0, "mode": "train", "epoch": 31}
{"loss": 0.11642386764287949, "acc": 0.9616170525550842, "length": 5.0, "mode": "test", "epoch": 31}
{"loss": 0.052972983568906784, "acc": 0.9857733249664307, "length": 5.0, "mode": "train", "epoch": 32}
{"loss": 0.10091057419776917, "acc": 0.9679130911827087, "length": 5.0, "mode": "test", "epoch": 32}
{"loss": 0.05372423306107521, "acc": 0.9854757785797119, "length": 5.0, "mode": "train", "epoch": 33}
{"loss": 0.11039534211158752, "acc": 0.963595986366272, "length": 5.0, "mode": "test", "epoch": 33}
{"loss": 0.05319494009017944, "acc": 0.9857051968574524, "length": 5.0, "mode": "train", "epoch": 34}
{"loss": 0.10081321001052856, "acc": 0.9675011038780212, "length": 5.0, "mode": "test", "epoch": 34}
{"loss": 0.052837468683719635, "acc": 0.9857907891273499, "length": 5.0, "mode": "train", "epoch": 35}
{"loss": 0.12189260125160217, "acc": 0.960676372051239, "length": 5.0, "mode": "test", "epoch": 35}
{"loss": 0.05264744907617569, "acc": 0.98574298620224, "length": 5.0, "mode": "train", "epoch": 36}
{"loss": 0.09956489503383636, "acc": 0.9679590463638306, "length": 5.0, "mode": "test", "epoch": 36}
{"loss": 0.05204110965132713, "acc": 0.9859806299209595, "length": 5.0, "mode": "train", "epoch": 37}
{"loss": 0.11205527931451797, "acc": 0.9639105796813965, "length": 5.0, "mode": "test", "epoch": 37}
{"loss": 0.05158677324652672, "acc": 0.9860837459564209, "length": 5.0, "mode": "train", "epoch": 38}
{"loss": 0.11099053919315338, "acc": 0.9640581607818604, "length": 5.0, "mode": "test", "epoch": 38}
{"loss": 0.05284478887915611, "acc": 0.9856187701225281, "length": 5.0, "mode": "train", "epoch": 39}
{"loss": 0.1054343581199646, "acc": 0.966833233833313, "length": 5.0, "mode": "test", "epoch": 39}
{"loss": 0.05258716270327568, "acc": 0.9856399893760681, "length": 5.0, "mode": "train", "epoch": 40}
{"loss": 0.11056045442819595, "acc": 0.9656978249549866, "length": 5.0, "mode": "test", "epoch": 40}
{"loss": 0.0539909265935421, "acc": 0.9849832653999329, "length": 5.0, "mode": "train", "epoch": 41}
{"loss": 0.099729984998703, "acc": 0.969112753868103, "length": 5.0, "mode": "test", "epoch": 41}
{"loss": 0.05418376997113228, "acc": 0.985058069229126, "length": 5.0, "mode": "train", "epoch": 42}
{"loss": 0.10400481522083282, "acc": 0.9674121737480164, "length": 5.0, "mode": "test", "epoch": 42}
{"loss": 0.051640741527080536, "acc": 0.9859366416931152, "length": 5.0, "mode": "train", "epoch": 43}
{"loss": 0.10012861341238022, "acc": 0.9681271314620972, "length": 5.0, "mode": "test", "epoch": 43}
{"loss": 0.05138155445456505, "acc": 0.9859762787818909, "length": 5.0, "mode": "train", "epoch": 44}
{"loss": 0.10139037668704987, "acc": 0.9701197743415833, "length": 5.0, "mode": "test", "epoch": 44}
{"loss": 0.051942840218544006, "acc": 0.9858345985412598, "length": 5.0, "mode": "train", "epoch": 45}
{"loss": 0.08617591112852097, "acc": 0.9731582403182983, "length": 5.0, "mode": "test", "epoch": 45}
{"loss": 0.050849150866270065, "acc": 0.9862588047981262, "length": 5.0, "mode": "train", "epoch": 46}
{"loss": 0.08660063147544861, "acc": 0.9737586379051208, "length": 5.0, "mode": "test", "epoch": 46}
{"loss": 0.05105120316147804, "acc": 0.9861931204795837, "length": 5.0, "mode": "train", "epoch": 47}
{"loss": 0.08564136922359467, "acc": 0.9743781685829163, "length": 5.0, "mode": "test", "epoch": 47}
{"loss": 0.050771161913871765, "acc": 0.9861850142478943, "length": 5.0, "mode": "train", "epoch": 48}
{"loss": 0.08023004978895187, "acc": 0.9760808944702148, "length": 5.0, "mode": "test", "epoch": 48}
{"loss": 0.050428032875061035, "acc": 0.9862923622131348, "length": 5.0, "mode": "train", "epoch": 49}
{"loss": 0.0854206383228302, "acc": 0.9741374254226685, "length": 5.0, "mode": "test", "epoch": 49}
{"loss": 0.04981069266796112, "acc": 0.9865213632583618, "length": 5.0, "mode": "train", "epoch": 50}
{"loss": 0.08497229963541031, "acc": 0.9743974804878235, "length": 5.0, "mode": "test", "epoch": 50}
{"loss": 0.04875834286212921, "acc": 0.986815333366394, "length": 5.0, "mode": "train", "epoch": 51}
{"loss": 0.08575429767370224, "acc": 0.9742390513420105, "length": 5.0, "mode": "test", "epoch": 51}
{"loss": 0.04852750524878502, "acc": 0.9869040250778198, "length": 5.0, "mode": "train", "epoch": 52}
{"loss": 0.08814825117588043, "acc": 0.9733368158340454, "length": 5.0, "mode": "test", "epoch": 52}
{"loss": 0.04833102598786354, "acc": 0.9870168566703796, "length": 5.0, "mode": "train", "epoch": 53}
{"loss": 0.08694662153720856, "acc": 0.9740283489227295, "length": 5.0, "mode": "test", "epoch": 53}
{"loss": 0.04852965101599693, "acc": 0.9868099689483643, "length": 5.0, "mode": "train", "epoch": 54}
{"loss": 0.08336256444454193, "acc": 0.9756956100463867, "length": 5.0, "mode": "test", "epoch": 54}
{"loss": 0.046460703015327454, "acc": 0.9875094890594482, "length": 5.0, "mode": "train", "epoch": 55}
{"loss": 0.08769650757312775, "acc": 0.9730446934700012, "length": 5.0, "mode": "test", "epoch": 55}
{"loss": 0.04658538103103638, "acc": 0.9874238967895508, "length": 5.0, "mode": "train", "epoch": 56}
{"loss": 0.09312333166599274, "acc": 0.9715443253517151, "length": 5.0, "mode": "test", "epoch": 56}
{"loss": 0.045589182525873184, "acc": 0.9878863096237183, "length": 5.0, "mode": "train", "epoch": 57}
{"loss": 0.09522368758916855, "acc": 0.9699079990386963, "length": 5.0, "mode": "test", "epoch": 57}
{"loss": 0.043714217841625214, "acc": 0.9887064695358276, "length": 5.0, "mode": "train", "epoch": 58}
{"loss": 0.08583346754312515, "acc": 0.9729644060134888, "length": 5.0, "mode": "test", "epoch": 58}
{"loss": 0.043735433369874954, "acc": 0.9887056946754456, "length": 5.0, "mode": "train", "epoch": 59}
{"loss": 0.08158904314041138, "acc": 0.9753328561782837, "length": 5.0, "mode": "test", "epoch": 59}
{"loss": 0.04483906924724579, "acc": 0.9883078932762146, "length": 5.0, "mode": "train", "epoch": 60}
{"loss": 0.09184329956769943, "acc": 0.9736012816429138, "length": 5.0, "mode": "test", "epoch": 60}
test accuracy: 0.9680968523025513
