ndevices 0
# ["--attributes=4", "--values=8", "--game_size=10", "--vocab_size_factor=3", "--n_epochs=60", "--batch_size=64", "--learning_rate=0.0005", "--speaker_hidden_size=128", "--temp_update=0.97", "--temperature=1"]
data loaded from: data/dim(4,8).ds
vocab size 28
message length 4
{"loss": 0.42599382996559143, "acc": 0.7984565496444702, "length": 4.967319488525391, "mode": "train", "epoch": 1}
{"loss": 0.3413446843624115, "acc": 0.8509930968284607, "length": 5.0, "mode": "test", "epoch": 1}
{"loss": 0.3115890920162201, "acc": 0.8679085373878479, "length": 4.999988079071045, "mode": "train", "epoch": 2}
{"loss": 0.2928712069988251, "acc": 0.8775074481964111, "length": 5.0, "mode": "test", "epoch": 2}
{"loss": 0.28051328659057617, "acc": 0.8824667930603027, "length": 4.999997615814209, "mode": "train", "epoch": 3}
{"loss": 0.27189937233924866, "acc": 0.8876122832298279, "length": 5.0, "mode": "test", "epoch": 3}
{"loss": 0.2650490701198578, "acc": 0.8923127055168152, "length": 5.0, "mode": "train", "epoch": 4}
{"loss": 0.25743067264556885, "acc": 0.8981227874755859, "length": 5.0, "mode": "test", "epoch": 4}
{"loss": 0.2466861754655838, "acc": 0.9022542834281921, "length": 5.0, "mode": "train", "epoch": 5}
{"loss": 0.24151934683322906, "acc": 0.9054772853851318, "length": 5.0, "mode": "test", "epoch": 5}
{"loss": 0.23696653544902802, "acc": 0.9071365594863892, "length": 5.0, "mode": "train", "epoch": 6}
{"loss": 0.23391304910182953, "acc": 0.9093524813652039, "length": 5.0, "mode": "test", "epoch": 6}
{"loss": 0.2299930453300476, "acc": 0.9096008539199829, "length": 5.0, "mode": "train", "epoch": 7}
{"loss": 0.22637492418289185, "acc": 0.9119369983673096, "length": 5.0, "mode": "test", "epoch": 7}
{"loss": 0.22528986632823944, "acc": 0.9115408062934875, "length": 5.0, "mode": "train", "epoch": 8}
{"loss": 0.22418221831321716, "acc": 0.9128596186637878, "length": 5.0, "mode": "test", "epoch": 8}
{"loss": 0.22360721230506897, "acc": 0.9133062958717346, "length": 5.0, "mode": "train", "epoch": 9}
{"loss": 0.21955399215221405, "acc": 0.9154579639434814, "length": 5.0, "mode": "test", "epoch": 9}
{"loss": 0.22079242765903473, "acc": 0.9141952991485596, "length": 5.0, "mode": "train", "epoch": 10}
{"loss": 0.21971207857131958, "acc": 0.9160574078559875, "length": 5.0, "mode": "test", "epoch": 10}
{"loss": 0.22137947380542755, "acc": 0.9133437275886536, "length": 4.999999046325684, "mode": "train", "epoch": 11}
{"loss": 0.2200918048620224, "acc": 0.9147313237190247, "length": 5.0, "mode": "test", "epoch": 11}
{"loss": 0.2178620547056198, "acc": 0.914693295955658, "length": 5.0, "mode": "train", "epoch": 12}
{"loss": 0.22470872104167938, "acc": 0.9135969877243042, "length": 5.0, "mode": "test", "epoch": 12}
{"loss": 0.2141720950603485, "acc": 0.9155555367469788, "length": 5.0, "mode": "train", "epoch": 13}
{"loss": 0.21749404072761536, "acc": 0.9151991009712219, "length": 5.0, "mode": "test", "epoch": 13}
{"loss": 0.21424555778503418, "acc": 0.9154706001281738, "length": 5.0, "mode": "train", "epoch": 14}
{"loss": 0.21362575888633728, "acc": 0.9169241189956665, "length": 5.0, "mode": "test", "epoch": 14}
{"loss": 0.21329185366630554, "acc": 0.9159237146377563, "length": 5.0, "mode": "train", "epoch": 15}
{"loss": 0.21992795169353485, "acc": 0.9151283502578735, "length": 5.0, "mode": "test", "epoch": 15}
{"loss": 0.2101636528968811, "acc": 0.9167566299438477, "length": 5.0, "mode": "train", "epoch": 16}
{"loss": 0.2168966680765152, "acc": 0.9159470796585083, "length": 5.0, "mode": "test", "epoch": 16}
{"loss": 0.21031221747398376, "acc": 0.9166268110275269, "length": 5.0, "mode": "train", "epoch": 17}
{"loss": 0.21726246178150177, "acc": 0.9162959456443787, "length": 5.0, "mode": "test", "epoch": 17}
{"loss": 0.21367762982845306, "acc": 0.9152594804763794, "length": 5.0, "mode": "train", "epoch": 18}
{"loss": 0.21792949736118317, "acc": 0.914651095867157, "length": 5.0, "mode": "test", "epoch": 18}
{"loss": 0.21216313540935516, "acc": 0.9156571626663208, "length": 5.0, "mode": "train", "epoch": 19}
{"loss": 0.21155548095703125, "acc": 0.9170773029327393, "length": 5.0, "mode": "test", "epoch": 19}
{"loss": 0.20932193100452423, "acc": 0.9164926409721375, "length": 5.0, "mode": "train", "epoch": 20}
{"loss": 0.20923946797847748, "acc": 0.9175878167152405, "length": 5.0, "mode": "test", "epoch": 20}
{"loss": 0.21088539063930511, "acc": 0.9159261584281921, "length": 5.0, "mode": "train", "epoch": 21}
{"loss": 0.20897403359413147, "acc": 0.917732298374176, "length": 5.0, "mode": "test", "epoch": 21}
{"loss": 0.21392670273780823, "acc": 0.9143251776695251, "length": 5.0, "mode": "train", "epoch": 22}
{"loss": 0.21342015266418457, "acc": 0.9153595566749573, "length": 5.0, "mode": "test", "epoch": 22}
{"loss": 0.20984750986099243, "acc": 0.9164082407951355, "length": 5.0, "mode": "train", "epoch": 23}
{"loss": 0.21109361946582794, "acc": 0.9168524742126465, "length": 5.0, "mode": "test", "epoch": 23}
{"loss": 0.20733696222305298, "acc": 0.9174715280532837, "length": 5.0, "mode": "train", "epoch": 24}
{"loss": 0.21080827713012695, "acc": 0.9170345067977905, "length": 5.0, "mode": "test", "epoch": 24}
{"loss": 0.2044449895620346, "acc": 0.9184065461158752, "length": 5.0, "mode": "train", "epoch": 25}
{"loss": 0.2063823789358139, "acc": 0.9182309508323669, "length": 5.0, "mode": "test", "epoch": 25}
{"loss": 0.20952586829662323, "acc": 0.9160675406455994, "length": 5.0, "mode": "train", "epoch": 26}
{"loss": 0.21033644676208496, "acc": 0.9173811674118042, "length": 5.0, "mode": "test", "epoch": 26}
{"loss": 0.2052486538887024, "acc": 0.9175746440887451, "length": 5.0, "mode": "train", "epoch": 27}
{"loss": 0.20590603351593018, "acc": 0.9187178015708923, "length": 5.0, "mode": "test", "epoch": 27}
{"loss": 0.20519216358661652, "acc": 0.9179370999336243, "length": 5.0, "mode": "train", "epoch": 28}
{"loss": 0.2066299170255661, "acc": 0.918289840221405, "length": 5.0, "mode": "test", "epoch": 28}
{"loss": 0.20349693298339844, "acc": 0.9182303547859192, "length": 5.0, "mode": "train", "epoch": 29}
{"loss": 0.20615455508232117, "acc": 0.918660044670105, "length": 5.0, "mode": "test", "epoch": 29}
{"loss": 0.2076137512922287, "acc": 0.9166511297225952, "length": 5.0, "mode": "train", "epoch": 30}
{"loss": 0.20522797107696533, "acc": 0.9194809198379517, "length": 5.0, "mode": "test", "epoch": 30}
{"loss": 0.20118845999240875, "acc": 0.9193680286407471, "length": 5.0, "mode": "train", "epoch": 31}
{"loss": 0.20466023683547974, "acc": 0.919920802116394, "length": 5.0, "mode": "test", "epoch": 31}
{"loss": 0.20302344858646393, "acc": 0.9188175201416016, "length": 5.0, "mode": "train", "epoch": 32}
{"loss": 0.20235125720500946, "acc": 0.9198940992355347, "length": 5.0, "mode": "test", "epoch": 32}
{"loss": 0.2023535668849945, "acc": 0.9183505773544312, "length": 5.0, "mode": "train", "epoch": 33}
{"loss": 0.2009965032339096, "acc": 0.9204473495483398, "length": 5.0, "mode": "test", "epoch": 33}
{"loss": 0.20053572952747345, "acc": 0.9195627570152283, "length": 5.0, "mode": "train", "epoch": 34}
{"loss": 0.1976700872182846, "acc": 0.9219338893890381, "length": 5.0, "mode": "test", "epoch": 34}
{"loss": 0.19325681030750275, "acc": 0.9230602383613586, "length": 5.0, "mode": "train", "epoch": 35}
{"loss": 0.19456438720226288, "acc": 0.9247560501098633, "length": 5.0, "mode": "test", "epoch": 35}
{"loss": 0.19315753877162933, "acc": 0.9236571192741394, "length": 5.0, "mode": "train", "epoch": 36}
{"loss": 0.19361472129821777, "acc": 0.9239126443862915, "length": 5.0, "mode": "test", "epoch": 36}
{"loss": 0.18973274528980255, "acc": 0.9248296022415161, "length": 5.0, "mode": "train", "epoch": 37}
{"loss": 0.19370152056217194, "acc": 0.9257768988609314, "length": 5.0, "mode": "test", "epoch": 37}
{"loss": 0.18795542418956757, "acc": 0.9255598783493042, "length": 5.0, "mode": "train", "epoch": 38}
{"loss": 0.18827058374881744, "acc": 0.9268566966056824, "length": 5.0, "mode": "test", "epoch": 38}
{"loss": 0.1860840618610382, "acc": 0.9262033700942993, "length": 5.0, "mode": "train", "epoch": 39}
{"loss": 0.18792469799518585, "acc": 0.9266888499259949, "length": 5.0, "mode": "test", "epoch": 39}
{"loss": 0.1857154220342636, "acc": 0.9266197681427002, "length": 5.0, "mode": "train", "epoch": 40}
{"loss": 0.18972627818584442, "acc": 0.9261749982833862, "length": 5.0, "mode": "test", "epoch": 40}
{"loss": 0.18668949604034424, "acc": 0.9258490204811096, "length": 5.0, "mode": "train", "epoch": 41}
{"loss": 0.18616710603237152, "acc": 0.9281624555587769, "length": 5.0, "mode": "test", "epoch": 41}
{"loss": 0.1847049444913864, "acc": 0.9272286891937256, "length": 5.0, "mode": "train", "epoch": 42}
{"loss": 0.18606480956077576, "acc": 0.9284213781356812, "length": 5.0, "mode": "test", "epoch": 42}
{"loss": 0.1816405951976776, "acc": 0.9284152388572693, "length": 5.0, "mode": "train", "epoch": 43}
{"loss": 0.18098585307598114, "acc": 0.9295569062232971, "length": 5.0, "mode": "test", "epoch": 43}
{"loss": 0.19191883504390717, "acc": 0.9235250949859619, "length": 5.0, "mode": "train", "epoch": 44}
{"loss": 0.2049141675233841, "acc": 0.918749988079071, "length": 5.0, "mode": "test", "epoch": 44}
{"loss": 0.19848932325839996, "acc": 0.9211880564689636, "length": 5.0, "mode": "train", "epoch": 45}
{"loss": 0.2003905028104782, "acc": 0.9224497079849243, "length": 5.0, "mode": "test", "epoch": 45}
{"loss": 0.19099408388137817, "acc": 0.924915611743927, "length": 5.0, "mode": "train", "epoch": 46}
{"loss": 0.19044022262096405, "acc": 0.926823616027832, "length": 5.0, "mode": "test", "epoch": 46}
{"loss": 0.18445415794849396, "acc": 0.9275832772254944, "length": 5.0, "mode": "train", "epoch": 47}
{"loss": 0.1856106072664261, "acc": 0.9288387894630432, "length": 5.0, "mode": "test", "epoch": 47}
{"loss": 0.1841033399105072, "acc": 0.9280281066894531, "length": 5.0, "mode": "train", "epoch": 48}
{"loss": 0.18221981823444366, "acc": 0.9299260973930359, "length": 5.0, "mode": "test", "epoch": 48}
{"loss": 0.18101096153259277, "acc": 0.9291079640388489, "length": 5.0, "mode": "train", "epoch": 49}
{"loss": 0.1819687783718109, "acc": 0.9297848343849182, "length": 5.0, "mode": "test", "epoch": 49}
{"loss": 0.1851639598608017, "acc": 0.9275257587432861, "length": 5.0, "mode": "train", "epoch": 50}
{"loss": 0.18302585184574127, "acc": 0.9283487200737, "length": 5.0, "mode": "test", "epoch": 50}
{"loss": 0.18861901760101318, "acc": 0.9260939359664917, "length": 5.0, "mode": "train", "epoch": 51}
{"loss": 0.18475855886936188, "acc": 0.9295933842658997, "length": 5.0, "mode": "test", "epoch": 51}
{"loss": 0.1832456737756729, "acc": 0.928668200969696, "length": 5.0, "mode": "train", "epoch": 52}
{"loss": 0.18329444527626038, "acc": 0.9290602803230286, "length": 5.0, "mode": "test", "epoch": 52}
{"loss": 0.179572194814682, "acc": 0.9295568466186523, "length": 5.0, "mode": "train", "epoch": 53}
{"loss": 0.17896103858947754, "acc": 0.9307234287261963, "length": 5.0, "mode": "test", "epoch": 53}
{"loss": 0.1778898686170578, "acc": 0.9299634695053101, "length": 5.0, "mode": "train", "epoch": 54}
{"loss": 0.17948520183563232, "acc": 0.9308220148086548, "length": 5.0, "mode": "test", "epoch": 54}
{"loss": 0.17844802141189575, "acc": 0.9298557639122009, "length": 5.0, "mode": "train", "epoch": 55}
{"loss": 0.17866992950439453, "acc": 0.9311332702636719, "length": 5.0, "mode": "test", "epoch": 55}
{"loss": 0.17660430073738098, "acc": 0.9303366541862488, "length": 5.0, "mode": "train", "epoch": 56}
{"loss": 0.17791536450386047, "acc": 0.9309953451156616, "length": 5.0, "mode": "test", "epoch": 56}
{"loss": 0.1794823706150055, "acc": 0.9291169047355652, "length": 5.0, "mode": "train", "epoch": 57}
{"loss": 0.18034960329532623, "acc": 0.9302055239677429, "length": 5.0, "mode": "test", "epoch": 57}
{"loss": 0.17866834998130798, "acc": 0.9295560717582703, "length": 5.0, "mode": "train", "epoch": 58}
{"loss": 0.17981673777103424, "acc": 0.9305810928344727, "length": 5.0, "mode": "test", "epoch": 58}
{"loss": 0.17704473435878754, "acc": 0.9299860000610352, "length": 5.0, "mode": "train", "epoch": 59}
{"loss": 0.17852216958999634, "acc": 0.9311119318008423, "length": 5.0, "mode": "test", "epoch": 59}
{"loss": 0.17679309844970703, "acc": 0.9300711750984192, "length": 5.0, "mode": "train", "epoch": 60}
{"loss": 0.17736101150512695, "acc": 0.9310905337333679, "length": 5.0, "mode": "test", "epoch": 60}
test accuracy: 0.9257327318191528
