ndevices 0
# ["--attributes=4", "--values=8", "--game_size=10", "--vocab_size_factor=3", "--n_epochs=60", "--batch_size=64", "--learning_rate=0.0005", "--speaker_hidden_size=128", "--temp_update=0.97", "--temperature=1.5"]
data loaded from: data/dim(4,8).ds
vocab size 28
message length 4
{"loss": 0.37209320068359375, "acc": 0.8289968371391296, "length": 4.939153671264648, "mode": "train", "epoch": 1}
{"loss": 0.3173041343688965, "acc": 0.8518365025520325, "length": 5.0, "mode": "test", "epoch": 1}
{"loss": 0.23165442049503326, "acc": 0.9101935625076294, "length": 4.999960899353027, "mode": "train", "epoch": 2}
{"loss": 0.23270659148693085, "acc": 0.909804105758667, "length": 5.0, "mode": "test", "epoch": 2}
{"loss": 0.19797109067440033, "acc": 0.9252939820289612, "length": 4.999994277954102, "mode": "train", "epoch": 3}
{"loss": 0.20113922655582428, "acc": 0.9247795343399048, "length": 5.0, "mode": "test", "epoch": 3}
{"loss": 0.18532247841358185, "acc": 0.9302636981010437, "length": 4.999999046325684, "mode": "train", "epoch": 4}
{"loss": 0.1961854249238968, "acc": 0.9236109256744385, "length": 5.0, "mode": "test", "epoch": 4}
{"loss": 0.1756233274936676, "acc": 0.9338290095329285, "length": 5.0, "mode": "train", "epoch": 5}
{"loss": 0.18599559366703033, "acc": 0.9298726916313171, "length": 5.0, "mode": "test", "epoch": 5}
{"loss": 0.16849297285079956, "acc": 0.936408281326294, "length": 5.0, "mode": "train", "epoch": 6}
{"loss": 0.17030709981918335, "acc": 0.9351937174797058, "length": 5.0, "mode": "test", "epoch": 6}
{"loss": 0.16292141377925873, "acc": 0.9381029009819031, "length": 5.0, "mode": "train", "epoch": 7}
{"loss": 0.1643720418214798, "acc": 0.9381656050682068, "length": 5.0, "mode": "test", "epoch": 7}
{"loss": 0.15877169370651245, "acc": 0.9394951462745667, "length": 5.0, "mode": "train", "epoch": 8}
{"loss": 0.1639498919248581, "acc": 0.9387275576591492, "length": 5.0, "mode": "test", "epoch": 8}
{"loss": 0.15424907207489014, "acc": 0.9423750638961792, "length": 5.0, "mode": "train", "epoch": 9}
{"loss": 0.15719592571258545, "acc": 0.9420998096466064, "length": 5.0, "mode": "test", "epoch": 9}
{"loss": 0.14459088444709778, "acc": 0.9476194381713867, "length": 5.0, "mode": "train", "epoch": 10}
{"loss": 0.15055295825004578, "acc": 0.9453264474868774, "length": 5.0, "mode": "test", "epoch": 10}
{"loss": 0.1432761400938034, "acc": 0.9490193128585815, "length": 5.0, "mode": "train", "epoch": 11}
{"loss": 0.15512366592884064, "acc": 0.9442390203475952, "length": 5.0, "mode": "test", "epoch": 11}
{"loss": 0.13285209238529205, "acc": 0.9545544981956482, "length": 5.0, "mode": "train", "epoch": 12}
{"loss": 0.1332072913646698, "acc": 0.9549304842948914, "length": 5.0, "mode": "test", "epoch": 12}
{"loss": 0.11901498585939407, "acc": 0.9614027738571167, "length": 5.0, "mode": "train", "epoch": 13}
{"loss": 0.12561585009098053, "acc": 0.9594585299491882, "length": 5.0, "mode": "test", "epoch": 13}
{"loss": 0.11813602596521378, "acc": 0.9618234038352966, "length": 5.0, "mode": "train", "epoch": 14}
{"loss": 0.12551021575927734, "acc": 0.9587756991386414, "length": 5.0, "mode": "test", "epoch": 14}
{"loss": 0.11447229981422424, "acc": 0.9630990624427795, "length": 5.0, "mode": "train", "epoch": 15}
{"loss": 0.1233980804681778, "acc": 0.9596736431121826, "length": 5.0, "mode": "test", "epoch": 15}
{"loss": 0.10971783846616745, "acc": 0.9653690457344055, "length": 5.0, "mode": "train", "epoch": 16}
{"loss": 0.11345537006855011, "acc": 0.964643657207489, "length": 5.0, "mode": "test", "epoch": 16}
{"loss": 0.107567697763443, "acc": 0.9664674401283264, "length": 5.0, "mode": "train", "epoch": 17}
{"loss": 0.1079968512058258, "acc": 0.9664202332496643, "length": 5.0, "mode": "test", "epoch": 17}
{"loss": 0.10737165063619614, "acc": 0.9663863778114319, "length": 5.0, "mode": "train", "epoch": 18}
{"loss": 0.11229930818080902, "acc": 0.9651026725769043, "length": 5.0, "mode": "test", "epoch": 18}
{"loss": 0.10480574518442154, "acc": 0.967248260974884, "length": 5.0, "mode": "train", "epoch": 19}
{"loss": 0.10462553799152374, "acc": 0.9682909250259399, "length": 5.0, "mode": "test", "epoch": 19}
{"loss": 0.10553846508264542, "acc": 0.9670078754425049, "length": 5.0, "mode": "train", "epoch": 20}
{"loss": 0.10451363027095795, "acc": 0.9683433175086975, "length": 5.0, "mode": "test", "epoch": 20}
{"loss": 0.10228460282087326, "acc": 0.9680725336074829, "length": 5.0, "mode": "train", "epoch": 21}
{"loss": 0.1070002093911171, "acc": 0.9669145941734314, "length": 5.0, "mode": "test", "epoch": 21}
{"loss": 0.10348916798830032, "acc": 0.9675792455673218, "length": 5.0, "mode": "train", "epoch": 22}
{"loss": 0.10356374084949493, "acc": 0.9679804444313049, "length": 5.0, "mode": "test", "epoch": 22}
{"loss": 0.10871816426515579, "acc": 0.9654131531715393, "length": 5.0, "mode": "train", "epoch": 23}
{"loss": 0.10957951098680496, "acc": 0.9661420583724976, "length": 5.0, "mode": "test", "epoch": 23}
{"loss": 0.10871570557355881, "acc": 0.9654241800308228, "length": 5.0, "mode": "train", "epoch": 24}
{"loss": 0.11050274223089218, "acc": 0.9656561017036438, "length": 5.0, "mode": "test", "epoch": 24}
{"loss": 0.1033383160829544, "acc": 0.9672992825508118, "length": 5.0, "mode": "train", "epoch": 25}
{"loss": 0.10493464022874832, "acc": 0.9671564102172852, "length": 5.0, "mode": "test", "epoch": 25}
{"loss": 0.10318685322999954, "acc": 0.9677698612213135, "length": 5.0, "mode": "train", "epoch": 26}
{"loss": 0.10610689222812653, "acc": 0.9681517481803894, "length": 5.0, "mode": "test", "epoch": 26}
{"loss": 0.10592882335186005, "acc": 0.9670995473861694, "length": 5.0, "mode": "train", "epoch": 27}
{"loss": 0.10698621720075607, "acc": 0.9669681191444397, "length": 5.0, "mode": "test", "epoch": 27}
{"loss": 0.10242445766925812, "acc": 0.9680922627449036, "length": 5.0, "mode": "train", "epoch": 28}
{"loss": 0.10498057305812836, "acc": 0.9682095646858215, "length": 5.0, "mode": "test", "epoch": 28}
{"loss": 0.10005699098110199, "acc": 0.9686188697814941, "length": 5.0, "mode": "train", "epoch": 29}
{"loss": 0.10656270384788513, "acc": 0.9670912027359009, "length": 5.0, "mode": "test", "epoch": 29}
{"loss": 0.10066138952970505, "acc": 0.968616783618927, "length": 5.0, "mode": "train", "epoch": 30}
{"loss": 0.10113256424665451, "acc": 0.969465970993042, "length": 5.0, "mode": "test", "epoch": 30}
{"loss": 0.10045872628688812, "acc": 0.968705952167511, "length": 5.0, "mode": "train", "epoch": 31}
{"loss": 0.09960541129112244, "acc": 0.969556987285614, "length": 5.0, "mode": "test", "epoch": 31}
{"loss": 0.10084722191095352, "acc": 0.9685518741607666, "length": 5.0, "mode": "train", "epoch": 32}
{"loss": 0.10402362048625946, "acc": 0.9685285091400146, "length": 5.0, "mode": "test", "epoch": 32}
{"loss": 0.09880585968494415, "acc": 0.9691160917282104, "length": 5.0, "mode": "train", "epoch": 33}
{"loss": 0.10581453144550323, "acc": 0.9674208760261536, "length": 5.0, "mode": "test", "epoch": 33}
{"loss": 0.10034698247909546, "acc": 0.9684821963310242, "length": 5.0, "mode": "train", "epoch": 34}
{"loss": 0.10890638828277588, "acc": 0.9658712148666382, "length": 5.0, "mode": "test", "epoch": 34}
{"loss": 0.10110178589820862, "acc": 0.9682795405387878, "length": 5.0, "mode": "train", "epoch": 35}
{"loss": 0.10255429893732071, "acc": 0.9686546921730042, "length": 5.0, "mode": "test", "epoch": 35}
{"loss": 0.10349947959184647, "acc": 0.9676346182823181, "length": 5.0, "mode": "train", "epoch": 36}
{"loss": 0.10312976688146591, "acc": 0.9688484072685242, "length": 5.0, "mode": "test", "epoch": 36}
{"loss": 0.10088489204645157, "acc": 0.968494713306427, "length": 5.0, "mode": "train", "epoch": 37}
{"loss": 0.10219727456569672, "acc": 0.9688913226127625, "length": 5.0, "mode": "test", "epoch": 37}
{"loss": 0.10201741755008698, "acc": 0.9682521224021912, "length": 5.0, "mode": "train", "epoch": 38}
{"loss": 0.10229335725307465, "acc": 0.9691375494003296, "length": 5.0, "mode": "test", "epoch": 38}
{"loss": 0.1015394777059555, "acc": 0.9681219458580017, "length": 5.0, "mode": "train", "epoch": 39}
{"loss": 0.10297524183988571, "acc": 0.9683732390403748, "length": 5.0, "mode": "test", "epoch": 39}
{"loss": 0.09963644295930862, "acc": 0.9687886834144592, "length": 5.0, "mode": "train", "epoch": 40}
{"loss": 0.09936678409576416, "acc": 0.9696212410926819, "length": 5.0, "mode": "test", "epoch": 40}
{"loss": 0.09755629301071167, "acc": 0.9694000482559204, "length": 5.0, "mode": "train", "epoch": 41}
{"loss": 0.09966819733381271, "acc": 0.9694916009902954, "length": 5.0, "mode": "test", "epoch": 41}
{"loss": 0.09757818281650543, "acc": 0.9694361686706543, "length": 5.0, "mode": "train", "epoch": 42}
{"loss": 0.10003851354122162, "acc": 0.9696221947669983, "length": 5.0, "mode": "test", "epoch": 42}
{"loss": 0.09925269335508347, "acc": 0.9688143134117126, "length": 5.0, "mode": "train", "epoch": 43}
{"loss": 0.09901221096515656, "acc": 0.9696714878082275, "length": 5.0, "mode": "test", "epoch": 43}
{"loss": 0.09798368811607361, "acc": 0.9693836569786072, "length": 5.0, "mode": "train", "epoch": 44}
{"loss": 0.09972016513347626, "acc": 0.9697763323783875, "length": 5.0, "mode": "test", "epoch": 44}
{"loss": 0.1002841517329216, "acc": 0.9687147736549377, "length": 5.0, "mode": "train", "epoch": 45}
{"loss": 0.10057992488145828, "acc": 0.9693086743354797, "length": 5.0, "mode": "test", "epoch": 45}
{"loss": 0.09964322298765182, "acc": 0.9685075283050537, "length": 5.0, "mode": "train", "epoch": 46}
{"loss": 0.10094024240970612, "acc": 0.9692239761352539, "length": 5.0, "mode": "test", "epoch": 46}
{"loss": 0.10417209565639496, "acc": 0.9675158262252808, "length": 5.0, "mode": "train", "epoch": 47}
{"loss": 0.10433308035135269, "acc": 0.9684930443763733, "length": 5.0, "mode": "test", "epoch": 47}
{"loss": 0.09997657686471939, "acc": 0.9686352610588074, "length": 5.0, "mode": "train", "epoch": 48}
{"loss": 0.10105107724666595, "acc": 0.9690902829170227, "length": 5.0, "mode": "test", "epoch": 48}
{"loss": 0.10072928667068481, "acc": 0.9683848023414612, "length": 5.0, "mode": "train", "epoch": 49}
{"loss": 0.09998977184295654, "acc": 0.9693877696990967, "length": 5.0, "mode": "test", "epoch": 49}
{"loss": 0.09794463962316513, "acc": 0.9691913723945618, "length": 5.0, "mode": "train", "epoch": 50}
{"loss": 0.1025065928697586, "acc": 0.9685702323913574, "length": 5.0, "mode": "test", "epoch": 50}
{"loss": 0.10049089789390564, "acc": 0.9683231115341187, "length": 5.0, "mode": "train", "epoch": 51}
{"loss": 0.10030945390462875, "acc": 0.9691438674926758, "length": 5.0, "mode": "test", "epoch": 51}
{"loss": 0.09955503046512604, "acc": 0.9685021638870239, "length": 5.0, "mode": "train", "epoch": 52}
{"loss": 0.09986794739961624, "acc": 0.9692926406860352, "length": 5.0, "mode": "test", "epoch": 52}
{"loss": 0.09691394120454788, "acc": 0.9694728255271912, "length": 5.0, "mode": "train", "epoch": 53}
{"loss": 0.09964536875486374, "acc": 0.9696051478385925, "length": 5.0, "mode": "test", "epoch": 53}
{"loss": 0.09684297442436218, "acc": 0.9694874286651611, "length": 5.0, "mode": "train", "epoch": 54}
{"loss": 0.10378708690404892, "acc": 0.9681591987609863, "length": 5.0, "mode": "test", "epoch": 54}
{"loss": 0.09580766409635544, "acc": 0.9697003960609436, "length": 5.0, "mode": "train", "epoch": 55}
{"loss": 0.09933702647686005, "acc": 0.9696190357208252, "length": 5.0, "mode": "test", "epoch": 55}
{"loss": 0.09505019336938858, "acc": 0.9699487686157227, "length": 5.0, "mode": "train", "epoch": 56}
{"loss": 0.0967220887541771, "acc": 0.9704493880271912, "length": 5.0, "mode": "test", "epoch": 56}
{"loss": 0.09550414979457855, "acc": 0.969786524772644, "length": 5.0, "mode": "train", "epoch": 57}
{"loss": 0.09855708479881287, "acc": 0.9696179628372192, "length": 5.0, "mode": "test", "epoch": 57}
{"loss": 0.09557297825813293, "acc": 0.9697778224945068, "length": 5.0, "mode": "train", "epoch": 58}
{"loss": 0.09857430309057236, "acc": 0.9699283242225647, "length": 5.0, "mode": "test", "epoch": 58}
{"loss": 0.09588010609149933, "acc": 0.9696604609489441, "length": 5.0, "mode": "train", "epoch": 59}
{"loss": 0.09895456582307816, "acc": 0.9695557355880737, "length": 5.0, "mode": "test", "epoch": 59}
{"loss": 0.09395544230937958, "acc": 0.970092236995697, "length": 5.0, "mode": "train", "epoch": 60}
{"loss": 0.09886745363473892, "acc": 0.9700480699539185, "length": 5.0, "mode": "test", "epoch": 60}
test accuracy: 0.9685270190238953
