ndevices 0
# ["--attributes=4", "--values=8", "--game_size=10", "--vocab_size_factor=3", "--n_epochs=60", "--batch_size=64", "--learning_rate=0.0005", "--speaker_hidden_size=128", "--temp_update=0.97", "--temperature=2"]
data loaded from: data/dim(4,8).ds
vocab size 28
message length 4
{"loss": 0.40470948815345764, "acc": 0.8062597513198853, "length": 4.934789657592773, "mode": "train", "epoch": 1}
{"loss": 0.34749528765678406, "acc": 0.8414832353591919, "length": 5.0, "mode": "test", "epoch": 1}
{"loss": 0.28396284580230713, "acc": 0.8810572624206543, "length": 4.999951362609863, "mode": "train", "epoch": 2}
{"loss": 0.3043001890182495, "acc": 0.8629451394081116, "length": 5.0, "mode": "test", "epoch": 2}
{"loss": 0.25454530119895935, "acc": 0.8903579115867615, "length": 4.999978542327881, "mode": "train", "epoch": 3}
{"loss": 0.27331477403640747, "acc": 0.8795334100723267, "length": 5.0, "mode": "test", "epoch": 3}
{"loss": 0.24271078407764435, "acc": 0.8938036561012268, "length": 4.999992847442627, "mode": "train", "epoch": 4}
{"loss": 0.2576309144496918, "acc": 0.8876498341560364, "length": 5.0, "mode": "test", "epoch": 4}
{"loss": 0.23249071836471558, "acc": 0.8984482288360596, "length": 4.999996662139893, "mode": "train", "epoch": 5}
{"loss": 0.24421370029449463, "acc": 0.8938794136047363, "length": 5.0, "mode": "test", "epoch": 5}
{"loss": 0.22082385420799255, "acc": 0.905131459236145, "length": 4.999999523162842, "mode": "train", "epoch": 6}
{"loss": 0.2334117591381073, "acc": 0.9009204506874084, "length": 5.0, "mode": "test", "epoch": 6}
{"loss": 0.20926347374916077, "acc": 0.9119716286659241, "length": 5.0, "mode": "train", "epoch": 7}
{"loss": 0.22630158066749573, "acc": 0.9044145941734314, "length": 5.0, "mode": "test", "epoch": 7}
{"loss": 0.19847962260246277, "acc": 0.918746829032898, "length": 5.0, "mode": "train", "epoch": 8}
{"loss": 0.22046126425266266, "acc": 0.9102600812911987, "length": 5.0, "mode": "test", "epoch": 8}
{"loss": 0.1900661438703537, "acc": 0.9236189723014832, "length": 5.0, "mode": "train", "epoch": 9}
{"loss": 0.20585086941719055, "acc": 0.9157845377922058, "length": 5.0, "mode": "test", "epoch": 9}
{"loss": 0.1884472519159317, "acc": 0.9249934554100037, "length": 5.0, "mode": "train", "epoch": 10}
{"loss": 0.20166057348251343, "acc": 0.9196992516517639, "length": 5.0, "mode": "test", "epoch": 10}
{"loss": 0.18120577931404114, "acc": 0.9284347891807556, "length": 5.0, "mode": "train", "epoch": 11}
{"loss": 0.19097650051116943, "acc": 0.9268032908439636, "length": 5.0, "mode": "test", "epoch": 11}
{"loss": 0.17268681526184082, "acc": 0.9326268434524536, "length": 5.0, "mode": "train", "epoch": 12}
{"loss": 0.19410566985607147, "acc": 0.9261482954025269, "length": 5.0, "mode": "test", "epoch": 12}
{"loss": 0.1660664975643158, "acc": 0.9364058375358582, "length": 5.0, "mode": "train", "epoch": 13}
{"loss": 0.18885713815689087, "acc": 0.9281774163246155, "length": 5.0, "mode": "test", "epoch": 13}
{"loss": 0.16210800409317017, "acc": 0.9386999607086182, "length": 5.0, "mode": "train", "epoch": 14}
{"loss": 0.17632168531417847, "acc": 0.9329527020454407, "length": 5.0, "mode": "test", "epoch": 14}
{"loss": 0.15582452714443207, "acc": 0.9416401386260986, "length": 5.0, "mode": "train", "epoch": 15}
{"loss": 0.16914302110671997, "acc": 0.9377268552780151, "length": 5.0, "mode": "test", "epoch": 15}
{"loss": 0.15356095135211945, "acc": 0.9426151514053345, "length": 5.0, "mode": "train", "epoch": 16}
{"loss": 0.16271795332431793, "acc": 0.9399582147598267, "length": 5.0, "mode": "test", "epoch": 16}
{"loss": 0.15097998082637787, "acc": 0.9439154863357544, "length": 5.0, "mode": "train", "epoch": 17}
{"loss": 0.16204696893692017, "acc": 0.9407898187637329, "length": 5.0, "mode": "test", "epoch": 17}
{"loss": 0.14864671230316162, "acc": 0.9447309374809265, "length": 5.0, "mode": "train", "epoch": 18}
{"loss": 0.15433944761753082, "acc": 0.9441931247711182, "length": 5.0, "mode": "test", "epoch": 18}
{"loss": 0.1542937159538269, "acc": 0.9428505301475525, "length": 5.0, "mode": "train", "epoch": 19}
{"loss": 0.16885532438755035, "acc": 0.9378575086593628, "length": 5.0, "mode": "test", "epoch": 19}
{"loss": 0.1489914208650589, "acc": 0.9446808099746704, "length": 5.0, "mode": "train", "epoch": 20}
{"loss": 0.15782563388347626, "acc": 0.9417872428894043, "length": 5.0, "mode": "test", "epoch": 20}
{"loss": 0.14678619801998138, "acc": 0.9458339214324951, "length": 5.0, "mode": "train", "epoch": 21}
{"loss": 0.15209871530532837, "acc": 0.9452515244483948, "length": 5.0, "mode": "test", "epoch": 21}
{"loss": 0.14446189999580383, "acc": 0.9464661478996277, "length": 5.0, "mode": "train", "epoch": 22}
{"loss": 0.15137307345867157, "acc": 0.9444831013679504, "length": 5.0, "mode": "test", "epoch": 22}
{"loss": 0.14326423406600952, "acc": 0.9471849799156189, "length": 5.0, "mode": "train", "epoch": 23}
{"loss": 0.15087860822677612, "acc": 0.9455190300941467, "length": 5.0, "mode": "test", "epoch": 23}
{"loss": 0.14168420433998108, "acc": 0.9478726983070374, "length": 5.0, "mode": "train", "epoch": 24}
{"loss": 0.14639687538146973, "acc": 0.9470601677894592, "length": 5.0, "mode": "test", "epoch": 24}
{"loss": 0.1450064480304718, "acc": 0.9467287063598633, "length": 5.0, "mode": "train", "epoch": 25}
{"loss": 0.16058249771595, "acc": 0.9422249794006348, "length": 5.0, "mode": "test", "epoch": 25}
{"loss": 0.14436542987823486, "acc": 0.9472261071205139, "length": 5.0, "mode": "train", "epoch": 26}
{"loss": 0.1497967392206192, "acc": 0.9464939832687378, "length": 5.0, "mode": "test", "epoch": 26}
{"loss": 0.14255398511886597, "acc": 0.947902500629425, "length": 5.0, "mode": "train", "epoch": 27}
{"loss": 0.1454544961452484, "acc": 0.9480854272842407, "length": 5.0, "mode": "test", "epoch": 27}
{"loss": 0.14131826162338257, "acc": 0.9483151435852051, "length": 5.0, "mode": "train", "epoch": 28}
{"loss": 0.16144020855426788, "acc": 0.942510724067688, "length": 5.0, "mode": "test", "epoch": 28}
{"loss": 0.14103496074676514, "acc": 0.9482569694519043, "length": 5.0, "mode": "train", "epoch": 29}
{"loss": 0.16191212832927704, "acc": 0.9411001801490784, "length": 5.0, "mode": "test", "epoch": 29}
{"loss": 0.1413680613040924, "acc": 0.9484535455703735, "length": 5.0, "mode": "train", "epoch": 30}
{"loss": 0.1429256945848465, "acc": 0.949316143989563, "length": 5.0, "mode": "test", "epoch": 30}
{"loss": 0.13809418678283691, "acc": 0.9495412111282349, "length": 5.0, "mode": "train", "epoch": 31}
{"loss": 0.1432848423719406, "acc": 0.9492806792259216, "length": 5.0, "mode": "test", "epoch": 31}
{"loss": 0.13985739648342133, "acc": 0.9491713643074036, "length": 5.0, "mode": "train", "epoch": 32}
{"loss": 0.13953755795955658, "acc": 0.9510157108306885, "length": 5.0, "mode": "test", "epoch": 32}
{"loss": 0.1413964331150055, "acc": 0.9486593008041382, "length": 5.0, "mode": "train", "epoch": 33}
{"loss": 0.14487335085868835, "acc": 0.9493547081947327, "length": 5.0, "mode": "test", "epoch": 33}
{"loss": 0.13707293570041656, "acc": 0.9507591724395752, "length": 5.0, "mode": "train", "epoch": 34}
{"loss": 0.14115549623966217, "acc": 0.9503136277198792, "length": 5.0, "mode": "test", "epoch": 34}
{"loss": 0.13724108040332794, "acc": 0.9504345059394836, "length": 5.0, "mode": "train", "epoch": 35}
{"loss": 0.13823077082633972, "acc": 0.9509995579719543, "length": 5.0, "mode": "test", "epoch": 35}
{"loss": 0.13458754122257233, "acc": 0.9511861205101013, "length": 5.0, "mode": "train", "epoch": 36}
{"loss": 0.13830074667930603, "acc": 0.9507759213447571, "length": 5.0, "mode": "test", "epoch": 36}
{"loss": 0.13222326338291168, "acc": 0.9522044062614441, "length": 5.0, "mode": "train", "epoch": 37}
{"loss": 0.13583481311798096, "acc": 0.9526755809783936, "length": 5.0, "mode": "test", "epoch": 37}
{"loss": 0.1366771161556244, "acc": 0.950977087020874, "length": 5.0, "mode": "train", "epoch": 38}
{"loss": 0.1443849503993988, "acc": 0.9496318697929382, "length": 5.0, "mode": "test", "epoch": 38}
{"loss": 0.1355995535850525, "acc": 0.9516646265983582, "length": 5.0, "mode": "train", "epoch": 39}
{"loss": 0.139775812625885, "acc": 0.951012372970581, "length": 5.0, "mode": "test", "epoch": 39}
{"loss": 0.1310480535030365, "acc": 0.9531927704811096, "length": 5.0, "mode": "train", "epoch": 40}
{"loss": 0.13400231301784515, "acc": 0.9535242319107056, "length": 5.0, "mode": "test", "epoch": 40}
{"loss": 0.13151982426643372, "acc": 0.953061580657959, "length": 5.0, "mode": "train", "epoch": 41}
{"loss": 0.1414521038532257, "acc": 0.9501851201057434, "length": 5.0, "mode": "test", "epoch": 41}
{"loss": 0.13203026354312897, "acc": 0.9528507590293884, "length": 5.0, "mode": "train", "epoch": 42}
{"loss": 0.1363988220691681, "acc": 0.9530662298202515, "length": 5.0, "mode": "test", "epoch": 42}
{"loss": 0.13750185072422028, "acc": 0.9512803554534912, "length": 5.0, "mode": "train", "epoch": 43}
{"loss": 0.13506703078746796, "acc": 0.953426718711853, "length": 5.0, "mode": "test", "epoch": 43}
{"loss": 0.13487491011619568, "acc": 0.9521746039390564, "length": 5.0, "mode": "train", "epoch": 44}
{"loss": 0.13839663565158844, "acc": 0.952480673789978, "length": 5.0, "mode": "test", "epoch": 44}
{"loss": 0.12861213088035583, "acc": 0.954556941986084, "length": 5.0, "mode": "train", "epoch": 45}
{"loss": 0.1369398832321167, "acc": 0.9528403282165527, "length": 5.0, "mode": "test", "epoch": 45}
{"loss": 0.130345419049263, "acc": 0.9544695615768433, "length": 5.0, "mode": "train", "epoch": 46}
{"loss": 0.1355801373720169, "acc": 0.953773558139801, "length": 5.0, "mode": "test", "epoch": 46}
{"loss": 0.13069204986095428, "acc": 0.95421302318573, "length": 5.0, "mode": "train", "epoch": 47}
{"loss": 0.13326631486415863, "acc": 0.9548811316490173, "length": 5.0, "mode": "test", "epoch": 47}
{"loss": 0.1267581433057785, "acc": 0.9557530283927917, "length": 5.0, "mode": "train", "epoch": 48}
{"loss": 0.12708932161331177, "acc": 0.9572035670280457, "length": 5.0, "mode": "test", "epoch": 48}
{"loss": 0.1253339797258377, "acc": 0.9564854502677917, "length": 5.0, "mode": "train", "epoch": 49}
{"loss": 0.12791185081005096, "acc": 0.9568814039230347, "length": 5.0, "mode": "test", "epoch": 49}
{"loss": 0.12302572280168533, "acc": 0.9573665857315063, "length": 5.0, "mode": "train", "epoch": 50}
{"loss": 0.12880074977874756, "acc": 0.9572452902793884, "length": 5.0, "mode": "test", "epoch": 50}
{"loss": 0.1214202344417572, "acc": 0.958528459072113, "length": 5.0, "mode": "train", "epoch": 51}
{"loss": 0.1272941678762436, "acc": 0.9575299024581909, "length": 5.0, "mode": "test", "epoch": 51}
{"loss": 0.12200825661420822, "acc": 0.9584870934486389, "length": 5.0, "mode": "train", "epoch": 52}
{"loss": 0.12402839958667755, "acc": 0.9591801166534424, "length": 5.0, "mode": "test", "epoch": 52}
{"loss": 0.11855772882699966, "acc": 0.9598727226257324, "length": 5.0, "mode": "train", "epoch": 53}
{"loss": 0.12191911786794662, "acc": 0.9597163796424866, "length": 5.0, "mode": "test", "epoch": 53}
{"loss": 0.11772538721561432, "acc": 0.9605370163917542, "length": 5.0, "mode": "train", "epoch": 54}
{"loss": 0.12084200978279114, "acc": 0.9603092670440674, "length": 5.0, "mode": "test", "epoch": 54}
{"loss": 0.11863619089126587, "acc": 0.9601773619651794, "length": 5.0, "mode": "train", "epoch": 55}
{"loss": 0.12088385969400406, "acc": 0.9605521559715271, "length": 5.0, "mode": "test", "epoch": 55}
{"loss": 0.11519292742013931, "acc": 0.9616221785545349, "length": 5.0, "mode": "train", "epoch": 56}
{"loss": 0.11527394503355026, "acc": 0.9627749919891357, "length": 5.0, "mode": "test", "epoch": 56}
{"loss": 0.11522987484931946, "acc": 0.9616973996162415, "length": 5.0, "mode": "train", "epoch": 57}
{"loss": 0.1174449622631073, "acc": 0.9617273807525635, "length": 5.0, "mode": "test", "epoch": 57}
{"loss": 0.11587127298116684, "acc": 0.9615179300308228, "length": 5.0, "mode": "train", "epoch": 58}
{"loss": 0.12024807929992676, "acc": 0.9609995484352112, "length": 5.0, "mode": "test", "epoch": 58}
{"loss": 0.1133333221077919, "acc": 0.9625599384307861, "length": 5.0, "mode": "train", "epoch": 59}
{"loss": 0.11700274050235748, "acc": 0.9624187350273132, "length": 5.0, "mode": "test", "epoch": 59}
{"loss": 0.1142636239528656, "acc": 0.9621408581733704, "length": 5.0, "mode": "train", "epoch": 60}
{"loss": 0.1203175038099289, "acc": 0.9612724184989929, "length": 5.0, "mode": "test", "epoch": 60}
test accuracy: 0.9559332132339478
