ndevices 0
# ["--attributes=4", "--values=8", "--game_size=10", "--vocab_size_factor=3", "--n_epochs=60", "--batch_size=64", "--learning_rate=0.0005", "--speaker_hidden_size=128", "--temp_update=0.99", "--temperature=1"]
data loaded from: data/dim(4,8).ds
vocab size 28
message length 4
{"loss": 0.37856414914131165, "acc": 0.8263535499572754, "length": 4.893683910369873, "mode": "train", "epoch": 1}
{"loss": 0.2892315685749054, "acc": 0.8819329142570496, "length": 5.0, "mode": "test", "epoch": 1}
{"loss": 0.25192373991012573, "acc": 0.9010592699050903, "length": 4.999910831451416, "mode": "train", "epoch": 2}
{"loss": 0.2382180243730545, "acc": 0.9083048105239868, "length": 5.0, "mode": "test", "epoch": 2}
{"loss": 0.2107296735048294, "acc": 0.9209142923355103, "length": 4.999979496002197, "mode": "train", "epoch": 3}
{"loss": 0.20521330833435059, "acc": 0.9228092432022095, "length": 5.0, "mode": "test", "epoch": 3}
{"loss": 0.1852678656578064, "acc": 0.9314115047454834, "length": 4.999971389770508, "mode": "train", "epoch": 4}
{"loss": 0.18318870663642883, "acc": 0.9325063824653625, "length": 5.0, "mode": "test", "epoch": 4}
{"loss": 0.17002026736736298, "acc": 0.9372863173484802, "length": 4.999990940093994, "mode": "train", "epoch": 5}
{"loss": 0.16895747184753418, "acc": 0.9386118650436401, "length": 5.0, "mode": "test", "epoch": 5}
{"loss": 0.15868403017520905, "acc": 0.941996693611145, "length": 4.999996662139893, "mode": "train", "epoch": 6}
{"loss": 0.16298960149288177, "acc": 0.9403478503227234, "length": 5.0, "mode": "test", "epoch": 6}
{"loss": 0.14579805731773376, "acc": 0.9481985569000244, "length": 4.999997615814209, "mode": "train", "epoch": 7}
{"loss": 0.14967067539691925, "acc": 0.9470675587654114, "length": 5.0, "mode": "test", "epoch": 7}
{"loss": 0.13775986433029175, "acc": 0.9517551064491272, "length": 4.999999046325684, "mode": "train", "epoch": 8}
{"loss": 0.14432163536548615, "acc": 0.9488110542297363, "length": 5.0, "mode": "test", "epoch": 8}
{"loss": 0.13310495018959045, "acc": 0.9539275765419006, "length": 5.0, "mode": "train", "epoch": 9}
{"loss": 0.13890081644058228, "acc": 0.9512050747871399, "length": 5.0, "mode": "test", "epoch": 9}
{"loss": 0.1284666210412979, "acc": 0.9560230374336243, "length": 5.0, "mode": "train", "epoch": 10}
{"loss": 0.13086393475532532, "acc": 0.9557223320007324, "length": 5.0, "mode": "test", "epoch": 10}
{"loss": 0.12689846754074097, "acc": 0.9564341902732849, "length": 5.0, "mode": "train", "epoch": 11}
{"loss": 0.12942397594451904, "acc": 0.9561269283294678, "length": 5.0, "mode": "test", "epoch": 11}
{"loss": 0.12681220471858978, "acc": 0.956942081451416, "length": 5.0, "mode": "train", "epoch": 12}
{"loss": 0.13432954251766205, "acc": 0.9545612335205078, "length": 5.0, "mode": "test", "epoch": 12}
{"loss": 0.12123920023441315, "acc": 0.9592430591583252, "length": 5.0, "mode": "train", "epoch": 13}
{"loss": 0.12853145599365234, "acc": 0.9555597901344299, "length": 5.0, "mode": "test", "epoch": 13}
{"loss": 0.11661090701818466, "acc": 0.9611933827400208, "length": 5.0, "mode": "train", "epoch": 14}
{"loss": 0.12131157517433167, "acc": 0.9593268632888794, "length": 5.0, "mode": "test", "epoch": 14}
{"loss": 0.11498041450977325, "acc": 0.9615041017532349, "length": 5.0, "mode": "train", "epoch": 15}
{"loss": 0.12030341476202011, "acc": 0.9601166844367981, "length": 5.0, "mode": "test", "epoch": 15}
{"loss": 0.11657095700502396, "acc": 0.9608673453330994, "length": 5.0, "mode": "train", "epoch": 16}
{"loss": 0.12883621454238892, "acc": 0.9569872617721558, "length": 5.0, "mode": "test", "epoch": 16}
{"loss": 0.11480642855167389, "acc": 0.9619900584220886, "length": 5.0, "mode": "train", "epoch": 17}
{"loss": 0.11489441990852356, "acc": 0.9631839394569397, "length": 5.0, "mode": "test", "epoch": 17}
{"loss": 0.11197563260793686, "acc": 0.9631707072257996, "length": 5.0, "mode": "train", "epoch": 18}
{"loss": 0.11196455359458923, "acc": 0.9637874364852905, "length": 5.0, "mode": "test", "epoch": 18}
{"loss": 0.10437077283859253, "acc": 0.966220498085022, "length": 5.0, "mode": "train", "epoch": 19}
{"loss": 0.11025051772594452, "acc": 0.9644445776939392, "length": 5.0, "mode": "test", "epoch": 19}
{"loss": 0.1053093820810318, "acc": 0.9662114977836609, "length": 5.0, "mode": "train", "epoch": 20}
{"loss": 0.11562182009220123, "acc": 0.9622988104820251, "length": 5.0, "mode": "test", "epoch": 20}
{"loss": 0.10303676873445511, "acc": 0.9669235944747925, "length": 5.0, "mode": "train", "epoch": 21}
{"loss": 0.10710596293210983, "acc": 0.9663795828819275, "length": 5.0, "mode": "test", "epoch": 21}
{"loss": 0.10139507800340652, "acc": 0.9677766561508179, "length": 5.0, "mode": "train", "epoch": 22}
{"loss": 0.10726059973239899, "acc": 0.9663002490997314, "length": 5.0, "mode": "test", "epoch": 22}
{"loss": 0.10212582349777222, "acc": 0.9672746658325195, "length": 5.0, "mode": "train", "epoch": 23}
{"loss": 0.10429903119802475, "acc": 0.9669841527938843, "length": 5.0, "mode": "test", "epoch": 23}
{"loss": 0.10017142444849014, "acc": 0.9680420756340027, "length": 5.0, "mode": "train", "epoch": 24}
{"loss": 0.11161855608224869, "acc": 0.964248776435852, "length": 5.0, "mode": "test", "epoch": 24}
{"loss": 0.09839840233325958, "acc": 0.968949556350708, "length": 5.0, "mode": "train", "epoch": 25}
{"loss": 0.09875378757715225, "acc": 0.9698737859725952, "length": 5.0, "mode": "test", "epoch": 25}
{"loss": 0.0948595404624939, "acc": 0.9705180525779724, "length": 5.0, "mode": "train", "epoch": 26}
{"loss": 0.11817426979541779, "acc": 0.9619467258453369, "length": 5.0, "mode": "test", "epoch": 26}
{"loss": 0.09075456857681274, "acc": 0.9724640846252441, "length": 5.0, "mode": "train", "epoch": 27}
{"loss": 0.09474354237318039, "acc": 0.971278965473175, "length": 5.0, "mode": "test", "epoch": 27}
{"loss": 0.10226315259933472, "acc": 0.967725932598114, "length": 5.0, "mode": "train", "epoch": 28}
{"loss": 0.10249076038599014, "acc": 0.9681207537651062, "length": 5.0, "mode": "test", "epoch": 28}
{"loss": 0.0915113314986229, "acc": 0.9728297591209412, "length": 5.0, "mode": "train", "epoch": 29}
{"loss": 0.0947987511754036, "acc": 0.9721522331237793, "length": 5.0, "mode": "test", "epoch": 29}
{"loss": 0.08666061609983444, "acc": 0.9747468829154968, "length": 5.0, "mode": "train", "epoch": 30}
{"loss": 0.08921322971582413, "acc": 0.9747432470321655, "length": 5.0, "mode": "test", "epoch": 30}
{"loss": 0.08311215788125992, "acc": 0.9762986898422241, "length": 5.0, "mode": "train", "epoch": 31}
{"loss": 0.09471416473388672, "acc": 0.9733166098594666, "length": 5.0, "mode": "test", "epoch": 31}
{"loss": 0.0869787409901619, "acc": 0.9749516844749451, "length": 5.0, "mode": "train", "epoch": 32}
{"loss": 0.09065241366624832, "acc": 0.9738612174987793, "length": 5.0, "mode": "test", "epoch": 32}
{"loss": 0.08501123636960983, "acc": 0.975481390953064, "length": 5.0, "mode": "train", "epoch": 33}
{"loss": 0.09618977457284927, "acc": 0.9720151424407959, "length": 5.0, "mode": "test", "epoch": 33}
{"loss": 0.08754885941743851, "acc": 0.9744250178337097, "length": 5.0, "mode": "train", "epoch": 34}
{"loss": 0.08541186898946762, "acc": 0.9758850932121277, "length": 5.0, "mode": "test", "epoch": 34}
{"loss": 0.08702769130468369, "acc": 0.9746174216270447, "length": 5.0, "mode": "train", "epoch": 35}
{"loss": 0.08534666150808334, "acc": 0.975841224193573, "length": 5.0, "mode": "test", "epoch": 35}
{"loss": 0.08491244167089462, "acc": 0.9750312566757202, "length": 5.0, "mode": "train", "epoch": 36}
{"loss": 0.09051945060491562, "acc": 0.9732224345207214, "length": 5.0, "mode": "test", "epoch": 36}
{"loss": 0.0849381759762764, "acc": 0.975087583065033, "length": 5.0, "mode": "train", "epoch": 37}
{"loss": 0.08711004257202148, "acc": 0.9748126268386841, "length": 5.0, "mode": "test", "epoch": 37}
{"loss": 0.08769205957651138, "acc": 0.9743064045906067, "length": 5.0, "mode": "train", "epoch": 38}
{"loss": 0.08740322291851044, "acc": 0.975192666053772, "length": 5.0, "mode": "test", "epoch": 38}
{"loss": 0.08248346298933029, "acc": 0.975913405418396, "length": 5.0, "mode": "train", "epoch": 39}
{"loss": 0.08549942821264267, "acc": 0.9755703806877136, "length": 5.0, "mode": "test", "epoch": 39}
{"loss": 0.08082730323076248, "acc": 0.9765226244926453, "length": 5.0, "mode": "train", "epoch": 40}
{"loss": 0.09141242504119873, "acc": 0.9739832282066345, "length": 5.0, "mode": "test", "epoch": 40}
{"loss": 0.07949469983577728, "acc": 0.9775198101997375, "length": 5.0, "mode": "train", "epoch": 41}
{"loss": 0.09092767536640167, "acc": 0.9735327363014221, "length": 5.0, "mode": "test", "epoch": 41}
{"loss": 0.07534252107143402, "acc": 0.9788512587547302, "length": 5.0, "mode": "train", "epoch": 42}
{"loss": 0.07973640412092209, "acc": 0.9779804944992065, "length": 5.0, "mode": "test", "epoch": 42}
{"loss": 0.07730001211166382, "acc": 0.9780341982841492, "length": 5.0, "mode": "train", "epoch": 43}
{"loss": 0.07784714549779892, "acc": 0.9785959124565125, "length": 5.0, "mode": "test", "epoch": 43}
{"loss": 0.0764164999127388, "acc": 0.9782792329788208, "length": 5.0, "mode": "train", "epoch": 44}
{"loss": 0.07661795616149902, "acc": 0.9784460067749023, "length": 5.0, "mode": "test", "epoch": 44}
{"loss": 0.07222060114145279, "acc": 0.9795724153518677, "length": 5.0, "mode": "train", "epoch": 45}
{"loss": 0.07392826676368713, "acc": 0.9800332188606262, "length": 5.0, "mode": "test", "epoch": 45}
{"loss": 0.07551055401563644, "acc": 0.9785036444664001, "length": 5.0, "mode": "train", "epoch": 46}
{"loss": 0.07624296844005585, "acc": 0.978971540927887, "length": 5.0, "mode": "test", "epoch": 46}
{"loss": 0.07161837071180344, "acc": 0.9797682762145996, "length": 5.0, "mode": "train", "epoch": 47}
{"loss": 0.07370954006910324, "acc": 0.9796350002288818, "length": 5.0, "mode": "test", "epoch": 47}
{"loss": 0.07317280024290085, "acc": 0.9793277382850647, "length": 5.0, "mode": "train", "epoch": 48}
{"loss": 0.07787201553583145, "acc": 0.9782887101173401, "length": 5.0, "mode": "test", "epoch": 48}
{"loss": 0.07652465254068375, "acc": 0.9782372117042542, "length": 5.0, "mode": "train", "epoch": 49}
{"loss": 0.08151852339506149, "acc": 0.9768815636634827, "length": 5.0, "mode": "test", "epoch": 49}
{"loss": 0.07470529526472092, "acc": 0.9787681102752686, "length": 5.0, "mode": "train", "epoch": 50}
{"loss": 0.07497205585241318, "acc": 0.9793835878372192, "length": 5.0, "mode": "test", "epoch": 50}
{"loss": 0.07185033708810806, "acc": 0.9796662926673889, "length": 5.0, "mode": "train", "epoch": 51}
{"loss": 0.07380444556474686, "acc": 0.979630708694458, "length": 5.0, "mode": "test", "epoch": 51}
{"loss": 0.07255570590496063, "acc": 0.9793472290039062, "length": 5.0, "mode": "train", "epoch": 52}
{"loss": 0.07363265752792358, "acc": 0.9795527458190918, "length": 5.0, "mode": "test", "epoch": 52}
{"loss": 0.07111094146966934, "acc": 0.9799795746803284, "length": 5.0, "mode": "train", "epoch": 53}
{"loss": 0.07534176856279373, "acc": 0.9787178039550781, "length": 5.0, "mode": "test", "epoch": 53}
{"loss": 0.07196506857872009, "acc": 0.9795475602149963, "length": 5.0, "mode": "train", "epoch": 54}
{"loss": 0.07699921727180481, "acc": 0.9786376953125, "length": 5.0, "mode": "test", "epoch": 54}
{"loss": 0.07074429839849472, "acc": 0.9800665974617004, "length": 5.0, "mode": "train", "epoch": 55}
{"loss": 0.07163798809051514, "acc": 0.980443000793457, "length": 5.0, "mode": "test", "epoch": 55}
{"loss": 0.07015639543533325, "acc": 0.980066180229187, "length": 5.0, "mode": "train", "epoch": 56}
{"loss": 0.07140156626701355, "acc": 0.9804955124855042, "length": 5.0, "mode": "test", "epoch": 56}
{"loss": 0.06846369802951813, "acc": 0.9807661771774292, "length": 5.0, "mode": "train", "epoch": 57}
{"loss": 0.06886131316423416, "acc": 0.9812670350074768, "length": 5.0, "mode": "test", "epoch": 57}
{"loss": 0.07235903292894363, "acc": 0.9793855547904968, "length": 5.0, "mode": "train", "epoch": 58}
{"loss": 0.07398812472820282, "acc": 0.979758083820343, "length": 5.0, "mode": "test", "epoch": 58}
{"loss": 0.06968621164560318, "acc": 0.9803062677383423, "length": 5.0, "mode": "train", "epoch": 59}
{"loss": 0.07077928632497787, "acc": 0.9806218147277832, "length": 5.0, "mode": "test", "epoch": 59}
{"loss": 0.06939566880464554, "acc": 0.9804611206054688, "length": 5.0, "mode": "train", "epoch": 60}
{"loss": 0.06946752965450287, "acc": 0.9806153774261475, "length": 5.0, "mode": "test", "epoch": 60}
test accuracy: 0.9796659350395203
