ndevices 0
# ["--attributes=4", "--values=8", "--game_size=10", "--vocab_size_factor=3", "--n_epochs=60", "--batch_size=64", "--learning_rate=0.0005", "--speaker_hidden_size=128", "--temp_update=0.99", "--temperature=1.5"]
data loaded from: data/dim(4,8).ds
vocab size 28
message length 4
{"loss": 0.43896883726119995, "acc": 0.7894481420516968, "length": 4.816525936126709, "mode": "train", "epoch": 1}
{"loss": 0.362867534160614, "acc": 0.8448384404182434, "length": 5.0, "mode": "test", "epoch": 1}
{"loss": 0.31653279066085815, "acc": 0.867840588092804, "length": 4.999906539916992, "mode": "train", "epoch": 2}
{"loss": 0.3043031096458435, "acc": 0.8717379570007324, "length": 5.0, "mode": "test", "epoch": 2}
{"loss": 0.2674519419670105, "acc": 0.8890684247016907, "length": 4.9999775886535645, "mode": "train", "epoch": 3}
{"loss": 0.2652479112148285, "acc": 0.8897345662117004, "length": 5.0, "mode": "test", "epoch": 3}
{"loss": 0.23954035341739655, "acc": 0.9013480544090271, "length": 4.999995231628418, "mode": "train", "epoch": 4}
{"loss": 0.24213907122612, "acc": 0.9013088345527649, "length": 5.0, "mode": "test", "epoch": 4}
{"loss": 0.2243347316980362, "acc": 0.9070069193840027, "length": 4.999999046325684, "mode": "train", "epoch": 5}
{"loss": 0.23203548789024353, "acc": 0.9042701125144958, "length": 5.0, "mode": "test", "epoch": 5}
{"loss": 0.21415868401527405, "acc": 0.9109941720962524, "length": 5.0, "mode": "train", "epoch": 6}
{"loss": 0.23317769169807434, "acc": 0.9033047556877136, "length": 5.0, "mode": "test", "epoch": 6}
{"loss": 0.20766305923461914, "acc": 0.9132703542709351, "length": 5.0, "mode": "train", "epoch": 7}
{"loss": 0.21413707733154297, "acc": 0.9125513434410095, "length": 5.0, "mode": "test", "epoch": 7}
{"loss": 0.1993803232908249, "acc": 0.9157944917678833, "length": 5.0, "mode": "train", "epoch": 8}
{"loss": 0.2087198793888092, "acc": 0.9123331308364868, "length": 5.0, "mode": "test", "epoch": 8}
{"loss": 0.19378119707107544, "acc": 0.9182575345039368, "length": 5.0, "mode": "train", "epoch": 9}
{"loss": 0.19955500960350037, "acc": 0.9177461862564087, "length": 5.0, "mode": "test", "epoch": 9}
{"loss": 0.18881025910377502, "acc": 0.9205175042152405, "length": 5.0, "mode": "train", "epoch": 10}
{"loss": 0.19779019057750702, "acc": 0.9170387387275696, "length": 5.0, "mode": "test", "epoch": 10}
{"loss": 0.1841091811656952, "acc": 0.9224088788032532, "length": 5.0, "mode": "train", "epoch": 11}
{"loss": 0.1920190453529358, "acc": 0.9211461544036865, "length": 5.0, "mode": "test", "epoch": 11}
{"loss": 0.18134361505508423, "acc": 0.9234204888343811, "length": 5.0, "mode": "train", "epoch": 12}
{"loss": 0.1884501427412033, "acc": 0.9215635657310486, "length": 5.0, "mode": "test", "epoch": 12}
{"loss": 0.17766042053699493, "acc": 0.9249276518821716, "length": 5.0, "mode": "train", "epoch": 13}
{"loss": 0.18359199166297913, "acc": 0.9242839813232422, "length": 5.0, "mode": "test", "epoch": 13}
{"loss": 0.17684942483901978, "acc": 0.9253561496734619, "length": 5.0, "mode": "train", "epoch": 14}
{"loss": 0.18448367714881897, "acc": 0.9242765307426453, "length": 5.0, "mode": "test", "epoch": 14}
{"loss": 0.1743261218070984, "acc": 0.9263465404510498, "length": 5.0, "mode": "train", "epoch": 15}
{"loss": 0.18275946378707886, "acc": 0.9252236485481262, "length": 5.0, "mode": "test", "epoch": 15}
{"loss": 0.16948693990707397, "acc": 0.9288622736930847, "length": 5.0, "mode": "train", "epoch": 16}
{"loss": 0.1797277331352234, "acc": 0.9275619983673096, "length": 5.0, "mode": "test", "epoch": 16}
{"loss": 0.16320912539958954, "acc": 0.9334691166877747, "length": 5.0, "mode": "train", "epoch": 17}
{"loss": 0.18334144353866577, "acc": 0.9271725416183472, "length": 5.0, "mode": "test", "epoch": 17}
{"loss": 0.15752047300338745, "acc": 0.9370044469833374, "length": 5.0, "mode": "train", "epoch": 18}
{"loss": 0.16454464197158813, "acc": 0.9360488653182983, "length": 5.0, "mode": "test", "epoch": 18}
{"loss": 0.15270128846168518, "acc": 0.9395478963851929, "length": 5.0, "mode": "train", "epoch": 19}
{"loss": 0.15911167860031128, "acc": 0.938374400138855, "length": 5.0, "mode": "test", "epoch": 19}
{"loss": 0.14974673092365265, "acc": 0.9412370324134827, "length": 5.0, "mode": "train", "epoch": 20}
{"loss": 0.15588366985321045, "acc": 0.9396852850914001, "length": 5.0, "mode": "test", "epoch": 20}
{"loss": 0.14759311079978943, "acc": 0.9423348903656006, "length": 5.0, "mode": "train", "epoch": 21}
{"loss": 0.17123399674892426, "acc": 0.9342861175537109, "length": 5.0, "mode": "test", "epoch": 21}
{"loss": 0.14583949744701385, "acc": 0.9431281089782715, "length": 5.0, "mode": "train", "epoch": 22}
{"loss": 0.15182946622371674, "acc": 0.9414982795715332, "length": 5.0, "mode": "test", "epoch": 22}
{"loss": 0.14555999636650085, "acc": 0.9431241750717163, "length": 5.0, "mode": "train", "epoch": 23}
{"loss": 0.15119032561779022, "acc": 0.9420986175537109, "length": 5.0, "mode": "test", "epoch": 23}
{"loss": 0.1432816982269287, "acc": 0.9439653158187866, "length": 5.0, "mode": "train", "epoch": 24}
{"loss": 0.14984947443008423, "acc": 0.9431217312812805, "length": 5.0, "mode": "test", "epoch": 24}
{"loss": 0.14131177961826324, "acc": 0.9446759819984436, "length": 5.0, "mode": "train", "epoch": 25}
{"loss": 0.14839965105056763, "acc": 0.9426400661468506, "length": 5.0, "mode": "test", "epoch": 25}
{"loss": 0.14024654030799866, "acc": 0.9450858235359192, "length": 5.0, "mode": "train", "epoch": 26}
{"loss": 0.14767608046531677, "acc": 0.9438528418540955, "length": 5.0, "mode": "test", "epoch": 26}
{"loss": 0.14058524370193481, "acc": 0.9450417757034302, "length": 5.0, "mode": "train", "epoch": 27}
{"loss": 0.14611999690532684, "acc": 0.9439489841461182, "length": 5.0, "mode": "test", "epoch": 27}
{"loss": 0.1382899135351181, "acc": 0.9457316398620605, "length": 5.0, "mode": "train", "epoch": 28}
{"loss": 0.14466285705566406, "acc": 0.9448652863502502, "length": 5.0, "mode": "test", "epoch": 28}
{"loss": 0.13849641382694244, "acc": 0.9456391930580139, "length": 5.0, "mode": "train", "epoch": 29}
{"loss": 0.14642249047756195, "acc": 0.9435477256774902, "length": 5.0, "mode": "test", "epoch": 29}
{"loss": 0.13709397614002228, "acc": 0.9460316300392151, "length": 5.0, "mode": "train", "epoch": 30}
{"loss": 0.14715763926506042, "acc": 0.9441931247711182, "length": 5.0, "mode": "test", "epoch": 30}
{"loss": 0.13735105097293854, "acc": 0.9459938406944275, "length": 5.0, "mode": "train", "epoch": 31}
{"loss": 0.1463385671377182, "acc": 0.9442529678344727, "length": 5.0, "mode": "test", "epoch": 31}
{"loss": 0.13625741004943848, "acc": 0.9462385177612305, "length": 5.0, "mode": "train", "epoch": 32}
{"loss": 0.1454935371875763, "acc": 0.9445472955703735, "length": 5.0, "mode": "test", "epoch": 32}
{"loss": 0.1375611573457718, "acc": 0.9459013938903809, "length": 5.0, "mode": "train", "epoch": 33}
{"loss": 0.14414247870445251, "acc": 0.945361852645874, "length": 5.0, "mode": "test", "epoch": 33}
{"loss": 0.13624411821365356, "acc": 0.9461907744407654, "length": 5.0, "mode": "train", "epoch": 34}
{"loss": 0.14667578041553497, "acc": 0.9443449378013611, "length": 5.0, "mode": "test", "epoch": 34}
{"loss": 0.13480712473392487, "acc": 0.9465834498405457, "length": 5.0, "mode": "train", "epoch": 35}
{"loss": 0.14265070855617523, "acc": 0.9453552961349487, "length": 5.0, "mode": "test", "epoch": 35}
{"loss": 0.13547365367412567, "acc": 0.946419894695282, "length": 5.0, "mode": "train", "epoch": 36}
{"loss": 0.14409849047660828, "acc": 0.9450011253356934, "length": 5.0, "mode": "test", "epoch": 36}
{"loss": 0.13497503101825714, "acc": 0.946534276008606, "length": 5.0, "mode": "train", "epoch": 37}
{"loss": 0.14258940517902374, "acc": 0.9455222487449646, "length": 5.0, "mode": "test", "epoch": 37}
{"loss": 0.13401582837104797, "acc": 0.9468582272529602, "length": 5.0, "mode": "train", "epoch": 38}
{"loss": 0.14200136065483093, "acc": 0.9461172223091125, "length": 5.0, "mode": "test", "epoch": 38}
{"loss": 0.1351347416639328, "acc": 0.9465191960334778, "length": 5.0, "mode": "train", "epoch": 39}
{"loss": 0.139126256108284, "acc": 0.9466857314109802, "length": 5.0, "mode": "test", "epoch": 39}
{"loss": 0.13282687962055206, "acc": 0.9471532106399536, "length": 5.0, "mode": "train", "epoch": 40}
{"loss": 0.14233563840389252, "acc": 0.9455190896987915, "length": 5.0, "mode": "test", "epoch": 40}
{"loss": 0.13321556150913239, "acc": 0.9470056295394897, "length": 5.0, "mode": "train", "epoch": 41}
{"loss": 0.14343520998954773, "acc": 0.9448298811912537, "length": 5.0, "mode": "test", "epoch": 41}
{"loss": 0.13334636390209198, "acc": 0.9468945860862732, "length": 5.0, "mode": "train", "epoch": 42}
{"loss": 0.14172400534152985, "acc": 0.9460070729255676, "length": 5.0, "mode": "test", "epoch": 42}
{"loss": 0.13276958465576172, "acc": 0.9470683932304382, "length": 5.0, "mode": "train", "epoch": 43}
{"loss": 0.1458103209733963, "acc": 0.9450191855430603, "length": 5.0, "mode": "test", "epoch": 43}
{"loss": 0.13339439034461975, "acc": 0.9469991326332092, "length": 5.0, "mode": "train", "epoch": 44}
{"loss": 0.13795490562915802, "acc": 0.9471167922019958, "length": 5.0, "mode": "test", "epoch": 44}
{"loss": 0.1372184157371521, "acc": 0.9457769989967346, "length": 5.0, "mode": "train", "epoch": 45}
{"loss": 0.14664849638938904, "acc": 0.9450054168701172, "length": 5.0, "mode": "test", "epoch": 45}
{"loss": 0.1343717873096466, "acc": 0.9468018412590027, "length": 5.0, "mode": "train", "epoch": 46}
{"loss": 0.14952370524406433, "acc": 0.9444156885147095, "length": 5.0, "mode": "test", "epoch": 46}
{"loss": 0.13432526588439941, "acc": 0.9467265605926514, "length": 5.0, "mode": "train", "epoch": 47}
{"loss": 0.15417923033237457, "acc": 0.9419155716896057, "length": 5.0, "mode": "test", "epoch": 47}
{"loss": 0.13394048810005188, "acc": 0.946860671043396, "length": 5.0, "mode": "train", "epoch": 48}
{"loss": 0.1425674557685852, "acc": 0.9461933374404907, "length": 5.0, "mode": "test", "epoch": 48}
{"loss": 0.13226749002933502, "acc": 0.9473850727081299, "length": 5.0, "mode": "train", "epoch": 49}
{"loss": 0.13907372951507568, "acc": 0.9471040964126587, "length": 5.0, "mode": "test", "epoch": 49}
{"loss": 0.13123472034931183, "acc": 0.9475288987159729, "length": 5.0, "mode": "train", "epoch": 50}
{"loss": 0.13807161152362823, "acc": 0.9470601081848145, "length": 5.0, "mode": "test", "epoch": 50}
{"loss": 0.13336816430091858, "acc": 0.9470479488372803, "length": 5.0, "mode": "train", "epoch": 51}
{"loss": 0.14063306152820587, "acc": 0.9467273354530334, "length": 5.0, "mode": "test", "epoch": 51}
{"loss": 0.13172085583209991, "acc": 0.9475709199905396, "length": 5.0, "mode": "train", "epoch": 52}
{"loss": 0.1391649693250656, "acc": 0.9468439817428589, "length": 5.0, "mode": "test", "epoch": 52}
{"loss": 0.13276591897010803, "acc": 0.9472587704658508, "length": 5.0, "mode": "train", "epoch": 53}
{"loss": 0.138258695602417, "acc": 0.9471960663795471, "length": 5.0, "mode": "test", "epoch": 53}
{"loss": 0.13120388984680176, "acc": 0.9476698040962219, "length": 5.0, "mode": "train", "epoch": 54}
{"loss": 0.14062939584255219, "acc": 0.9467937350273132, "length": 5.0, "mode": "test", "epoch": 54}
{"loss": 0.1313066929578781, "acc": 0.947725772857666, "length": 5.0, "mode": "train", "epoch": 55}
{"loss": 0.14532069861888885, "acc": 0.9449240565299988, "length": 5.0, "mode": "test", "epoch": 55}
{"loss": 0.1325094848871231, "acc": 0.947410523891449, "length": 5.0, "mode": "train", "epoch": 56}
{"loss": 0.1390732079744339, "acc": 0.9471094608306885, "length": 5.0, "mode": "test", "epoch": 56}
{"loss": 0.13147544860839844, "acc": 0.9476408362388611, "length": 5.0, "mode": "train", "epoch": 57}
{"loss": 0.13855580985546112, "acc": 0.9472100138664246, "length": 5.0, "mode": "test", "epoch": 57}
{"loss": 0.13095082342624664, "acc": 0.9478580951690674, "length": 5.0, "mode": "train", "epoch": 58}
{"loss": 0.13858851790428162, "acc": 0.9472035765647888, "length": 5.0, "mode": "test", "epoch": 58}
{"loss": 0.13036447763442993, "acc": 0.9479665756225586, "length": 5.0, "mode": "train", "epoch": 59}
{"loss": 0.13770635426044464, "acc": 0.947502076625824, "length": 5.0, "mode": "test", "epoch": 59}
{"loss": 0.13082917034626007, "acc": 0.9480928778648376, "length": 5.0, "mode": "train", "epoch": 60}
{"loss": 0.1382340043783188, "acc": 0.947144627571106, "length": 5.0, "mode": "test", "epoch": 60}
test accuracy: 0.9270097613334656
