ndevices 0
# ["--attributes=4", "--values=8", "--game_size=10", "--vocab_size_factor=3", "--n_epochs=60", "--batch_size=64", "--learning_rate=0.0005", "--speaker_hidden_size=128", "--temp_update=0.99", "--temperature=2"]
data loaded from: data/dim(4,8).ds
vocab size 28
message length 4
{"loss": 0.4201461374759674, "acc": 0.799091637134552, "length": 4.877871513366699, "mode": "train", "epoch": 1}
{"loss": 0.36425742506980896, "acc": 0.8340432643890381, "length": 5.0, "mode": "test", "epoch": 1}
{"loss": 0.29460373520851135, "acc": 0.8772079944610596, "length": 4.999883651733398, "mode": "train", "epoch": 2}
{"loss": 0.3031003177165985, "acc": 0.8740849494934082, "length": 5.0, "mode": "test", "epoch": 2}
{"loss": 0.24711379408836365, "acc": 0.9014585018157959, "length": 4.999961853027344, "mode": "train", "epoch": 3}
{"loss": 0.27435383200645447, "acc": 0.8851808309555054, "length": 5.0, "mode": "test", "epoch": 3}
{"loss": 0.21798314154148102, "acc": 0.9144810438156128, "length": 4.999987602233887, "mode": "train", "epoch": 4}
{"loss": 0.25033465027809143, "acc": 0.8961804509162903, "length": 5.0, "mode": "test", "epoch": 4}
{"loss": 0.2007507085800171, "acc": 0.9217839241027832, "length": 4.999996662139893, "mode": "train", "epoch": 5}
{"loss": 0.22417163848876953, "acc": 0.9091481566429138, "length": 5.0, "mode": "test", "epoch": 5}
{"loss": 0.18660585582256317, "acc": 0.9286444187164307, "length": 5.0, "mode": "train", "epoch": 6}
{"loss": 0.2195117473602295, "acc": 0.9086933135986328, "length": 5.0, "mode": "test", "epoch": 6}
{"loss": 0.17727461457252502, "acc": 0.9329497814178467, "length": 5.0, "mode": "train", "epoch": 7}
{"loss": 0.203584223985672, "acc": 0.9196842312812805, "length": 5.0, "mode": "test", "epoch": 7}
{"loss": 0.16274498403072357, "acc": 0.94007807970047, "length": 5.0, "mode": "train", "epoch": 8}
{"loss": 0.1848752796649933, "acc": 0.9287596940994263, "length": 5.0, "mode": "test", "epoch": 8}
{"loss": 0.15065880119800568, "acc": 0.9459691643714905, "length": 5.0, "mode": "train", "epoch": 9}
{"loss": 0.17696508765220642, "acc": 0.9331880807876587, "length": 5.0, "mode": "test", "epoch": 9}
{"loss": 0.13814054429531097, "acc": 0.9514188170433044, "length": 5.0, "mode": "train", "epoch": 10}
{"loss": 0.16383123397827148, "acc": 0.9387200474739075, "length": 5.0, "mode": "test", "epoch": 10}
{"loss": 0.13075625896453857, "acc": 0.9548434615135193, "length": 5.0, "mode": "train", "epoch": 11}
{"loss": 0.15669487416744232, "acc": 0.9441331624984741, "length": 5.0, "mode": "test", "epoch": 11}
{"loss": 0.12655416131019592, "acc": 0.9566742181777954, "length": 5.0, "mode": "train", "epoch": 12}
{"loss": 0.15120410919189453, "acc": 0.9469809532165527, "length": 5.0, "mode": "test", "epoch": 12}
{"loss": 0.11977747827768326, "acc": 0.959822416305542, "length": 5.0, "mode": "train", "epoch": 13}
{"loss": 0.14268477261066437, "acc": 0.951172947883606, "length": 5.0, "mode": "test", "epoch": 13}
{"loss": 0.11701852828264236, "acc": 0.9612419009208679, "length": 5.0, "mode": "train", "epoch": 14}
{"loss": 0.15142005681991577, "acc": 0.9465732574462891, "length": 5.0, "mode": "test", "epoch": 14}
{"loss": 0.11142604053020477, "acc": 0.963672399520874, "length": 5.0, "mode": "train", "epoch": 15}
{"loss": 0.14304926991462708, "acc": 0.9500994682312012, "length": 5.0, "mode": "test", "epoch": 15}
{"loss": 0.10681185126304626, "acc": 0.9655503034591675, "length": 5.0, "mode": "train", "epoch": 16}
{"loss": 0.1457042098045349, "acc": 0.94895339012146, "length": 5.0, "mode": "test", "epoch": 16}
{"loss": 0.10296966135501862, "acc": 0.9669086933135986, "length": 5.0, "mode": "train", "epoch": 17}
{"loss": 0.13229046761989594, "acc": 0.9557802081108093, "length": 5.0, "mode": "test", "epoch": 17}
{"loss": 0.10026219487190247, "acc": 0.9680380821228027, "length": 5.0, "mode": "train", "epoch": 18}
{"loss": 0.13039915263652802, "acc": 0.9549903273582458, "length": 5.0, "mode": "test", "epoch": 18}
{"loss": 0.0966598317027092, "acc": 0.9693238139152527, "length": 5.0, "mode": "train", "epoch": 19}
{"loss": 0.12481944262981415, "acc": 0.9580896496772766, "length": 5.0, "mode": "test", "epoch": 19}
{"loss": 0.09496734291315079, "acc": 0.9699394702911377, "length": 5.0, "mode": "train", "epoch": 20}
{"loss": 0.11964781582355499, "acc": 0.9606443047523499, "length": 5.0, "mode": "test", "epoch": 20}
{"loss": 0.09447178244590759, "acc": 0.9697601199150085, "length": 5.0, "mode": "train", "epoch": 21}
{"loss": 0.12170968949794769, "acc": 0.9577771425247192, "length": 5.0, "mode": "test", "epoch": 21}
{"loss": 0.08868373930454254, "acc": 0.9721463918685913, "length": 5.0, "mode": "train", "epoch": 22}
{"loss": 0.11815549433231354, "acc": 0.9611707925796509, "length": 5.0, "mode": "test", "epoch": 22}
{"loss": 0.08622585982084274, "acc": 0.9733062982559204, "length": 5.0, "mode": "train", "epoch": 23}
{"loss": 0.11189433187246323, "acc": 0.9637970328330994, "length": 5.0, "mode": "test", "epoch": 23}
{"loss": 0.08318136632442474, "acc": 0.974516749382019, "length": 5.0, "mode": "train", "epoch": 24}
{"loss": 0.11269518733024597, "acc": 0.9637402892112732, "length": 5.0, "mode": "test", "epoch": 24}
{"loss": 0.08087235689163208, "acc": 0.9752873182296753, "length": 5.0, "mode": "train", "epoch": 25}
{"loss": 0.11158521473407745, "acc": 0.963514506816864, "length": 5.0, "mode": "test", "epoch": 25}
{"loss": 0.07946070283651352, "acc": 0.9758812785148621, "length": 5.0, "mode": "train", "epoch": 26}
{"loss": 0.10919388383626938, "acc": 0.9643867611885071, "length": 5.0, "mode": "test", "epoch": 26}
{"loss": 0.07722365856170654, "acc": 0.9768010377883911, "length": 5.0, "mode": "train", "epoch": 27}
{"loss": 0.10173705965280533, "acc": 0.9673993587493896, "length": 5.0, "mode": "test", "epoch": 27}
{"loss": 0.07620932906866074, "acc": 0.977092444896698, "length": 5.0, "mode": "train", "epoch": 28}
{"loss": 0.09990381449460983, "acc": 0.9686248302459717, "length": 5.0, "mode": "test", "epoch": 28}
{"loss": 0.07487154752016068, "acc": 0.9774987697601318, "length": 5.0, "mode": "train", "epoch": 29}
{"loss": 0.10282815247774124, "acc": 0.9661890268325806, "length": 5.0, "mode": "test", "epoch": 29}
{"loss": 0.07296284288167953, "acc": 0.9782012104988098, "length": 5.0, "mode": "train", "epoch": 30}
{"loss": 0.09619929641485214, "acc": 0.9703049659729004, "length": 5.0, "mode": "test", "epoch": 30}
{"loss": 0.07178886979818344, "acc": 0.9786656498908997, "length": 5.0, "mode": "train", "epoch": 31}
{"loss": 0.09709841758012772, "acc": 0.9703755974769592, "length": 5.0, "mode": "test", "epoch": 31}
{"loss": 0.0708530843257904, "acc": 0.9790408611297607, "length": 5.0, "mode": "train", "epoch": 32}
{"loss": 0.09085537493228912, "acc": 0.9716843962669373, "length": 5.0, "mode": "test", "epoch": 32}
{"loss": 0.06931445002555847, "acc": 0.9795962572097778, "length": 5.0, "mode": "train", "epoch": 33}
{"loss": 0.09172923117876053, "acc": 0.971423327922821, "length": 5.0, "mode": "test", "epoch": 33}
{"loss": 0.06797848641872406, "acc": 0.9799745082855225, "length": 5.0, "mode": "train", "epoch": 34}
{"loss": 0.09213127940893173, "acc": 0.9708433151245117, "length": 5.0, "mode": "test", "epoch": 34}
{"loss": 0.06898525357246399, "acc": 0.9798265099525452, "length": 5.0, "mode": "train", "epoch": 35}
{"loss": 0.09419894218444824, "acc": 0.9703553915023804, "length": 5.0, "mode": "test", "epoch": 35}
{"loss": 0.06529578566551208, "acc": 0.9810318946838379, "length": 5.0, "mode": "train", "epoch": 36}
{"loss": 0.09016919136047363, "acc": 0.9726081490516663, "length": 5.0, "mode": "test", "epoch": 36}
{"loss": 0.06490936875343323, "acc": 0.9813026189804077, "length": 5.0, "mode": "train", "epoch": 37}
{"loss": 0.08564724028110504, "acc": 0.9745033383369446, "length": 5.0, "mode": "test", "epoch": 37}
{"loss": 0.06404072791337967, "acc": 0.9815492033958435, "length": 5.0, "mode": "train", "epoch": 38}
{"loss": 0.08355642110109329, "acc": 0.97481369972229, "length": 5.0, "mode": "test", "epoch": 38}
{"loss": 0.06334177404642105, "acc": 0.9818212985992432, "length": 5.0, "mode": "train", "epoch": 39}
{"loss": 0.07807004451751709, "acc": 0.9771543145179749, "length": 5.0, "mode": "test", "epoch": 39}
{"loss": 0.06291189789772034, "acc": 0.9819539785385132, "length": 5.0, "mode": "train", "epoch": 40}
{"loss": 0.07843025773763657, "acc": 0.9774240851402283, "length": 5.0, "mode": "test", "epoch": 40}
{"loss": 0.062411483377218246, "acc": 0.9820132851600647, "length": 5.0, "mode": "train", "epoch": 41}
{"loss": 0.07528556138277054, "acc": 0.9783754348754883, "length": 5.0, "mode": "test", "epoch": 41}
{"loss": 0.061086010187864304, "acc": 0.9824604392051697, "length": 5.0, "mode": "train", "epoch": 42}
{"loss": 0.07894095778465271, "acc": 0.9771586656570435, "length": 5.0, "mode": "test", "epoch": 42}
{"loss": 0.061972059309482574, "acc": 0.9821695685386658, "length": 5.0, "mode": "train", "epoch": 43}
{"loss": 0.07657312601804733, "acc": 0.9781036972999573, "length": 5.0, "mode": "test", "epoch": 43}
{"loss": 0.06160799413919449, "acc": 0.9822970032691956, "length": 5.0, "mode": "train", "epoch": 44}
{"loss": 0.07996178418397903, "acc": 0.9763548374176025, "length": 5.0, "mode": "test", "epoch": 44}
{"loss": 0.06073731184005737, "acc": 0.9826222062110901, "length": 5.0, "mode": "train", "epoch": 45}
{"loss": 0.07435131072998047, "acc": 0.9783048629760742, "length": 5.0, "mode": "test", "epoch": 45}
{"loss": 0.060109518468379974, "acc": 0.9827331304550171, "length": 5.0, "mode": "train", "epoch": 46}
{"loss": 0.07623844593763351, "acc": 0.9781410694122314, "length": 5.0, "mode": "test", "epoch": 46}
{"loss": 0.06060710921883583, "acc": 0.9825950860977173, "length": 5.0, "mode": "train", "epoch": 47}
{"loss": 0.0780419260263443, "acc": 0.9773565530776978, "length": 5.0, "mode": "test", "epoch": 47}
{"loss": 0.0596783310174942, "acc": 0.9829450249671936, "length": 5.0, "mode": "train", "epoch": 48}
{"loss": 0.07368641346693039, "acc": 0.9789254665374756, "length": 5.0, "mode": "test", "epoch": 48}
{"loss": 0.059189748018980026, "acc": 0.9830987453460693, "length": 5.0, "mode": "train", "epoch": 49}
{"loss": 0.07327514886856079, "acc": 0.9792240262031555, "length": 5.0, "mode": "test", "epoch": 49}
{"loss": 0.05911855399608612, "acc": 0.9830796122550964, "length": 5.0, "mode": "train", "epoch": 50}
{"loss": 0.07258657366037369, "acc": 0.9794231057167053, "length": 5.0, "mode": "test", "epoch": 50}
{"loss": 0.05944841727614403, "acc": 0.9830178618431091, "length": 5.0, "mode": "train", "epoch": 51}
{"loss": 0.07688181102275848, "acc": 0.9783518314361572, "length": 5.0, "mode": "test", "epoch": 51}
{"loss": 0.06340505182743073, "acc": 0.9818350076675415, "length": 5.0, "mode": "train", "epoch": 52}
{"loss": 0.07433290034532547, "acc": 0.9786301851272583, "length": 5.0, "mode": "test", "epoch": 52}
{"loss": 0.05839519947767258, "acc": 0.983209490776062, "length": 5.0, "mode": "train", "epoch": 53}
{"loss": 0.07041893899440765, "acc": 0.9801840782165527, "length": 5.0, "mode": "test", "epoch": 53}
{"loss": 0.05821208283305168, "acc": 0.9833218455314636, "length": 5.0, "mode": "train", "epoch": 54}
{"loss": 0.07063591480255127, "acc": 0.9805619120597839, "length": 5.0, "mode": "test", "epoch": 54}
{"loss": 0.05779298394918442, "acc": 0.9833953380584717, "length": 5.0, "mode": "train", "epoch": 55}
{"loss": 0.07175704091787338, "acc": 0.9799185991287231, "length": 5.0, "mode": "test", "epoch": 55}
{"loss": 0.06349075585603714, "acc": 0.9816077351570129, "length": 5.0, "mode": "train", "epoch": 56}
{"loss": 0.07334664463996887, "acc": 0.9793771505355835, "length": 5.0, "mode": "test", "epoch": 56}
{"loss": 0.05896344408392906, "acc": 0.9830883741378784, "length": 5.0, "mode": "train", "epoch": 57}
{"loss": 0.06866488605737686, "acc": 0.9811664819717407, "length": 5.0, "mode": "test", "epoch": 57}
{"loss": 0.05784887075424194, "acc": 0.9833645224571228, "length": 5.0, "mode": "train", "epoch": 58}
{"loss": 0.07639068365097046, "acc": 0.9789223074913025, "length": 5.0, "mode": "test", "epoch": 58}
{"loss": 0.0583360493183136, "acc": 0.9832041263580322, "length": 5.0, "mode": "train", "epoch": 59}
{"loss": 0.07089493423700333, "acc": 0.9802942276000977, "length": 5.0, "mode": "test", "epoch": 59}
{"loss": 0.058535054326057434, "acc": 0.983124852180481, "length": 5.0, "mode": "train", "epoch": 60}
{"loss": 0.07044284045696259, "acc": 0.9802696704864502, "length": 5.0, "mode": "test", "epoch": 60}
test accuracy: 0.9757843613624573
