ndevices 0
# ["--attributes=4", "--values=8", "--game_size=10", "--vocab_size_factor=3", "--n_epochs=60", "--batch_size=32", "--learning_rate=0.0005", "--speaker_hidden_size=128", "--temp_update=0.99", "--temperature=1"]
data loaded from: data/dim(4,8).ds
vocab size 28
message length 4
{"loss": 0.3958591818809509, "acc": 0.8169620633125305, "length": 4.921481609344482, "mode": "train", "epoch": 1}
{"loss": 0.31779929995536804, "acc": 0.8638033866882324, "length": 5.0, "mode": "test", "epoch": 1}
{"loss": 0.28418299555778503, "acc": 0.8833490014076233, "length": 4.999982833862305, "mode": "train", "epoch": 2}
{"loss": 0.26414310932159424, "acc": 0.894997775554657, "length": 5.0, "mode": "test", "epoch": 2}
{"loss": 0.2533807158470154, "acc": 0.8999249339103699, "length": 4.999999046325684, "mode": "train", "epoch": 3}
{"loss": 0.2456289827823639, "acc": 0.9043985605239868, "length": 5.0, "mode": "test", "epoch": 3}
{"loss": 0.23758472502231598, "acc": 0.9066691398620605, "length": 5.0, "mode": "train", "epoch": 4}
{"loss": 0.23605789244174957, "acc": 0.9096447229385376, "length": 5.0, "mode": "test", "epoch": 4}
{"loss": 0.2262813299894333, "acc": 0.9110656976699829, "length": 5.0, "mode": "train", "epoch": 5}
{"loss": 0.23070776462554932, "acc": 0.9113420248031616, "length": 5.0, "mode": "test", "epoch": 5}
{"loss": 0.22007839381694794, "acc": 0.9132439494132996, "length": 5.0, "mode": "train", "epoch": 6}
{"loss": 0.22425293922424316, "acc": 0.9123287796974182, "length": 5.0, "mode": "test", "epoch": 6}
{"loss": 0.2129296362400055, "acc": 0.9163303971290588, "length": 5.0, "mode": "train", "epoch": 7}
{"loss": 0.21414631605148315, "acc": 0.9174561500549316, "length": 5.0, "mode": "test", "epoch": 7}
{"loss": 0.20833399891853333, "acc": 0.9177340865135193, "length": 5.0, "mode": "train", "epoch": 8}
{"loss": 0.21374554932117462, "acc": 0.9165744185447693, "length": 5.0, "mode": "test", "epoch": 8}
{"loss": 0.21083088219165802, "acc": 0.9167770743370056, "length": 5.0, "mode": "train", "epoch": 9}
{"loss": 0.20471245050430298, "acc": 0.9200566411018372, "length": 5.0, "mode": "test", "epoch": 9}
{"loss": 0.20318622887134552, "acc": 0.9193373918533325, "length": 5.0, "mode": "train", "epoch": 10}
{"loss": 0.2045743763446808, "acc": 0.9195964932441711, "length": 5.0, "mode": "test", "epoch": 10}
{"loss": 0.19896259903907776, "acc": 0.9206672310829163, "length": 5.0, "mode": "train", "epoch": 11}
{"loss": 0.2005101442337036, "acc": 0.9210927486419678, "length": 5.0, "mode": "test", "epoch": 11}
{"loss": 0.1975296288728714, "acc": 0.9210014939308167, "length": 5.0, "mode": "train", "epoch": 12}
{"loss": 0.19961826503276825, "acc": 0.9218546152114868, "length": 5.0, "mode": "test", "epoch": 12}
{"loss": 0.2000800371170044, "acc": 0.919226348400116, "length": 5.0, "mode": "train", "epoch": 13}
{"loss": 0.22166402637958527, "acc": 0.9106592535972595, "length": 5.0, "mode": "test", "epoch": 13}
{"loss": 0.20670448243618011, "acc": 0.9165008664131165, "length": 5.0, "mode": "train", "epoch": 14}
{"loss": 0.2025606781244278, "acc": 0.9212896227836609, "length": 5.0, "mode": "test", "epoch": 14}
{"loss": 0.19624723494052887, "acc": 0.921530544757843, "length": 5.0, "mode": "train", "epoch": 15}
{"loss": 0.1947137713432312, "acc": 0.923555314540863, "length": 5.0, "mode": "test", "epoch": 15}
{"loss": 0.19258622825145721, "acc": 0.9229603409767151, "length": 5.0, "mode": "train", "epoch": 16}
{"loss": 0.19112911820411682, "acc": 0.925448477268219, "length": 5.0, "mode": "test", "epoch": 16}
{"loss": 0.18926648795604706, "acc": 0.9244524836540222, "length": 5.0, "mode": "train", "epoch": 17}
{"loss": 0.1974048614501953, "acc": 0.9230479598045349, "length": 5.0, "mode": "test", "epoch": 17}
{"loss": 0.19204647839069366, "acc": 0.9225308299064636, "length": 5.0, "mode": "train", "epoch": 18}
{"loss": 0.1881520301103592, "acc": 0.9263548254966736, "length": 5.0, "mode": "test", "epoch": 18}
{"loss": 0.18490074574947357, "acc": 0.9256746768951416, "length": 5.0, "mode": "train", "epoch": 19}
{"loss": 0.18597324192523956, "acc": 0.9263730645179749, "length": 5.0, "mode": "test", "epoch": 19}
{"loss": 0.18248391151428223, "acc": 0.926836371421814, "length": 5.0, "mode": "train", "epoch": 20}
{"loss": 0.18656256794929504, "acc": 0.927139401435852, "length": 5.0, "mode": "test", "epoch": 20}
{"loss": 0.18245844542980194, "acc": 0.9268323183059692, "length": 5.0, "mode": "train", "epoch": 21}
{"loss": 0.18508712947368622, "acc": 0.9272881746292114, "length": 5.0, "mode": "test", "epoch": 21}
{"loss": 0.18087849020957947, "acc": 0.9275325536727905, "length": 5.0, "mode": "train", "epoch": 22}
{"loss": 0.18326640129089355, "acc": 0.9279559254646301, "length": 5.0, "mode": "test", "epoch": 22}
{"loss": 0.1778472512960434, "acc": 0.9282960295677185, "length": 5.0, "mode": "train", "epoch": 23}
{"loss": 0.1848541498184204, "acc": 0.9263174533843994, "length": 5.0, "mode": "test", "epoch": 23}
{"loss": 0.17604058980941772, "acc": 0.9292193055152893, "length": 5.0, "mode": "train", "epoch": 24}
{"loss": 0.17482110857963562, "acc": 0.9315197467803955, "length": 5.0, "mode": "test", "epoch": 24}
{"loss": 0.1734825223684311, "acc": 0.9303198456764221, "length": 5.0, "mode": "train", "epoch": 25}
{"loss": 0.17357060313224792, "acc": 0.9314383864402771, "length": 5.0, "mode": "test", "epoch": 25}
{"loss": 0.17179015278816223, "acc": 0.9311202764511108, "length": 5.0, "mode": "train", "epoch": 26}
{"loss": 0.1781182885169983, "acc": 0.9297165274620056, "length": 5.0, "mode": "test", "epoch": 26}
{"loss": 0.1728980988264084, "acc": 0.9306249022483826, "length": 5.0, "mode": "train", "epoch": 27}
{"loss": 0.17525102198123932, "acc": 0.9314276576042175, "length": 5.0, "mode": "test", "epoch": 27}
{"loss": 0.16676676273345947, "acc": 0.9336938858032227, "length": 5.0, "mode": "train", "epoch": 28}
{"loss": 0.16651450097560883, "acc": 0.935893714427948, "length": 5.0, "mode": "test", "epoch": 28}
{"loss": 0.16396614909172058, "acc": 0.9351583123207092, "length": 5.0, "mode": "train", "epoch": 29}
{"loss": 0.16527599096298218, "acc": 0.936492919921875, "length": 5.0, "mode": "test", "epoch": 29}
{"loss": 0.16372433304786682, "acc": 0.9350815415382385, "length": 5.0, "mode": "train", "epoch": 30}
{"loss": 0.16475233435630798, "acc": 0.9370654821395874, "length": 5.0, "mode": "test", "epoch": 30}
{"loss": 0.16155415773391724, "acc": 0.9358820915222168, "length": 5.0, "mode": "train", "epoch": 31}
{"loss": 0.1632087081670761, "acc": 0.9360391497612, "length": 5.0, "mode": "test", "epoch": 31}
{"loss": 0.16376091539859772, "acc": 0.9349284768104553, "length": 5.0, "mode": "train", "epoch": 32}
{"loss": 0.16541078686714172, "acc": 0.9361782670021057, "length": 5.0, "mode": "test", "epoch": 32}
{"loss": 0.16462913155555725, "acc": 0.9347456097602844, "length": 5.0, "mode": "train", "epoch": 33}
{"loss": 0.16828416287899017, "acc": 0.9354881048202515, "length": 5.0, "mode": "test", "epoch": 33}
{"loss": 0.16245952248573303, "acc": 0.9354244470596313, "length": 5.0, "mode": "train", "epoch": 34}
{"loss": 0.16398411989212036, "acc": 0.9362488389015198, "length": 5.0, "mode": "test", "epoch": 34}
{"loss": 0.1591690480709076, "acc": 0.9364628791809082, "length": 5.0, "mode": "train", "epoch": 35}
{"loss": 0.16100914776325226, "acc": 0.9368427991867065, "length": 5.0, "mode": "test", "epoch": 35}
{"loss": 0.15956942737102509, "acc": 0.9361377954483032, "length": 5.0, "mode": "train", "epoch": 36}
{"loss": 0.1613633930683136, "acc": 0.9364437460899353, "length": 5.0, "mode": "test", "epoch": 36}
{"loss": 0.15931889414787292, "acc": 0.9363972544670105, "length": 5.0, "mode": "train", "epoch": 37}
{"loss": 0.16419225931167603, "acc": 0.9368537068367004, "length": 5.0, "mode": "test", "epoch": 37}
{"loss": 0.15774480998516083, "acc": 0.9368702173233032, "length": 5.0, "mode": "train", "epoch": 38}
{"loss": 0.1595180332660675, "acc": 0.9374443888664246, "length": 5.0, "mode": "test", "epoch": 38}
{"loss": 0.1612449288368225, "acc": 0.9356616735458374, "length": 5.0, "mode": "train", "epoch": 39}
{"loss": 0.16053034365177155, "acc": 0.9374485611915588, "length": 5.0, "mode": "test", "epoch": 39}
{"loss": 0.15845707058906555, "acc": 0.9367064833641052, "length": 5.0, "mode": "train", "epoch": 40}
{"loss": 0.15961888432502747, "acc": 0.9377493858337402, "length": 5.0, "mode": "test", "epoch": 40}
{"loss": 0.15671275556087494, "acc": 0.937370777130127, "length": 5.0, "mode": "train", "epoch": 41}
{"loss": 0.1604844629764557, "acc": 0.9368879199028015, "length": 5.0, "mode": "test", "epoch": 41}
{"loss": 0.15651890635490417, "acc": 0.9374011158943176, "length": 5.0, "mode": "train", "epoch": 42}
{"loss": 0.16879205405712128, "acc": 0.935776948928833, "length": 5.0, "mode": "test", "epoch": 42}
{"loss": 0.15622583031654358, "acc": 0.9373972415924072, "length": 5.0, "mode": "train", "epoch": 43}
{"loss": 0.15641263127326965, "acc": 0.9389587640762329, "length": 5.0, "mode": "test", "epoch": 43}
{"loss": 0.15702106058597565, "acc": 0.9373190402984619, "length": 5.0, "mode": "train", "epoch": 44}
{"loss": 0.1579023003578186, "acc": 0.9385305643081665, "length": 5.0, "mode": "test", "epoch": 44}
{"loss": 0.15664540231227875, "acc": 0.9373369216918945, "length": 5.0, "mode": "train", "epoch": 45}
{"loss": 0.16313591599464417, "acc": 0.9369755387306213, "length": 5.0, "mode": "test", "epoch": 45}
{"loss": 0.15653634071350098, "acc": 0.9374163746833801, "length": 5.0, "mode": "train", "epoch": 46}
{"loss": 0.15889839828014374, "acc": 0.9378113746643066, "length": 5.0, "mode": "test", "epoch": 46}
{"loss": 0.15647567808628082, "acc": 0.9373433589935303, "length": 5.0, "mode": "train", "epoch": 47}
{"loss": 0.15689261257648468, "acc": 0.9389127492904663, "length": 5.0, "mode": "test", "epoch": 47}
{"loss": 0.1569991409778595, "acc": 0.9370846152305603, "length": 5.0, "mode": "train", "epoch": 48}
{"loss": 0.16199250519275665, "acc": 0.9370816349983215, "length": 5.0, "mode": "test", "epoch": 48}
{"loss": 0.15716338157653809, "acc": 0.9372544288635254, "length": 5.0, "mode": "train", "epoch": 49}
{"loss": 0.15851083397865295, "acc": 0.9379612803459167, "length": 5.0, "mode": "test", "epoch": 49}
{"loss": 0.1551973521709442, "acc": 0.9379101395606995, "length": 5.0, "mode": "train", "epoch": 50}
{"loss": 0.15952688455581665, "acc": 0.9386675357818604, "length": 5.0, "mode": "test", "epoch": 50}
{"loss": 0.15324674546718597, "acc": 0.9387387633323669, "length": 5.0, "mode": "train", "epoch": 51}
{"loss": 0.15950073301792145, "acc": 0.9387221932411194, "length": 5.0, "mode": "test", "epoch": 51}
{"loss": 0.15358370542526245, "acc": 0.9386489391326904, "length": 5.0, "mode": "train", "epoch": 52}
{"loss": 0.1559227705001831, "acc": 0.9389972686767578, "length": 5.0, "mode": "test", "epoch": 52}
{"loss": 0.15436188876628876, "acc": 0.9380346536636353, "length": 5.0, "mode": "train", "epoch": 53}
{"loss": 0.1625235378742218, "acc": 0.9381625056266785, "length": 5.0, "mode": "test", "epoch": 53}
{"loss": 0.1545260101556778, "acc": 0.9383928179740906, "length": 5.0, "mode": "train", "epoch": 54}
{"loss": 0.15943565964698792, "acc": 0.9380040168762207, "length": 5.0, "mode": "test", "epoch": 54}
{"loss": 0.15317191183567047, "acc": 0.9390435814857483, "length": 5.0, "mode": "train", "epoch": 55}
{"loss": 0.15601655840873718, "acc": 0.9393792748451233, "length": 5.0, "mode": "test", "epoch": 55}
{"loss": 0.15334008634090424, "acc": 0.9390698671340942, "length": 5.0, "mode": "train", "epoch": 56}
{"loss": 0.15888334810733795, "acc": 0.9382448196411133, "length": 5.0, "mode": "test", "epoch": 56}
{"loss": 0.15281660854816437, "acc": 0.9393432140350342, "length": 5.0, "mode": "train", "epoch": 57}
{"loss": 0.15657728910446167, "acc": 0.9395740032196045, "length": 5.0, "mode": "test", "epoch": 57}
{"loss": 0.1513567715883255, "acc": 0.9399574995040894, "length": 5.0, "mode": "train", "epoch": 58}
{"loss": 0.15722393989562988, "acc": 0.9400320649147034, "length": 5.0, "mode": "test", "epoch": 58}
{"loss": 0.1515696942806244, "acc": 0.9402175545692444, "length": 5.0, "mode": "train", "epoch": 59}
{"loss": 0.15672606229782104, "acc": 0.9399775266647339, "length": 5.0, "mode": "test", "epoch": 59}
{"loss": 0.15127503871917725, "acc": 0.9403698444366455, "length": 5.0, "mode": "train", "epoch": 60}
{"loss": 0.15273387730121613, "acc": 0.9411783218383789, "length": 5.0, "mode": "test", "epoch": 60}
test accuracy: 0.9240689277648926
