ndevices 0
# ["--attributes=4", "--values=8", "--game_size=10", "--vocab_size_factor=3", "--n_epochs=60", "--batch_size=64", "--learning_rate=0.0005", "--speaker_hidden_size=256", "--temp_update=0.97", "--temperature=1"]
data loaded from: data/dim(4,8).ds
vocab size 28
message length 4
{"loss": 0.40378016233444214, "acc": 0.8125393390655518, "length": 4.9299702644348145, "mode": "train", "epoch": 1}
{"loss": 0.3113930821418762, "acc": 0.8765881657600403, "length": 5.0, "mode": "test", "epoch": 1}
{"loss": 0.2843787670135498, "acc": 0.8851994276046753, "length": 4.999885559082031, "mode": "train", "epoch": 2}
{"loss": 0.26713964343070984, "acc": 0.8918696045875549, "length": 5.0, "mode": "test", "epoch": 2}
{"loss": 0.24642957746982574, "acc": 0.9026629328727722, "length": 4.999968528747559, "mode": "train", "epoch": 3}
{"loss": 0.24005421996116638, "acc": 0.9061279296875, "length": 5.0, "mode": "test", "epoch": 3}
{"loss": 0.22293981909751892, "acc": 0.9144526124000549, "length": 4.9999895095825195, "mode": "train", "epoch": 4}
{"loss": 0.21296261250972748, "acc": 0.9210723638534546, "length": 5.0, "mode": "test", "epoch": 4}
{"loss": 0.2009776383638382, "acc": 0.9249258041381836, "length": 4.999991416931152, "mode": "train", "epoch": 5}
{"loss": 0.19859619438648224, "acc": 0.9263430237770081, "length": 5.0, "mode": "test", "epoch": 5}
{"loss": 0.19057567417621613, "acc": 0.929405927658081, "length": 4.999995231628418, "mode": "train", "epoch": 6}
{"loss": 0.19004368782043457, "acc": 0.930573582649231, "length": 5.0, "mode": "test", "epoch": 6}
{"loss": 0.1803925484418869, "acc": 0.9337476491928101, "length": 4.999999046325684, "mode": "train", "epoch": 7}
{"loss": 0.1761569082736969, "acc": 0.9356731176376343, "length": 5.0, "mode": "test", "epoch": 7}
{"loss": 0.18213440477848053, "acc": 0.934083878993988, "length": 4.999991416931152, "mode": "train", "epoch": 8}
{"loss": 0.1730138212442398, "acc": 0.9376369714736938, "length": 5.0, "mode": "test", "epoch": 8}
{"loss": 0.1688724160194397, "acc": 0.9384898543357849, "length": 5.0, "mode": "train", "epoch": 9}
{"loss": 0.17144113779067993, "acc": 0.9385797381401062, "length": 5.0, "mode": "test", "epoch": 9}
{"loss": 0.1658504754304886, "acc": 0.9399686455726624, "length": 5.0, "mode": "train", "epoch": 10}
{"loss": 0.1637839525938034, "acc": 0.9415271282196045, "length": 5.0, "mode": "test", "epoch": 10}
{"loss": 0.16419896483421326, "acc": 0.940294623374939, "length": 5.0, "mode": "train", "epoch": 11}
{"loss": 0.16616389155387878, "acc": 0.9403939247131348, "length": 5.0, "mode": "test", "epoch": 11}
{"loss": 0.1666179746389389, "acc": 0.939685583114624, "length": 5.0, "mode": "train", "epoch": 12}
{"loss": 0.16650234162807465, "acc": 0.9407748579978943, "length": 5.0, "mode": "test", "epoch": 12}
{"loss": 0.16297297179698944, "acc": 0.9412519931793213, "length": 5.0, "mode": "train", "epoch": 13}
{"loss": 0.16721093654632568, "acc": 0.9388635158538818, "length": 5.0, "mode": "test", "epoch": 13}
{"loss": 0.15970966219902039, "acc": 0.9429140686988831, "length": 5.0, "mode": "train", "epoch": 14}
{"loss": 0.16150003671646118, "acc": 0.9432727694511414, "length": 5.0, "mode": "test", "epoch": 14}
{"loss": 0.15598970651626587, "acc": 0.9441844820976257, "length": 5.0, "mode": "train", "epoch": 15}
{"loss": 0.1602218896150589, "acc": 0.943087637424469, "length": 5.0, "mode": "test", "epoch": 15}
{"loss": 0.158760204911232, "acc": 0.9431214332580566, "length": 5.0, "mode": "train", "epoch": 16}
{"loss": 0.16233794391155243, "acc": 0.9430896639823914, "length": 5.0, "mode": "test", "epoch": 16}
{"loss": 0.16181831061840057, "acc": 0.9416412711143494, "length": 5.0, "mode": "train", "epoch": 17}
{"loss": 0.1627310812473297, "acc": 0.9425684213638306, "length": 5.0, "mode": "test", "epoch": 17}
{"loss": 0.16036804020404816, "acc": 0.9428633451461792, "length": 5.0, "mode": "train", "epoch": 18}
{"loss": 0.15987728536128998, "acc": 0.9433240294456482, "length": 5.0, "mode": "test", "epoch": 18}
{"loss": 0.160421684384346, "acc": 0.9430959820747375, "length": 5.0, "mode": "train", "epoch": 19}
{"loss": 0.15764741599559784, "acc": 0.9445580244064331, "length": 5.0, "mode": "test", "epoch": 19}
{"loss": 0.15748421847820282, "acc": 0.9437653422355652, "length": 5.0, "mode": "train", "epoch": 20}
{"loss": 0.1588900238275528, "acc": 0.9445022940635681, "length": 5.0, "mode": "test", "epoch": 20}
{"loss": 0.1627841740846634, "acc": 0.9421888589859009, "length": 5.0, "mode": "train", "epoch": 21}
{"loss": 0.1652245819568634, "acc": 0.9413633346557617, "length": 5.0, "mode": "test", "epoch": 21}
{"loss": 0.16464772820472717, "acc": 0.9415435194969177, "length": 5.0, "mode": "train", "epoch": 22}
{"loss": 0.18189723789691925, "acc": 0.9358583092689514, "length": 5.0, "mode": "test", "epoch": 22}
{"loss": 0.16334910690784454, "acc": 0.9423383474349976, "length": 5.0, "mode": "train", "epoch": 23}
{"loss": 0.16690486669540405, "acc": 0.941380500793457, "length": 5.0, "mode": "test", "epoch": 23}
{"loss": 0.16133064031600952, "acc": 0.9432044625282288, "length": 5.0, "mode": "train", "epoch": 24}
{"loss": 0.1555812805891037, "acc": 0.9451605677604675, "length": 5.0, "mode": "test", "epoch": 24}
{"loss": 0.1536213904619217, "acc": 0.945622444152832, "length": 5.0, "mode": "train", "epoch": 25}
{"loss": 0.15717525780200958, "acc": 0.9461408853530884, "length": 5.0, "mode": "test", "epoch": 25}
{"loss": 0.1611231565475464, "acc": 0.9427721500396729, "length": 5.0, "mode": "train", "epoch": 26}
{"loss": 0.16204409301280975, "acc": 0.9429494142532349, "length": 5.0, "mode": "test", "epoch": 26}
{"loss": 0.15726815164089203, "acc": 0.9446293115615845, "length": 5.0, "mode": "train", "epoch": 27}
{"loss": 0.15794852375984192, "acc": 0.9450073838233948, "length": 5.0, "mode": "test", "epoch": 27}
{"loss": 0.15145906805992126, "acc": 0.9462602734565735, "length": 5.0, "mode": "train", "epoch": 28}
{"loss": 0.14977410435676575, "acc": 0.947756826877594, "length": 5.0, "mode": "test", "epoch": 28}
{"loss": 0.1533646285533905, "acc": 0.9457066655158997, "length": 5.0, "mode": "train", "epoch": 29}
{"loss": 0.15461039543151855, "acc": 0.9458699822425842, "length": 5.0, "mode": "test", "epoch": 29}
{"loss": 0.15519775450229645, "acc": 0.9449279308319092, "length": 5.0, "mode": "train", "epoch": 30}
{"loss": 0.15835583209991455, "acc": 0.9437575340270996, "length": 5.0, "mode": "test", "epoch": 30}
{"loss": 0.1561611294746399, "acc": 0.9445837140083313, "length": 5.0, "mode": "train", "epoch": 31}
{"loss": 0.15643401443958282, "acc": 0.945446252822876, "length": 5.0, "mode": "test", "epoch": 31}
{"loss": 0.1531701385974884, "acc": 0.945861279964447, "length": 5.0, "mode": "train", "epoch": 32}
{"loss": 0.1567881554365158, "acc": 0.9460797905921936, "length": 5.0, "mode": "test", "epoch": 32}
{"loss": 0.15650692582130432, "acc": 0.9443106651306152, "length": 5.0, "mode": "train", "epoch": 33}
{"loss": 0.1609288454055786, "acc": 0.9431420564651489, "length": 5.0, "mode": "test", "epoch": 33}
{"loss": 0.15678921341896057, "acc": 0.9441901445388794, "length": 5.0, "mode": "train", "epoch": 34}
{"loss": 0.15989458560943604, "acc": 0.9442325830459595, "length": 5.0, "mode": "test", "epoch": 34}
{"loss": 0.15669654309749603, "acc": 0.9439939856529236, "length": 5.0, "mode": "train", "epoch": 35}
{"loss": 0.1598312109708786, "acc": 0.9428253769874573, "length": 5.0, "mode": "test", "epoch": 35}
{"loss": 0.1540646106004715, "acc": 0.9451003074645996, "length": 5.0, "mode": "train", "epoch": 36}
{"loss": 0.15324623882770538, "acc": 0.9458325505256653, "length": 5.0, "mode": "test", "epoch": 36}
{"loss": 0.15467271208763123, "acc": 0.9449399709701538, "length": 5.0, "mode": "train", "epoch": 37}
{"loss": 0.15499886870384216, "acc": 0.9461290240287781, "length": 5.0, "mode": "test", "epoch": 37}
{"loss": 0.15235041081905365, "acc": 0.9458982944488525, "length": 5.0, "mode": "train", "epoch": 38}
{"loss": 0.15609952807426453, "acc": 0.9453949332237244, "length": 5.0, "mode": "test", "epoch": 38}
{"loss": 0.16188296675682068, "acc": 0.9414692521095276, "length": 5.0, "mode": "train", "epoch": 39}
{"loss": 0.15945468842983246, "acc": 0.9437671303749084, "length": 5.0, "mode": "test", "epoch": 39}
{"loss": 0.15555259585380554, "acc": 0.9446678757667542, "length": 5.0, "mode": "train", "epoch": 40}
{"loss": 0.1557438224554062, "acc": 0.9454302191734314, "length": 5.0, "mode": "test", "epoch": 40}
{"loss": 0.15315008163452148, "acc": 0.9457722902297974, "length": 5.0, "mode": "train", "epoch": 41}
{"loss": 0.15253692865371704, "acc": 0.9474069476127625, "length": 5.0, "mode": "test", "epoch": 41}
{"loss": 0.14769241213798523, "acc": 0.9479402899742126, "length": 5.0, "mode": "train", "epoch": 42}
{"loss": 0.15052065253257751, "acc": 0.9477654695510864, "length": 5.0, "mode": "test", "epoch": 42}
{"loss": 0.15214994549751282, "acc": 0.9464173316955566, "length": 5.0, "mode": "train", "epoch": 43}
{"loss": 0.15325424075126648, "acc": 0.9464083909988403, "length": 5.0, "mode": "test", "epoch": 43}
{"loss": 0.14951995015144348, "acc": 0.9471489787101746, "length": 5.0, "mode": "train", "epoch": 44}
{"loss": 0.15071561932563782, "acc": 0.9473254680633545, "length": 5.0, "mode": "test", "epoch": 44}
{"loss": 0.15067660808563232, "acc": 0.9467995762825012, "length": 5.0, "mode": "train", "epoch": 45}
{"loss": 0.15234516561031342, "acc": 0.946478009223938, "length": 5.0, "mode": "test", "epoch": 45}
{"loss": 0.15287970006465912, "acc": 0.9453931450843811, "length": 5.0, "mode": "train", "epoch": 46}
{"loss": 0.15541724860668182, "acc": 0.9444947838783264, "length": 5.0, "mode": "test", "epoch": 46}
{"loss": 0.14901378750801086, "acc": 0.9467950463294983, "length": 5.0, "mode": "train", "epoch": 47}
{"loss": 0.1514202505350113, "acc": 0.9469980001449585, "length": 5.0, "mode": "test", "epoch": 47}
{"loss": 0.15465892851352692, "acc": 0.9447271823883057, "length": 5.0, "mode": "train", "epoch": 48}
{"loss": 0.15609508752822876, "acc": 0.9447764158248901, "length": 5.0, "mode": "test", "epoch": 48}
{"loss": 0.15273237228393555, "acc": 0.9454078674316406, "length": 5.0, "mode": "train", "epoch": 49}
{"loss": 0.16075444221496582, "acc": 0.9439587593078613, "length": 5.0, "mode": "test", "epoch": 49}
{"loss": 0.15293927490711212, "acc": 0.945614218711853, "length": 5.0, "mode": "train", "epoch": 50}
{"loss": 0.14985164999961853, "acc": 0.9475685358047485, "length": 5.0, "mode": "test", "epoch": 50}
{"loss": 0.15202240645885468, "acc": 0.9458265900611877, "length": 5.0, "mode": "train", "epoch": 51}
{"loss": 0.15682770311832428, "acc": 0.9454601407051086, "length": 5.0, "mode": "test", "epoch": 51}
{"loss": 0.15191102027893066, "acc": 0.94648677110672, "length": 5.0, "mode": "train", "epoch": 52}
{"loss": 0.156877338886261, "acc": 0.945477306842804, "length": 5.0, "mode": "test", "epoch": 52}
{"loss": 0.1491367667913437, "acc": 0.9474072456359863, "length": 5.0, "mode": "train", "epoch": 53}
{"loss": 0.15300357341766357, "acc": 0.9465721845626831, "length": 5.0, "mode": "test", "epoch": 53}
{"loss": 0.149217426776886, "acc": 0.9474037289619446, "length": 5.0, "mode": "train", "epoch": 54}
{"loss": 0.16301091015338898, "acc": 0.9432908892631531, "length": 5.0, "mode": "test", "epoch": 54}
{"loss": 0.14668604731559753, "acc": 0.948214054107666, "length": 5.0, "mode": "train", "epoch": 55}
{"loss": 0.1492880880832672, "acc": 0.9471949934959412, "length": 5.0, "mode": "test", "epoch": 55}
{"loss": 0.1453419178724289, "acc": 0.948340117931366, "length": 5.0, "mode": "train", "epoch": 56}
{"loss": 0.1450105607509613, "acc": 0.9493675827980042, "length": 5.0, "mode": "test", "epoch": 56}
{"loss": 0.14492766559123993, "acc": 0.9488716721534729, "length": 5.0, "mode": "train", "epoch": 57}
{"loss": 0.14527468383312225, "acc": 0.9493675827980042, "length": 5.0, "mode": "test", "epoch": 57}
{"loss": 0.14391671121120453, "acc": 0.9490374326705933, "length": 5.0, "mode": "train", "epoch": 58}
{"loss": 0.1443098932504654, "acc": 0.9496950507164001, "length": 5.0, "mode": "test", "epoch": 58}
{"loss": 0.14412614703178406, "acc": 0.9489544034004211, "length": 5.0, "mode": "train", "epoch": 59}
{"loss": 0.14686450362205505, "acc": 0.9486557841300964, "length": 5.0, "mode": "test", "epoch": 59}
{"loss": 0.14468632638454437, "acc": 0.9485530853271484, "length": 5.0, "mode": "train", "epoch": 60}
{"loss": 0.14579445123672485, "acc": 0.9492315649986267, "length": 5.0, "mode": "test", "epoch": 60}
test accuracy: 0.9463233351707458
