ndevices 0
# ["--attributes=4", "--values=8", "--game_size=10", "--vocab_size_factor=3", "--n_epochs=60", "--batch_size=64", "--learning_rate=0.0005", "--speaker_hidden_size=256", "--temp_update=0.97", "--temperature=1.5"]
data loaded from: data/dim(4,8).ds
vocab size 28
message length 4
{"loss": 0.37630367279052734, "acc": 0.8258627653121948, "length": 4.880473613739014, "mode": "train", "epoch": 1}
{"loss": 0.3070220649242401, "acc": 0.8644628524780273, "length": 5.0, "mode": "test", "epoch": 1}
{"loss": 0.23599736392498016, "acc": 0.9070131778717041, "length": 4.999716281890869, "mode": "train", "epoch": 2}
{"loss": 0.22792796790599823, "acc": 0.9094038605690002, "length": 5.0, "mode": "test", "epoch": 2}
{"loss": 0.18706753849983215, "acc": 0.930647611618042, "length": 4.999913692474365, "mode": "train", "epoch": 3}
{"loss": 0.20306971669197083, "acc": 0.9178884625434875, "length": 5.0, "mode": "test", "epoch": 3}
{"loss": 0.16237017512321472, "acc": 0.940950334072113, "length": 4.999981880187988, "mode": "train", "epoch": 4}
{"loss": 0.1842903047800064, "acc": 0.9267669320106506, "length": 5.0, "mode": "test", "epoch": 4}
{"loss": 0.14314982295036316, "acc": 0.9504597187042236, "length": 4.999998092651367, "mode": "train", "epoch": 5}
{"loss": 0.16545158624649048, "acc": 0.9376220703125, "length": 5.0, "mode": "test", "epoch": 5}
{"loss": 0.13025212287902832, "acc": 0.9561580419540405, "length": 5.0, "mode": "train", "epoch": 6}
{"loss": 0.14724111557006836, "acc": 0.9476669430732727, "length": 5.0, "mode": "test", "epoch": 6}
{"loss": 0.12387968599796295, "acc": 0.9586662650108337, "length": 5.0, "mode": "train", "epoch": 7}
{"loss": 0.1383643001317978, "acc": 0.9520355463027954, "length": 5.0, "mode": "test", "epoch": 7}
{"loss": 0.1159449964761734, "acc": 0.9617916345596313, "length": 5.0, "mode": "train", "epoch": 8}
{"loss": 0.1405402570962906, "acc": 0.9499260783195496, "length": 5.0, "mode": "test", "epoch": 8}
{"loss": 0.1094389408826828, "acc": 0.9647771716117859, "length": 5.0, "mode": "train", "epoch": 9}
{"loss": 0.12367893010377884, "acc": 0.9585070610046387, "length": 5.0, "mode": "test", "epoch": 9}
{"loss": 0.10575408488512039, "acc": 0.9662800431251526, "length": 5.0, "mode": "train", "epoch": 10}
{"loss": 0.12031947076320648, "acc": 0.9600512981414795, "length": 5.0, "mode": "test", "epoch": 10}
{"loss": 0.1043851375579834, "acc": 0.9667196273803711, "length": 5.0, "mode": "train", "epoch": 11}
{"loss": 0.11704817414283752, "acc": 0.9618792533874512, "length": 5.0, "mode": "test", "epoch": 11}
{"loss": 0.10396948456764221, "acc": 0.9667260646820068, "length": 5.0, "mode": "train", "epoch": 12}
{"loss": 0.1181660071015358, "acc": 0.9609525203704834, "length": 5.0, "mode": "test", "epoch": 12}
{"loss": 0.10128122568130493, "acc": 0.9675319790840149, "length": 5.0, "mode": "train", "epoch": 13}
{"loss": 0.11280158907175064, "acc": 0.9634717106819153, "length": 5.0, "mode": "test", "epoch": 13}
{"loss": 0.10040835291147232, "acc": 0.9678236842155457, "length": 5.0, "mode": "train", "epoch": 14}
{"loss": 0.10498831421136856, "acc": 0.9662018418312073, "length": 5.0, "mode": "test", "epoch": 14}
{"loss": 0.10195747762918472, "acc": 0.9672647714614868, "length": 5.0, "mode": "train", "epoch": 15}
{"loss": 0.1084308996796608, "acc": 0.9656411409378052, "length": 5.0, "mode": "test", "epoch": 15}
{"loss": 0.1051122322678566, "acc": 0.9655106067657471, "length": 5.0, "mode": "train", "epoch": 16}
{"loss": 0.115667425096035, "acc": 0.9609396457672119, "length": 5.0, "mode": "test", "epoch": 16}
{"loss": 0.10367363691329956, "acc": 0.9665632843971252, "length": 5.0, "mode": "train", "epoch": 17}
{"loss": 0.11667798459529877, "acc": 0.9619680643081665, "length": 5.0, "mode": "test", "epoch": 17}
{"loss": 0.10005401819944382, "acc": 0.9680497646331787, "length": 5.0, "mode": "train", "epoch": 18}
{"loss": 0.11092197149991989, "acc": 0.9627386331558228, "length": 5.0, "mode": "test", "epoch": 18}
{"loss": 0.09919973462820053, "acc": 0.968517541885376, "length": 5.0, "mode": "train", "epoch": 19}
{"loss": 0.10662610083818436, "acc": 0.9652247428894043, "length": 5.0, "mode": "test", "epoch": 19}
{"loss": 0.09530211985111237, "acc": 0.9700700640678406, "length": 5.0, "mode": "train", "epoch": 20}
{"loss": 0.09923073649406433, "acc": 0.9687960147857666, "length": 5.0, "mode": "test", "epoch": 20}
{"loss": 0.10157588124275208, "acc": 0.9679863452911377, "length": 5.0, "mode": "train", "epoch": 21}
{"loss": 0.10812222212553024, "acc": 0.9657062888145447, "length": 5.0, "mode": "test", "epoch": 21}
{"loss": 0.09912681579589844, "acc": 0.9688474535942078, "length": 5.0, "mode": "train", "epoch": 22}
{"loss": 0.11169632524251938, "acc": 0.9639929533004761, "length": 5.0, "mode": "test", "epoch": 22}
{"loss": 0.10101441293954849, "acc": 0.9682835936546326, "length": 5.0, "mode": "train", "epoch": 23}
{"loss": 0.10277523100376129, "acc": 0.9681398868560791, "length": 5.0, "mode": "test", "epoch": 23}
{"loss": 0.09670209884643555, "acc": 0.9703051447868347, "length": 5.0, "mode": "train", "epoch": 24}
{"loss": 0.10310634225606918, "acc": 0.9683614373207092, "length": 5.0, "mode": "test", "epoch": 24}
{"loss": 0.09383562207221985, "acc": 0.9714046716690063, "length": 5.0, "mode": "train", "epoch": 25}
{"loss": 0.09409545361995697, "acc": 0.9717487692832947, "length": 5.0, "mode": "test", "epoch": 25}
{"loss": 0.09341008961200714, "acc": 0.9715162515640259, "length": 5.0, "mode": "train", "epoch": 26}
{"loss": 0.09679277241230011, "acc": 0.970703125, "length": 5.0, "mode": "test", "epoch": 26}
{"loss": 0.0924239307641983, "acc": 0.9718113541603088, "length": 5.0, "mode": "train", "epoch": 27}
{"loss": 0.09929372370243073, "acc": 0.9694007635116577, "length": 5.0, "mode": "test", "epoch": 27}
{"loss": 0.09234179556369781, "acc": 0.9719282984733582, "length": 5.0, "mode": "train", "epoch": 28}
{"loss": 0.0968032032251358, "acc": 0.9711204767227173, "length": 5.0, "mode": "test", "epoch": 28}
{"loss": 0.09843023866415024, "acc": 0.9696112871170044, "length": 5.0, "mode": "train", "epoch": 29}
{"loss": 0.10184852033853531, "acc": 0.9686557650566101, "length": 5.0, "mode": "test", "epoch": 29}
{"loss": 0.09569462388753891, "acc": 0.9706223011016846, "length": 5.0, "mode": "train", "epoch": 30}
{"loss": 0.10312424600124359, "acc": 0.9684150815010071, "length": 5.0, "mode": "test", "epoch": 30}
{"loss": 0.09691569954156876, "acc": 0.9701613187789917, "length": 5.0, "mode": "train", "epoch": 31}
{"loss": 0.09524688869714737, "acc": 0.9711589813232422, "length": 5.0, "mode": "test", "epoch": 31}
{"loss": 0.0935673713684082, "acc": 0.9712886214256287, "length": 5.0, "mode": "train", "epoch": 32}
{"loss": 0.10578428208827972, "acc": 0.9673105478286743, "length": 5.0, "mode": "test", "epoch": 32}
{"loss": 0.0977470651268959, "acc": 0.9700760841369629, "length": 5.0, "mode": "train", "epoch": 33}
{"loss": 0.11698729544878006, "acc": 0.9632470607757568, "length": 5.0, "mode": "test", "epoch": 33}
{"loss": 0.10065769404172897, "acc": 0.9687332510948181, "length": 5.0, "mode": "train", "epoch": 34}
{"loss": 0.10512786358594894, "acc": 0.9675503373146057, "length": 5.0, "mode": "test", "epoch": 34}
{"loss": 0.0966515764594078, "acc": 0.970361590385437, "length": 5.0, "mode": "train", "epoch": 35}
{"loss": 0.0937042236328125, "acc": 0.9716898202896118, "length": 5.0, "mode": "test", "epoch": 35}
{"loss": 0.09351570159196854, "acc": 0.9715879559516907, "length": 5.0, "mode": "train", "epoch": 36}
{"loss": 0.09368501603603363, "acc": 0.9720301628112793, "length": 5.0, "mode": "test", "epoch": 36}
{"loss": 0.09165925532579422, "acc": 0.9721665382385254, "length": 5.0, "mode": "train", "epoch": 37}
{"loss": 0.09117233753204346, "acc": 0.9728659391403198, "length": 5.0, "mode": "test", "epoch": 37}
{"loss": 0.09384777396917343, "acc": 0.9713727831840515, "length": 5.0, "mode": "train", "epoch": 38}
{"loss": 0.09408869594335556, "acc": 0.9713398814201355, "length": 5.0, "mode": "test", "epoch": 38}
{"loss": 0.09820064902305603, "acc": 0.9695702791213989, "length": 5.0, "mode": "train", "epoch": 39}
{"loss": 0.10266196727752686, "acc": 0.9686985611915588, "length": 5.0, "mode": "test", "epoch": 39}
{"loss": 0.10138380527496338, "acc": 0.9685685038566589, "length": 5.0, "mode": "train", "epoch": 40}
{"loss": 0.09864737838506699, "acc": 0.9700493216514587, "length": 5.0, "mode": "test", "epoch": 40}
{"loss": 0.09593436866998672, "acc": 0.9705559015274048, "length": 5.0, "mode": "train", "epoch": 41}
{"loss": 0.10341601073741913, "acc": 0.9686623215675354, "length": 5.0, "mode": "test", "epoch": 41}
{"loss": 0.09324728697538376, "acc": 0.9715655446052551, "length": 5.0, "mode": "train", "epoch": 42}
{"loss": 0.09051787853240967, "acc": 0.9730008244514465, "length": 5.0, "mode": "test", "epoch": 42}
{"loss": 0.1130174770951271, "acc": 0.9633805155754089, "length": 5.0, "mode": "train", "epoch": 43}
{"loss": 0.11503356695175171, "acc": 0.9624990224838257, "length": 5.0, "mode": "test", "epoch": 43}
{"loss": 0.1039046198129654, "acc": 0.9669649600982666, "length": 5.0, "mode": "train", "epoch": 44}
{"loss": 0.10442283004522324, "acc": 0.9673715233802795, "length": 5.0, "mode": "test", "epoch": 44}
{"loss": 0.1017933189868927, "acc": 0.967944324016571, "length": 5.0, "mode": "train", "epoch": 45}
{"loss": 0.12036039680242538, "acc": 0.960911750793457, "length": 5.0, "mode": "test", "epoch": 45}
{"loss": 0.09911510348320007, "acc": 0.9690115451812744, "length": 5.0, "mode": "train", "epoch": 46}
{"loss": 0.09904958307743073, "acc": 0.9693911075592041, "length": 5.0, "mode": "test", "epoch": 46}
{"loss": 0.09332006424665451, "acc": 0.9712986946105957, "length": 5.0, "mode": "train", "epoch": 47}
{"loss": 0.093961700797081, "acc": 0.9717862010002136, "length": 5.0, "mode": "test", "epoch": 47}
{"loss": 0.09086810052394867, "acc": 0.9721352458000183, "length": 5.0, "mode": "train", "epoch": 48}
{"loss": 0.0911409854888916, "acc": 0.9725674390792847, "length": 5.0, "mode": "test", "epoch": 48}
{"loss": 0.09011073410511017, "acc": 0.9724648594856262, "length": 5.0, "mode": "train", "epoch": 49}
{"loss": 0.09878376126289368, "acc": 0.9694969654083252, "length": 5.0, "mode": "test", "epoch": 49}
{"loss": 0.09444773942232132, "acc": 0.9705895185470581, "length": 5.0, "mode": "train", "epoch": 50}
{"loss": 0.09795452654361725, "acc": 0.969982922077179, "length": 5.0, "mode": "test", "epoch": 50}
{"loss": 0.09704366326332092, "acc": 0.9697347283363342, "length": 5.0, "mode": "train", "epoch": 51}
{"loss": 0.09887132048606873, "acc": 0.9695185422897339, "length": 5.0, "mode": "test", "epoch": 51}
{"loss": 0.09502223134040833, "acc": 0.9702790379524231, "length": 5.0, "mode": "train", "epoch": 52}
{"loss": 0.10108895599842072, "acc": 0.9690699577331543, "length": 5.0, "mode": "test", "epoch": 52}
{"loss": 0.0907580703496933, "acc": 0.9721910953521729, "length": 5.0, "mode": "train", "epoch": 53}
{"loss": 0.0920059010386467, "acc": 0.9722111225128174, "length": 5.0, "mode": "test", "epoch": 53}
{"loss": 0.09108936786651611, "acc": 0.971960723400116, "length": 5.0, "mode": "train", "epoch": 54}
{"loss": 0.09019682556390762, "acc": 0.9727429747581482, "length": 5.0, "mode": "test", "epoch": 54}
{"loss": 0.09009761363267899, "acc": 0.9724944233894348, "length": 5.0, "mode": "train", "epoch": 55}
{"loss": 0.09563746303319931, "acc": 0.9709706902503967, "length": 5.0, "mode": "test", "epoch": 55}
{"loss": 0.0953652560710907, "acc": 0.970350444316864, "length": 5.0, "mode": "train", "epoch": 56}
{"loss": 0.10923678427934647, "acc": 0.9655137062072754, "length": 5.0, "mode": "test", "epoch": 56}
{"loss": 0.09910450130701065, "acc": 0.9687567949295044, "length": 5.0, "mode": "train", "epoch": 57}
{"loss": 0.09602081775665283, "acc": 0.9709246158599854, "length": 5.0, "mode": "test", "epoch": 57}
{"loss": 0.09071982651948929, "acc": 0.9721006751060486, "length": 5.0, "mode": "train", "epoch": 58}
{"loss": 0.0915558710694313, "acc": 0.9721361398696899, "length": 5.0, "mode": "test", "epoch": 58}
{"loss": 0.08791153132915497, "acc": 0.9732471108436584, "length": 5.0, "mode": "train", "epoch": 59}
{"loss": 0.08994278311729431, "acc": 0.9731388688087463, "length": 5.0, "mode": "test", "epoch": 59}
{"loss": 0.08982491493225098, "acc": 0.9723849296569824, "length": 5.0, "mode": "train", "epoch": 60}
{"loss": 0.08969934284687042, "acc": 0.9728595614433289, "length": 5.0, "mode": "test", "epoch": 60}
test accuracy: 0.9713955521583557
