ndevices 0
# ["--attributes=4", "--values=8", "--game_size=10", "--vocab_size_factor=3", "--n_epochs=60", "--batch_size=64", "--learning_rate=0.0005", "--speaker_hidden_size=256", "--temp_update=0.97", "--temperature=2"]
data loaded from: data/dim(4,8).ds
vocab size 28
message length 4
{"loss": 0.40311482548713684, "acc": 0.8105313777923584, "length": 4.929910182952881, "mode": "train", "epoch": 1}
{"loss": 0.36626359820365906, "acc": 0.8361878991127014, "length": 5.0, "mode": "test", "epoch": 1}
{"loss": 0.27937015891075134, "acc": 0.8861810564994812, "length": 4.999858856201172, "mode": "train", "epoch": 2}
{"loss": 0.2985813021659851, "acc": 0.8750749230384827, "length": 5.0, "mode": "test", "epoch": 2}
{"loss": 0.24044066667556763, "acc": 0.9032914638519287, "length": 4.99997615814209, "mode": "train", "epoch": 3}
{"loss": 0.25101524591445923, "acc": 0.8978886008262634, "length": 5.0, "mode": "test", "epoch": 3}
{"loss": 0.2213815301656723, "acc": 0.9108026623725891, "length": 4.99999475479126, "mode": "train", "epoch": 4}
{"loss": 0.24227984249591827, "acc": 0.901495099067688, "length": 5.0, "mode": "test", "epoch": 4}
{"loss": 0.20686911046504974, "acc": 0.9182495474815369, "length": 4.999999523162842, "mode": "train", "epoch": 5}
{"loss": 0.21926303207874298, "acc": 0.9120270013809204, "length": 5.0, "mode": "test", "epoch": 5}
{"loss": 0.1959371417760849, "acc": 0.9245716333389282, "length": 5.0, "mode": "train", "epoch": 6}
{"loss": 0.20718030631542206, "acc": 0.9207406044006348, "length": 5.0, "mode": "test", "epoch": 6}
{"loss": 0.18452851474285126, "acc": 0.9305014610290527, "length": 5.0, "mode": "train", "epoch": 7}
{"loss": 0.20871807634830475, "acc": 0.9198694229125977, "length": 5.0, "mode": "test", "epoch": 7}
{"loss": 0.1757003366947174, "acc": 0.9352660179138184, "length": 5.0, "mode": "train", "epoch": 8}
{"loss": 0.19444504380226135, "acc": 0.9275052547454834, "length": 5.0, "mode": "test", "epoch": 8}
{"loss": 0.17148828506469727, "acc": 0.9377571940422058, "length": 5.0, "mode": "train", "epoch": 9}
{"loss": 0.21414883434772491, "acc": 0.920830488204956, "length": 5.0, "mode": "test", "epoch": 9}
{"loss": 0.16858594119548798, "acc": 0.9397166967391968, "length": 5.0, "mode": "train", "epoch": 10}
{"loss": 0.17607159912586212, "acc": 0.9367445111274719, "length": 5.0, "mode": "test", "epoch": 10}
{"loss": 0.15581610798835754, "acc": 0.9447050094604492, "length": 5.0, "mode": "train", "epoch": 11}
{"loss": 0.1738799661397934, "acc": 0.9370558857917786, "length": 5.0, "mode": "test", "epoch": 11}
{"loss": 0.1548718363046646, "acc": 0.9453206658363342, "length": 5.0, "mode": "train", "epoch": 12}
{"loss": 0.194353386759758, "acc": 0.9288281798362732, "length": 5.0, "mode": "test", "epoch": 12}
{"loss": 0.15787968039512634, "acc": 0.9436667561531067, "length": 5.0, "mode": "train", "epoch": 13}
{"loss": 0.17297033965587616, "acc": 0.9375770688056946, "length": 5.0, "mode": "test", "epoch": 13}
{"loss": 0.15115684270858765, "acc": 0.946771502494812, "length": 5.0, "mode": "train", "epoch": 14}
{"loss": 0.16358117759227753, "acc": 0.9427355527877808, "length": 5.0, "mode": "test", "epoch": 14}
{"loss": 0.14662176370620728, "acc": 0.9484278559684753, "length": 5.0, "mode": "train", "epoch": 15}
{"loss": 0.16021835803985596, "acc": 0.9439693689346313, "length": 5.0, "mode": "test", "epoch": 15}
{"loss": 0.1463266909122467, "acc": 0.9484178423881531, "length": 5.0, "mode": "train", "epoch": 16}
{"loss": 0.15474270284175873, "acc": 0.9463173151016235, "length": 5.0, "mode": "test", "epoch": 16}
{"loss": 0.14640186727046967, "acc": 0.9481627941131592, "length": 5.0, "mode": "train", "epoch": 17}
{"loss": 0.15231244266033173, "acc": 0.9477011561393738, "length": 5.0, "mode": "test", "epoch": 17}
{"loss": 0.14210565388202667, "acc": 0.9497765898704529, "length": 5.0, "mode": "train", "epoch": 18}
{"loss": 0.15331561863422394, "acc": 0.9464693069458008, "length": 5.0, "mode": "test", "epoch": 18}
{"loss": 0.13886716961860657, "acc": 0.9510680437088013, "length": 5.0, "mode": "train", "epoch": 19}
{"loss": 0.14814214408397675, "acc": 0.9484984278678894, "length": 5.0, "mode": "test", "epoch": 19}
{"loss": 0.13926765322685242, "acc": 0.9511275887489319, "length": 5.0, "mode": "train", "epoch": 20}
{"loss": 0.14871148765087128, "acc": 0.9487724304199219, "length": 5.0, "mode": "test", "epoch": 20}
{"loss": 0.15368840098381042, "acc": 0.9457045197486877, "length": 5.0, "mode": "train", "epoch": 21}
{"loss": 0.15798154473304749, "acc": 0.9454045295715332, "length": 5.0, "mode": "test", "epoch": 21}
{"loss": 0.14051902294158936, "acc": 0.9512368440628052, "length": 5.0, "mode": "train", "epoch": 22}
{"loss": 0.14526256918907166, "acc": 0.9504098296165466, "length": 5.0, "mode": "test", "epoch": 22}
{"loss": 0.1346243917942047, "acc": 0.9536536335945129, "length": 5.0, "mode": "train", "epoch": 23}
{"loss": 0.1443426012992859, "acc": 0.951566755771637, "length": 5.0, "mode": "test", "epoch": 23}
{"loss": 0.13361409306526184, "acc": 0.9541448354721069, "length": 5.0, "mode": "train", "epoch": 24}
{"loss": 0.1421935260295868, "acc": 0.9520525932312012, "length": 5.0, "mode": "test", "epoch": 24}
{"loss": 0.12900641560554504, "acc": 0.9559991955757141, "length": 5.0, "mode": "train", "epoch": 25}
{"loss": 0.13495409488677979, "acc": 0.954852283000946, "length": 5.0, "mode": "test", "epoch": 25}
{"loss": 0.1261637955904007, "acc": 0.9574233293533325, "length": 5.0, "mode": "train", "epoch": 26}
{"loss": 0.13264235854148865, "acc": 0.9570258855819702, "length": 5.0, "mode": "test", "epoch": 26}
{"loss": 0.12419024109840393, "acc": 0.9583954811096191, "length": 5.0, "mode": "train", "epoch": 27}
{"loss": 0.13266216218471527, "acc": 0.9563751816749573, "length": 5.0, "mode": "test", "epoch": 27}
{"loss": 0.12108327448368073, "acc": 0.9599986672401428, "length": 5.0, "mode": "train", "epoch": 28}
{"loss": 0.12638670206069946, "acc": 0.9592990279197693, "length": 5.0, "mode": "test", "epoch": 28}
{"loss": 0.11857568472623825, "acc": 0.9610737562179565, "length": 5.0, "mode": "train", "epoch": 29}
{"loss": 0.12609465420246124, "acc": 0.9593151211738586, "length": 5.0, "mode": "test", "epoch": 29}
{"loss": 0.11786628514528275, "acc": 0.9614434838294983, "length": 5.0, "mode": "train", "epoch": 30}
{"loss": 0.12181741744279861, "acc": 0.9607769846916199, "length": 5.0, "mode": "test", "epoch": 30}
{"loss": 0.11628961563110352, "acc": 0.9620541334152222, "length": 5.0, "mode": "train", "epoch": 31}
{"loss": 0.12166956067085266, "acc": 0.9610038995742798, "length": 5.0, "mode": "test", "epoch": 31}
{"loss": 0.11318222433328629, "acc": 0.9634296894073486, "length": 5.0, "mode": "train", "epoch": 32}
{"loss": 0.11799252778291702, "acc": 0.9631174802780151, "length": 5.0, "mode": "test", "epoch": 32}
{"loss": 0.1154273971915245, "acc": 0.9628115296363831, "length": 5.0, "mode": "train", "epoch": 33}
{"loss": 0.11803328990936279, "acc": 0.9625866413116455, "length": 5.0, "mode": "test", "epoch": 33}
{"loss": 0.11199790239334106, "acc": 0.9642261266708374, "length": 5.0, "mode": "train", "epoch": 34}
{"loss": 0.11554130911827087, "acc": 0.9636621475219727, "length": 5.0, "mode": "test", "epoch": 34}
{"loss": 0.10972461104393005, "acc": 0.9649954438209534, "length": 5.0, "mode": "train", "epoch": 35}
{"loss": 0.1130521148443222, "acc": 0.9645569920539856, "length": 5.0, "mode": "test", "epoch": 35}
{"loss": 0.10874055325984955, "acc": 0.9655088186264038, "length": 5.0, "mode": "train", "epoch": 36}
{"loss": 0.11268097162246704, "acc": 0.9649444222450256, "length": 5.0, "mode": "test", "epoch": 36}
{"loss": 0.10842647403478622, "acc": 0.9656033515930176, "length": 5.0, "mode": "train", "epoch": 37}
{"loss": 0.1092795729637146, "acc": 0.9665421843528748, "length": 5.0, "mode": "test", "epoch": 37}
{"loss": 0.10746113210916519, "acc": 0.9662176966667175, "length": 5.0, "mode": "train", "epoch": 38}
{"loss": 0.10872169584035873, "acc": 0.9666866064071655, "length": 5.0, "mode": "test", "epoch": 38}
{"loss": 0.10805495083332062, "acc": 0.9662216305732727, "length": 5.0, "mode": "train", "epoch": 39}
{"loss": 0.10859300941228867, "acc": 0.9669713973999023, "length": 5.0, "mode": "test", "epoch": 39}
{"loss": 0.10574043542146683, "acc": 0.9666586518287659, "length": 5.0, "mode": "train", "epoch": 40}
{"loss": 0.112379290163517, "acc": 0.9650577902793884, "length": 5.0, "mode": "test", "epoch": 40}
{"loss": 0.1069074347615242, "acc": 0.9663421511650085, "length": 5.0, "mode": "train", "epoch": 41}
{"loss": 0.11484610289335251, "acc": 0.9637125730514526, "length": 5.0, "mode": "test", "epoch": 41}
{"loss": 0.10845060646533966, "acc": 0.9658784866333008, "length": 5.0, "mode": "train", "epoch": 42}
{"loss": 0.10997741669416428, "acc": 0.9663196206092834, "length": 5.0, "mode": "test", "epoch": 42}
{"loss": 0.1042412593960762, "acc": 0.967444121837616, "length": 5.0, "mode": "train", "epoch": 43}
{"loss": 0.12030664831399918, "acc": 0.963607668876648, "length": 5.0, "mode": "test", "epoch": 43}
{"loss": 0.11203862726688385, "acc": 0.964971125125885, "length": 5.0, "mode": "train", "epoch": 44}
{"loss": 0.10711116343736649, "acc": 0.9673126935958862, "length": 5.0, "mode": "test", "epoch": 44}
{"loss": 0.10576311498880386, "acc": 0.9671623110771179, "length": 5.0, "mode": "train", "epoch": 45}
{"loss": 0.10916871577501297, "acc": 0.9668620824813843, "length": 5.0, "mode": "test", "epoch": 45}
{"loss": 0.10508415848016739, "acc": 0.9674533605575562, "length": 5.0, "mode": "train", "epoch": 46}
{"loss": 0.10514890402555466, "acc": 0.968391478061676, "length": 5.0, "mode": "test", "epoch": 46}
{"loss": 0.1060185357928276, "acc": 0.966938316822052, "length": 5.0, "mode": "train", "epoch": 47}
{"loss": 0.10677874088287354, "acc": 0.9676240086555481, "length": 5.0, "mode": "test", "epoch": 47}
{"loss": 0.1025506779551506, "acc": 0.968285322189331, "length": 5.0, "mode": "train", "epoch": 48}
{"loss": 0.10246995836496353, "acc": 0.9693898558616638, "length": 5.0, "mode": "test", "epoch": 48}
{"loss": 0.10357341170310974, "acc": 0.9679135680198669, "length": 5.0, "mode": "train", "epoch": 49}
{"loss": 0.10405153036117554, "acc": 0.9687371850013733, "length": 5.0, "mode": "test", "epoch": 49}
{"loss": 0.10089585185050964, "acc": 0.9690019488334656, "length": 5.0, "mode": "train", "epoch": 50}
{"loss": 0.10503040254116058, "acc": 0.968494176864624, "length": 5.0, "mode": "test", "epoch": 50}
{"loss": 0.10154595226049423, "acc": 0.9686070680618286, "length": 5.0, "mode": "train", "epoch": 51}
{"loss": 0.10491203516721725, "acc": 0.9686183929443359, "length": 5.0, "mode": "test", "epoch": 51}
{"loss": 0.1017901599407196, "acc": 0.9686362743377686, "length": 5.0, "mode": "train", "epoch": 52}
{"loss": 0.10672056674957275, "acc": 0.9681817293167114, "length": 5.0, "mode": "test", "epoch": 52}
{"loss": 0.10010670125484467, "acc": 0.9692081809043884, "length": 5.0, "mode": "train", "epoch": 53}
{"loss": 0.10396828502416611, "acc": 0.9689704179763794, "length": 5.0, "mode": "test", "epoch": 53}
{"loss": 0.09959276020526886, "acc": 0.9693588018417358, "length": 5.0, "mode": "train", "epoch": 54}
{"loss": 0.10181576758623123, "acc": 0.9696832299232483, "length": 5.0, "mode": "test", "epoch": 54}
{"loss": 0.09807553887367249, "acc": 0.9699299335479736, "length": 5.0, "mode": "train", "epoch": 55}
{"loss": 0.10063348710536957, "acc": 0.9699240326881409, "length": 5.0, "mode": "test", "epoch": 55}
{"loss": 0.09762585908174515, "acc": 0.9700533151626587, "length": 5.0, "mode": "train", "epoch": 56}
{"loss": 0.10338462144136429, "acc": 0.9688430428504944, "length": 5.0, "mode": "test", "epoch": 56}
{"loss": 0.09990851581096649, "acc": 0.969133734703064, "length": 5.0, "mode": "train", "epoch": 57}
{"loss": 0.10595479607582092, "acc": 0.9676766395568848, "length": 5.0, "mode": "test", "epoch": 57}
{"loss": 0.1015264242887497, "acc": 0.9687083959579468, "length": 5.0, "mode": "train", "epoch": 58}
{"loss": 0.10015524923801422, "acc": 0.9704849123954773, "length": 5.0, "mode": "test", "epoch": 58}
{"loss": 0.09777166694402695, "acc": 0.9700500965118408, "length": 5.0, "mode": "train", "epoch": 59}
{"loss": 0.10041850060224533, "acc": 0.9703649878501892, "length": 5.0, "mode": "test", "epoch": 59}
{"loss": 0.09525709599256516, "acc": 0.9709815979003906, "length": 5.0, "mode": "train", "epoch": 60}
{"loss": 0.10102207958698273, "acc": 0.9697270393371582, "length": 5.0, "mode": "test", "epoch": 60}
test accuracy: 0.9675441384315491
