ndevices 0
# ["--attributes=4", "--values=8", "--game_size=10", "--vocab_size_factor=3", "--n_epochs=60", "--batch_size=64", "--learning_rate=0.0005", "--speaker_hidden_size=256", "--temp_update=0.99", "--temperature=1"]
data loaded from: data/dim(4,8).ds
vocab size 28
message length 4
{"loss": 0.4297671318054199, "acc": 0.7946804761886597, "length": 4.870935440063477, "mode": "train", "epoch": 1}
{"loss": 0.33007654547691345, "acc": 0.8630051016807556, "length": 5.0, "mode": "test", "epoch": 1}
{"loss": 0.3038433790206909, "acc": 0.8752855062484741, "length": 4.999950885772705, "mode": "train", "epoch": 2}
{"loss": 0.28619858622550964, "acc": 0.8862736225128174, "length": 5.0, "mode": "test", "epoch": 2}
{"loss": 0.27664679288864136, "acc": 0.8885331153869629, "length": 4.9999918937683105, "mode": "train", "epoch": 3}
{"loss": 0.2685661315917969, "acc": 0.8945001363754272, "length": 5.0, "mode": "test", "epoch": 3}
{"loss": 0.26596948504447937, "acc": 0.8933883309364319, "length": 4.999997138977051, "mode": "train", "epoch": 4}
{"loss": 0.2602502405643463, "acc": 0.8968707323074341, "length": 5.0, "mode": "test", "epoch": 4}
{"loss": 0.25623008608818054, "acc": 0.8973636031150818, "length": 4.999999046325684, "mode": "train", "epoch": 5}
{"loss": 0.25362247228622437, "acc": 0.8991994261741638, "length": 5.0, "mode": "test", "epoch": 5}
{"loss": 0.25107961893081665, "acc": 0.8996464014053345, "length": 5.0, "mode": "train", "epoch": 6}
{"loss": 0.25588467717170715, "acc": 0.8975748419761658, "length": 5.0, "mode": "test", "epoch": 6}
{"loss": 0.2439497709274292, "acc": 0.9028535485267639, "length": 5.0, "mode": "train", "epoch": 7}
{"loss": 0.24205800890922546, "acc": 0.9054079055786133, "length": 5.0, "mode": "test", "epoch": 7}
{"loss": 0.23746508359909058, "acc": 0.9063313603401184, "length": 4.999999523162842, "mode": "train", "epoch": 8}
{"loss": 0.23431621491909027, "acc": 0.9077515602111816, "length": 5.0, "mode": "test", "epoch": 8}
{"loss": 0.22941236197948456, "acc": 0.9102197289466858, "length": 5.0, "mode": "train", "epoch": 9}
{"loss": 0.22832846641540527, "acc": 0.9117465019226074, "length": 5.0, "mode": "test", "epoch": 9}
{"loss": 0.22649069130420685, "acc": 0.9118779301643372, "length": 5.0, "mode": "train", "epoch": 10}
{"loss": 0.22333185374736786, "acc": 0.9141234755516052, "length": 5.0, "mode": "test", "epoch": 10}
{"loss": 0.22140371799468994, "acc": 0.9133065938949585, "length": 5.0, "mode": "train", "epoch": 11}
{"loss": 0.2207299917936325, "acc": 0.9147912263870239, "length": 5.0, "mode": "test", "epoch": 11}
{"loss": 0.2203105390071869, "acc": 0.9138171076774597, "length": 5.0, "mode": "train", "epoch": 12}
{"loss": 0.2226245254278183, "acc": 0.9144853353500366, "length": 5.0, "mode": "test", "epoch": 12}
{"loss": 0.2185884267091751, "acc": 0.9142463803291321, "length": 5.0, "mode": "train", "epoch": 13}
{"loss": 0.22527875006198883, "acc": 0.9131922721862793, "length": 5.0, "mode": "test", "epoch": 13}
{"loss": 0.21754977107048035, "acc": 0.914804995059967, "length": 5.0, "mode": "train", "epoch": 14}
{"loss": 0.21913230419158936, "acc": 0.9152225852012634, "length": 5.0, "mode": "test", "epoch": 14}
{"loss": 0.21626421809196472, "acc": 0.9152088165283203, "length": 5.0, "mode": "train", "epoch": 15}
{"loss": 0.2151116579771042, "acc": 0.9166491627693176, "length": 5.0, "mode": "test", "epoch": 15}
{"loss": 0.21493838727474213, "acc": 0.9156540036201477, "length": 5.0, "mode": "train", "epoch": 16}
{"loss": 0.21588830649852753, "acc": 0.9162627458572388, "length": 5.0, "mode": "test", "epoch": 16}
{"loss": 0.21563032269477844, "acc": 0.9151867032051086, "length": 5.0, "mode": "train", "epoch": 17}
{"loss": 0.22164873778820038, "acc": 0.9125000238418579, "length": 5.0, "mode": "test", "epoch": 17}
{"loss": 0.21636176109313965, "acc": 0.9148805737495422, "length": 5.0, "mode": "train", "epoch": 18}
{"loss": 0.2143285870552063, "acc": 0.9168331623077393, "length": 5.0, "mode": "test", "epoch": 18}
{"loss": 0.2136683166027069, "acc": 0.9154478907585144, "length": 5.0, "mode": "train", "epoch": 19}
{"loss": 0.23122702538967133, "acc": 0.9086077213287354, "length": 5.0, "mode": "test", "epoch": 19}
{"loss": 0.21838681399822235, "acc": 0.9130975604057312, "length": 5.0, "mode": "train", "epoch": 20}
{"loss": 0.21712525188922882, "acc": 0.915683925151825, "length": 5.0, "mode": "test", "epoch": 20}
{"loss": 0.21201305091381073, "acc": 0.916140615940094, "length": 5.0, "mode": "train", "epoch": 21}
{"loss": 0.21354365348815918, "acc": 0.9166267514228821, "length": 5.0, "mode": "test", "epoch": 21}
{"loss": 0.2120358794927597, "acc": 0.9161213636398315, "length": 5.0, "mode": "train", "epoch": 22}
{"loss": 0.21207936108112335, "acc": 0.9169915914535522, "length": 5.0, "mode": "test", "epoch": 22}
{"loss": 0.21300150454044342, "acc": 0.9154549241065979, "length": 5.0, "mode": "train", "epoch": 23}
{"loss": 0.23129402101039886, "acc": 0.9088110327720642, "length": 5.0, "mode": "test", "epoch": 23}
{"loss": 0.22236359119415283, "acc": 0.9111320376396179, "length": 5.0, "mode": "train", "epoch": 24}
{"loss": 0.2230290025472641, "acc": 0.9129740595817566, "length": 5.0, "mode": "test", "epoch": 24}
{"loss": 0.21583986282348633, "acc": 0.9147417545318604, "length": 5.0, "mode": "train", "epoch": 25}
{"loss": 0.2153337597846985, "acc": 0.9167808294296265, "length": 5.0, "mode": "test", "epoch": 25}
{"loss": 0.21307682991027832, "acc": 0.9160531759262085, "length": 5.0, "mode": "train", "epoch": 26}
{"loss": 0.21628430485725403, "acc": 0.9163269996643066, "length": 5.0, "mode": "test", "epoch": 26}
{"loss": 0.2121427059173584, "acc": 0.9160636067390442, "length": 5.0, "mode": "train", "epoch": 27}
{"loss": 0.21252495050430298, "acc": 0.9171115756034851, "length": 5.0, "mode": "test", "epoch": 27}
{"loss": 0.2099486142396927, "acc": 0.9165608286857605, "length": 5.0, "mode": "train", "epoch": 28}
{"loss": 0.210676908493042, "acc": 0.9175856709480286, "length": 5.0, "mode": "test", "epoch": 28}
{"loss": 0.21196946501731873, "acc": 0.9157235026359558, "length": 5.0, "mode": "train", "epoch": 29}
{"loss": 0.21199792623519897, "acc": 0.9173256158828735, "length": 5.0, "mode": "test", "epoch": 29}
{"loss": 0.21116997301578522, "acc": 0.9157400727272034, "length": 5.0, "mode": "train", "epoch": 30}
{"loss": 0.21980836987495422, "acc": 0.9120152592658997, "length": 5.0, "mode": "test", "epoch": 30}
{"loss": 0.209391251206398, "acc": 0.9167031645774841, "length": 5.0, "mode": "train", "epoch": 31}
{"loss": 0.20896543562412262, "acc": 0.9192026853561401, "length": 5.0, "mode": "test", "epoch": 31}
{"loss": 0.20739062130451202, "acc": 0.9177377223968506, "length": 5.0, "mode": "train", "epoch": 32}
{"loss": 0.2162371724843979, "acc": 0.915979266166687, "length": 5.0, "mode": "test", "epoch": 32}
{"loss": 0.2066996991634369, "acc": 0.9183734059333801, "length": 5.0, "mode": "train", "epoch": 33}
{"loss": 0.21418648958206177, "acc": 0.9172569513320923, "length": 5.0, "mode": "test", "epoch": 33}
{"loss": 0.2053484320640564, "acc": 0.9189748167991638, "length": 5.0, "mode": "train", "epoch": 34}
{"loss": 0.21033914387226105, "acc": 0.9191352725028992, "length": 5.0, "mode": "test", "epoch": 34}
{"loss": 0.20251351594924927, "acc": 0.9203511476516724, "length": 5.0, "mode": "train", "epoch": 35}
{"loss": 0.20718717575073242, "acc": 0.9210948348045349, "length": 5.0, "mode": "test", "epoch": 35}
{"loss": 0.20057818293571472, "acc": 0.9216436147689819, "length": 5.0, "mode": "train", "epoch": 36}
{"loss": 0.2026132047176361, "acc": 0.921899676322937, "length": 5.0, "mode": "test", "epoch": 36}
{"loss": 0.1970803290605545, "acc": 0.9226731657981873, "length": 5.0, "mode": "train", "epoch": 37}
{"loss": 0.20132814347743988, "acc": 0.9233701229095459, "length": 5.0, "mode": "test", "epoch": 37}
{"loss": 0.19830016791820526, "acc": 0.9224858283996582, "length": 5.0, "mode": "train", "epoch": 38}
{"loss": 0.1985318958759308, "acc": 0.9236794114112854, "length": 5.0, "mode": "test", "epoch": 38}
{"loss": 0.19754305481910706, "acc": 0.9231155514717102, "length": 5.0, "mode": "train", "epoch": 39}
{"loss": 0.19559438526630402, "acc": 0.9253467321395874, "length": 5.0, "mode": "test", "epoch": 39}
{"loss": 0.19553719460964203, "acc": 0.9234958291053772, "length": 5.0, "mode": "train", "epoch": 40}
{"loss": 0.19892141222953796, "acc": 0.9233614802360535, "length": 5.0, "mode": "test", "epoch": 40}
{"loss": 0.19371524453163147, "acc": 0.9241289496421814, "length": 5.0, "mode": "train", "epoch": 41}
{"loss": 0.19769494235515594, "acc": 0.9237135648727417, "length": 5.0, "mode": "test", "epoch": 41}
{"loss": 0.19402772188186646, "acc": 0.9240044951438904, "length": 5.0, "mode": "train", "epoch": 42}
{"loss": 0.1969829648733139, "acc": 0.9241277575492859, "length": 5.0, "mode": "test", "epoch": 42}
{"loss": 0.19484315812587738, "acc": 0.923740565776825, "length": 5.0, "mode": "train", "epoch": 43}
{"loss": 0.19479767978191376, "acc": 0.9248555302619934, "length": 5.0, "mode": "test", "epoch": 43}
{"loss": 0.19337883591651917, "acc": 0.9240944385528564, "length": 5.0, "mode": "train", "epoch": 44}
{"loss": 0.1928730309009552, "acc": 0.9247399568557739, "length": 5.0, "mode": "test", "epoch": 44}
{"loss": 0.19023901224136353, "acc": 0.9254425764083862, "length": 5.0, "mode": "train", "epoch": 45}
{"loss": 0.19039662182331085, "acc": 0.9267904162406921, "length": 5.0, "mode": "test", "epoch": 45}
{"loss": 0.19081459939479828, "acc": 0.9252855777740479, "length": 5.0, "mode": "train", "epoch": 46}
{"loss": 0.19054065644741058, "acc": 0.9279612302780151, "length": 5.0, "mode": "test", "epoch": 46}
{"loss": 0.18618866801261902, "acc": 0.9274645447731018, "length": 5.0, "mode": "train", "epoch": 47}
{"loss": 0.1906205713748932, "acc": 0.9267219305038452, "length": 5.0, "mode": "test", "epoch": 47}
{"loss": 0.18450622260570526, "acc": 0.9282617568969727, "length": 5.0, "mode": "train", "epoch": 48}
{"loss": 0.1847800612449646, "acc": 0.9300063252449036, "length": 5.0, "mode": "test", "epoch": 48}
{"loss": 0.18437673151493073, "acc": 0.9285344481468201, "length": 5.0, "mode": "train", "epoch": 49}
{"loss": 0.1901097297668457, "acc": 0.92716383934021, "length": 5.0, "mode": "test", "epoch": 49}
{"loss": 0.18405260145664215, "acc": 0.9287434220314026, "length": 5.0, "mode": "train", "epoch": 50}
{"loss": 0.18566115200519562, "acc": 0.9291470646858215, "length": 5.0, "mode": "test", "epoch": 50}
{"loss": 0.18114826083183289, "acc": 0.9300598502159119, "length": 5.0, "mode": "train", "epoch": 51}
{"loss": 0.1853899359703064, "acc": 0.9305147528648376, "length": 5.0, "mode": "test", "epoch": 51}
{"loss": 0.17983408272266388, "acc": 0.9307254552841187, "length": 5.0, "mode": "train", "epoch": 52}
{"loss": 0.1826922744512558, "acc": 0.9313988089561462, "length": 5.0, "mode": "test", "epoch": 52}
{"loss": 0.18338271975517273, "acc": 0.9289721250534058, "length": 5.0, "mode": "train", "epoch": 53}
{"loss": 0.17994284629821777, "acc": 0.9323554635047913, "length": 5.0, "mode": "test", "epoch": 53}
{"loss": 0.17963998019695282, "acc": 0.9304273128509521, "length": 5.0, "mode": "train", "epoch": 54}
{"loss": 0.17825041711330414, "acc": 0.9323094487190247, "length": 5.0, "mode": "test", "epoch": 54}
{"loss": 0.1795918345451355, "acc": 0.9306718707084656, "length": 5.0, "mode": "train", "epoch": 55}
{"loss": 0.18052516877651215, "acc": 0.9319125413894653, "length": 5.0, "mode": "test", "epoch": 55}
{"loss": 0.1785985231399536, "acc": 0.9313126802444458, "length": 5.0, "mode": "train", "epoch": 56}
{"loss": 0.17870938777923584, "acc": 0.9324048161506653, "length": 5.0, "mode": "test", "epoch": 56}
{"loss": 0.1758207380771637, "acc": 0.9322808980941772, "length": 5.0, "mode": "train", "epoch": 57}
{"loss": 0.18241067230701447, "acc": 0.9310873746871948, "length": 5.0, "mode": "test", "epoch": 57}
{"loss": 0.17618750035762787, "acc": 0.9323336482048035, "length": 5.0, "mode": "train", "epoch": 58}
{"loss": 0.17609627544879913, "acc": 0.9332642555236816, "length": 5.0, "mode": "test", "epoch": 58}
{"loss": 0.17401359975337982, "acc": 0.9330919981002808, "length": 5.0, "mode": "train", "epoch": 59}
{"loss": 0.17543137073516846, "acc": 0.9340035915374756, "length": 5.0, "mode": "test", "epoch": 59}
{"loss": 0.17355738580226898, "acc": 0.9335365295410156, "length": 5.0, "mode": "train", "epoch": 60}
{"loss": 0.17233583331108093, "acc": 0.9352408647537231, "length": 5.0, "mode": "test", "epoch": 60}
test accuracy: 0.9291594624519348
