ndevices 0
# ["--attributes=4", "--values=8", "--game_size=10", "--vocab_size_factor=3", "--n_epochs=60", "--batch_size=64", "--learning_rate=0.0005", "--speaker_hidden_size=256", "--temp_update=0.99", "--temperature=1.5"]
data loaded from: data/dim(4,8).ds
vocab size 28
message length 4
{"loss": 0.4227573573589325, "acc": 0.8009454011917114, "length": 4.97544527053833, "mode": "train", "epoch": 1}
{"loss": 0.35411185026168823, "acc": 0.8443192839622498, "length": 5.0, "mode": "test", "epoch": 1}
{"loss": 0.30348530411720276, "acc": 0.871620237827301, "length": 4.999973297119141, "mode": "train", "epoch": 2}
{"loss": 0.29976481199264526, "acc": 0.870541512966156, "length": 5.0, "mode": "test", "epoch": 2}
{"loss": 0.2544175088405609, "acc": 0.8977087140083313, "length": 4.999995708465576, "mode": "train", "epoch": 3}
{"loss": 0.2589073181152344, "acc": 0.8949219584465027, "length": 5.0, "mode": "test", "epoch": 3}
{"loss": 0.22939109802246094, "acc": 0.9098172187805176, "length": 4.999998092651367, "mode": "train", "epoch": 4}
{"loss": 0.23907814919948578, "acc": 0.9035990834236145, "length": 5.0, "mode": "test", "epoch": 4}
{"loss": 0.20950937271118164, "acc": 0.9184333086013794, "length": 5.0, "mode": "train", "epoch": 5}
{"loss": 0.23339323699474335, "acc": 0.9096673130989075, "length": 5.0, "mode": "test", "epoch": 5}
{"loss": 0.19724629819393158, "acc": 0.9238622188568115, "length": 5.0, "mode": "train", "epoch": 6}
{"loss": 0.20769478380680084, "acc": 0.9188002347946167, "length": 5.0, "mode": "test", "epoch": 6}
{"loss": 0.18797382712364197, "acc": 0.9278280138969421, "length": 5.0, "mode": "train", "epoch": 7}
{"loss": 0.202747642993927, "acc": 0.9240946769714355, "length": 5.0, "mode": "test", "epoch": 7}
{"loss": 0.175103560090065, "acc": 0.9336848855018616, "length": 5.0, "mode": "train", "epoch": 8}
{"loss": 0.18741996586322784, "acc": 0.9291578531265259, "length": 5.0, "mode": "test", "epoch": 8}
{"loss": 0.16081403195858002, "acc": 0.9402153491973877, "length": 5.0, "mode": "train", "epoch": 9}
{"loss": 0.17483454942703247, "acc": 0.9348833560943604, "length": 5.0, "mode": "test", "epoch": 9}
{"loss": 0.14904466271400452, "acc": 0.9462800025939941, "length": 5.0, "mode": "train", "epoch": 10}
{"loss": 0.16164365410804749, "acc": 0.9411225914955139, "length": 5.0, "mode": "test", "epoch": 10}
{"loss": 0.1382918804883957, "acc": 0.9513849020004272, "length": 5.0, "mode": "train", "epoch": 11}
{"loss": 0.15513817965984344, "acc": 0.9453049898147583, "length": 5.0, "mode": "test", "epoch": 11}
{"loss": 0.13194221258163452, "acc": 0.9546390175819397, "length": 5.0, "mode": "train", "epoch": 12}
{"loss": 0.15191827714443207, "acc": 0.9467315077781677, "length": 5.0, "mode": "test", "epoch": 12}
{"loss": 0.12605775892734528, "acc": 0.9573734402656555, "length": 5.0, "mode": "train", "epoch": 13}
{"loss": 0.14119385182857513, "acc": 0.9514832496643066, "length": 5.0, "mode": "test", "epoch": 13}
{"loss": 0.12245363742113113, "acc": 0.9586929082870483, "length": 5.0, "mode": "train", "epoch": 14}
{"loss": 0.1453930139541626, "acc": 0.9499133825302124, "length": 5.0, "mode": "test", "epoch": 14}
{"loss": 0.11948206275701523, "acc": 0.9601869583129883, "length": 5.0, "mode": "train", "epoch": 15}
{"loss": 0.13960392773151398, "acc": 0.9519830346107483, "length": 5.0, "mode": "test", "epoch": 15}
{"loss": 0.11456023156642914, "acc": 0.9619832634925842, "length": 5.0, "mode": "train", "epoch": 16}
{"loss": 0.1342027187347412, "acc": 0.9543130397796631, "length": 5.0, "mode": "test", "epoch": 16}
{"loss": 0.11236988753080368, "acc": 0.9629346132278442, "length": 5.0, "mode": "train", "epoch": 17}
{"loss": 0.1365744024515152, "acc": 0.95267653465271, "length": 5.0, "mode": "test", "epoch": 17}
{"loss": 0.11185625940561295, "acc": 0.9632577896118164, "length": 5.0, "mode": "train", "epoch": 18}
{"loss": 0.1304244101047516, "acc": 0.9564308524131775, "length": 5.0, "mode": "test", "epoch": 18}
{"loss": 0.10671181976795197, "acc": 0.9653282165527344, "length": 5.0, "mode": "train", "epoch": 19}
{"loss": 0.12148184329271317, "acc": 0.9600214958190918, "length": 5.0, "mode": "test", "epoch": 19}
{"loss": 0.10434621572494507, "acc": 0.9662290811538696, "length": 5.0, "mode": "train", "epoch": 20}
{"loss": 0.11627223342657089, "acc": 0.9626274108886719, "length": 5.0, "mode": "test", "epoch": 20}
{"loss": 0.10470038652420044, "acc": 0.9661127924919128, "length": 5.0, "mode": "train", "epoch": 21}
{"loss": 0.11834128201007843, "acc": 0.9611097574234009, "length": 5.0, "mode": "test", "epoch": 21}
{"loss": 0.10189006477594376, "acc": 0.9674556255340576, "length": 5.0, "mode": "train", "epoch": 22}
{"loss": 0.11708562076091766, "acc": 0.9619435667991638, "length": 5.0, "mode": "test", "epoch": 22}
{"loss": 0.09946998953819275, "acc": 0.968284547328949, "length": 5.0, "mode": "train", "epoch": 23}
{"loss": 0.11497806012630463, "acc": 0.9633946418762207, "length": 5.0, "mode": "test", "epoch": 23}
{"loss": 0.09858923405408859, "acc": 0.968550443649292, "length": 5.0, "mode": "train", "epoch": 24}
{"loss": 0.1146571934223175, "acc": 0.9633946418762207, "length": 5.0, "mode": "test", "epoch": 24}
{"loss": 0.09952682256698608, "acc": 0.9680444598197937, "length": 5.0, "mode": "train", "epoch": 25}
{"loss": 0.1129545345902443, "acc": 0.9641759395599365, "length": 5.0, "mode": "test", "epoch": 25}
{"loss": 0.09644448012113571, "acc": 0.9693023562431335, "length": 5.0, "mode": "train", "epoch": 26}
{"loss": 0.10925637930631638, "acc": 0.9651080965995789, "length": 5.0, "mode": "test", "epoch": 26}
{"loss": 0.09578847885131836, "acc": 0.9695362448692322, "length": 5.0, "mode": "train", "epoch": 27}
{"loss": 0.10607638210058212, "acc": 0.96648108959198, "length": 5.0, "mode": "test", "epoch": 27}
{"loss": 0.09594598412513733, "acc": 0.9693669080734253, "length": 5.0, "mode": "train", "epoch": 28}
{"loss": 0.11456089466810226, "acc": 0.9627612233161926, "length": 5.0, "mode": "test", "epoch": 28}
{"loss": 0.09255120158195496, "acc": 0.9706722497940063, "length": 5.0, "mode": "train", "epoch": 29}
{"loss": 0.10686315596103668, "acc": 0.9658915400505066, "length": 5.0, "mode": "test", "epoch": 29}
{"loss": 0.09346651285886765, "acc": 0.9703448414802551, "length": 5.0, "mode": "train", "epoch": 30}
{"loss": 0.1048806831240654, "acc": 0.9665635228157043, "length": 5.0, "mode": "test", "epoch": 30}
{"loss": 0.09251171350479126, "acc": 0.9707750678062439, "length": 5.0, "mode": "train", "epoch": 31}
{"loss": 0.11447891592979431, "acc": 0.963769257068634, "length": 5.0, "mode": "test", "epoch": 31}
{"loss": 0.09123697131872177, "acc": 0.9714823961257935, "length": 5.0, "mode": "train", "epoch": 32}
{"loss": 0.10249226540327072, "acc": 0.9683851003646851, "length": 5.0, "mode": "test", "epoch": 32}
{"loss": 0.0889052078127861, "acc": 0.972663164138794, "length": 5.0, "mode": "train", "epoch": 33}
{"loss": 0.10991232097148895, "acc": 0.966244637966156, "length": 5.0, "mode": "test", "epoch": 33}
{"loss": 0.08975501358509064, "acc": 0.9721042513847351, "length": 5.0, "mode": "train", "epoch": 34}
{"loss": 0.10130709409713745, "acc": 0.9688795208930969, "length": 5.0, "mode": "test", "epoch": 34}
{"loss": 0.08741447329521179, "acc": 0.9729613065719604, "length": 5.0, "mode": "train", "epoch": 35}
{"loss": 0.0957566574215889, "acc": 0.9704943299293518, "length": 5.0, "mode": "test", "epoch": 35}
{"loss": 0.08598461747169495, "acc": 0.97369384765625, "length": 5.0, "mode": "train", "epoch": 36}
{"loss": 0.09759727120399475, "acc": 0.9702825546264648, "length": 5.0, "mode": "test", "epoch": 36}
{"loss": 0.08391660451889038, "acc": 0.9743221402168274, "length": 5.0, "mode": "train", "epoch": 37}
{"loss": 0.09735209494829178, "acc": 0.9698159694671631, "length": 5.0, "mode": "test", "epoch": 37}
{"loss": 0.08529052883386612, "acc": 0.9739717245101929, "length": 5.0, "mode": "train", "epoch": 38}
{"loss": 0.09922264516353607, "acc": 0.9694541692733765, "length": 5.0, "mode": "test", "epoch": 38}
{"loss": 0.082900270819664, "acc": 0.9748004674911499, "length": 5.0, "mode": "train", "epoch": 39}
{"loss": 0.0922495499253273, "acc": 0.9728734493255615, "length": 5.0, "mode": "test", "epoch": 39}
{"loss": 0.08230555057525635, "acc": 0.9750975966453552, "length": 5.0, "mode": "train", "epoch": 40}
{"loss": 0.09755513072013855, "acc": 0.9698843955993652, "length": 5.0, "mode": "test", "epoch": 40}
{"loss": 0.08277901262044907, "acc": 0.9747961759567261, "length": 5.0, "mode": "train", "epoch": 41}
{"loss": 0.09091232717037201, "acc": 0.9728198647499084, "length": 5.0, "mode": "test", "epoch": 41}
{"loss": 0.08304588496685028, "acc": 0.974836528301239, "length": 5.0, "mode": "train", "epoch": 42}
{"loss": 0.09591759741306305, "acc": 0.9709299802780151, "length": 5.0, "mode": "test", "epoch": 42}
{"loss": 0.08125721663236618, "acc": 0.9754006862640381, "length": 5.0, "mode": "train", "epoch": 43}
{"loss": 0.0928218886256218, "acc": 0.9723759293556213, "length": 5.0, "mode": "test", "epoch": 43}
{"loss": 0.08188246935606003, "acc": 0.9750943779945374, "length": 5.0, "mode": "train", "epoch": 44}
{"loss": 0.09355750679969788, "acc": 0.9717112183570862, "length": 5.0, "mode": "test", "epoch": 44}
{"loss": 0.08325833082199097, "acc": 0.9747600555419922, "length": 5.0, "mode": "train", "epoch": 45}
{"loss": 0.13740749657154083, "acc": 0.9579324126243591, "length": 5.0, "mode": "test", "epoch": 45}
{"loss": 0.08437061309814453, "acc": 0.9743512272834778, "length": 5.0, "mode": "train", "epoch": 46}
{"loss": 0.08794979006052017, "acc": 0.9739115834236145, "length": 5.0, "mode": "test", "epoch": 46}
{"loss": 0.08035001158714294, "acc": 0.9756829738616943, "length": 5.0, "mode": "train", "epoch": 47}
{"loss": 0.08821786195039749, "acc": 0.9740785956382751, "length": 5.0, "mode": "test", "epoch": 47}
{"loss": 0.09012232720851898, "acc": 0.9719946384429932, "length": 5.0, "mode": "train", "epoch": 48}
{"loss": 0.12061768770217896, "acc": 0.9608508944511414, "length": 5.0, "mode": "test", "epoch": 48}
{"loss": 0.08473429083824158, "acc": 0.9740980267524719, "length": 5.0, "mode": "train", "epoch": 49}
{"loss": 0.08695214986801147, "acc": 0.9740742444992065, "length": 5.0, "mode": "test", "epoch": 49}
{"loss": 0.07949355244636536, "acc": 0.9758532047271729, "length": 5.0, "mode": "train", "epoch": 50}
{"loss": 0.0856424868106842, "acc": 0.974591076374054, "length": 5.0, "mode": "test", "epoch": 50}
{"loss": 0.08035055547952652, "acc": 0.9756408333778381, "length": 5.0, "mode": "train", "epoch": 51}
{"loss": 0.08908725529909134, "acc": 0.9733315706253052, "length": 5.0, "mode": "test", "epoch": 51}
{"loss": 0.08016974478960037, "acc": 0.9757418632507324, "length": 5.0, "mode": "train", "epoch": 52}
{"loss": 0.09313861280679703, "acc": 0.9724047780036926, "length": 5.0, "mode": "test", "epoch": 52}
{"loss": 0.08099545538425446, "acc": 0.9755310416221619, "length": 5.0, "mode": "train", "epoch": 53}
{"loss": 0.09138403832912445, "acc": 0.9724486470222473, "length": 5.0, "mode": "test", "epoch": 53}
{"loss": 0.08021927624940872, "acc": 0.9756690263748169, "length": 5.0, "mode": "train", "epoch": 54}
{"loss": 0.08876536041498184, "acc": 0.9737992882728577, "length": 5.0, "mode": "test", "epoch": 54}
{"loss": 0.0782264843583107, "acc": 0.9762251973152161, "length": 5.0, "mode": "train", "epoch": 55}
{"loss": 0.08536077290773392, "acc": 0.9748010039329529, "length": 5.0, "mode": "test", "epoch": 55}
{"loss": 0.07897135615348816, "acc": 0.9760850667953491, "length": 5.0, "mode": "train", "epoch": 56}
{"loss": 0.08993219584226608, "acc": 0.9734417796134949, "length": 5.0, "mode": "test", "epoch": 56}
{"loss": 0.08122523874044418, "acc": 0.9754586815834045, "length": 5.0, "mode": "train", "epoch": 57}
{"loss": 0.09362481534481049, "acc": 0.9724957346916199, "length": 5.0, "mode": "test", "epoch": 57}
{"loss": 0.08437492698431015, "acc": 0.9741371870040894, "length": 5.0, "mode": "train", "epoch": 58}
{"loss": 0.09105612337589264, "acc": 0.9734162092208862, "length": 5.0, "mode": "test", "epoch": 58}
{"loss": 0.0819520503282547, "acc": 0.9749758243560791, "length": 5.0, "mode": "train", "epoch": 59}
{"loss": 0.1064797192811966, "acc": 0.9669188857078552, "length": 5.0, "mode": "test", "epoch": 59}
{"loss": 0.08509457856416702, "acc": 0.9740590453147888, "length": 5.0, "mode": "train", "epoch": 60}
{"loss": 0.09096459299325943, "acc": 0.9735134840011597, "length": 5.0, "mode": "test", "epoch": 60}
test accuracy: 0.9686563014984131
