ndevices 0
# ["--attributes=4", "--values=8", "--game_size=10", "--vocab_size_factor=3", "--n_epochs=60", "--batch_size=64", "--learning_rate=0.0005", "--speaker_hidden_size=256", "--temp_update=0.99", "--temperature=2"]
data loaded from: data/dim(4,8).ds
vocab size 28
message length 4
{"loss": 0.4173659086227417, "acc": 0.8001247048377991, "length": 4.962491035461426, "mode": "train", "epoch": 1}
{"loss": 0.38441434502601624, "acc": 0.8271200656890869, "length": 5.0, "mode": "test", "epoch": 1}
{"loss": 0.29327619075775146, "acc": 0.8780274987220764, "length": 4.99983549118042, "mode": "train", "epoch": 2}
{"loss": 0.31005293130874634, "acc": 0.8644949197769165, "length": 5.0, "mode": "test", "epoch": 2}
{"loss": 0.25741472840309143, "acc": 0.8947561979293823, "length": 4.999969005584717, "mode": "train", "epoch": 3}
{"loss": 0.2676829397678375, "acc": 0.8895163536071777, "length": 5.0, "mode": "test", "epoch": 3}
{"loss": 0.23399747908115387, "acc": 0.9052681922912598, "length": 4.999988079071045, "mode": "train", "epoch": 4}
{"loss": 0.2510139048099518, "acc": 0.8963687419891357, "length": 5.0, "mode": "test", "epoch": 4}
{"loss": 0.2074546068906784, "acc": 0.9191626906394958, "length": 4.999998092651367, "mode": "train", "epoch": 5}
{"loss": 0.23877523839473724, "acc": 0.903734028339386, "length": 5.0, "mode": "test", "epoch": 5}
{"loss": 0.17768368124961853, "acc": 0.9350936412811279, "length": 5.0, "mode": "train", "epoch": 6}
{"loss": 0.20396429300308228, "acc": 0.9213334321975708, "length": 5.0, "mode": "test", "epoch": 6}
{"loss": 0.15919433534145355, "acc": 0.9436889290809631, "length": 5.0, "mode": "train", "epoch": 7}
{"loss": 0.19717204570770264, "acc": 0.924502432346344, "length": 5.0, "mode": "test", "epoch": 7}
{"loss": 0.14854541420936584, "acc": 0.9478874206542969, "length": 5.0, "mode": "train", "epoch": 8}
{"loss": 0.18940933048725128, "acc": 0.9271886348724365, "length": 5.0, "mode": "test", "epoch": 8}
{"loss": 0.14192281663417816, "acc": 0.9503563642501831, "length": 5.0, "mode": "train", "epoch": 9}
{"loss": 0.1680058240890503, "acc": 0.93793123960495, "length": 5.0, "mode": "test", "epoch": 9}
{"loss": 0.13787855207920074, "acc": 0.9515596032142639, "length": 5.0, "mode": "train", "epoch": 10}
{"loss": 0.1710355579853058, "acc": 0.9356463551521301, "length": 5.0, "mode": "test", "epoch": 10}
{"loss": 0.13454194366931915, "acc": 0.9526148438453674, "length": 5.0, "mode": "train", "epoch": 11}
{"loss": 0.16087345778942108, "acc": 0.9409118890762329, "length": 5.0, "mode": "test", "epoch": 11}
{"loss": 0.12893825769424438, "acc": 0.9549569487571716, "length": 5.0, "mode": "train", "epoch": 12}
{"loss": 0.14959144592285156, "acc": 0.9459170699119568, "length": 5.0, "mode": "test", "epoch": 12}
{"loss": 0.122210793197155, "acc": 0.9583823084831238, "length": 5.0, "mode": "train", "epoch": 13}
{"loss": 0.15302743017673492, "acc": 0.9460991621017456, "length": 5.0, "mode": "test", "epoch": 13}
{"loss": 0.11614348739385605, "acc": 0.9619007706642151, "length": 5.0, "mode": "train", "epoch": 14}
{"loss": 0.14090485870838165, "acc": 0.9500952363014221, "length": 5.0, "mode": "test", "epoch": 14}
{"loss": 0.11002390831708908, "acc": 0.964323103427887, "length": 5.0, "mode": "train", "epoch": 15}
{"loss": 0.13974903523921967, "acc": 0.9516544938087463, "length": 5.0, "mode": "test", "epoch": 15}
{"loss": 0.10662495344877243, "acc": 0.9657246470451355, "length": 5.0, "mode": "train", "epoch": 16}
{"loss": 0.12927575409412384, "acc": 0.9563988447189331, "length": 5.0, "mode": "test", "epoch": 16}
{"loss": 0.10273995250463486, "acc": 0.9674301743507385, "length": 5.0, "mode": "train", "epoch": 17}
{"loss": 0.128914013504982, "acc": 0.9570366740226746, "length": 5.0, "mode": "test", "epoch": 17}
{"loss": 0.1005510613322258, "acc": 0.9681407809257507, "length": 5.0, "mode": "train", "epoch": 18}
{"loss": 0.1257612407207489, "acc": 0.9588099718093872, "length": 5.0, "mode": "test", "epoch": 18}
{"loss": 0.09876766055822372, "acc": 0.968656599521637, "length": 5.0, "mode": "train", "epoch": 19}
{"loss": 0.1246752068400383, "acc": 0.9592241048812866, "length": 5.0, "mode": "test", "epoch": 19}
{"loss": 0.09763472527265549, "acc": 0.9688857793807983, "length": 5.0, "mode": "train", "epoch": 20}
{"loss": 0.1200927123427391, "acc": 0.9601519703865051, "length": 5.0, "mode": "test", "epoch": 20}
{"loss": 0.09692690521478653, "acc": 0.9690494537353516, "length": 5.0, "mode": "train", "epoch": 21}
{"loss": 0.11903830617666245, "acc": 0.9617411494255066, "length": 5.0, "mode": "test", "epoch": 21}
{"loss": 0.09496267884969711, "acc": 0.969667911529541, "length": 5.0, "mode": "train", "epoch": 22}
{"loss": 0.11972813308238983, "acc": 0.9605393409729004, "length": 5.0, "mode": "test", "epoch": 22}
{"loss": 0.09380091726779938, "acc": 0.9700607657432556, "length": 5.0, "mode": "train", "epoch": 23}
{"loss": 0.11244972795248032, "acc": 0.9627643823623657, "length": 5.0, "mode": "test", "epoch": 23}
{"loss": 0.09013032168149948, "acc": 0.9716904163360596, "length": 5.0, "mode": "train", "epoch": 24}
{"loss": 0.11500220000743866, "acc": 0.9621191024780273, "length": 5.0, "mode": "test", "epoch": 24}
{"loss": 0.08661899715662003, "acc": 0.9732114672660828, "length": 5.0, "mode": "train", "epoch": 25}
{"loss": 0.1114964410662651, "acc": 0.9649315476417542, "length": 5.0, "mode": "test", "epoch": 25}
{"loss": 0.08471913635730743, "acc": 0.9738811254501343, "length": 5.0, "mode": "train", "epoch": 26}
{"loss": 0.10589350759983063, "acc": 0.9666032195091248, "length": 5.0, "mode": "test", "epoch": 26}
{"loss": 0.08214997500181198, "acc": 0.9747097492218018, "length": 5.0, "mode": "train", "epoch": 27}
{"loss": 0.10844851285219193, "acc": 0.9649701118469238, "length": 5.0, "mode": "test", "epoch": 27}
{"loss": 0.08043764531612396, "acc": 0.9753608107566833, "length": 5.0, "mode": "train", "epoch": 28}
{"loss": 0.10493892431259155, "acc": 0.9664158821105957, "length": 5.0, "mode": "test", "epoch": 28}
{"loss": 0.07710880786180496, "acc": 0.9767249822616577, "length": 5.0, "mode": "train", "epoch": 29}
{"loss": 0.10345326364040375, "acc": 0.967549204826355, "length": 5.0, "mode": "test", "epoch": 29}
{"loss": 0.07524801790714264, "acc": 0.9774720072746277, "length": 5.0, "mode": "train", "epoch": 30}
{"loss": 0.09957899153232574, "acc": 0.9685220718383789, "length": 5.0, "mode": "test", "epoch": 30}
{"loss": 0.07345424592494965, "acc": 0.9780848026275635, "length": 5.0, "mode": "train", "epoch": 31}
{"loss": 0.09395112097263336, "acc": 0.9711536765098572, "length": 5.0, "mode": "test", "epoch": 31}
{"loss": 0.07212458550930023, "acc": 0.9785847067832947, "length": 5.0, "mode": "train", "epoch": 32}
{"loss": 0.09742537885904312, "acc": 0.969502329826355, "length": 5.0, "mode": "test", "epoch": 32}
{"loss": 0.07057326287031174, "acc": 0.9790120124816895, "length": 5.0, "mode": "train", "epoch": 33}
{"loss": 0.10165582597255707, "acc": 0.9671778678894043, "length": 5.0, "mode": "test", "epoch": 33}
{"loss": 0.06912149488925934, "acc": 0.9795670509338379, "length": 5.0, "mode": "train", "epoch": 34}
{"loss": 0.09836336970329285, "acc": 0.9689404368400574, "length": 5.0, "mode": "test", "epoch": 34}
{"loss": 0.0678848996758461, "acc": 0.9800951480865479, "length": 5.0, "mode": "train", "epoch": 35}
{"loss": 0.0881538838148117, "acc": 0.9732470512390137, "length": 5.0, "mode": "test", "epoch": 35}
{"loss": 0.066916823387146, "acc": 0.9804322719573975, "length": 5.0, "mode": "train", "epoch": 36}
{"loss": 0.08624885976314545, "acc": 0.9741770029067993, "length": 5.0, "mode": "test", "epoch": 36}
{"loss": 0.06627689301967621, "acc": 0.980625569820404, "length": 5.0, "mode": "train", "epoch": 37}
{"loss": 0.09302787482738495, "acc": 0.9708582758903503, "length": 5.0, "mode": "test", "epoch": 37}
{"loss": 0.06483223289251328, "acc": 0.9811741709709167, "length": 5.0, "mode": "train", "epoch": 38}
{"loss": 0.08998896181583405, "acc": 0.9722849130630493, "length": 5.0, "mode": "test", "epoch": 38}
{"loss": 0.06373760849237442, "acc": 0.9816500544548035, "length": 5.0, "mode": "train", "epoch": 39}
{"loss": 0.08609123528003693, "acc": 0.9735713005065918, "length": 5.0, "mode": "test", "epoch": 39}
{"loss": 0.06273097544908524, "acc": 0.9819629788398743, "length": 5.0, "mode": "train", "epoch": 40}
{"loss": 0.08755293488502502, "acc": 0.9729419350624084, "length": 5.0, "mode": "test", "epoch": 40}
{"loss": 0.0614362396299839, "acc": 0.9823108315467834, "length": 5.0, "mode": "train", "epoch": 41}
{"loss": 0.08214223384857178, "acc": 0.9757062792778015, "length": 5.0, "mode": "test", "epoch": 41}
{"loss": 0.06050385162234306, "acc": 0.9825882911682129, "length": 5.0, "mode": "train", "epoch": 42}
{"loss": 0.07930373400449753, "acc": 0.9768396019935608, "length": 5.0, "mode": "test", "epoch": 42}
{"loss": 0.06083528697490692, "acc": 0.9825623035430908, "length": 5.0, "mode": "train", "epoch": 43}
{"loss": 0.08127298951148987, "acc": 0.9757682681083679, "length": 5.0, "mode": "test", "epoch": 43}
{"loss": 0.05828804150223732, "acc": 0.9835501313209534, "length": 5.0, "mode": "train", "epoch": 44}
{"loss": 0.08328859508037567, "acc": 0.9754067063331604, "length": 5.0, "mode": "test", "epoch": 44}
{"loss": 0.057482246309518814, "acc": 0.9838722348213196, "length": 5.0, "mode": "train", "epoch": 45}
{"loss": 0.07566124200820923, "acc": 0.9779216647148132, "length": 5.0, "mode": "test", "epoch": 45}
{"loss": 0.0558510422706604, "acc": 0.9844095706939697, "length": 5.0, "mode": "train", "epoch": 46}
{"loss": 0.07587409764528275, "acc": 0.9779611825942993, "length": 5.0, "mode": "test", "epoch": 46}
{"loss": 0.05600380152463913, "acc": 0.9842928647994995, "length": 5.0, "mode": "train", "epoch": 47}
{"loss": 0.07318323850631714, "acc": 0.9786472320556641, "length": 5.0, "mode": "test", "epoch": 47}
{"loss": 0.05540706217288971, "acc": 0.9844415783882141, "length": 5.0, "mode": "train", "epoch": 48}
{"loss": 0.07065252214670181, "acc": 0.9795376062393188, "length": 5.0, "mode": "test", "epoch": 48}
{"loss": 0.05273507907986641, "acc": 0.985321044921875, "length": 5.0, "mode": "train", "epoch": 49}
{"loss": 0.07381057739257812, "acc": 0.9785863757133484, "length": 5.0, "mode": "test", "epoch": 49}
{"loss": 0.05136534571647644, "acc": 0.9859402775764465, "length": 5.0, "mode": "train", "epoch": 50}
{"loss": 0.06997876614332199, "acc": 0.9797924160957336, "length": 5.0, "mode": "test", "epoch": 50}
{"loss": 0.0505489781498909, "acc": 0.9864049553871155, "length": 5.0, "mode": "train", "epoch": 51}
{"loss": 0.06439165771007538, "acc": 0.9823983907699585, "length": 5.0, "mode": "test", "epoch": 51}
{"loss": 0.04978743568062782, "acc": 0.9866369366645813, "length": 5.0, "mode": "train", "epoch": 52}
{"loss": 0.06697093695402145, "acc": 0.9812831282615662, "length": 5.0, "mode": "test", "epoch": 52}
{"loss": 0.04881212115287781, "acc": 0.9869479537010193, "length": 5.0, "mode": "train", "epoch": 53}
{"loss": 0.06914814561605453, "acc": 0.9807417392730713, "length": 5.0, "mode": "test", "epoch": 53}
{"loss": 0.04866727441549301, "acc": 0.9870700240135193, "length": 5.0, "mode": "train", "epoch": 54}
{"loss": 0.061577919870615005, "acc": 0.9830714464187622, "length": 5.0, "mode": "test", "epoch": 54}
{"loss": 0.05011311545968056, "acc": 0.9866557717323303, "length": 5.0, "mode": "train", "epoch": 55}
{"loss": 0.06671211868524551, "acc": 0.981543242931366, "length": 5.0, "mode": "test", "epoch": 55}
{"loss": 0.047792281955480576, "acc": 0.9873260855674744, "length": 5.0, "mode": "train", "epoch": 56}
{"loss": 0.06437531113624573, "acc": 0.9823800921440125, "length": 5.0, "mode": "test", "epoch": 56}
{"loss": 0.04826537147164345, "acc": 0.9871553182601929, "length": 5.0, "mode": "train", "epoch": 57}
{"loss": 0.06590425968170166, "acc": 0.9817218780517578, "length": 5.0, "mode": "test", "epoch": 57}
{"loss": 0.04872429370880127, "acc": 0.9870142936706543, "length": 5.0, "mode": "train", "epoch": 58}
{"loss": 0.06087346374988556, "acc": 0.9834065437316895, "length": 5.0, "mode": "test", "epoch": 58}
{"loss": 0.04654815420508385, "acc": 0.9876205325126648, "length": 5.0, "mode": "train", "epoch": 59}
{"loss": 0.06023870036005974, "acc": 0.9836409091949463, "length": 5.0, "mode": "test", "epoch": 59}
{"loss": 0.048836976289749146, "acc": 0.9869041442871094, "length": 5.0, "mode": "train", "epoch": 60}
{"loss": 0.06252944469451904, "acc": 0.9828926920890808, "length": 5.0, "mode": "test", "epoch": 60}
test accuracy: 0.9794697761535645
