ndevices 0
# ["--attributes=4", "--values=8", "--game_size=10", "--vocab_size_factor=3", "--n_epochs=60", "--batch_size=64", "--learning_rate=0.001", "--speaker_hidden_size=128", "--temp_update=0.97", "--temperature=1"]
data loaded from: data/dim(4,8).ds
vocab size 28
message length 4
{"loss": 0.3520943224430084, "acc": 0.8428323864936829, "length": 4.901957035064697, "mode": "train", "epoch": 1}
{"loss": 0.25126585364341736, "acc": 0.8998448252677917, "length": 5.0, "mode": "test", "epoch": 1}
{"loss": 0.22138752043247223, "acc": 0.9157055616378784, "length": 4.999978065490723, "mode": "train", "epoch": 2}
{"loss": 0.21297425031661987, "acc": 0.9194830060005188, "length": 5.0, "mode": "test", "epoch": 2}
{"loss": 0.20247270166873932, "acc": 0.924479603767395, "length": 4.999995231628418, "mode": "train", "epoch": 3}
{"loss": 0.19690905511379242, "acc": 0.9269179105758667, "length": 5.0, "mode": "test", "epoch": 3}
{"loss": 0.18415452539920807, "acc": 0.9322620630264282, "length": 4.999997138977051, "mode": "train", "epoch": 4}
{"loss": 0.1866784244775772, "acc": 0.9309610724449158, "length": 5.0, "mode": "test", "epoch": 4}
{"loss": 0.17651508748531342, "acc": 0.9354828596115112, "length": 4.999999046325684, "mode": "train", "epoch": 5}
{"loss": 0.1837712973356247, "acc": 0.9313045740127563, "length": 5.0, "mode": "test", "epoch": 5}
{"loss": 0.16855685412883759, "acc": 0.9386855959892273, "length": 5.0, "mode": "train", "epoch": 6}
{"loss": 0.1672801673412323, "acc": 0.9394444227218628, "length": 5.0, "mode": "test", "epoch": 6}
{"loss": 0.16498057544231415, "acc": 0.9398810863494873, "length": 5.0, "mode": "train", "epoch": 7}
{"loss": 0.16912497580051422, "acc": 0.9386258125305176, "length": 5.0, "mode": "test", "epoch": 7}
{"loss": 0.16042132675647736, "acc": 0.9417960047721863, "length": 5.0, "mode": "train", "epoch": 8}
{"loss": 0.16484428942203522, "acc": 0.9402119517326355, "length": 5.0, "mode": "test", "epoch": 8}
{"loss": 0.15305455029010773, "acc": 0.9453459978103638, "length": 5.0, "mode": "train", "epoch": 9}
{"loss": 0.16026951372623444, "acc": 0.942826509475708, "length": 5.0, "mode": "test", "epoch": 9}
{"loss": 0.14885810017585754, "acc": 0.948072612285614, "length": 5.0, "mode": "train", "epoch": 10}
{"loss": 0.14798173308372498, "acc": 0.9483208060264587, "length": 5.0, "mode": "test", "epoch": 10}
{"loss": 0.14432954788208008, "acc": 0.9503195881843567, "length": 5.0, "mode": "train", "epoch": 11}
{"loss": 0.13845597207546234, "acc": 0.9522271156311035, "length": 5.0, "mode": "test", "epoch": 11}
{"loss": 0.13777998089790344, "acc": 0.95273357629776, "length": 5.0, "mode": "train", "epoch": 12}
{"loss": 0.14886537194252014, "acc": 0.9479441046714783, "length": 5.0, "mode": "test", "epoch": 12}
{"loss": 0.14293089509010315, "acc": 0.950354278087616, "length": 5.0, "mode": "train", "epoch": 13}
{"loss": 0.13838239014148712, "acc": 0.9529152512550354, "length": 5.0, "mode": "test", "epoch": 13}
{"loss": 0.13153395056724548, "acc": 0.9554056525230408, "length": 5.0, "mode": "train", "epoch": 14}
{"loss": 0.13097229599952698, "acc": 0.9561076164245605, "length": 5.0, "mode": "test", "epoch": 14}
{"loss": 0.13082870841026306, "acc": 0.9557620882987976, "length": 5.0, "mode": "train", "epoch": 15}
{"loss": 0.13121630251407623, "acc": 0.9557586908340454, "length": 5.0, "mode": "test", "epoch": 15}
{"loss": 0.1308944970369339, "acc": 0.9553942084312439, "length": 5.0, "mode": "train", "epoch": 16}
{"loss": 0.13071241974830627, "acc": 0.9555993676185608, "length": 5.0, "mode": "test", "epoch": 16}
{"loss": 0.1267152577638626, "acc": 0.9570213556289673, "length": 5.0, "mode": "train", "epoch": 17}
{"loss": 0.13492624461650848, "acc": 0.9537981152534485, "length": 5.0, "mode": "test", "epoch": 17}
{"loss": 0.124727264046669, "acc": 0.9582148790359497, "length": 5.0, "mode": "train", "epoch": 18}
{"loss": 0.12075348943471909, "acc": 0.9602472186088562, "length": 5.0, "mode": "test", "epoch": 18}
{"loss": 0.1218278706073761, "acc": 0.9593490958213806, "length": 5.0, "mode": "train", "epoch": 19}
{"loss": 0.1310606300830841, "acc": 0.9571018815040588, "length": 5.0, "mode": "test", "epoch": 19}
{"loss": 0.12044820934534073, "acc": 0.960454523563385, "length": 5.0, "mode": "train", "epoch": 20}
{"loss": 0.11861075460910797, "acc": 0.9606132507324219, "length": 5.0, "mode": "test", "epoch": 20}
{"loss": 0.12985096871852875, "acc": 0.9564226865768433, "length": 5.0, "mode": "train", "epoch": 21}
{"loss": 0.13678991794586182, "acc": 0.954029381275177, "length": 5.0, "mode": "test", "epoch": 21}
{"loss": 0.12427465617656708, "acc": 0.958753228187561, "length": 5.0, "mode": "train", "epoch": 22}
{"loss": 0.13816875219345093, "acc": 0.9540315270423889, "length": 5.0, "mode": "test", "epoch": 22}
{"loss": 0.12229564040899277, "acc": 0.9594734907150269, "length": 5.0, "mode": "train", "epoch": 23}
{"loss": 0.13199588656425476, "acc": 0.9574636816978455, "length": 5.0, "mode": "test", "epoch": 23}
{"loss": 0.12195476144552231, "acc": 0.9596710205078125, "length": 5.0, "mode": "train", "epoch": 24}
{"loss": 0.12379336357116699, "acc": 0.9591459035873413, "length": 5.0, "mode": "test", "epoch": 24}
{"loss": 0.11844737082719803, "acc": 0.9611241817474365, "length": 5.0, "mode": "train", "epoch": 25}
{"loss": 0.13486281037330627, "acc": 0.9563484787940979, "length": 5.0, "mode": "test", "epoch": 25}
{"loss": 0.1195579245686531, "acc": 0.9611212611198425, "length": 5.0, "mode": "train", "epoch": 26}
{"loss": 0.11717779189348221, "acc": 0.9617133736610413, "length": 5.0, "mode": "test", "epoch": 26}
{"loss": 0.1172775998711586, "acc": 0.9621462225914001, "length": 5.0, "mode": "train", "epoch": 27}
{"loss": 0.1171867772936821, "acc": 0.9628605842590332, "length": 5.0, "mode": "test", "epoch": 27}
{"loss": 0.11152451485395432, "acc": 0.9648656845092773, "length": 5.0, "mode": "train", "epoch": 28}
{"loss": 0.11169107258319855, "acc": 0.9649603962898254, "length": 5.0, "mode": "test", "epoch": 28}
{"loss": 0.1169903501868248, "acc": 0.9625372886657715, "length": 5.0, "mode": "train", "epoch": 29}
{"loss": 0.1097152829170227, "acc": 0.9655970931053162, "length": 5.0, "mode": "test", "epoch": 29}
{"loss": 0.10886063426733017, "acc": 0.9659237265586853, "length": 5.0, "mode": "train", "epoch": 30}
{"loss": 0.10749411582946777, "acc": 0.9666674733161926, "length": 5.0, "mode": "test", "epoch": 30}
{"loss": 0.10576903074979782, "acc": 0.9673999547958374, "length": 5.0, "mode": "train", "epoch": 31}
{"loss": 0.11263023316860199, "acc": 0.9644145965576172, "length": 5.0, "mode": "test", "epoch": 31}
{"loss": 0.11272522807121277, "acc": 0.9644992351531982, "length": 5.0, "mode": "train", "epoch": 32}
{"loss": 0.10711703449487686, "acc": 0.9671510457992554, "length": 5.0, "mode": "test", "epoch": 32}
{"loss": 0.10479581356048584, "acc": 0.967851459980011, "length": 5.0, "mode": "train", "epoch": 33}
{"loss": 0.10943883657455444, "acc": 0.9660754799842834, "length": 5.0, "mode": "test", "epoch": 33}
{"loss": 0.1043473333120346, "acc": 0.9678773283958435, "length": 5.0, "mode": "train", "epoch": 34}
{"loss": 0.10272226482629776, "acc": 0.9687873125076294, "length": 5.0, "mode": "test", "epoch": 34}
{"loss": 0.10029666870832443, "acc": 0.9692984819412231, "length": 5.0, "mode": "train", "epoch": 35}
{"loss": 0.09807617217302322, "acc": 0.9708283543586731, "length": 5.0, "mode": "test", "epoch": 35}
{"loss": 0.09787895530462265, "acc": 0.9704397320747375, "length": 5.0, "mode": "train", "epoch": 36}
{"loss": 0.09999691694974899, "acc": 0.9700309634208679, "length": 5.0, "mode": "test", "epoch": 36}
{"loss": 0.09811129420995712, "acc": 0.9705772995948792, "length": 5.0, "mode": "train", "epoch": 37}
{"loss": 0.09778482466936111, "acc": 0.970939576625824, "length": 5.0, "mode": "test", "epoch": 37}
{"loss": 0.09631296247243881, "acc": 0.9711359143257141, "length": 5.0, "mode": "train", "epoch": 38}
{"loss": 0.09773249924182892, "acc": 0.9715036749839783, "length": 5.0, "mode": "test", "epoch": 38}
{"loss": 0.09724799543619156, "acc": 0.970895528793335, "length": 5.0, "mode": "train", "epoch": 39}
{"loss": 0.09678483009338379, "acc": 0.9708026051521301, "length": 5.0, "mode": "test", "epoch": 39}
{"loss": 0.09890072047710419, "acc": 0.9701870679855347, "length": 5.0, "mode": "train", "epoch": 40}
{"loss": 0.09903973340988159, "acc": 0.9708293676376343, "length": 5.0, "mode": "test", "epoch": 40}
{"loss": 0.10485323518514633, "acc": 0.967936098575592, "length": 5.0, "mode": "train", "epoch": 41}
{"loss": 0.11474557220935822, "acc": 0.9655094742774963, "length": 5.0, "mode": "test", "epoch": 41}
{"loss": 0.0985599160194397, "acc": 0.9707350134849548, "length": 5.0, "mode": "train", "epoch": 42}
{"loss": 0.09691817313432693, "acc": 0.9720120429992676, "length": 5.0, "mode": "test", "epoch": 42}
{"loss": 0.09768983721733093, "acc": 0.971097469329834, "length": 5.0, "mode": "train", "epoch": 43}
{"loss": 0.10426351428031921, "acc": 0.9687306880950928, "length": 5.0, "mode": "test", "epoch": 43}
{"loss": 0.09888030588626862, "acc": 0.9702084064483643, "length": 5.0, "mode": "train", "epoch": 44}
{"loss": 0.10127677023410797, "acc": 0.969636082649231, "length": 5.0, "mode": "test", "epoch": 44}
{"loss": 0.09755759686231613, "acc": 0.9707345962524414, "length": 5.0, "mode": "train", "epoch": 45}
{"loss": 0.10043946653604507, "acc": 0.9705265164375305, "length": 5.0, "mode": "test", "epoch": 45}
{"loss": 0.09613697975873947, "acc": 0.9714609980583191, "length": 5.0, "mode": "train", "epoch": 46}
{"loss": 0.10145813226699829, "acc": 0.9692691564559937, "length": 5.0, "mode": "test", "epoch": 46}
{"loss": 0.09604048728942871, "acc": 0.9710807204246521, "length": 5.0, "mode": "train", "epoch": 47}
{"loss": 0.09446638822555542, "acc": 0.9727076888084412, "length": 5.0, "mode": "test", "epoch": 47}
{"loss": 0.09427255392074585, "acc": 0.9720941781997681, "length": 5.0, "mode": "train", "epoch": 48}
{"loss": 0.09120945632457733, "acc": 0.9734621047973633, "length": 5.0, "mode": "test", "epoch": 48}
{"loss": 0.09024643152952194, "acc": 0.9737987518310547, "length": 5.0, "mode": "train", "epoch": 49}
{"loss": 0.09372446686029434, "acc": 0.9729709029197693, "length": 5.0, "mode": "test", "epoch": 49}
{"loss": 0.09290976822376251, "acc": 0.9728643298149109, "length": 5.0, "mode": "train", "epoch": 50}
{"loss": 0.0926203578710556, "acc": 0.9733272790908813, "length": 5.0, "mode": "test", "epoch": 50}
{"loss": 0.09635009616613388, "acc": 0.9714766144752502, "length": 5.0, "mode": "train", "epoch": 51}
{"loss": 0.09571296721696854, "acc": 0.972105085849762, "length": 5.0, "mode": "test", "epoch": 51}
{"loss": 0.09567098319530487, "acc": 0.9717214107513428, "length": 5.0, "mode": "train", "epoch": 52}
{"loss": 0.09734268486499786, "acc": 0.9715924263000488, "length": 5.0, "mode": "test", "epoch": 52}
{"loss": 0.09522589296102524, "acc": 0.9721206426620483, "length": 5.0, "mode": "train", "epoch": 53}
{"loss": 0.09576829522848129, "acc": 0.9725674390792847, "length": 5.0, "mode": "test", "epoch": 53}
{"loss": 0.09165579825639725, "acc": 0.973391056060791, "length": 5.0, "mode": "train", "epoch": 54}
{"loss": 0.0941820740699768, "acc": 0.9731239676475525, "length": 5.0, "mode": "test", "epoch": 54}
{"loss": 0.09367720037698746, "acc": 0.9724034667015076, "length": 5.0, "mode": "train", "epoch": 55}
{"loss": 0.10061006993055344, "acc": 0.9709161520004272, "length": 5.0, "mode": "test", "epoch": 55}
{"loss": 0.09255487471818924, "acc": 0.9726268649101257, "length": 5.0, "mode": "train", "epoch": 56}
{"loss": 0.09201447665691376, "acc": 0.973329484462738, "length": 5.0, "mode": "test", "epoch": 56}
{"loss": 0.09195113182067871, "acc": 0.972952127456665, "length": 5.0, "mode": "train", "epoch": 57}
{"loss": 0.09214779734611511, "acc": 0.9734686017036438, "length": 5.0, "mode": "test", "epoch": 57}
{"loss": 0.09179534763097763, "acc": 0.9730585217475891, "length": 5.0, "mode": "train", "epoch": 58}
{"loss": 0.09514669328927994, "acc": 0.9719221591949463, "length": 5.0, "mode": "test", "epoch": 58}
{"loss": 0.0937834307551384, "acc": 0.9723484516143799, "length": 5.0, "mode": "train", "epoch": 59}
{"loss": 0.10676127672195435, "acc": 0.9678980708122253, "length": 5.0, "mode": "test", "epoch": 59}
{"loss": 0.09452095627784729, "acc": 0.9719265103340149, "length": 5.0, "mode": "train", "epoch": 60}
{"loss": 0.09272734075784683, "acc": 0.9734214544296265, "length": 5.0, "mode": "test", "epoch": 60}
test accuracy: 0.9707576036453247
