ndevices 0
# ["--attributes=4", "--values=8", "--game_size=10", "--vocab_size_factor=3", "--n_epochs=60", "--batch_size=64", "--learning_rate=0.001", "--speaker_hidden_size=128", "--temp_update=0.97", "--temperature=1.5"]
data loaded from: data/dim(4,8).ds
vocab size 28
message length 4
{"loss": 0.3401924967765808, "acc": 0.8462849259376526, "length": 4.900017261505127, "mode": "train", "epoch": 1}
{"loss": 0.2683388292789459, "acc": 0.8910948038101196, "length": 5.0, "mode": "test", "epoch": 1}
{"loss": 0.21592946350574493, "acc": 0.9179920554161072, "length": 4.999988555908203, "mode": "train", "epoch": 2}
{"loss": 0.22207759320735931, "acc": 0.9153425097465515, "length": 5.0, "mode": "test", "epoch": 2}
{"loss": 0.18868620693683624, "acc": 0.9302011728286743, "length": 4.999998092651367, "mode": "train", "epoch": 3}
{"loss": 0.19113117456436157, "acc": 0.9303703308105469, "length": 5.0, "mode": "test", "epoch": 3}
{"loss": 0.17697347700595856, "acc": 0.9355711340904236, "length": 5.0, "mode": "train", "epoch": 4}
{"loss": 0.18902410566806793, "acc": 0.9307512640953064, "length": 5.0, "mode": "test", "epoch": 4}
{"loss": 0.16328942775726318, "acc": 0.9415110945701599, "length": 5.0, "mode": "train", "epoch": 5}
{"loss": 0.16420531272888184, "acc": 0.940649688243866, "length": 5.0, "mode": "test", "epoch": 5}
{"loss": 0.15219590067863464, "acc": 0.9465618133544922, "length": 5.0, "mode": "train", "epoch": 6}
{"loss": 0.16024796664714813, "acc": 0.944675624370575, "length": 5.0, "mode": "test", "epoch": 6}
{"loss": 0.1424117088317871, "acc": 0.9517066478729248, "length": 5.0, "mode": "train", "epoch": 7}
{"loss": 0.15860886871814728, "acc": 0.9473652243614197, "length": 5.0, "mode": "test", "epoch": 7}
{"loss": 0.13275663554668427, "acc": 0.9558937549591064, "length": 5.0, "mode": "train", "epoch": 8}
{"loss": 0.1352194845676422, "acc": 0.9557254910469055, "length": 5.0, "mode": "test", "epoch": 8}
{"loss": 0.1261250376701355, "acc": 0.9589043855667114, "length": 5.0, "mode": "train", "epoch": 9}
{"loss": 0.12940064072608948, "acc": 0.9581078290939331, "length": 5.0, "mode": "test", "epoch": 9}
{"loss": 0.12221391499042511, "acc": 0.9602375626564026, "length": 5.0, "mode": "train", "epoch": 10}
{"loss": 0.12662139534950256, "acc": 0.9595816135406494, "length": 5.0, "mode": "test", "epoch": 10}
{"loss": 0.1201091781258583, "acc": 0.9610505700111389, "length": 5.0, "mode": "train", "epoch": 11}
{"loss": 0.12247607111930847, "acc": 0.9606903791427612, "length": 5.0, "mode": "test", "epoch": 11}
{"loss": 0.11813434958457947, "acc": 0.9614755511283875, "length": 5.0, "mode": "train", "epoch": 12}
{"loss": 0.1219756156206131, "acc": 0.9598823189735413, "length": 5.0, "mode": "test", "epoch": 12}
{"loss": 0.11818192899227142, "acc": 0.9614951610565186, "length": 5.0, "mode": "train", "epoch": 13}
{"loss": 0.12200932949781418, "acc": 0.9608583450317383, "length": 5.0, "mode": "test", "epoch": 13}
{"loss": 0.11699065566062927, "acc": 0.9618694186210632, "length": 5.0, "mode": "train", "epoch": 14}
{"loss": 0.1210949644446373, "acc": 0.9615036845207214, "length": 5.0, "mode": "test", "epoch": 14}
{"loss": 0.11703760176897049, "acc": 0.961660623550415, "length": 5.0, "mode": "train", "epoch": 15}
{"loss": 0.12113241106271744, "acc": 0.9612927436828613, "length": 5.0, "mode": "test", "epoch": 15}
{"loss": 0.114578977227211, "acc": 0.9625817537307739, "length": 5.0, "mode": "train", "epoch": 16}
{"loss": 0.11673832684755325, "acc": 0.9627590179443359, "length": 5.0, "mode": "test", "epoch": 16}
{"loss": 0.11486094444990158, "acc": 0.9624358415603638, "length": 5.0, "mode": "train", "epoch": 17}
{"loss": 0.11455901712179184, "acc": 0.9632962346076965, "length": 5.0, "mode": "test", "epoch": 17}
{"loss": 0.11465729027986526, "acc": 0.9624582529067993, "length": 5.0, "mode": "train", "epoch": 18}
{"loss": 0.11788873374462128, "acc": 0.9618696570396423, "length": 5.0, "mode": "test", "epoch": 18}
{"loss": 0.11412978172302246, "acc": 0.9626184701919556, "length": 5.0, "mode": "train", "epoch": 19}
{"loss": 0.11704114824533463, "acc": 0.9625471830368042, "length": 5.0, "mode": "test", "epoch": 19}
{"loss": 0.11411978304386139, "acc": 0.9625808000564575, "length": 5.0, "mode": "train", "epoch": 20}
{"loss": 0.1167023628950119, "acc": 0.9621906280517578, "length": 5.0, "mode": "test", "epoch": 20}
{"loss": 0.11256065964698792, "acc": 0.9630948305130005, "length": 5.0, "mode": "train", "epoch": 21}
{"loss": 0.1135139986872673, "acc": 0.9636343121528625, "length": 5.0, "mode": "test", "epoch": 21}
{"loss": 0.11347547918558121, "acc": 0.9628682732582092, "length": 5.0, "mode": "train", "epoch": 22}
{"loss": 0.1154482364654541, "acc": 0.9630307555198669, "length": 5.0, "mode": "test", "epoch": 22}
{"loss": 0.11255133897066116, "acc": 0.9630166888237, "length": 5.0, "mode": "train", "epoch": 23}
{"loss": 0.12017075717449188, "acc": 0.961520791053772, "length": 5.0, "mode": "test", "epoch": 23}
{"loss": 0.11353017389774323, "acc": 0.9627987146377563, "length": 5.0, "mode": "train", "epoch": 24}
{"loss": 0.11465514451265335, "acc": 0.9632909297943115, "length": 5.0, "mode": "test", "epoch": 24}
{"loss": 0.11306845396757126, "acc": 0.96281498670578, "length": 5.0, "mode": "train", "epoch": 25}
{"loss": 0.11253637820482254, "acc": 0.9638441205024719, "length": 5.0, "mode": "test", "epoch": 25}
{"loss": 0.11058218032121658, "acc": 0.9635799527168274, "length": 5.0, "mode": "train", "epoch": 26}
{"loss": 0.11236190050840378, "acc": 0.9640678763389587, "length": 5.0, "mode": "test", "epoch": 26}
{"loss": 0.11132276058197021, "acc": 0.963704526424408, "length": 5.0, "mode": "train", "epoch": 27}
{"loss": 0.11096915602684021, "acc": 0.9648042321205139, "length": 5.0, "mode": "test", "epoch": 27}
{"loss": 0.10855881124734879, "acc": 0.9647646546363831, "length": 5.0, "mode": "train", "epoch": 28}
{"loss": 0.1087995320558548, "acc": 0.9655414819717407, "length": 5.0, "mode": "test", "epoch": 28}
{"loss": 0.10914856195449829, "acc": 0.9647635817527771, "length": 5.0, "mode": "train", "epoch": 29}
{"loss": 0.11163938045501709, "acc": 0.9649913311004639, "length": 5.0, "mode": "test", "epoch": 29}
{"loss": 0.11085677146911621, "acc": 0.9642399549484253, "length": 5.0, "mode": "train", "epoch": 30}
{"loss": 0.1103963777422905, "acc": 0.9655447602272034, "length": 5.0, "mode": "test", "epoch": 30}
{"loss": 0.10943078994750977, "acc": 0.9645746350288391, "length": 5.0, "mode": "train", "epoch": 31}
{"loss": 0.1130729466676712, "acc": 0.9649378657341003, "length": 5.0, "mode": "test", "epoch": 31}
{"loss": 0.11102966219186783, "acc": 0.9644378423690796, "length": 5.0, "mode": "train", "epoch": 32}
{"loss": 0.11007605493068695, "acc": 0.9657502770423889, "length": 5.0, "mode": "test", "epoch": 32}
{"loss": 0.10854865610599518, "acc": 0.9651075005531311, "length": 5.0, "mode": "train", "epoch": 33}
{"loss": 0.10982511192560196, "acc": 0.9660090804100037, "length": 5.0, "mode": "test", "epoch": 33}
{"loss": 0.11213051527738571, "acc": 0.9637236595153809, "length": 5.0, "mode": "train", "epoch": 34}
{"loss": 0.1094709113240242, "acc": 0.9650866389274597, "length": 5.0, "mode": "test", "epoch": 34}
{"loss": 0.10950469225645065, "acc": 0.9646604657173157, "length": 5.0, "mode": "train", "epoch": 35}
{"loss": 0.11291968077421188, "acc": 0.9648650884628296, "length": 5.0, "mode": "test", "epoch": 35}
{"loss": 0.11267882585525513, "acc": 0.9638285636901855, "length": 5.0, "mode": "train", "epoch": 36}
{"loss": 0.11413522809743881, "acc": 0.9642969369888306, "length": 5.0, "mode": "test", "epoch": 36}
{"loss": 0.11640048027038574, "acc": 0.9623312950134277, "length": 5.0, "mode": "train", "epoch": 37}
{"loss": 0.11617274582386017, "acc": 0.9628607034683228, "length": 5.0, "mode": "test", "epoch": 37}
{"loss": 0.11188492923974991, "acc": 0.9639508724212646, "length": 5.0, "mode": "train", "epoch": 38}
{"loss": 0.11268126964569092, "acc": 0.9647655487060547, "length": 5.0, "mode": "test", "epoch": 38}
{"loss": 0.10980090498924255, "acc": 0.9648895263671875, "length": 5.0, "mode": "train", "epoch": 39}
{"loss": 0.10981462895870209, "acc": 0.965656042098999, "length": 5.0, "mode": "test", "epoch": 39}
{"loss": 0.11341102421283722, "acc": 0.9633912444114685, "length": 5.0, "mode": "train", "epoch": 40}
{"loss": 0.12787432968616486, "acc": 0.9575856924057007, "length": 5.0, "mode": "test", "epoch": 40}
{"loss": 0.12220931053161621, "acc": 0.9593926668167114, "length": 5.0, "mode": "train", "epoch": 41}
{"loss": 0.11456751078367233, "acc": 0.9633572697639465, "length": 5.0, "mode": "test", "epoch": 41}
{"loss": 0.1104167103767395, "acc": 0.9644657969474792, "length": 5.0, "mode": "train", "epoch": 42}
{"loss": 0.10975610464811325, "acc": 0.9658475518226624, "length": 5.0, "mode": "test", "epoch": 42}
{"loss": 0.10967979580163956, "acc": 0.965225875377655, "length": 5.0, "mode": "train", "epoch": 43}
{"loss": 0.10801935195922852, "acc": 0.967380166053772, "length": 5.0, "mode": "test", "epoch": 43}
{"loss": 0.10469226539134979, "acc": 0.9671308398246765, "length": 5.0, "mode": "train", "epoch": 44}
{"loss": 0.1063644289970398, "acc": 0.9678264260292053, "length": 5.0, "mode": "test", "epoch": 44}
{"loss": 0.10490043461322784, "acc": 0.9671505689620972, "length": 5.0, "mode": "train", "epoch": 45}
{"loss": 0.10263954102993011, "acc": 0.9686847925186157, "length": 5.0, "mode": "test", "epoch": 45}
{"loss": 0.1017661988735199, "acc": 0.9681782126426697, "length": 5.0, "mode": "train", "epoch": 46}
{"loss": 0.10087987035512924, "acc": 0.9692283868789673, "length": 5.0, "mode": "test", "epoch": 46}
{"loss": 0.10159461200237274, "acc": 0.9681559205055237, "length": 5.0, "mode": "train", "epoch": 47}
{"loss": 0.10145138204097748, "acc": 0.969108521938324, "length": 5.0, "mode": "test", "epoch": 47}
{"loss": 0.10165483504533768, "acc": 0.9682093262672424, "length": 5.0, "mode": "train", "epoch": 48}
{"loss": 0.10160240530967712, "acc": 0.9692562818527222, "length": 5.0, "mode": "test", "epoch": 48}
{"loss": 0.1044633686542511, "acc": 0.967354953289032, "length": 5.0, "mode": "train", "epoch": 49}
{"loss": 0.1045655831694603, "acc": 0.9681463241577148, "length": 5.0, "mode": "test", "epoch": 49}
{"loss": 0.10317539423704147, "acc": 0.9676885008811951, "length": 5.0, "mode": "train", "epoch": 50}
{"loss": 0.1058686226606369, "acc": 0.9677119255065918, "length": 5.0, "mode": "test", "epoch": 50}
{"loss": 0.10191897302865982, "acc": 0.9684575796127319, "length": 5.0, "mode": "train", "epoch": 51}
{"loss": 0.100617915391922, "acc": 0.9697527885437012, "length": 5.0, "mode": "test", "epoch": 51}
{"loss": 0.0994129478931427, "acc": 0.969135046005249, "length": 5.0, "mode": "train", "epoch": 52}
{"loss": 0.10341783612966537, "acc": 0.9688495993614197, "length": 5.0, "mode": "test", "epoch": 52}
{"loss": 0.10038217157125473, "acc": 0.9687031507492065, "length": 5.0, "mode": "train", "epoch": 53}
{"loss": 0.09948278963565826, "acc": 0.9695911407470703, "length": 5.0, "mode": "test", "epoch": 53}
{"loss": 0.10034399479627609, "acc": 0.9686120748519897, "length": 5.0, "mode": "train", "epoch": 54}
{"loss": 0.10167849063873291, "acc": 0.9693000912666321, "length": 5.0, "mode": "test", "epoch": 54}
{"loss": 0.10034503042697906, "acc": 0.9687379598617554, "length": 5.0, "mode": "train", "epoch": 55}
{"loss": 0.0997769832611084, "acc": 0.9696329236030579, "length": 5.0, "mode": "test", "epoch": 55}
{"loss": 0.09951279312372208, "acc": 0.968894898891449, "length": 5.0, "mode": "train", "epoch": 56}
{"loss": 0.10349807888269424, "acc": 0.9687885642051697, "length": 5.0, "mode": "test", "epoch": 56}
{"loss": 0.10091569274663925, "acc": 0.9683927297592163, "length": 5.0, "mode": "train", "epoch": 57}
{"loss": 0.10037172585725784, "acc": 0.9694648385047913, "length": 5.0, "mode": "test", "epoch": 57}
{"loss": 0.10274776816368103, "acc": 0.9678122401237488, "length": 5.0, "mode": "train", "epoch": 58}
{"loss": 0.10228433459997177, "acc": 0.9692263007164001, "length": 5.0, "mode": "test", "epoch": 58}
{"loss": 0.10024715214967728, "acc": 0.9686954617500305, "length": 5.0, "mode": "train", "epoch": 59}
{"loss": 0.10057967901229858, "acc": 0.9690346717834473, "length": 5.0, "mode": "test", "epoch": 59}
{"loss": 0.1002330482006073, "acc": 0.9686174392700195, "length": 5.0, "mode": "train", "epoch": 60}
{"loss": 0.10324420779943466, "acc": 0.9687018394470215, "length": 5.0, "mode": "test", "epoch": 60}
test accuracy: 0.9639147520065308
