ndevices 0
# ["--attributes=4", "--values=8", "--game_size=10", "--vocab_size_factor=3", "--n_epochs=60", "--batch_size=64", "--learning_rate=0.001", "--speaker_hidden_size=128", "--temp_update=0.97", "--temperature=2"]
data loaded from: data/dim(4,8).ds
vocab size 28
message length 4
{"loss": 0.3752728998661041, "acc": 0.8256016373634338, "length": 4.872013568878174, "mode": "train", "epoch": 1}
{"loss": 0.3261919319629669, "acc": 0.853097140789032, "length": 5.0, "mode": "test", "epoch": 1}
{"loss": 0.23514465987682343, "acc": 0.9076827168464661, "length": 4.999882698059082, "mode": "train", "epoch": 2}
{"loss": 0.24616393446922302, "acc": 0.9014074206352234, "length": 5.0, "mode": "test", "epoch": 2}
{"loss": 0.20661428570747375, "acc": 0.9204216003417969, "length": 4.999978065490723, "mode": "train", "epoch": 3}
{"loss": 0.2388709932565689, "acc": 0.9021576642990112, "length": 5.0, "mode": "test", "epoch": 3}
{"loss": 0.19270560145378113, "acc": 0.9245659112930298, "length": 4.99999475479126, "mode": "train", "epoch": 4}
{"loss": 0.21797552704811096, "acc": 0.9139876961708069, "length": 5.0, "mode": "test", "epoch": 4}
{"loss": 0.1826929897069931, "acc": 0.9282805919647217, "length": 4.999999523162842, "mode": "train", "epoch": 5}
{"loss": 0.1942153126001358, "acc": 0.9242914915084839, "length": 5.0, "mode": "test", "epoch": 5}
{"loss": 0.16936050355434418, "acc": 0.9347975850105286, "length": 5.0, "mode": "train", "epoch": 6}
{"loss": 0.1834191530942917, "acc": 0.9299251437187195, "length": 5.0, "mode": "test", "epoch": 6}
{"loss": 0.14950931072235107, "acc": 0.9450242519378662, "length": 5.0, "mode": "train", "epoch": 7}
{"loss": 0.1613929271697998, "acc": 0.9402600526809692, "length": 5.0, "mode": "test", "epoch": 7}
{"loss": 0.13435246050357819, "acc": 0.9529286623001099, "length": 5.0, "mode": "train", "epoch": 8}
{"loss": 0.14928413927555084, "acc": 0.9467113614082336, "length": 5.0, "mode": "test", "epoch": 8}
{"loss": 0.12395678460597992, "acc": 0.9577997326850891, "length": 5.0, "mode": "train", "epoch": 9}
{"loss": 0.1398908942937851, "acc": 0.9509364366531372, "length": 5.0, "mode": "test", "epoch": 9}
{"loss": 0.11625450849533081, "acc": 0.9611387848854065, "length": 5.0, "mode": "train", "epoch": 10}
{"loss": 0.13887351751327515, "acc": 0.9527525901794434, "length": 5.0, "mode": "test", "epoch": 10}
{"loss": 0.11230785399675369, "acc": 0.9631510972976685, "length": 5.0, "mode": "train", "epoch": 11}
{"loss": 0.12214963883161545, "acc": 0.9592434167861938, "length": 5.0, "mode": "test", "epoch": 11}
{"loss": 0.10901527106761932, "acc": 0.9642488360404968, "length": 5.0, "mode": "train", "epoch": 12}
{"loss": 0.13705964386463165, "acc": 0.9517455101013184, "length": 5.0, "mode": "test", "epoch": 12}
{"loss": 0.10203032195568085, "acc": 0.9675931930541992, "length": 5.0, "mode": "train", "epoch": 13}
{"loss": 0.10960474610328674, "acc": 0.9654912352561951, "length": 5.0, "mode": "test", "epoch": 13}
{"loss": 0.09129493683576584, "acc": 0.9728833436965942, "length": 5.0, "mode": "train", "epoch": 14}
{"loss": 0.10224591940641403, "acc": 0.9692486524581909, "length": 5.0, "mode": "test", "epoch": 14}
{"loss": 0.08944549411535263, "acc": 0.9735949635505676, "length": 5.0, "mode": "train", "epoch": 15}
{"loss": 0.11320307850837708, "acc": 0.9647924304008484, "length": 5.0, "mode": "test", "epoch": 15}
{"loss": 0.0877632349729538, "acc": 0.9742609262466431, "length": 5.0, "mode": "train", "epoch": 16}
{"loss": 0.10205192863941193, "acc": 0.969799816608429, "length": 5.0, "mode": "test", "epoch": 16}
{"loss": 0.087680883705616, "acc": 0.9741615056991577, "length": 5.0, "mode": "train", "epoch": 17}
{"loss": 0.1016276553273201, "acc": 0.9697656035423279, "length": 5.0, "mode": "test", "epoch": 17}
{"loss": 0.08425664901733398, "acc": 0.9753761887550354, "length": 5.0, "mode": "train", "epoch": 18}
{"loss": 0.08980359882116318, "acc": 0.9744596481323242, "length": 5.0, "mode": "test", "epoch": 18}
{"loss": 0.08424346148967743, "acc": 0.9753533005714417, "length": 5.0, "mode": "train", "epoch": 19}
{"loss": 0.09097178280353546, "acc": 0.9742711782455444, "length": 5.0, "mode": "test", "epoch": 19}
{"loss": 0.08293572068214417, "acc": 0.9757804274559021, "length": 5.0, "mode": "train", "epoch": 20}
{"loss": 0.08886179327964783, "acc": 0.9749518632888794, "length": 5.0, "mode": "test", "epoch": 20}
{"loss": 0.08259622007608414, "acc": 0.9759615659713745, "length": 5.0, "mode": "train", "epoch": 21}
{"loss": 0.08766818046569824, "acc": 0.9749251008033752, "length": 5.0, "mode": "test", "epoch": 21}
{"loss": 0.0803782269358635, "acc": 0.9766315817832947, "length": 5.0, "mode": "train", "epoch": 22}
{"loss": 0.08606823533773422, "acc": 0.9757695198059082, "length": 5.0, "mode": "test", "epoch": 22}
{"loss": 0.08167396485805511, "acc": 0.9763590097427368, "length": 5.0, "mode": "train", "epoch": 23}
{"loss": 0.08580508083105087, "acc": 0.9756764769554138, "length": 5.0, "mode": "test", "epoch": 23}
{"loss": 0.07885516434907913, "acc": 0.9771219491958618, "length": 5.0, "mode": "train", "epoch": 24}
{"loss": 0.084561787545681, "acc": 0.9761376976966858, "length": 5.0, "mode": "test", "epoch": 24}
{"loss": 0.07917624711990356, "acc": 0.9769404530525208, "length": 5.0, "mode": "train", "epoch": 25}
{"loss": 0.08533370494842529, "acc": 0.9760401844978333, "length": 5.0, "mode": "test", "epoch": 25}
{"loss": 0.08074091374874115, "acc": 0.9766378998756409, "length": 5.0, "mode": "train", "epoch": 26}
{"loss": 0.08879163861274719, "acc": 0.9754034280776978, "length": 5.0, "mode": "test", "epoch": 26}
{"loss": 0.07905620336532593, "acc": 0.9769685864448547, "length": 5.0, "mode": "train", "epoch": 27}
{"loss": 0.08392471075057983, "acc": 0.9766427874565125, "length": 5.0, "mode": "test", "epoch": 27}
{"loss": 0.07894019782543182, "acc": 0.9771394729614258, "length": 5.0, "mode": "train", "epoch": 28}
{"loss": 0.08871355652809143, "acc": 0.9754654765129089, "length": 5.0, "mode": "test", "epoch": 28}
{"loss": 0.07905443757772446, "acc": 0.977374255657196, "length": 5.0, "mode": "train", "epoch": 29}
{"loss": 0.08136381208896637, "acc": 0.9772709012031555, "length": 5.0, "mode": "test", "epoch": 29}
{"loss": 0.07778280228376389, "acc": 0.9777335524559021, "length": 5.0, "mode": "train", "epoch": 30}
{"loss": 0.0794210135936737, "acc": 0.9781709909439087, "length": 5.0, "mode": "test", "epoch": 30}
{"loss": 0.07944710552692413, "acc": 0.9772265553474426, "length": 5.0, "mode": "train", "epoch": 31}
{"loss": 0.08242560178041458, "acc": 0.9771296977996826, "length": 5.0, "mode": "test", "epoch": 31}
{"loss": 0.07819737493991852, "acc": 0.9776504039764404, "length": 5.0, "mode": "train", "epoch": 32}
{"loss": 0.08107154816389084, "acc": 0.9772805571556091, "length": 5.0, "mode": "test", "epoch": 32}
{"loss": 0.07739948481321335, "acc": 0.9778950810432434, "length": 5.0, "mode": "train", "epoch": 33}
{"loss": 0.08151968568563461, "acc": 0.9768868088722229, "length": 5.0, "mode": "test", "epoch": 33}
{"loss": 0.07580459117889404, "acc": 0.9784587025642395, "length": 5.0, "mode": "train", "epoch": 34}
{"loss": 0.07638568431138992, "acc": 0.979418933391571, "length": 5.0, "mode": "test", "epoch": 34}
{"loss": 0.07450592517852783, "acc": 0.9788625240325928, "length": 5.0, "mode": "train", "epoch": 35}
{"loss": 0.0813039019703865, "acc": 0.9775663018226624, "length": 5.0, "mode": "test", "epoch": 35}
{"loss": 0.07537461817264557, "acc": 0.9786438941955566, "length": 5.0, "mode": "train", "epoch": 36}
{"loss": 0.08204782009124756, "acc": 0.9776530265808105, "length": 5.0, "mode": "test", "epoch": 36}
{"loss": 0.0766257792711258, "acc": 0.9782102108001709, "length": 5.0, "mode": "train", "epoch": 37}
{"loss": 0.08581820130348206, "acc": 0.9760262966156006, "length": 5.0, "mode": "test", "epoch": 37}
{"loss": 0.07795744389295578, "acc": 0.9777774810791016, "length": 5.0, "mode": "train", "epoch": 38}
{"loss": 0.07996944338083267, "acc": 0.9784010648727417, "length": 5.0, "mode": "test", "epoch": 38}
{"loss": 0.0772220641374588, "acc": 0.9780706763267517, "length": 5.0, "mode": "train", "epoch": 39}
{"loss": 0.07601264864206314, "acc": 0.9792754650115967, "length": 5.0, "mode": "test", "epoch": 39}
{"loss": 0.0751049667596817, "acc": 0.9787463545799255, "length": 5.0, "mode": "train", "epoch": 40}
{"loss": 0.07565610855817795, "acc": 0.9794766902923584, "length": 5.0, "mode": "test", "epoch": 40}
{"loss": 0.0742354765534401, "acc": 0.9789367318153381, "length": 5.0, "mode": "train", "epoch": 41}
{"loss": 0.08254886418581009, "acc": 0.977496862411499, "length": 5.0, "mode": "test", "epoch": 41}
{"loss": 0.07578384131193161, "acc": 0.978638231754303, "length": 5.0, "mode": "train", "epoch": 42}
{"loss": 0.0764225646853447, "acc": 0.9790721535682678, "length": 5.0, "mode": "test", "epoch": 42}
{"loss": 0.07644928991794586, "acc": 0.9783769845962524, "length": 5.0, "mode": "train", "epoch": 43}
{"loss": 0.0794486477971077, "acc": 0.978213906288147, "length": 5.0, "mode": "test", "epoch": 43}
{"loss": 0.07573562115430832, "acc": 0.9786645174026489, "length": 5.0, "mode": "train", "epoch": 44}
{"loss": 0.07587125897407532, "acc": 0.9794124364852905, "length": 5.0, "mode": "test", "epoch": 44}
{"loss": 0.07720073312520981, "acc": 0.9782405495643616, "length": 5.0, "mode": "train", "epoch": 45}
{"loss": 0.07888466119766235, "acc": 0.9784461259841919, "length": 5.0, "mode": "test", "epoch": 45}
{"loss": 0.07816299051046371, "acc": 0.9778879284858704, "length": 5.0, "mode": "train", "epoch": 46}
{"loss": 0.07937045395374298, "acc": 0.9785509705543518, "length": 5.0, "mode": "test", "epoch": 46}
{"loss": 0.07908577471971512, "acc": 0.9775779247283936, "length": 5.0, "mode": "train", "epoch": 47}
{"loss": 0.07943159341812134, "acc": 0.978219211101532, "length": 5.0, "mode": "test", "epoch": 47}
{"loss": 0.07880955934524536, "acc": 0.9776007533073425, "length": 5.0, "mode": "train", "epoch": 48}
{"loss": 0.08116500824689865, "acc": 0.9771212935447693, "length": 5.0, "mode": "test", "epoch": 48}
{"loss": 0.0844212993979454, "acc": 0.9750776290893555, "length": 5.0, "mode": "train", "epoch": 49}
{"loss": 0.0896039679646492, "acc": 0.9735455513000488, "length": 5.0, "mode": "test", "epoch": 49}
{"loss": 0.08461451530456543, "acc": 0.9750689268112183, "length": 5.0, "mode": "train", "epoch": 50}
{"loss": 0.0926588922739029, "acc": 0.9733712077140808, "length": 5.0, "mode": "test", "epoch": 50}
{"loss": 0.0847850888967514, "acc": 0.9752863049507141, "length": 5.0, "mode": "train", "epoch": 51}
{"loss": 0.084598109126091, "acc": 0.9760756492614746, "length": 5.0, "mode": "test", "epoch": 51}
{"loss": 0.07991393655538559, "acc": 0.9771084785461426, "length": 5.0, "mode": "train", "epoch": 52}
{"loss": 0.078052818775177, "acc": 0.9787917137145996, "length": 5.0, "mode": "test", "epoch": 52}
{"loss": 0.07840434461832047, "acc": 0.9776004552841187, "length": 5.0, "mode": "train", "epoch": 53}
{"loss": 0.07735708355903625, "acc": 0.9785841703414917, "length": 5.0, "mode": "test", "epoch": 53}
{"loss": 0.07720909267663956, "acc": 0.9780938625335693, "length": 5.0, "mode": "train", "epoch": 54}
{"loss": 0.07924196869134903, "acc": 0.9783273339271545, "length": 5.0, "mode": "test", "epoch": 54}
{"loss": 0.07570815086364746, "acc": 0.9786823391914368, "length": 5.0, "mode": "train", "epoch": 55}
{"loss": 0.0805540457367897, "acc": 0.9782073497772217, "length": 5.0, "mode": "test", "epoch": 55}
{"loss": 0.07653360813856125, "acc": 0.9783755540847778, "length": 5.0, "mode": "train", "epoch": 56}
{"loss": 0.07793623954057693, "acc": 0.9786418676376343, "length": 5.0, "mode": "test", "epoch": 56}
{"loss": 0.07841630280017853, "acc": 0.9778858423233032, "length": 5.0, "mode": "train", "epoch": 57}
{"loss": 0.07953851670026779, "acc": 0.9781539440155029, "length": 5.0, "mode": "test", "epoch": 57}
{"loss": 0.07628098130226135, "acc": 0.9784809350967407, "length": 5.0, "mode": "train", "epoch": 58}
{"loss": 0.07849624007940292, "acc": 0.9786943793296814, "length": 5.0, "mode": "test", "epoch": 58}
{"loss": 0.07564002275466919, "acc": 0.9790303111076355, "length": 5.0, "mode": "train", "epoch": 59}
{"loss": 0.07634136825799942, "acc": 0.9796682596206665, "length": 5.0, "mode": "test", "epoch": 59}
{"loss": 0.07322703301906586, "acc": 0.9797433018684387, "length": 5.0, "mode": "train", "epoch": 60}
{"loss": 0.0777420848608017, "acc": 0.9792488217353821, "length": 5.0, "mode": "test", "epoch": 60}
test accuracy: 0.976744532585144
