ndevices 0
# ["--attributes=4", "--values=8", "--game_size=10", "--vocab_size_factor=3", "--n_epochs=60", "--batch_size=64", "--learning_rate=0.001", "--speaker_hidden_size=128", "--temp_update=0.99", "--temperature=1"]
data loaded from: data/dim(4,8).ds
vocab size 28
message length 4
{"loss": 0.39044466614723206, "acc": 0.8262612223625183, "length": 4.922692775726318, "mode": "train", "epoch": 1}
{"loss": 0.30752667784690857, "acc": 0.8774368166923523, "length": 5.0, "mode": "test", "epoch": 1}
{"loss": 0.2880571484565735, "acc": 0.8836854100227356, "length": 4.999910831451416, "mode": "train", "epoch": 2}
{"loss": 0.26979103684425354, "acc": 0.8921554088592529, "length": 5.0, "mode": "test", "epoch": 2}
{"loss": 0.2553609609603882, "acc": 0.896918535232544, "length": 4.999969959259033, "mode": "train", "epoch": 3}
{"loss": 0.24084468185901642, "acc": 0.904552698135376, "length": 5.0, "mode": "test", "epoch": 3}
{"loss": 0.22755208611488342, "acc": 0.9111485481262207, "length": 4.999996662139893, "mode": "train", "epoch": 4}
{"loss": 0.22060206532478333, "acc": 0.9167488217353821, "length": 5.0, "mode": "test", "epoch": 4}
{"loss": 0.2116972655057907, "acc": 0.9197940826416016, "length": 4.999997615814209, "mode": "train", "epoch": 5}
{"loss": 0.20594127476215363, "acc": 0.9244038462638855, "length": 5.0, "mode": "test", "epoch": 5}
{"loss": 0.19600342214107513, "acc": 0.9270541071891785, "length": 4.999999046325684, "mode": "train", "epoch": 6}
{"loss": 0.1974802166223526, "acc": 0.9283004999160767, "length": 5.0, "mode": "test", "epoch": 6}
{"loss": 0.1910332590341568, "acc": 0.929523229598999, "length": 5.0, "mode": "train", "epoch": 7}
{"loss": 0.18975535035133362, "acc": 0.9311450719833374, "length": 5.0, "mode": "test", "epoch": 7}
{"loss": 0.18149803578853607, "acc": 0.9335877895355225, "length": 4.999999523162842, "mode": "train", "epoch": 8}
{"loss": 0.18269680440425873, "acc": 0.9338507056236267, "length": 5.0, "mode": "test", "epoch": 8}
{"loss": 0.1769866645336151, "acc": 0.9358949065208435, "length": 5.0, "mode": "train", "epoch": 9}
{"loss": 0.1800314337015152, "acc": 0.9358165264129639, "length": 5.0, "mode": "test", "epoch": 9}
{"loss": 0.17222632467746735, "acc": 0.9379764795303345, "length": 5.0, "mode": "train", "epoch": 10}
{"loss": 0.17363454401493073, "acc": 0.9386321306228638, "length": 5.0, "mode": "test", "epoch": 10}
{"loss": 0.17212416231632233, "acc": 0.9379935264587402, "length": 5.0, "mode": "train", "epoch": 11}
{"loss": 0.17538374662399292, "acc": 0.9371713995933533, "length": 5.0, "mode": "test", "epoch": 11}
{"loss": 0.16465702652931213, "acc": 0.9408336281776428, "length": 5.0, "mode": "train", "epoch": 12}
{"loss": 0.16529305279254913, "acc": 0.9417743682861328, "length": 5.0, "mode": "test", "epoch": 12}
{"loss": 0.16378182172775269, "acc": 0.9412881135940552, "length": 5.0, "mode": "train", "epoch": 13}
{"loss": 0.16807995736598969, "acc": 0.9410080909729004, "length": 5.0, "mode": "test", "epoch": 13}
{"loss": 0.16361089050769806, "acc": 0.9411478638648987, "length": 5.0, "mode": "train", "epoch": 14}
{"loss": 0.16993661224842072, "acc": 0.9398897290229797, "length": 5.0, "mode": "test", "epoch": 14}
{"loss": 0.1619265228509903, "acc": 0.9416666030883789, "length": 5.0, "mode": "train", "epoch": 15}
{"loss": 0.17162033915519714, "acc": 0.9396212100982666, "length": 5.0, "mode": "test", "epoch": 15}
{"loss": 0.15948069095611572, "acc": 0.9425027966499329, "length": 5.0, "mode": "train", "epoch": 16}
{"loss": 0.16126352548599243, "acc": 0.94342041015625, "length": 5.0, "mode": "test", "epoch": 16}
{"loss": 0.15806271135807037, "acc": 0.9430129528045654, "length": 5.0, "mode": "train", "epoch": 17}
{"loss": 0.16228273510932922, "acc": 0.9433369040489197, "length": 5.0, "mode": "test", "epoch": 17}
{"loss": 0.16033095121383667, "acc": 0.9425549507141113, "length": 5.0, "mode": "train", "epoch": 18}
{"loss": 0.16176068782806396, "acc": 0.9425396919250488, "length": 5.0, "mode": "test", "epoch": 18}
{"loss": 0.15802264213562012, "acc": 0.9433019161224365, "length": 5.0, "mode": "train", "epoch": 19}
{"loss": 0.16183853149414062, "acc": 0.9434010982513428, "length": 5.0, "mode": "test", "epoch": 19}
{"loss": 0.1585245430469513, "acc": 0.9432148337364197, "length": 5.0, "mode": "train", "epoch": 20}
{"loss": 0.15839263796806335, "acc": 0.9444038271903992, "length": 5.0, "mode": "test", "epoch": 20}
{"loss": 0.15722888708114624, "acc": 0.9436200857162476, "length": 5.0, "mode": "train", "epoch": 21}
{"loss": 0.1608567237854004, "acc": 0.9436696767807007, "length": 5.0, "mode": "test", "epoch": 21}
{"loss": 0.15512597560882568, "acc": 0.9441901445388794, "length": 5.0, "mode": "train", "epoch": 22}
{"loss": 0.15748418867588043, "acc": 0.9441887736320496, "length": 5.0, "mode": "test", "epoch": 22}
{"loss": 0.1547224521636963, "acc": 0.9441626071929932, "length": 5.0, "mode": "train", "epoch": 23}
{"loss": 0.15561221539974213, "acc": 0.9446425437927246, "length": 5.0, "mode": "test", "epoch": 23}
{"loss": 0.15374794602394104, "acc": 0.9442808032035828, "length": 5.0, "mode": "train", "epoch": 24}
{"loss": 0.15403276681900024, "acc": 0.945178747177124, "length": 5.0, "mode": "test", "epoch": 24}
{"loss": 0.14929452538490295, "acc": 0.947388768196106, "length": 5.0, "mode": "train", "epoch": 25}
{"loss": 0.149878591299057, "acc": 0.9484867453575134, "length": 5.0, "mode": "test", "epoch": 25}
{"loss": 0.14076457917690277, "acc": 0.9514403939247131, "length": 5.0, "mode": "train", "epoch": 26}
{"loss": 0.14144329726696014, "acc": 0.9523908495903015, "length": 5.0, "mode": "test", "epoch": 26}
{"loss": 0.13987398147583008, "acc": 0.9522585868835449, "length": 5.0, "mode": "train", "epoch": 27}
{"loss": 0.1451364904642105, "acc": 0.9512757062911987, "length": 5.0, "mode": "test", "epoch": 27}
{"loss": 0.13705679774284363, "acc": 0.9534893035888672, "length": 5.0, "mode": "train", "epoch": 28}
{"loss": 0.13975082337856293, "acc": 0.9534567594528198, "length": 5.0, "mode": "test", "epoch": 28}
{"loss": 0.13644284009933472, "acc": 0.9545237421989441, "length": 5.0, "mode": "train", "epoch": 29}
{"loss": 0.14391647279262543, "acc": 0.9523298144340515, "length": 5.0, "mode": "test", "epoch": 29}
{"loss": 0.13367539644241333, "acc": 0.9558648467063904, "length": 5.0, "mode": "train", "epoch": 30}
{"loss": 0.13769327104091644, "acc": 0.9554376602172852, "length": 5.0, "mode": "test", "epoch": 30}
{"loss": 0.13446570932865143, "acc": 0.9555565118789673, "length": 5.0, "mode": "train", "epoch": 31}
{"loss": 0.14050062000751495, "acc": 0.9535360336303711, "length": 5.0, "mode": "test", "epoch": 31}
{"loss": 0.13274846971035004, "acc": 0.9565096497535706, "length": 5.0, "mode": "train", "epoch": 32}
{"loss": 0.13548563420772552, "acc": 0.9565474987030029, "length": 5.0, "mode": "test", "epoch": 32}
{"loss": 0.1330832988023758, "acc": 0.956652820110321, "length": 5.0, "mode": "train", "epoch": 33}
{"loss": 0.13740117847919464, "acc": 0.9561997652053833, "length": 5.0, "mode": "test", "epoch": 33}
{"loss": 0.1319255530834198, "acc": 0.9573447704315186, "length": 5.0, "mode": "train", "epoch": 34}
{"loss": 0.1366022825241089, "acc": 0.9556527733802795, "length": 5.0, "mode": "test", "epoch": 34}
{"loss": 0.13031265139579773, "acc": 0.9581973552703857, "length": 5.0, "mode": "train", "epoch": 35}
{"loss": 0.13305877149105072, "acc": 0.958098292350769, "length": 5.0, "mode": "test", "epoch": 35}
{"loss": 0.12748423218727112, "acc": 0.9591952562332153, "length": 5.0, "mode": "train", "epoch": 36}
{"loss": 0.1293344795703888, "acc": 0.9594959020614624, "length": 5.0, "mode": "test", "epoch": 36}
{"loss": 0.12789644300937653, "acc": 0.9592444896697998, "length": 5.0, "mode": "train", "epoch": 37}
{"loss": 0.1300317794084549, "acc": 0.9584952592849731, "length": 5.0, "mode": "test", "epoch": 37}
{"loss": 0.1276734322309494, "acc": 0.9591755867004395, "length": 5.0, "mode": "train", "epoch": 38}
{"loss": 0.13218508660793304, "acc": 0.9579141736030579, "length": 5.0, "mode": "test", "epoch": 38}
{"loss": 0.12550318241119385, "acc": 0.9599437117576599, "length": 5.0, "mode": "train", "epoch": 39}
{"loss": 0.1301020085811615, "acc": 0.9592766165733337, "length": 5.0, "mode": "test", "epoch": 39}
{"loss": 0.12378153949975967, "acc": 0.9606219530105591, "length": 5.0, "mode": "train", "epoch": 40}
{"loss": 0.12462326139211655, "acc": 0.9606217741966248, "length": 5.0, "mode": "test", "epoch": 40}
{"loss": 0.12432113289833069, "acc": 0.9604713320732117, "length": 5.0, "mode": "train", "epoch": 41}
{"loss": 0.12452679872512817, "acc": 0.9612403512001038, "length": 5.0, "mode": "test", "epoch": 41}
{"loss": 0.123859703540802, "acc": 0.9604235291481018, "length": 5.0, "mode": "train", "epoch": 42}
{"loss": 0.12768837809562683, "acc": 0.9592851400375366, "length": 5.0, "mode": "test", "epoch": 42}
{"loss": 0.12318026274442673, "acc": 0.9607628583908081, "length": 5.0, "mode": "train", "epoch": 43}
{"loss": 0.12443950772285461, "acc": 0.9607608914375305, "length": 5.0, "mode": "test", "epoch": 43}
{"loss": 0.11968236416578293, "acc": 0.9621576070785522, "length": 5.0, "mode": "train", "epoch": 44}
{"loss": 0.12482506036758423, "acc": 0.9611098170280457, "length": 5.0, "mode": "test", "epoch": 44}
{"loss": 0.12060131877660751, "acc": 0.9616795778274536, "length": 5.0, "mode": "train", "epoch": 45}
{"loss": 0.12275511026382446, "acc": 0.9621649980545044, "length": 5.0, "mode": "test", "epoch": 45}
{"loss": 0.11904798448085785, "acc": 0.9621604084968567, "length": 5.0, "mode": "train", "epoch": 46}
{"loss": 0.12300875782966614, "acc": 0.9619123935699463, "length": 5.0, "mode": "test", "epoch": 46}
{"loss": 0.11958897113800049, "acc": 0.9620599150657654, "length": 5.0, "mode": "train", "epoch": 47}
{"loss": 0.1311495006084442, "acc": 0.9584000110626221, "length": 5.0, "mode": "test", "epoch": 47}
{"loss": 0.12179208546876907, "acc": 0.961434543132782, "length": 5.0, "mode": "train", "epoch": 48}
{"loss": 0.12652838230133057, "acc": 0.9605083465576172, "length": 5.0, "mode": "test", "epoch": 48}
{"loss": 0.11842000484466553, "acc": 0.962541401386261, "length": 5.0, "mode": "train", "epoch": 49}
{"loss": 0.12133938819169998, "acc": 0.9622849822044373, "length": 5.0, "mode": "test", "epoch": 49}
{"loss": 0.11826488375663757, "acc": 0.9624387621879578, "length": 5.0, "mode": "train", "epoch": 50}
{"loss": 0.11737779527902603, "acc": 0.9632865786552429, "length": 5.0, "mode": "test", "epoch": 50}
{"loss": 0.11728128045797348, "acc": 0.9626427888870239, "length": 5.0, "mode": "train", "epoch": 51}
{"loss": 0.1187513917684555, "acc": 0.9629066586494446, "length": 5.0, "mode": "test", "epoch": 51}
{"loss": 0.12023836374282837, "acc": 0.9615187048912048, "length": 5.0, "mode": "train", "epoch": 52}
{"loss": 0.12044879794120789, "acc": 0.9624251127243042, "length": 5.0, "mode": "test", "epoch": 52}
{"loss": 0.11806293576955795, "acc": 0.962249219417572, "length": 5.0, "mode": "train", "epoch": 53}
{"loss": 0.12056340277194977, "acc": 0.9622453451156616, "length": 5.0, "mode": "test", "epoch": 53}
{"loss": 0.11608004570007324, "acc": 0.9631404280662537, "length": 5.0, "mode": "train", "epoch": 54}
{"loss": 0.11827662587165833, "acc": 0.9630351066589355, "length": 5.0, "mode": "test", "epoch": 54}
{"loss": 0.11792760342359543, "acc": 0.9621601700782776, "length": 5.0, "mode": "train", "epoch": 55}
{"loss": 0.11823384463787079, "acc": 0.9631828665733337, "length": 5.0, "mode": "test", "epoch": 55}
{"loss": 0.11918068677186966, "acc": 0.9621198177337646, "length": 5.0, "mode": "train", "epoch": 56}
{"loss": 0.12180553376674652, "acc": 0.9620130658149719, "length": 5.0, "mode": "test", "epoch": 56}
{"loss": 0.12041068822145462, "acc": 0.9614344239234924, "length": 5.0, "mode": "train", "epoch": 57}
{"loss": 0.1187632605433464, "acc": 0.9631484746932983, "length": 5.0, "mode": "test", "epoch": 57}
{"loss": 0.11823170632123947, "acc": 0.9624287486076355, "length": 5.0, "mode": "train", "epoch": 58}
{"loss": 0.12146969139575958, "acc": 0.9621040225028992, "length": 5.0, "mode": "test", "epoch": 58}
{"loss": 0.11871360242366791, "acc": 0.962266743183136, "length": 5.0, "mode": "train", "epoch": 59}
{"loss": 0.11754424124956131, "acc": 0.9634064435958862, "length": 5.0, "mode": "test", "epoch": 59}
{"loss": 0.1181945949792862, "acc": 0.962329626083374, "length": 5.0, "mode": "train", "epoch": 60}
{"loss": 0.12235976755619049, "acc": 0.9618664979934692, "length": 5.0, "mode": "test", "epoch": 60}
test accuracy: 0.9578986167907715
