ndevices 0
# ["--attributes=4", "--values=8", "--game_size=10", "--vocab_size_factor=3", "--n_epochs=60", "--batch_size=32", "--learning_rate=0.0005", "--speaker_hidden_size=128", "--temp_update=0.99", "--temperature=1.5"]
data loaded from: data/dim(4,8).ds
vocab size 28
message length 4
{"loss": 0.3879058361053467, "acc": 0.8191125988960266, "length": 4.924015998840332, "mode": "train", "epoch": 1}
{"loss": 0.3252376317977905, "acc": 0.8570355772972107, "length": 5.0, "mode": "test", "epoch": 1}
{"loss": 0.2913185656070709, "acc": 0.8741475343704224, "length": 4.999985218048096, "mode": "train", "epoch": 2}
{"loss": 0.28019237518310547, "acc": 0.8781570792198181, "length": 5.0, "mode": "test", "epoch": 2}
{"loss": 0.27072328329086304, "acc": 0.8814314603805542, "length": 4.999996662139893, "mode": "train", "epoch": 3}
{"loss": 0.26692405343055725, "acc": 0.8840656280517578, "length": 5.0, "mode": "test", "epoch": 3}
{"loss": 0.25715580582618713, "acc": 0.886586606502533, "length": 5.0, "mode": "train", "epoch": 4}
{"loss": 0.25318318605422974, "acc": 0.8889062404632568, "length": 5.0, "mode": "test", "epoch": 4}
{"loss": 0.2487039864063263, "acc": 0.8896214962005615, "length": 5.0, "mode": "train", "epoch": 5}
{"loss": 0.24481822550296783, "acc": 0.890388548374176, "length": 5.0, "mode": "test", "epoch": 5}
{"loss": 0.2359778881072998, "acc": 0.8954821825027466, "length": 5.0, "mode": "train", "epoch": 6}
{"loss": 0.2359742522239685, "acc": 0.896805465221405, "length": 5.0, "mode": "test", "epoch": 6}
{"loss": 0.23079510033130646, "acc": 0.8996978402137756, "length": 5.0, "mode": "train", "epoch": 7}
{"loss": 0.2375975102186203, "acc": 0.9003991484642029, "length": 5.0, "mode": "test", "epoch": 7}
{"loss": 0.21243803203105927, "acc": 0.9113562703132629, "length": 5.0, "mode": "train", "epoch": 8}
{"loss": 0.2064705491065979, "acc": 0.9159932136535645, "length": 5.0, "mode": "test", "epoch": 8}
{"loss": 0.1937234103679657, "acc": 0.9219144582748413, "length": 5.0, "mode": "train", "epoch": 9}
{"loss": 0.19494783878326416, "acc": 0.922590970993042, "length": 5.0, "mode": "test", "epoch": 9}
{"loss": 0.18228955566883087, "acc": 0.9275362491607666, "length": 5.0, "mode": "train", "epoch": 10}
{"loss": 0.1865011602640152, "acc": 0.927151083946228, "length": 5.0, "mode": "test", "epoch": 10}
{"loss": 0.17827650904655457, "acc": 0.9296175241470337, "length": 5.0, "mode": "train", "epoch": 11}
{"loss": 0.18236152827739716, "acc": 0.9285595417022705, "length": 5.0, "mode": "test", "epoch": 11}
{"loss": 0.17361904680728912, "acc": 0.9314396977424622, "length": 5.0, "mode": "train", "epoch": 12}
{"loss": 0.18019543588161469, "acc": 0.9293534755706787, "length": 5.0, "mode": "test", "epoch": 12}
{"loss": 0.17134234309196472, "acc": 0.9323239922523499, "length": 5.0, "mode": "train", "epoch": 13}
{"loss": 0.17675912380218506, "acc": 0.9315496683120728, "length": 5.0, "mode": "test", "epoch": 13}
{"loss": 0.16942736506462097, "acc": 0.9326611161231995, "length": 5.0, "mode": "train", "epoch": 14}
{"loss": 0.17388692498207092, "acc": 0.9327365159988403, "length": 5.0, "mode": "test", "epoch": 14}
{"loss": 0.16573011875152588, "acc": 0.9344779253005981, "length": 5.0, "mode": "train", "epoch": 15}
{"loss": 0.17023581266403198, "acc": 0.9350471496582031, "length": 5.0, "mode": "test", "epoch": 15}
{"loss": 0.16193434596061707, "acc": 0.9364478588104248, "length": 5.0, "mode": "train", "epoch": 16}
{"loss": 0.17356222867965698, "acc": 0.9344102740287781, "length": 5.0, "mode": "test", "epoch": 16}
{"loss": 0.1582314372062683, "acc": 0.938258707523346, "length": 5.0, "mode": "train", "epoch": 17}
{"loss": 0.16281214356422424, "acc": 0.9380244612693787, "length": 5.0, "mode": "test", "epoch": 17}
{"loss": 0.1554686725139618, "acc": 0.9394176602363586, "length": 5.0, "mode": "train", "epoch": 18}
{"loss": 0.16082201898097992, "acc": 0.9390998482704163, "length": 5.0, "mode": "test", "epoch": 18}
{"loss": 0.152823805809021, "acc": 0.940277099609375, "length": 5.0, "mode": "train", "epoch": 19}
{"loss": 0.15917301177978516, "acc": 0.9391321539878845, "length": 5.0, "mode": "test", "epoch": 19}
{"loss": 0.1514650136232376, "acc": 0.9408423900604248, "length": 5.0, "mode": "train", "epoch": 20}
{"loss": 0.15671159327030182, "acc": 0.9405778646469116, "length": 5.0, "mode": "test", "epoch": 20}
{"loss": 0.1492493450641632, "acc": 0.9417247772216797, "length": 5.0, "mode": "train", "epoch": 21}
{"loss": 0.15901708602905273, "acc": 0.9396116733551025, "length": 5.0, "mode": "test", "epoch": 21}
{"loss": 0.14838562905788422, "acc": 0.9420141577720642, "length": 5.0, "mode": "train", "epoch": 22}
{"loss": 0.15445367991924286, "acc": 0.9422293305397034, "length": 5.0, "mode": "test", "epoch": 22}
{"loss": 0.1465112715959549, "acc": 0.9426790475845337, "length": 5.0, "mode": "train", "epoch": 23}
{"loss": 0.15336233377456665, "acc": 0.9421403408050537, "length": 5.0, "mode": "test", "epoch": 23}
{"loss": 0.14636828005313873, "acc": 0.9428538680076599, "length": 5.0, "mode": "train", "epoch": 24}
{"loss": 0.15783189237117767, "acc": 0.940066397190094, "length": 5.0, "mode": "test", "epoch": 24}
{"loss": 0.1442060023546219, "acc": 0.943672776222229, "length": 5.0, "mode": "train", "epoch": 25}
{"loss": 0.1503283828496933, "acc": 0.9429526925086975, "length": 5.0, "mode": "test", "epoch": 25}
{"loss": 0.14370380342006683, "acc": 0.9438797831535339, "length": 5.0, "mode": "train", "epoch": 26}
{"loss": 0.1494203805923462, "acc": 0.943444013595581, "length": 5.0, "mode": "test", "epoch": 26}
{"loss": 0.14221882820129395, "acc": 0.9444944858551025, "length": 5.0, "mode": "train", "epoch": 27}
{"loss": 0.14851541817188263, "acc": 0.9439630508422852, "length": 5.0, "mode": "test", "epoch": 27}
{"loss": 0.14093874394893646, "acc": 0.9449660778045654, "length": 5.0, "mode": "train", "epoch": 28}
{"loss": 0.14817127585411072, "acc": 0.9446189403533936, "length": 5.0, "mode": "test", "epoch": 28}
{"loss": 0.13972161710262299, "acc": 0.9455774426460266, "length": 5.0, "mode": "train", "epoch": 29}
{"loss": 0.1456141471862793, "acc": 0.9443162083625793, "length": 5.0, "mode": "test", "epoch": 29}
{"loss": 0.14039507508277893, "acc": 0.9454672932624817, "length": 5.0, "mode": "train", "epoch": 30}
{"loss": 0.14688482880592346, "acc": 0.9446800947189331, "length": 5.0, "mode": "test", "epoch": 30}
{"loss": 0.1388469934463501, "acc": 0.9461647272109985, "length": 5.0, "mode": "train", "epoch": 31}
{"loss": 0.1452943980693817, "acc": 0.9460627436637878, "length": 5.0, "mode": "test", "epoch": 31}
{"loss": 0.13696692883968353, "acc": 0.9469597935676575, "length": 5.0, "mode": "train", "epoch": 32}
{"loss": 0.14619047939777374, "acc": 0.9457674026489258, "length": 5.0, "mode": "test", "epoch": 32}
{"loss": 0.13594257831573486, "acc": 0.9475577473640442, "length": 5.0, "mode": "train", "epoch": 33}
{"loss": 0.14067800343036652, "acc": 0.9473608732223511, "length": 5.0, "mode": "test", "epoch": 33}
{"loss": 0.13553522527217865, "acc": 0.9479326605796814, "length": 5.0, "mode": "train", "epoch": 34}
{"loss": 0.14095045626163483, "acc": 0.9478253126144409, "length": 5.0, "mode": "test", "epoch": 34}
{"loss": 0.13348977267742157, "acc": 0.9489415884017944, "length": 5.0, "mode": "train", "epoch": 35}
{"loss": 0.13951797783374786, "acc": 0.9482234716415405, "length": 5.0, "mode": "test", "epoch": 35}
{"loss": 0.13186363875865936, "acc": 0.9499143362045288, "length": 5.0, "mode": "train", "epoch": 36}
{"loss": 0.13805325329303741, "acc": 0.9491481781005859, "length": 5.0, "mode": "test", "epoch": 36}
{"loss": 0.13025736808776855, "acc": 0.9506824612617493, "length": 5.0, "mode": "train", "epoch": 37}
{"loss": 0.1428278535604477, "acc": 0.9474711418151855, "length": 5.0, "mode": "test", "epoch": 37}
{"loss": 0.1285431683063507, "acc": 0.9515602588653564, "length": 5.0, "mode": "train", "epoch": 38}
{"loss": 0.1379508078098297, "acc": 0.9505939483642578, "length": 5.0, "mode": "test", "epoch": 38}
{"loss": 0.12776049971580505, "acc": 0.9524989128112793, "length": 5.0, "mode": "train", "epoch": 39}
{"loss": 0.13357055187225342, "acc": 0.9522902369499207, "length": 5.0, "mode": "test", "epoch": 39}
{"loss": 0.12673665583133698, "acc": 0.953050434589386, "length": 5.0, "mode": "train", "epoch": 40}
{"loss": 0.13463926315307617, "acc": 0.9512210488319397, "length": 5.0, "mode": "test", "epoch": 40}
{"loss": 0.12618473172187805, "acc": 0.9537447094917297, "length": 5.0, "mode": "train", "epoch": 41}
{"loss": 0.12995083630084991, "acc": 0.9535605907440186, "length": 5.0, "mode": "test", "epoch": 41}
{"loss": 0.12304578721523285, "acc": 0.9549519419670105, "length": 5.0, "mode": "train", "epoch": 42}
{"loss": 0.13114780187606812, "acc": 0.9542443752288818, "length": 5.0, "mode": "test", "epoch": 42}
{"loss": 0.1227034330368042, "acc": 0.9556372165679932, "length": 5.0, "mode": "train", "epoch": 43}
{"loss": 0.13110539317131042, "acc": 0.9539950489997864, "length": 5.0, "mode": "test", "epoch": 43}
{"loss": 0.12098011374473572, "acc": 0.9564465880393982, "length": 5.0, "mode": "train", "epoch": 44}
{"loss": 0.12891803681850433, "acc": 0.9549421072006226, "length": 5.0, "mode": "test", "epoch": 44}
{"loss": 0.12051327526569366, "acc": 0.9567997455596924, "length": 5.0, "mode": "train", "epoch": 45}
{"loss": 0.12732486426830292, "acc": 0.9555008411407471, "length": 5.0, "mode": "test", "epoch": 45}
{"loss": 0.11960993707180023, "acc": 0.9573763012886047, "length": 5.0, "mode": "train", "epoch": 46}
{"loss": 0.12550988793373108, "acc": 0.9562810063362122, "length": 5.0, "mode": "test", "epoch": 46}
{"loss": 0.1176590844988823, "acc": 0.9582117199897766, "length": 5.0, "mode": "train", "epoch": 47}
{"loss": 0.12670765817165375, "acc": 0.9566824436187744, "length": 5.0, "mode": "test", "epoch": 47}
{"loss": 0.11612808704376221, "acc": 0.9591413736343384, "length": 5.0, "mode": "train", "epoch": 48}
{"loss": 0.1230485588312149, "acc": 0.9576006531715393, "length": 5.0, "mode": "test", "epoch": 48}
{"loss": 0.11558191478252411, "acc": 0.9596297740936279, "length": 5.0, "mode": "train", "epoch": 49}
{"loss": 0.12471828609704971, "acc": 0.9584417343139648, "length": 5.0, "mode": "test", "epoch": 49}
{"loss": 0.11504388600587845, "acc": 0.9601248502731323, "length": 5.0, "mode": "train", "epoch": 50}
{"loss": 0.12565670907497406, "acc": 0.9576905369758606, "length": 5.0, "mode": "test", "epoch": 50}
{"loss": 0.11327188462018967, "acc": 0.9609301090240479, "length": 5.0, "mode": "train", "epoch": 51}
{"loss": 0.12202318012714386, "acc": 0.9596265554428101, "length": 5.0, "mode": "test", "epoch": 51}
{"loss": 0.1122250109910965, "acc": 0.9615594148635864, "length": 5.0, "mode": "train", "epoch": 52}
{"loss": 0.1202295571565628, "acc": 0.9605125784873962, "length": 5.0, "mode": "test", "epoch": 52}
{"loss": 0.11091391742229462, "acc": 0.96194988489151, "length": 5.0, "mode": "train", "epoch": 53}
{"loss": 0.12010616064071655, "acc": 0.960374653339386, "length": 5.0, "mode": "test", "epoch": 53}
{"loss": 0.10992131382226944, "acc": 0.9625650644302368, "length": 5.0, "mode": "train", "epoch": 54}
{"loss": 0.11705739051103592, "acc": 0.961587131023407, "length": 5.0, "mode": "test", "epoch": 54}
{"loss": 0.11008749157190323, "acc": 0.9627601504325867, "length": 5.0, "mode": "train", "epoch": 55}
{"loss": 0.12058592587709427, "acc": 0.9602846503257751, "length": 5.0, "mode": "test", "epoch": 55}
{"loss": 0.10954588651657104, "acc": 0.9631447792053223, "length": 5.0, "mode": "train", "epoch": 56}
{"loss": 0.11639627814292908, "acc": 0.9620857834815979, "length": 5.0, "mode": "test", "epoch": 56}
{"loss": 0.10893548280000687, "acc": 0.9634572267532349, "length": 5.0, "mode": "train", "epoch": 57}
{"loss": 0.11662383377552032, "acc": 0.9619081020355225, "length": 5.0, "mode": "test", "epoch": 57}
{"loss": 0.10738957673311234, "acc": 0.9639891386032104, "length": 5.0, "mode": "train", "epoch": 58}
{"loss": 0.11563622206449509, "acc": 0.9626026749610901, "length": 5.0, "mode": "test", "epoch": 58}
{"loss": 0.10688520967960358, "acc": 0.9645916819572449, "length": 5.0, "mode": "train", "epoch": 59}
{"loss": 0.11533687263727188, "acc": 0.963115394115448, "length": 5.0, "mode": "test", "epoch": 59}
{"loss": 0.10586685687303543, "acc": 0.9650886654853821, "length": 5.0, "mode": "train", "epoch": 60}
{"loss": 0.11370289325714111, "acc": 0.9636857509613037, "length": 5.0, "mode": "test", "epoch": 60}
test accuracy: 0.95276939868927
