ndevices 0
# ["--attributes=4", "--values=8", "--game_size=10", "--vocab_size_factor=3", "--n_epochs=60", "--batch_size=64", "--learning_rate=0.001", "--speaker_hidden_size=128", "--temp_update=0.99", "--temperature=1.5"]
data loaded from: data/dim(4,8).ds
vocab size 28
message length 4
{"loss": 0.3733183443546295, "acc": 0.8306580781936646, "length": 4.919637680053711, "mode": "train", "epoch": 1}
{"loss": 0.3017460107803345, "acc": 0.8746618032455444, "length": 5.0, "mode": "test", "epoch": 1}
{"loss": 0.2568018436431885, "acc": 0.8971621990203857, "length": 4.999948501586914, "mode": "train", "epoch": 2}
{"loss": 0.2440023571252823, "acc": 0.9040282964706421, "length": 5.0, "mode": "test", "epoch": 2}
{"loss": 0.21732467412948608, "acc": 0.9164429903030396, "length": 4.999989032745361, "mode": "train", "epoch": 3}
{"loss": 0.2087164670228958, "acc": 0.9214298725128174, "length": 5.0, "mode": "test", "epoch": 3}
{"loss": 0.1924898624420166, "acc": 0.9288308024406433, "length": 4.999997138977051, "mode": "train", "epoch": 4}
{"loss": 0.19771352410316467, "acc": 0.9277258515357971, "length": 5.0, "mode": "test", "epoch": 4}
{"loss": 0.17493073642253876, "acc": 0.9373665452003479, "length": 5.0, "mode": "train", "epoch": 5}
{"loss": 0.17716103792190552, "acc": 0.9381442070007324, "length": 5.0, "mode": "test", "epoch": 5}
{"loss": 0.15985627472400665, "acc": 0.9444233775138855, "length": 5.0, "mode": "train", "epoch": 6}
{"loss": 0.168379008769989, "acc": 0.9424882531166077, "length": 5.0, "mode": "test", "epoch": 6}
{"loss": 0.148766428232193, "acc": 0.9491541981697083, "length": 5.0, "mode": "train", "epoch": 7}
{"loss": 0.15394683182239532, "acc": 0.9469413161277771, "length": 5.0, "mode": "test", "epoch": 7}
{"loss": 0.14009709656238556, "acc": 0.9528288841247559, "length": 5.0, "mode": "train", "epoch": 8}
{"loss": 0.153856098651886, "acc": 0.9468129873275757, "length": 5.0, "mode": "test", "epoch": 8}
{"loss": 0.132926344871521, "acc": 0.9557507038116455, "length": 5.0, "mode": "train", "epoch": 9}
{"loss": 0.14148777723312378, "acc": 0.9525694847106934, "length": 5.0, "mode": "test", "epoch": 9}
{"loss": 0.12747694551944733, "acc": 0.9581496715545654, "length": 5.0, "mode": "train", "epoch": 10}
{"loss": 0.13856199383735657, "acc": 0.955199122428894, "length": 5.0, "mode": "test", "epoch": 10}
{"loss": 0.12724512815475464, "acc": 0.9582468867301941, "length": 5.0, "mode": "train", "epoch": 11}
{"loss": 0.13748769462108612, "acc": 0.9547024369239807, "length": 5.0, "mode": "test", "epoch": 11}
{"loss": 0.12257775664329529, "acc": 0.9599361419677734, "length": 5.0, "mode": "train", "epoch": 12}
{"loss": 0.1355188488960266, "acc": 0.9557619690895081, "length": 5.0, "mode": "test", "epoch": 12}
{"loss": 0.11990965157747269, "acc": 0.9606451392173767, "length": 5.0, "mode": "train", "epoch": 13}
{"loss": 0.13186755776405334, "acc": 0.956902801990509, "length": 5.0, "mode": "test", "epoch": 13}
{"loss": 0.11934252828359604, "acc": 0.9608133435249329, "length": 5.0, "mode": "train", "epoch": 14}
{"loss": 0.13350284099578857, "acc": 0.9568750858306885, "length": 5.0, "mode": "test", "epoch": 14}
{"loss": 0.11736171692609787, "acc": 0.9615616202354431, "length": 5.0, "mode": "train", "epoch": 15}
{"loss": 0.12415114790201187, "acc": 0.9600930213928223, "length": 5.0, "mode": "test", "epoch": 15}
{"loss": 0.11589963734149933, "acc": 0.9620716571807861, "length": 5.0, "mode": "train", "epoch": 16}
{"loss": 0.125814750790596, "acc": 0.9587081074714661, "length": 5.0, "mode": "test", "epoch": 16}
{"loss": 0.11399020254611969, "acc": 0.9627797603607178, "length": 5.0, "mode": "train", "epoch": 17}
{"loss": 0.12005897611379623, "acc": 0.9612510204315186, "length": 5.0, "mode": "test", "epoch": 17}
{"loss": 0.11196987330913544, "acc": 0.9636636972427368, "length": 5.0, "mode": "train", "epoch": 18}
{"loss": 0.12133962661027908, "acc": 0.9614779353141785, "length": 5.0, "mode": "test", "epoch": 18}
{"loss": 0.11126389354467392, "acc": 0.9640569090843201, "length": 5.0, "mode": "train", "epoch": 19}
{"loss": 0.1176290512084961, "acc": 0.9624711275100708, "length": 5.0, "mode": "test", "epoch": 19}
{"loss": 0.10818252712488174, "acc": 0.9650888442993164, "length": 5.0, "mode": "train", "epoch": 20}
{"loss": 0.11889393627643585, "acc": 0.9620066285133362, "length": 5.0, "mode": "test", "epoch": 20}
{"loss": 0.10674355924129486, "acc": 0.9655420184135437, "length": 5.0, "mode": "train", "epoch": 21}
{"loss": 0.11522955447435379, "acc": 0.9632834196090698, "length": 5.0, "mode": "test", "epoch": 21}
{"loss": 0.1063866913318634, "acc": 0.9656803607940674, "length": 5.0, "mode": "train", "epoch": 22}
{"loss": 0.11451898515224457, "acc": 0.9645665287971497, "length": 5.0, "mode": "test", "epoch": 22}
{"loss": 0.10603687167167664, "acc": 0.9659755825996399, "length": 5.0, "mode": "train", "epoch": 23}
{"loss": 0.11511295288801193, "acc": 0.9636033177375793, "length": 5.0, "mode": "test", "epoch": 23}
{"loss": 0.10231513530015945, "acc": 0.967485785484314, "length": 5.0, "mode": "train", "epoch": 24}
{"loss": 0.11104869097471237, "acc": 0.964928388595581, "length": 5.0, "mode": "test", "epoch": 24}
{"loss": 0.101003497838974, "acc": 0.9680142402648926, "length": 5.0, "mode": "train", "epoch": 25}
{"loss": 0.10848274827003479, "acc": 0.9657534956932068, "length": 5.0, "mode": "test", "epoch": 25}
{"loss": 0.10016323626041412, "acc": 0.9683281779289246, "length": 5.0, "mode": "train", "epoch": 26}
{"loss": 0.10798453539609909, "acc": 0.9664854407310486, "length": 5.0, "mode": "test", "epoch": 26}
{"loss": 0.09834619611501694, "acc": 0.9687921404838562, "length": 5.0, "mode": "train", "epoch": 27}
{"loss": 0.10757508873939514, "acc": 0.9665454626083374, "length": 5.0, "mode": "test", "epoch": 27}
{"loss": 0.09991016983985901, "acc": 0.9682881236076355, "length": 5.0, "mode": "train", "epoch": 28}
{"loss": 0.12011757493019104, "acc": 0.9620911478996277, "length": 5.0, "mode": "test", "epoch": 28}
{"loss": 0.09914293885231018, "acc": 0.9684665203094482, "length": 5.0, "mode": "train", "epoch": 29}
{"loss": 0.10270782560110092, "acc": 0.9683572053909302, "length": 5.0, "mode": "test", "epoch": 29}
{"loss": 0.09666233509778976, "acc": 0.9692111015319824, "length": 5.0, "mode": "train", "epoch": 30}
{"loss": 0.1028578132390976, "acc": 0.9688335061073303, "length": 5.0, "mode": "test", "epoch": 30}
{"loss": 0.09818512201309204, "acc": 0.9687237739562988, "length": 5.0, "mode": "train", "epoch": 31}
{"loss": 0.10265441983938217, "acc": 0.9685369729995728, "length": 5.0, "mode": "test", "epoch": 31}
{"loss": 0.09697293490171432, "acc": 0.9690521955490112, "length": 5.0, "mode": "train", "epoch": 32}
{"loss": 0.10589233040809631, "acc": 0.9669029116630554, "length": 5.0, "mode": "test", "epoch": 32}
{"loss": 0.09751956909894943, "acc": 0.9688636064529419, "length": 5.0, "mode": "train", "epoch": 33}
{"loss": 0.10673476755619049, "acc": 0.9669948816299438, "length": 5.0, "mode": "test", "epoch": 33}
{"loss": 0.09735377132892609, "acc": 0.9689437747001648, "length": 5.0, "mode": "train", "epoch": 34}
{"loss": 0.10196787863969803, "acc": 0.9685231447219849, "length": 5.0, "mode": "test", "epoch": 34}
{"loss": 0.09612259268760681, "acc": 0.9692267179489136, "length": 5.0, "mode": "train", "epoch": 35}
{"loss": 0.10675403475761414, "acc": 0.9668418765068054, "length": 5.0, "mode": "test", "epoch": 35}
{"loss": 0.097618468105793, "acc": 0.9686996936798096, "length": 5.0, "mode": "train", "epoch": 36}
{"loss": 0.10086417943239212, "acc": 0.9689222574234009, "length": 5.0, "mode": "test", "epoch": 36}
{"loss": 0.0959894210100174, "acc": 0.9691793322563171, "length": 5.0, "mode": "train", "epoch": 37}
{"loss": 0.10262279957532883, "acc": 0.9683829545974731, "length": 5.0, "mode": "test", "epoch": 37}
{"loss": 0.09627809375524521, "acc": 0.9690804481506348, "length": 5.0, "mode": "train", "epoch": 38}
{"loss": 0.10855732858181, "acc": 0.9664640426635742, "length": 5.0, "mode": "test", "epoch": 38}
{"loss": 0.0992666631937027, "acc": 0.9681867957115173, "length": 5.0, "mode": "train", "epoch": 39}
{"loss": 0.1094457358121872, "acc": 0.9664586782455444, "length": 5.0, "mode": "test", "epoch": 39}
{"loss": 0.09874805808067322, "acc": 0.9684587121009827, "length": 5.0, "mode": "train", "epoch": 40}
{"loss": 0.10227227210998535, "acc": 0.9684920907020569, "length": 5.0, "mode": "test", "epoch": 40}
{"loss": 0.09675556421279907, "acc": 0.9689288139343262, "length": 5.0, "mode": "train", "epoch": 41}
{"loss": 0.10456004738807678, "acc": 0.9675760269165039, "length": 5.0, "mode": "test", "epoch": 41}
{"loss": 0.0959957093000412, "acc": 0.9690708518028259, "length": 5.0, "mode": "train", "epoch": 42}
{"loss": 0.10681349039077759, "acc": 0.9663131833076477, "length": 5.0, "mode": "test", "epoch": 42}
{"loss": 0.09672541171312332, "acc": 0.9688075184822083, "length": 5.0, "mode": "train", "epoch": 43}
{"loss": 0.10531097650527954, "acc": 0.9677515029907227, "length": 5.0, "mode": "test", "epoch": 43}
{"loss": 0.09777431190013885, "acc": 0.9687051773071289, "length": 5.0, "mode": "train", "epoch": 44}
{"loss": 0.10261674970388412, "acc": 0.9684011936187744, "length": 5.0, "mode": "test", "epoch": 44}
{"loss": 0.09535568952560425, "acc": 0.9693636894226074, "length": 5.0, "mode": "train", "epoch": 45}
{"loss": 0.09996037185192108, "acc": 0.9692443609237671, "length": 5.0, "mode": "test", "epoch": 45}
{"loss": 0.09497296065092087, "acc": 0.9698243141174316, "length": 5.0, "mode": "train", "epoch": 46}
{"loss": 0.1107441708445549, "acc": 0.9659267663955688, "length": 5.0, "mode": "test", "epoch": 46}
{"loss": 0.09471834450960159, "acc": 0.9700596928596497, "length": 5.0, "mode": "train", "epoch": 47}
{"loss": 0.10066156089305878, "acc": 0.9694830775260925, "length": 5.0, "mode": "test", "epoch": 47}
{"loss": 0.09242945909500122, "acc": 0.970625102519989, "length": 5.0, "mode": "train", "epoch": 48}
{"loss": 0.09676726907491684, "acc": 0.9705800414085388, "length": 5.0, "mode": "test", "epoch": 48}
{"loss": 0.09119153767824173, "acc": 0.971213698387146, "length": 5.0, "mode": "train", "epoch": 49}
{"loss": 0.09898853302001953, "acc": 0.9702483415603638, "length": 5.0, "mode": "test", "epoch": 49}
{"loss": 0.09090743958950043, "acc": 0.9713768362998962, "length": 5.0, "mode": "train", "epoch": 50}
{"loss": 0.09878203272819519, "acc": 0.9705618023872375, "length": 5.0, "mode": "test", "epoch": 50}
{"loss": 0.09107346087694168, "acc": 0.9715441465377808, "length": 5.0, "mode": "train", "epoch": 51}
{"loss": 0.09695138782262802, "acc": 0.97101891040802, "length": 5.0, "mode": "test", "epoch": 51}
{"loss": 0.08792690187692642, "acc": 0.9728550314903259, "length": 5.0, "mode": "train", "epoch": 52}
{"loss": 0.0954466387629509, "acc": 0.9716030955314636, "length": 5.0, "mode": "test", "epoch": 52}
{"loss": 0.08567049354314804, "acc": 0.9737744331359863, "length": 5.0, "mode": "train", "epoch": 53}
{"loss": 0.09086072444915771, "acc": 0.9735209345817566, "length": 5.0, "mode": "test", "epoch": 53}
{"loss": 0.08502820134162903, "acc": 0.9740719795227051, "length": 5.0, "mode": "train", "epoch": 54}
{"loss": 0.08888403326272964, "acc": 0.9740089178085327, "length": 5.0, "mode": "test", "epoch": 54}
{"loss": 0.0837521106004715, "acc": 0.9744386076927185, "length": 5.0, "mode": "train", "epoch": 55}
{"loss": 0.09120874106884003, "acc": 0.9733797311782837, "length": 5.0, "mode": "test", "epoch": 55}
{"loss": 0.08511325716972351, "acc": 0.9742805361747742, "length": 5.0, "mode": "train", "epoch": 56}
{"loss": 0.08949175477027893, "acc": 0.9738484621047974, "length": 5.0, "mode": "test", "epoch": 56}
{"loss": 0.08402367681264877, "acc": 0.9745686054229736, "length": 5.0, "mode": "train", "epoch": 57}
{"loss": 0.08809130638837814, "acc": 0.9744382500648499, "length": 5.0, "mode": "test", "epoch": 57}
{"loss": 0.08242720365524292, "acc": 0.975192129611969, "length": 5.0, "mode": "train", "epoch": 58}
{"loss": 0.08617381751537323, "acc": 0.9750322103500366, "length": 5.0, "mode": "test", "epoch": 58}
{"loss": 0.08224952220916748, "acc": 0.9753778576850891, "length": 5.0, "mode": "train", "epoch": 59}
{"loss": 0.08648549765348434, "acc": 0.9754099249839783, "length": 5.0, "mode": "test", "epoch": 59}
{"loss": 0.08088034391403198, "acc": 0.9757204055786133, "length": 5.0, "mode": "train", "epoch": 60}
{"loss": 0.08579165488481522, "acc": 0.97523432970047, "length": 5.0, "mode": "test", "epoch": 60}
test accuracy: 0.9733588695526123
