ndevices 0
# ["--attributes=4", "--values=8", "--game_size=10", "--vocab_size_factor=3", "--n_epochs=60", "--batch_size=64", "--learning_rate=0.001", "--speaker_hidden_size=128", "--temp_update=0.99", "--temperature=2"]
data loaded from: data/dim(4,8).ds
vocab size 28
message length 4
{"loss": 0.3771972358226776, "acc": 0.827104389667511, "length": 4.918344497680664, "mode": "train", "epoch": 1}
{"loss": 0.40614497661590576, "acc": 0.7990924119949341, "length": 5.0, "mode": "test", "epoch": 1}
{"loss": 0.27257776260375977, "acc": 0.8849089741706848, "length": 4.999831199645996, "mode": "train", "epoch": 2}
{"loss": 0.2946415841579437, "acc": 0.869085967540741, "length": 5.0, "mode": "test", "epoch": 2}
{"loss": 0.2276977002620697, "acc": 0.907057523727417, "length": 4.999951362609863, "mode": "train", "epoch": 3}
{"loss": 0.2481081336736679, "acc": 0.8914287686347961, "length": 5.0, "mode": "test", "epoch": 3}
{"loss": 0.20595185458660126, "acc": 0.9161679148674011, "length": 4.999991416931152, "mode": "train", "epoch": 4}
{"loss": 0.2173469364643097, "acc": 0.9106293320655823, "length": 5.0, "mode": "test", "epoch": 4}
{"loss": 0.19066067039966583, "acc": 0.9237642884254456, "length": 4.999997138977051, "mode": "train", "epoch": 5}
{"loss": 0.2245706170797348, "acc": 0.9048812389373779, "length": 5.0, "mode": "test", "epoch": 5}
{"loss": 0.18134069442749023, "acc": 0.9284775853157043, "length": 4.999999523162842, "mode": "train", "epoch": 6}
{"loss": 0.19045469164848328, "acc": 0.9207865595817566, "length": 5.0, "mode": "test", "epoch": 6}
{"loss": 0.1730877161026001, "acc": 0.9320204257965088, "length": 5.0, "mode": "train", "epoch": 7}
{"loss": 0.20139534771442413, "acc": 0.9193771481513977, "length": 5.0, "mode": "test", "epoch": 7}
{"loss": 0.1577991545200348, "acc": 0.9388837218284607, "length": 5.0, "mode": "train", "epoch": 8}
{"loss": 0.1796245574951172, "acc": 0.9264941215515137, "length": 5.0, "mode": "test", "epoch": 8}
{"loss": 0.15527591109275818, "acc": 0.9395806789398193, "length": 5.0, "mode": "train", "epoch": 9}
{"loss": 0.1731230914592743, "acc": 0.932264506816864, "length": 5.0, "mode": "test", "epoch": 9}
{"loss": 0.1507677435874939, "acc": 0.9409756064414978, "length": 5.0, "mode": "train", "epoch": 10}
{"loss": 0.17051653563976288, "acc": 0.9319071769714355, "length": 5.0, "mode": "test", "epoch": 10}
{"loss": 0.148977592587471, "acc": 0.9416851997375488, "length": 5.0, "mode": "train", "epoch": 11}
{"loss": 0.16784554719924927, "acc": 0.9350481629371643, "length": 5.0, "mode": "test", "epoch": 11}
{"loss": 0.14250430464744568, "acc": 0.9446667432785034, "length": 5.0, "mode": "train", "epoch": 12}
{"loss": 0.15995506942272186, "acc": 0.936784029006958, "length": 5.0, "mode": "test", "epoch": 12}
{"loss": 0.13349884748458862, "acc": 0.94915372133255, "length": 5.0, "mode": "train", "epoch": 13}
{"loss": 0.15456905961036682, "acc": 0.941302478313446, "length": 5.0, "mode": "test", "epoch": 13}
{"loss": 0.127417653799057, "acc": 0.9521130919456482, "length": 5.0, "mode": "train", "epoch": 14}
{"loss": 0.15287908911705017, "acc": 0.9426701068878174, "length": 5.0, "mode": "test", "epoch": 14}
{"loss": 0.1229758933186531, "acc": 0.9547613263130188, "length": 5.0, "mode": "train", "epoch": 15}
{"loss": 0.14604777097702026, "acc": 0.9455211758613586, "length": 5.0, "mode": "test", "epoch": 15}
{"loss": 0.11722272634506226, "acc": 0.9583413004875183, "length": 5.0, "mode": "train", "epoch": 16}
{"loss": 0.13760507106781006, "acc": 0.9497548341751099, "length": 5.0, "mode": "test", "epoch": 16}
{"loss": 0.107555091381073, "acc": 0.9631379842758179, "length": 5.0, "mode": "train", "epoch": 17}
{"loss": 0.12507984042167664, "acc": 0.958122968673706, "length": 5.0, "mode": "test", "epoch": 17}
{"loss": 0.09987752139568329, "acc": 0.9672500491142273, "length": 5.0, "mode": "train", "epoch": 18}
{"loss": 0.11724334955215454, "acc": 0.9620024561882019, "length": 5.0, "mode": "test", "epoch": 18}
{"loss": 0.09650018066167831, "acc": 0.9687329530715942, "length": 5.0, "mode": "train", "epoch": 19}
{"loss": 0.11065289378166199, "acc": 0.9642400741577148, "length": 5.0, "mode": "test", "epoch": 19}
{"loss": 0.09492415189743042, "acc": 0.9691856503486633, "length": 5.0, "mode": "train", "epoch": 20}
{"loss": 0.1034698560833931, "acc": 0.9673266410827637, "length": 5.0, "mode": "test", "epoch": 20}
{"loss": 0.09400961548089981, "acc": 0.9694079756736755, "length": 5.0, "mode": "train", "epoch": 21}
{"loss": 0.10746403783559799, "acc": 0.9657117128372192, "length": 5.0, "mode": "test", "epoch": 21}
{"loss": 0.0924319177865982, "acc": 0.9698314666748047, "length": 5.0, "mode": "train", "epoch": 22}
{"loss": 0.1033056378364563, "acc": 0.9669091701507568, "length": 5.0, "mode": "test", "epoch": 22}
{"loss": 0.09179630875587463, "acc": 0.9700465202331543, "length": 5.0, "mode": "train", "epoch": 23}
{"loss": 0.10121741145849228, "acc": 0.9678949117660522, "length": 5.0, "mode": "test", "epoch": 23}
{"loss": 0.09274273365736008, "acc": 0.9698457717895508, "length": 5.0, "mode": "train", "epoch": 24}
{"loss": 0.10081183910369873, "acc": 0.9681142568588257, "length": 5.0, "mode": "test", "epoch": 24}
{"loss": 0.09183286130428314, "acc": 0.9700747132301331, "length": 5.0, "mode": "train", "epoch": 25}
{"loss": 0.10437595844268799, "acc": 0.9669563174247742, "length": 5.0, "mode": "test", "epoch": 25}
{"loss": 0.09270604699850082, "acc": 0.9695655703544617, "length": 5.0, "mode": "train", "epoch": 26}
{"loss": 0.10007946193218231, "acc": 0.9688591957092285, "length": 5.0, "mode": "test", "epoch": 26}
{"loss": 0.09086138010025024, "acc": 0.9702959060668945, "length": 5.0, "mode": "train", "epoch": 27}
{"loss": 0.10362578928470612, "acc": 0.966353714466095, "length": 5.0, "mode": "test", "epoch": 27}
{"loss": 0.09061671048402786, "acc": 0.9702180624008179, "length": 5.0, "mode": "train", "epoch": 28}
{"loss": 0.09783147275447845, "acc": 0.968853771686554, "length": 5.0, "mode": "test", "epoch": 28}
{"loss": 0.09121132642030716, "acc": 0.97001051902771, "length": 5.0, "mode": "train", "epoch": 29}
{"loss": 0.10314954072237015, "acc": 0.9676488041877747, "length": 5.0, "mode": "test", "epoch": 29}
{"loss": 0.08994343876838684, "acc": 0.9704196453094482, "length": 5.0, "mode": "train", "epoch": 30}
{"loss": 0.09828357398509979, "acc": 0.9683271646499634, "length": 5.0, "mode": "test", "epoch": 30}
{"loss": 0.08952414989471436, "acc": 0.9704770445823669, "length": 5.0, "mode": "train", "epoch": 31}
{"loss": 0.09725659340620041, "acc": 0.9691672921180725, "length": 5.0, "mode": "test", "epoch": 31}
{"loss": 0.09011027961969376, "acc": 0.9702737331390381, "length": 5.0, "mode": "train", "epoch": 32}
{"loss": 0.10298636555671692, "acc": 0.9674967527389526, "length": 5.0, "mode": "test", "epoch": 32}
{"loss": 0.08821845054626465, "acc": 0.9708327651023865, "length": 5.0, "mode": "train", "epoch": 33}
{"loss": 0.09225881099700928, "acc": 0.9711901545524597, "length": 5.0, "mode": "test", "epoch": 33}
{"loss": 0.0869779884815216, "acc": 0.972082793712616, "length": 5.0, "mode": "train", "epoch": 34}
{"loss": 0.09683946520090103, "acc": 0.9707353115081787, "length": 5.0, "mode": "test", "epoch": 34}
{"loss": 0.08501040190458298, "acc": 0.9726821184158325, "length": 5.0, "mode": "train", "epoch": 35}
{"loss": 0.09193571656942368, "acc": 0.9717785716056824, "length": 5.0, "mode": "test", "epoch": 35}
{"loss": 0.08376342058181763, "acc": 0.9730905890464783, "length": 5.0, "mode": "train", "epoch": 36}
{"loss": 0.09042865037918091, "acc": 0.9724646210670471, "length": 5.0, "mode": "test", "epoch": 36}
{"loss": 0.08343739807605743, "acc": 0.9730631709098816, "length": 5.0, "mode": "train", "epoch": 37}
{"loss": 0.08915267139673233, "acc": 0.9724764823913574, "length": 5.0, "mode": "test", "epoch": 37}
{"loss": 0.08176037669181824, "acc": 0.9738928079605103, "length": 5.0, "mode": "train", "epoch": 38}
{"loss": 0.08801774680614471, "acc": 0.9738014340400696, "length": 5.0, "mode": "test", "epoch": 38}
{"loss": 0.07946120947599411, "acc": 0.9752214550971985, "length": 5.0, "mode": "train", "epoch": 39}
{"loss": 0.08202475309371948, "acc": 0.9754441380500793, "length": 5.0, "mode": "test", "epoch": 39}
{"loss": 0.07905583828687668, "acc": 0.975285530090332, "length": 5.0, "mode": "train", "epoch": 40}
{"loss": 0.09133066982030869, "acc": 0.9731324315071106, "length": 5.0, "mode": "test", "epoch": 40}
{"loss": 0.07775409519672394, "acc": 0.9757351279258728, "length": 5.0, "mode": "train", "epoch": 41}
{"loss": 0.08163530379533768, "acc": 0.9755287766456604, "length": 5.0, "mode": "test", "epoch": 41}
{"loss": 0.0759032666683197, "acc": 0.9761438369750977, "length": 5.0, "mode": "train", "epoch": 42}
{"loss": 0.08391352742910385, "acc": 0.9749689698219299, "length": 5.0, "mode": "test", "epoch": 42}
{"loss": 0.0792343020439148, "acc": 0.9751899242401123, "length": 5.0, "mode": "train", "epoch": 43}
{"loss": 0.08607813715934753, "acc": 0.9744178056716919, "length": 5.0, "mode": "test", "epoch": 43}
{"loss": 0.077146016061306, "acc": 0.9757992625236511, "length": 5.0, "mode": "train", "epoch": 44}
{"loss": 0.08334176987409592, "acc": 0.9751229882240295, "length": 5.0, "mode": "test", "epoch": 44}
{"loss": 0.07584136724472046, "acc": 0.9763421416282654, "length": 5.0, "mode": "train", "epoch": 45}
{"loss": 0.08245553821325302, "acc": 0.9755586981773376, "length": 5.0, "mode": "test", "epoch": 45}
{"loss": 0.07712836563587189, "acc": 0.9759761691093445, "length": 5.0, "mode": "train", "epoch": 46}
{"loss": 0.08602046221494675, "acc": 0.9743556976318359, "length": 5.0, "mode": "test", "epoch": 46}
{"loss": 0.07593942433595657, "acc": 0.9765775799751282, "length": 5.0, "mode": "train", "epoch": 47}
{"loss": 0.0800144225358963, "acc": 0.9765506982803345, "length": 5.0, "mode": "test", "epoch": 47}
{"loss": 0.07393276691436768, "acc": 0.9770182967185974, "length": 5.0, "mode": "train", "epoch": 48}
{"loss": 0.07952524721622467, "acc": 0.976635217666626, "length": 5.0, "mode": "test", "epoch": 48}
{"loss": 0.07313109934329987, "acc": 0.9773163795471191, "length": 5.0, "mode": "train", "epoch": 49}
{"loss": 0.08080219477415085, "acc": 0.9761238098144531, "length": 5.0, "mode": "test", "epoch": 49}
{"loss": 0.07301628589630127, "acc": 0.9776157140731812, "length": 5.0, "mode": "train", "epoch": 50}
{"loss": 0.0778946653008461, "acc": 0.977543830871582, "length": 5.0, "mode": "test", "epoch": 50}
{"loss": 0.0695262998342514, "acc": 0.979045569896698, "length": 5.0, "mode": "train", "epoch": 51}
{"loss": 0.07426629215478897, "acc": 0.9788494110107422, "length": 5.0, "mode": "test", "epoch": 51}
{"loss": 0.06921044737100601, "acc": 0.9793627262115479, "length": 5.0, "mode": "train", "epoch": 52}
{"loss": 0.07351849973201752, "acc": 0.9793171286582947, "length": 5.0, "mode": "test", "epoch": 52}
{"loss": 0.06715048849582672, "acc": 0.9799628257751465, "length": 5.0, "mode": "train", "epoch": 53}
{"loss": 0.07292260229587555, "acc": 0.9793396592140198, "length": 5.0, "mode": "test", "epoch": 53}
{"loss": 0.06633606553077698, "acc": 0.9802653789520264, "length": 5.0, "mode": "train", "epoch": 54}
{"loss": 0.07102365046739578, "acc": 0.9798876643180847, "length": 5.0, "mode": "test", "epoch": 54}
{"loss": 0.06646968424320221, "acc": 0.9802520871162415, "length": 5.0, "mode": "train", "epoch": 55}
{"loss": 0.07039374858140945, "acc": 0.980182945728302, "length": 5.0, "mode": "test", "epoch": 55}
{"loss": 0.06603331863880157, "acc": 0.9802917838096619, "length": 5.0, "mode": "train", "epoch": 56}
{"loss": 0.07155635207891464, "acc": 0.9798940420150757, "length": 5.0, "mode": "test", "epoch": 56}
{"loss": 0.06576288491487503, "acc": 0.9804472327232361, "length": 5.0, "mode": "train", "epoch": 57}
{"loss": 0.07023733854293823, "acc": 0.9803875088691711, "length": 5.0, "mode": "test", "epoch": 57}
{"loss": 0.06584671139717102, "acc": 0.9803551435470581, "length": 5.0, "mode": "train", "epoch": 58}
{"loss": 0.07096672803163528, "acc": 0.9799957871437073, "length": 5.0, "mode": "test", "epoch": 58}
{"loss": 0.06590642780065536, "acc": 0.9803390502929688, "length": 5.0, "mode": "train", "epoch": 59}
{"loss": 0.0711008757352829, "acc": 0.9798597097396851, "length": 5.0, "mode": "test", "epoch": 59}
{"loss": 0.06525593250989914, "acc": 0.98041832447052, "length": 5.0, "mode": "train", "epoch": 60}
{"loss": 0.0677819550037384, "acc": 0.9809235334396362, "length": 5.0, "mode": "test", "epoch": 60}
test accuracy: 0.975064754486084
