ndevices 0
# ["--attributes=4", "--values=8", "--game_size=10", "--vocab_size_factor=3", "--n_epochs=60", "--batch_size=64", "--learning_rate=0.001", "--speaker_hidden_size=256", "--temp_update=0.97", "--temperature=1"]
data loaded from: data/dim(4,8).ds
vocab size 28
message length 4
{"loss": 0.42407459020614624, "acc": 0.8018991351127625, "length": 4.889340877532959, "mode": "train", "epoch": 1}
{"loss": 0.34540244936943054, "acc": 0.8588987588882446, "length": 5.0, "mode": "test", "epoch": 1}
{"loss": 0.3076064884662628, "acc": 0.8771795034408569, "length": 4.999972343444824, "mode": "train", "epoch": 2}
{"loss": 0.2784149944782257, "acc": 0.8914191126823425, "length": 5.0, "mode": "test", "epoch": 2}
{"loss": 0.27401846647262573, "acc": 0.8919946551322937, "length": 4.9999895095825195, "mode": "train", "epoch": 3}
{"loss": 0.2683042883872986, "acc": 0.8954527378082275, "length": 5.0, "mode": "test", "epoch": 3}
{"loss": 0.25283366441726685, "acc": 0.9014941453933716, "length": 4.999997138977051, "mode": "train", "epoch": 4}
{"loss": 0.24027331173419952, "acc": 0.9085026979446411, "length": 5.0, "mode": "test", "epoch": 4}
{"loss": 0.23813387751579285, "acc": 0.9069156646728516, "length": 4.999998092651367, "mode": "train", "epoch": 5}
{"loss": 0.23395340144634247, "acc": 0.9078723788261414, "length": 5.0, "mode": "test", "epoch": 5}
{"loss": 0.22872880101203918, "acc": 0.9098024964332581, "length": 5.0, "mode": "train", "epoch": 6}
{"loss": 0.22392256557941437, "acc": 0.9121040105819702, "length": 5.0, "mode": "test", "epoch": 6}
{"loss": 0.21974654495716095, "acc": 0.9138774275779724, "length": 5.0, "mode": "train", "epoch": 7}
{"loss": 0.21530188620090485, "acc": 0.9155789017677307, "length": 5.0, "mode": "test", "epoch": 7}
{"loss": 0.21596547961235046, "acc": 0.9158751368522644, "length": 5.0, "mode": "train", "epoch": 8}
{"loss": 0.2132711261510849, "acc": 0.9189661145210266, "length": 5.0, "mode": "test", "epoch": 8}
{"loss": 0.20128090679645538, "acc": 0.9229664206504822, "length": 5.0, "mode": "train", "epoch": 9}
{"loss": 0.193592369556427, "acc": 0.9280340075492859, "length": 5.0, "mode": "test", "epoch": 9}
{"loss": 0.19058135151863098, "acc": 0.9280794262886047, "length": 5.0, "mode": "train", "epoch": 10}
{"loss": 0.18942531943321228, "acc": 0.9296073317527771, "length": 5.0, "mode": "test", "epoch": 10}
{"loss": 0.18727459013462067, "acc": 0.9298657774925232, "length": 5.0, "mode": "train", "epoch": 11}
{"loss": 0.18192268908023834, "acc": 0.9325663447380066, "length": 5.0, "mode": "test", "epoch": 11}
{"loss": 0.17959201335906982, "acc": 0.9331943988800049, "length": 5.0, "mode": "train", "epoch": 12}
{"loss": 0.1801348179578781, "acc": 0.9338602423667908, "length": 5.0, "mode": "test", "epoch": 12}
{"loss": 0.1772793084383011, "acc": 0.9345746040344238, "length": 5.0, "mode": "train", "epoch": 13}
{"loss": 0.1836652308702469, "acc": 0.9320259690284729, "length": 5.0, "mode": "test", "epoch": 13}
{"loss": 0.1748848557472229, "acc": 0.9361211061477661, "length": 5.0, "mode": "train", "epoch": 14}
{"loss": 0.1743902564048767, "acc": 0.9374251961708069, "length": 5.0, "mode": "test", "epoch": 14}
{"loss": 0.16925086081027985, "acc": 0.9390168190002441, "length": 5.0, "mode": "train", "epoch": 15}
{"loss": 0.16994358599185944, "acc": 0.9385337233543396, "length": 5.0, "mode": "test", "epoch": 15}
{"loss": 0.16336247324943542, "acc": 0.9414835572242737, "length": 5.0, "mode": "train", "epoch": 16}
{"loss": 0.16126415133476257, "acc": 0.9427076578140259, "length": 5.0, "mode": "test", "epoch": 16}
{"loss": 0.1595630943775177, "acc": 0.9430027008056641, "length": 5.0, "mode": "train", "epoch": 17}
{"loss": 0.1582237333059311, "acc": 0.9443750381469727, "length": 5.0, "mode": "test", "epoch": 17}
{"loss": 0.16042941808700562, "acc": 0.9433703422546387, "length": 5.0, "mode": "train", "epoch": 18}
{"loss": 0.1600775569677353, "acc": 0.9436986446380615, "length": 5.0, "mode": "test", "epoch": 18}
{"loss": 0.15914782881736755, "acc": 0.9439208507537842, "length": 5.0, "mode": "train", "epoch": 19}
{"loss": 0.15878614783287048, "acc": 0.9448040723800659, "length": 5.0, "mode": "test", "epoch": 19}
{"loss": 0.15720370411872864, "acc": 0.9443742036819458, "length": 5.0, "mode": "train", "epoch": 20}
{"loss": 0.15858201682567596, "acc": 0.9450502991676331, "length": 5.0, "mode": "test", "epoch": 20}
{"loss": 0.15431714057922363, "acc": 0.9457387328147888, "length": 5.0, "mode": "train", "epoch": 21}
{"loss": 0.15399780869483948, "acc": 0.9462724328041077, "length": 5.0, "mode": "test", "epoch": 21}
{"loss": 0.15547189116477966, "acc": 0.9454836845397949, "length": 5.0, "mode": "train", "epoch": 22}
{"loss": 0.15846633911132812, "acc": 0.9446799755096436, "length": 5.0, "mode": "test", "epoch": 22}
{"loss": 0.15570086240768433, "acc": 0.9459028244018555, "length": 5.0, "mode": "train", "epoch": 23}
{"loss": 0.1602918803691864, "acc": 0.9453263878822327, "length": 5.0, "mode": "test", "epoch": 23}
{"loss": 0.15288835763931274, "acc": 0.947293758392334, "length": 5.0, "mode": "train", "epoch": 24}
{"loss": 0.1543053835630417, "acc": 0.9470409750938416, "length": 5.0, "mode": "test", "epoch": 24}
{"loss": 0.1492508053779602, "acc": 0.9486232995986938, "length": 5.0, "mode": "train", "epoch": 25}
{"loss": 0.14898356795310974, "acc": 0.9497880339622498, "length": 5.0, "mode": "test", "epoch": 25}
{"loss": 0.1480875313282013, "acc": 0.949083149433136, "length": 5.0, "mode": "train", "epoch": 26}
{"loss": 0.14938248693943024, "acc": 0.9490560293197632, "length": 5.0, "mode": "test", "epoch": 26}
{"loss": 0.14784710109233856, "acc": 0.9494217038154602, "length": 5.0, "mode": "train", "epoch": 27}
{"loss": 0.16220678389072418, "acc": 0.9470654726028442, "length": 5.0, "mode": "test", "epoch": 27}
{"loss": 0.1463281512260437, "acc": 0.9498091340065002, "length": 5.0, "mode": "train", "epoch": 28}
{"loss": 0.1460801064968109, "acc": 0.9511579871177673, "length": 5.0, "mode": "test", "epoch": 28}
{"loss": 0.14871247112751007, "acc": 0.9489668607711792, "length": 5.0, "mode": "train", "epoch": 29}
{"loss": 0.15146566927433014, "acc": 0.9485894441604614, "length": 5.0, "mode": "test", "epoch": 29}
{"loss": 0.146438866853714, "acc": 0.9497238397598267, "length": 5.0, "mode": "train", "epoch": 30}
{"loss": 0.1453372836112976, "acc": 0.9507340788841248, "length": 5.0, "mode": "test", "epoch": 30}
{"loss": 0.14390650391578674, "acc": 0.9505701065063477, "length": 5.0, "mode": "train", "epoch": 31}
{"loss": 0.1473347544670105, "acc": 0.9497677087783813, "length": 5.0, "mode": "test", "epoch": 31}
{"loss": 0.14646874368190765, "acc": 0.9497573971748352, "length": 5.0, "mode": "train", "epoch": 32}
{"loss": 0.14548078179359436, "acc": 0.950825035572052, "length": 5.0, "mode": "test", "epoch": 32}
{"loss": 0.14406022429466248, "acc": 0.9503061175346375, "length": 5.0, "mode": "train", "epoch": 33}
{"loss": 0.15120509266853333, "acc": 0.9484075903892517, "length": 5.0, "mode": "test", "epoch": 33}
{"loss": 0.14448589086532593, "acc": 0.9501937031745911, "length": 5.0, "mode": "train", "epoch": 34}
{"loss": 0.14440174400806427, "acc": 0.9509449601173401, "length": 5.0, "mode": "test", "epoch": 34}
{"loss": 0.1431494802236557, "acc": 0.9506539106369019, "length": 5.0, "mode": "train", "epoch": 35}
{"loss": 0.14389456808567047, "acc": 0.9509578347206116, "length": 5.0, "mode": "test", "epoch": 35}
{"loss": 0.14327549934387207, "acc": 0.9506753087043762, "length": 5.0, "mode": "train", "epoch": 36}
{"loss": 0.14241568744182587, "acc": 0.9517754316329956, "length": 5.0, "mode": "test", "epoch": 36}
{"loss": 0.140041321516037, "acc": 0.9516288042068481, "length": 5.0, "mode": "train", "epoch": 37}
{"loss": 0.14237619936466217, "acc": 0.9521982669830322, "length": 5.0, "mode": "test", "epoch": 37}
{"loss": 0.14105574786663055, "acc": 0.951479434967041, "length": 5.0, "mode": "train", "epoch": 38}
{"loss": 0.14216989278793335, "acc": 0.9516898989677429, "length": 5.0, "mode": "test", "epoch": 38}
{"loss": 0.13930583000183105, "acc": 0.9518617987632751, "length": 5.0, "mode": "train", "epoch": 39}
{"loss": 0.14073309302330017, "acc": 0.9521938562393188, "length": 5.0, "mode": "test", "epoch": 39}
{"loss": 0.13978515565395355, "acc": 0.9516388773918152, "length": 5.0, "mode": "train", "epoch": 40}
{"loss": 0.14278094470500946, "acc": 0.9513580799102783, "length": 5.0, "mode": "test", "epoch": 40}
{"loss": 0.13957613706588745, "acc": 0.9516904950141907, "length": 5.0, "mode": "train", "epoch": 41}
{"loss": 0.14414185285568237, "acc": 0.9512553811073303, "length": 5.0, "mode": "test", "epoch": 41}
{"loss": 0.1392812281847, "acc": 0.9518383145332336, "length": 5.0, "mode": "train", "epoch": 42}
{"loss": 0.14068588614463806, "acc": 0.9518953561782837, "length": 5.0, "mode": "test", "epoch": 42}
{"loss": 0.13996130228042603, "acc": 0.9515159130096436, "length": 5.0, "mode": "train", "epoch": 43}
{"loss": 0.14482271671295166, "acc": 0.9513046741485596, "length": 5.0, "mode": "test", "epoch": 43}
{"loss": 0.1389627754688263, "acc": 0.951990008354187, "length": 5.0, "mode": "train", "epoch": 44}
{"loss": 0.1415690928697586, "acc": 0.9523019194602966, "length": 5.0, "mode": "test", "epoch": 44}
{"loss": 0.1398140788078308, "acc": 0.951688826084137, "length": 5.0, "mode": "train", "epoch": 45}
{"loss": 0.13924121856689453, "acc": 0.9524186849594116, "length": 5.0, "mode": "test", "epoch": 45}
{"loss": 0.13694502413272858, "acc": 0.9524436593055725, "length": 5.0, "mode": "train", "epoch": 46}
{"loss": 0.13988807797431946, "acc": 0.9521853923797607, "length": 5.0, "mode": "test", "epoch": 46}
{"loss": 0.13823886215686798, "acc": 0.9521026015281677, "length": 5.0, "mode": "train", "epoch": 47}
{"loss": 0.13959920406341553, "acc": 0.9525223970413208, "length": 5.0, "mode": "test", "epoch": 47}
{"loss": 0.13729514181613922, "acc": 0.9524353742599487, "length": 5.0, "mode": "train", "epoch": 48}
{"loss": 0.13846516609191895, "acc": 0.9527087211608887, "length": 5.0, "mode": "test", "epoch": 48}
{"loss": 0.14122018218040466, "acc": 0.9511387348175049, "length": 5.0, "mode": "train", "epoch": 49}
{"loss": 0.14134682714939117, "acc": 0.9521018862724304, "length": 5.0, "mode": "test", "epoch": 49}
{"loss": 0.13842330873012543, "acc": 0.9520387053489685, "length": 5.0, "mode": "train", "epoch": 50}
{"loss": 0.1405107080936432, "acc": 0.9521896839141846, "length": 5.0, "mode": "test", "epoch": 50}
{"loss": 0.1378614902496338, "acc": 0.9521297216415405, "length": 5.0, "mode": "train", "epoch": 51}
{"loss": 0.1388465315103531, "acc": 0.952608048915863, "length": 5.0, "mode": "test", "epoch": 51}
{"loss": 0.13763442635536194, "acc": 0.9521253705024719, "length": 5.0, "mode": "train", "epoch": 52}
{"loss": 0.139741912484169, "acc": 0.9526219367980957, "length": 5.0, "mode": "test", "epoch": 52}
{"loss": 0.13565272092819214, "acc": 0.9526181221008301, "length": 5.0, "mode": "train", "epoch": 53}
{"loss": 0.1364937126636505, "acc": 0.9531388878822327, "length": 5.0, "mode": "test", "epoch": 53}
{"loss": 0.13738469779491425, "acc": 0.9520915746688843, "length": 5.0, "mode": "train", "epoch": 54}
{"loss": 0.1394433081150055, "acc": 0.952318012714386, "length": 5.0, "mode": "test", "epoch": 54}
{"loss": 0.13752837479114532, "acc": 0.9520901441574097, "length": 5.0, "mode": "train", "epoch": 55}
{"loss": 0.13738913834095, "acc": 0.952967643737793, "length": 5.0, "mode": "test", "epoch": 55}
{"loss": 0.13625937700271606, "acc": 0.9523505568504333, "length": 5.0, "mode": "train", "epoch": 56}
{"loss": 0.1370057910680771, "acc": 0.9529237747192383, "length": 5.0, "mode": "test", "epoch": 56}
{"loss": 0.13481111824512482, "acc": 0.9527232050895691, "length": 5.0, "mode": "train", "epoch": 57}
{"loss": 0.1395995169878006, "acc": 0.9526294469833374, "length": 5.0, "mode": "test", "epoch": 57}
{"loss": 0.135050430893898, "acc": 0.9527533054351807, "length": 5.0, "mode": "train", "epoch": 58}
{"loss": 0.13730569183826447, "acc": 0.9527835249900818, "length": 5.0, "mode": "test", "epoch": 58}
{"loss": 0.1360132247209549, "acc": 0.9524557590484619, "length": 5.0, "mode": "train", "epoch": 59}
{"loss": 0.13886605203151703, "acc": 0.9524936079978943, "length": 5.0, "mode": "test", "epoch": 59}
{"loss": 0.1358945667743683, "acc": 0.9525214433670044, "length": 5.0, "mode": "train", "epoch": 60}
{"loss": 0.13990819454193115, "acc": 0.9524571299552917, "length": 5.0, "mode": "test", "epoch": 60}
test accuracy: 0.9454773664474487
