ndevices 0
# ["--attributes=4", "--values=8", "--game_size=10", "--vocab_size_factor=3", "--n_epochs=60", "--batch_size=64", "--learning_rate=0.001", "--speaker_hidden_size=256", "--temp_update=0.97", "--temperature=1.5"]
data loaded from: data/dim(4,8).ds
vocab size 28
message length 4
{"loss": 0.3779110014438629, "acc": 0.8283852338790894, "length": 4.9012017250061035, "mode": "train", "epoch": 1}
{"loss": 0.29839056730270386, "acc": 0.8778821229934692, "length": 5.0, "mode": "test", "epoch": 1}
{"loss": 0.271229088306427, "acc": 0.8869000673294067, "length": 4.999928951263428, "mode": "train", "epoch": 2}
{"loss": 0.2570746839046478, "acc": 0.8906527757644653, "length": 5.0, "mode": "test", "epoch": 2}
{"loss": 0.2436991035938263, "acc": 0.8984713554382324, "length": 4.9999823570251465, "mode": "train", "epoch": 3}
{"loss": 0.24022577702999115, "acc": 0.8999603986740112, "length": 5.0, "mode": "test", "epoch": 3}
{"loss": 0.23550966382026672, "acc": 0.9009286761283875, "length": 4.999994277954102, "mode": "train", "epoch": 4}
{"loss": 0.2374495416879654, "acc": 0.8998352289199829, "length": 5.0, "mode": "test", "epoch": 4}
{"loss": 0.2310909628868103, "acc": 0.9019206166267395, "length": 4.999998092651367, "mode": "train", "epoch": 5}
{"loss": 0.22833891212940216, "acc": 0.9043846726417542, "length": 5.0, "mode": "test", "epoch": 5}
{"loss": 0.22468191385269165, "acc": 0.9048538208007812, "length": 5.0, "mode": "train", "epoch": 6}
{"loss": 0.22664783895015717, "acc": 0.9049208760261536, "length": 5.0, "mode": "test", "epoch": 6}
{"loss": 0.22107194364070892, "acc": 0.906050980091095, "length": 5.0, "mode": "train", "epoch": 7}
{"loss": 0.22387346625328064, "acc": 0.9068279266357422, "length": 5.0, "mode": "test", "epoch": 7}
{"loss": 0.217277392745018, "acc": 0.9076652526855469, "length": 5.0, "mode": "train", "epoch": 8}
{"loss": 0.21733886003494263, "acc": 0.909736692905426, "length": 5.0, "mode": "test", "epoch": 8}
{"loss": 0.21211472153663635, "acc": 0.9110232591629028, "length": 5.0, "mode": "train", "epoch": 9}
{"loss": 0.2123287320137024, "acc": 0.9133219718933105, "length": 5.0, "mode": "test", "epoch": 9}
{"loss": 0.1980302482843399, "acc": 0.9198592305183411, "length": 5.0, "mode": "train", "epoch": 10}
{"loss": 0.198171928524971, "acc": 0.9226400852203369, "length": 5.0, "mode": "test", "epoch": 10}
{"loss": 0.18642275035381317, "acc": 0.9267938733100891, "length": 5.0, "mode": "train", "epoch": 11}
{"loss": 0.18663670122623444, "acc": 0.9288408756256104, "length": 5.0, "mode": "test", "epoch": 11}
{"loss": 0.17958109080791473, "acc": 0.9311407804489136, "length": 5.0, "mode": "train", "epoch": 12}
{"loss": 0.17991092801094055, "acc": 0.9321467876434326, "length": 5.0, "mode": "test", "epoch": 12}
{"loss": 0.17311756312847137, "acc": 0.9337452054023743, "length": 5.0, "mode": "train", "epoch": 13}
{"loss": 0.17499570548534393, "acc": 0.933829128742218, "length": 5.0, "mode": "test", "epoch": 13}
{"loss": 0.17128627002239227, "acc": 0.9346816539764404, "length": 5.0, "mode": "train", "epoch": 14}
{"loss": 0.1749187409877777, "acc": 0.9344606995582581, "length": 5.0, "mode": "test", "epoch": 14}
{"loss": 0.16820542514324188, "acc": 0.9359967112541199, "length": 5.0, "mode": "train", "epoch": 15}
{"loss": 0.17121629416942596, "acc": 0.9356913566589355, "length": 5.0, "mode": "test", "epoch": 15}
{"loss": 0.16600458323955536, "acc": 0.9367257952690125, "length": 5.0, "mode": "train", "epoch": 16}
{"loss": 0.17051610350608826, "acc": 0.9365881681442261, "length": 5.0, "mode": "test", "epoch": 16}
{"loss": 0.1646677553653717, "acc": 0.9375715851783752, "length": 5.0, "mode": "train", "epoch": 17}
{"loss": 0.16750282049179077, "acc": 0.9373661279678345, "length": 5.0, "mode": "test", "epoch": 17}
{"loss": 0.1633908748626709, "acc": 0.9378893971443176, "length": 5.0, "mode": "train", "epoch": 18}
{"loss": 0.1693250685930252, "acc": 0.9366064667701721, "length": 5.0, "mode": "test", "epoch": 18}
{"loss": 0.16189464926719666, "acc": 0.9386386871337891, "length": 5.0, "mode": "train", "epoch": 19}
{"loss": 0.16528455913066864, "acc": 0.9384546279907227, "length": 5.0, "mode": "test", "epoch": 19}
{"loss": 0.16337703168392181, "acc": 0.9381484985351562, "length": 5.0, "mode": "train", "epoch": 20}
{"loss": 0.17212040722370148, "acc": 0.9353008270263672, "length": 5.0, "mode": "test", "epoch": 20}
{"loss": 0.16020409762859344, "acc": 0.9393975138664246, "length": 5.0, "mode": "train", "epoch": 21}
{"loss": 0.16036303341388702, "acc": 0.9404398202896118, "length": 5.0, "mode": "test", "epoch": 21}
{"loss": 0.15779750049114227, "acc": 0.9402332901954651, "length": 5.0, "mode": "train", "epoch": 22}
{"loss": 0.15802426636219025, "acc": 0.9413624405860901, "length": 5.0, "mode": "test", "epoch": 22}
{"loss": 0.15704131126403809, "acc": 0.9406834244728088, "length": 5.0, "mode": "train", "epoch": 23}
{"loss": 0.15732865035533905, "acc": 0.9422549605369568, "length": 5.0, "mode": "test", "epoch": 23}
{"loss": 0.15530547499656677, "acc": 0.9417095184326172, "length": 5.0, "mode": "train", "epoch": 24}
{"loss": 0.16030505299568176, "acc": 0.9412360787391663, "length": 5.0, "mode": "test", "epoch": 24}
{"loss": 0.1558612734079361, "acc": 0.941933810710907, "length": 5.0, "mode": "train", "epoch": 25}
{"loss": 0.1540597379207611, "acc": 0.9440293312072754, "length": 5.0, "mode": "test", "epoch": 25}
{"loss": 0.1527024656534195, "acc": 0.9430411458015442, "length": 5.0, "mode": "train", "epoch": 26}
{"loss": 0.15356692671775818, "acc": 0.943463146686554, "length": 5.0, "mode": "test", "epoch": 26}
{"loss": 0.15404002368450165, "acc": 0.9426993131637573, "length": 5.0, "mode": "train", "epoch": 27}
{"loss": 0.15941667556762695, "acc": 0.9416707158088684, "length": 5.0, "mode": "test", "epoch": 27}
{"loss": 0.1543208211660385, "acc": 0.9427106976509094, "length": 5.0, "mode": "train", "epoch": 28}
{"loss": 0.153126060962677, "acc": 0.9444029331207275, "length": 5.0, "mode": "test", "epoch": 28}
{"loss": 0.15305674076080322, "acc": 0.9430835843086243, "length": 5.0, "mode": "train", "epoch": 29}
{"loss": 0.1541418582201004, "acc": 0.9438121318817139, "length": 5.0, "mode": "test", "epoch": 29}
{"loss": 0.15487349033355713, "acc": 0.9423009157180786, "length": 5.0, "mode": "train", "epoch": 30}
{"loss": 0.1560642421245575, "acc": 0.9431282877922058, "length": 5.0, "mode": "test", "epoch": 30}
{"loss": 0.1513228863477707, "acc": 0.9438851475715637, "length": 5.0, "mode": "train", "epoch": 31}
{"loss": 0.1508226841688156, "acc": 0.9446456432342529, "length": 5.0, "mode": "test", "epoch": 31}
{"loss": 0.1545838564634323, "acc": 0.9426897764205933, "length": 5.0, "mode": "train", "epoch": 32}
{"loss": 0.15760765969753265, "acc": 0.9425053596496582, "length": 5.0, "mode": "test", "epoch": 32}
{"loss": 0.15435156226158142, "acc": 0.9426419138908386, "length": 5.0, "mode": "train", "epoch": 33}
{"loss": 0.15476837754249573, "acc": 0.9436761736869812, "length": 5.0, "mode": "test", "epoch": 33}
{"loss": 0.15218952298164368, "acc": 0.9440452456474304, "length": 5.0, "mode": "train", "epoch": 34}
{"loss": 0.15529032051563263, "acc": 0.9434289336204529, "length": 5.0, "mode": "test", "epoch": 34}
{"loss": 0.1550675332546234, "acc": 0.9428145885467529, "length": 5.0, "mode": "train", "epoch": 35}
{"loss": 0.15245093405246735, "acc": 0.9449080228805542, "length": 5.0, "mode": "test", "epoch": 35}
{"loss": 0.15128064155578613, "acc": 0.9444488286972046, "length": 5.0, "mode": "train", "epoch": 36}
{"loss": 0.15333957970142365, "acc": 0.9448180198669434, "length": 5.0, "mode": "test", "epoch": 36}
{"loss": 0.14920637011528015, "acc": 0.9453014135360718, "length": 5.0, "mode": "train", "epoch": 37}
{"loss": 0.14909417927265167, "acc": 0.9464361071586609, "length": 5.0, "mode": "test", "epoch": 37}
{"loss": 0.14927779138088226, "acc": 0.9450438618659973, "length": 5.0, "mode": "train", "epoch": 38}
{"loss": 0.150041863322258, "acc": 0.9458798170089722, "length": 5.0, "mode": "test", "epoch": 38}
{"loss": 0.14974956214427948, "acc": 0.9448100924491882, "length": 5.0, "mode": "train", "epoch": 39}
{"loss": 0.15557821094989777, "acc": 0.9437704086303711, "length": 5.0, "mode": "test", "epoch": 39}
{"loss": 0.15387406945228577, "acc": 0.9431948661804199, "length": 5.0, "mode": "train", "epoch": 40}
{"loss": 0.15593689680099487, "acc": 0.9445868730545044, "length": 5.0, "mode": "test", "epoch": 40}
{"loss": 0.15159426629543304, "acc": 0.9441167116165161, "length": 5.0, "mode": "train", "epoch": 41}
{"loss": 0.14969946444034576, "acc": 0.9453917741775513, "length": 5.0, "mode": "test", "epoch": 41}
{"loss": 0.14942631125450134, "acc": 0.9452608227729797, "length": 5.0, "mode": "train", "epoch": 42}
{"loss": 0.15502943098545074, "acc": 0.9447506666183472, "length": 5.0, "mode": "test", "epoch": 42}
{"loss": 0.14834652841091156, "acc": 0.9453980326652527, "length": 5.0, "mode": "train", "epoch": 43}
{"loss": 0.14846904575824738, "acc": 0.946028470993042, "length": 5.0, "mode": "test", "epoch": 43}
{"loss": 0.14578835666179657, "acc": 0.9462816715240479, "length": 5.0, "mode": "train", "epoch": 44}
{"loss": 0.15042749047279358, "acc": 0.9459128975868225, "length": 5.0, "mode": "test", "epoch": 44}
{"loss": 0.14917296171188354, "acc": 0.9453459978103638, "length": 5.0, "mode": "train", "epoch": 45}
{"loss": 0.14963796734809875, "acc": 0.9461879134178162, "length": 5.0, "mode": "test", "epoch": 45}
{"loss": 0.14683088660240173, "acc": 0.9457123279571533, "length": 5.0, "mode": "train", "epoch": 46}
{"loss": 0.15465760231018066, "acc": 0.9442037343978882, "length": 5.0, "mode": "test", "epoch": 46}
{"loss": 0.14815986156463623, "acc": 0.9452446699142456, "length": 5.0, "mode": "train", "epoch": 47}
{"loss": 0.15107791125774384, "acc": 0.9451519846916199, "length": 5.0, "mode": "test", "epoch": 47}
{"loss": 0.14895057678222656, "acc": 0.9451804757118225, "length": 5.0, "mode": "train", "epoch": 48}
{"loss": 0.15087589621543884, "acc": 0.9456613063812256, "length": 5.0, "mode": "test", "epoch": 48}
{"loss": 0.1497800350189209, "acc": 0.9445508122444153, "length": 5.0, "mode": "train", "epoch": 49}
{"loss": 0.1495547890663147, "acc": 0.9453937411308289, "length": 5.0, "mode": "test", "epoch": 49}
{"loss": 0.1464766561985016, "acc": 0.9459748864173889, "length": 5.0, "mode": "train", "epoch": 50}
{"loss": 0.14806975424289703, "acc": 0.9468086957931519, "length": 5.0, "mode": "test", "epoch": 50}
{"loss": 0.14787474274635315, "acc": 0.9451779127120972, "length": 5.0, "mode": "train", "epoch": 51}
{"loss": 0.14891651272773743, "acc": 0.9458391666412354, "length": 5.0, "mode": "test", "epoch": 51}
{"loss": 0.1496499478816986, "acc": 0.9447098970413208, "length": 5.0, "mode": "train", "epoch": 52}
{"loss": 0.1491599828004837, "acc": 0.9467005729675293, "length": 5.0, "mode": "test", "epoch": 52}
{"loss": 0.14790582656860352, "acc": 0.9456417560577393, "length": 5.0, "mode": "train", "epoch": 53}
{"loss": 0.14677581191062927, "acc": 0.9470333456993103, "length": 5.0, "mode": "test", "epoch": 53}
{"loss": 0.14664269983768463, "acc": 0.9457823634147644, "length": 5.0, "mode": "train", "epoch": 54}
{"loss": 0.14799973368644714, "acc": 0.9466801881790161, "length": 5.0, "mode": "test", "epoch": 54}
{"loss": 0.14962489902973175, "acc": 0.9447816610336304, "length": 5.0, "mode": "train", "epoch": 55}
{"loss": 0.15625208616256714, "acc": 0.9427226185798645, "length": 5.0, "mode": "test", "epoch": 55}
{"loss": 0.14654509723186493, "acc": 0.9459035992622375, "length": 5.0, "mode": "train", "epoch": 56}
{"loss": 0.1497926414012909, "acc": 0.9456613063812256, "length": 5.0, "mode": "test", "epoch": 56}
{"loss": 0.14755868911743164, "acc": 0.9456027150154114, "length": 5.0, "mode": "train", "epoch": 57}
{"loss": 0.1465972512960434, "acc": 0.9471167922019958, "length": 5.0, "mode": "test", "epoch": 57}
{"loss": 0.1472746878862381, "acc": 0.9459386467933655, "length": 5.0, "mode": "train", "epoch": 58}
{"loss": 0.14852243661880493, "acc": 0.9462639689445496, "length": 5.0, "mode": "test", "epoch": 58}
{"loss": 0.1476609855890274, "acc": 0.9458726048469543, "length": 5.0, "mode": "train", "epoch": 59}
{"loss": 0.1473298817873001, "acc": 0.947301983833313, "length": 5.0, "mode": "test", "epoch": 59}
{"loss": 0.14444421231746674, "acc": 0.946875274181366, "length": 5.0, "mode": "train", "epoch": 60}
{"loss": 0.14350226521492004, "acc": 0.9479077458381653, "length": 5.0, "mode": "test", "epoch": 60}
test accuracy: 0.9394623041152954
