ndevices 0
# ["--attributes=4", "--values=8", "--game_size=10", "--vocab_size_factor=3", "--n_epochs=60", "--batch_size=64", "--learning_rate=0.001", "--speaker_hidden_size=256", "--temp_update=0.97", "--temperature=2"]
data loaded from: data/dim(4,8).ds
vocab size 28
message length 4
{"loss": 0.40706703066825867, "acc": 0.8073013424873352, "length": 4.922799587249756, "mode": "train", "epoch": 1}
{"loss": 0.35822707414627075, "acc": 0.8394991159439087, "length": 5.0, "mode": "test", "epoch": 1}
{"loss": 0.31065085530281067, "acc": 0.8609272837638855, "length": 4.9998860359191895, "mode": "train", "epoch": 2}
{"loss": 0.3102438449859619, "acc": 0.8627589344978333, "length": 5.0, "mode": "test", "epoch": 2}
{"loss": 0.2679353654384613, "acc": 0.8811795711517334, "length": 4.999969005584717, "mode": "train", "epoch": 3}
{"loss": 0.2688036859035492, "acc": 0.8786044120788574, "length": 5.0, "mode": "test", "epoch": 3}
{"loss": 0.24549134075641632, "acc": 0.8905171155929565, "length": 4.999991416931152, "mode": "train", "epoch": 4}
{"loss": 0.2547297775745392, "acc": 0.8880681991577148, "length": 5.0, "mode": "test", "epoch": 4}
{"loss": 0.23505660891532898, "acc": 0.895330548286438, "length": 4.999998092651367, "mode": "train", "epoch": 5}
{"loss": 0.23890246450901031, "acc": 0.8928455710411072, "length": 5.0, "mode": "test", "epoch": 5}
{"loss": 0.22495411336421967, "acc": 0.8996649980545044, "length": 5.0, "mode": "train", "epoch": 6}
{"loss": 0.23197466135025024, "acc": 0.8968665599822998, "length": 5.0, "mode": "test", "epoch": 6}
{"loss": 0.21886643767356873, "acc": 0.9028300046920776, "length": 5.0, "mode": "train", "epoch": 7}
{"loss": 0.2337987869977951, "acc": 0.898333728313446, "length": 5.0, "mode": "test", "epoch": 7}
{"loss": 0.2142990678548813, "acc": 0.9046366810798645, "length": 5.0, "mode": "train", "epoch": 8}
{"loss": 0.22215904295444489, "acc": 0.9036365151405334, "length": 5.0, "mode": "test", "epoch": 8}
{"loss": 0.20674028992652893, "acc": 0.9087187647819519, "length": 5.0, "mode": "train", "epoch": 9}
{"loss": 0.21892978250980377, "acc": 0.9054559469223022, "length": 5.0, "mode": "test", "epoch": 9}
{"loss": 0.19437068700790405, "acc": 0.9171141386032104, "length": 5.0, "mode": "train", "epoch": 10}
{"loss": 0.19896408915519714, "acc": 0.9161376357078552, "length": 5.0, "mode": "test", "epoch": 10}
{"loss": 0.17975488305091858, "acc": 0.9269385933876038, "length": 5.0, "mode": "train", "epoch": 11}
{"loss": 0.18279100954532623, "acc": 0.9271296858787537, "length": 5.0, "mode": "test", "epoch": 11}
{"loss": 0.17374376952648163, "acc": 0.9304793477058411, "length": 5.0, "mode": "train", "epoch": 12}
{"loss": 0.17695972323417664, "acc": 0.930204451084137, "length": 5.0, "mode": "test", "epoch": 12}
{"loss": 0.1693686842918396, "acc": 0.9321645498275757, "length": 5.0, "mode": "train", "epoch": 13}
{"loss": 0.1767827719449997, "acc": 0.9307940602302551, "length": 5.0, "mode": "test", "epoch": 13}
{"loss": 0.1667652279138565, "acc": 0.9335294961929321, "length": 5.0, "mode": "train", "epoch": 14}
{"loss": 0.17107246816158295, "acc": 0.9327386021614075, "length": 5.0, "mode": "test", "epoch": 14}
{"loss": 0.16464801132678986, "acc": 0.9342121481895447, "length": 5.0, "mode": "train", "epoch": 15}
{"loss": 0.17098280787467957, "acc": 0.9324572682380676, "length": 5.0, "mode": "test", "epoch": 15}
{"loss": 0.16196990013122559, "acc": 0.9349006414413452, "length": 5.0, "mode": "train", "epoch": 16}
{"loss": 0.17067569494247437, "acc": 0.932750403881073, "length": 5.0, "mode": "test", "epoch": 16}
{"loss": 0.1624462902545929, "acc": 0.9348104000091553, "length": 5.0, "mode": "train", "epoch": 17}
{"loss": 0.1653229147195816, "acc": 0.9353595972061157, "length": 5.0, "mode": "test", "epoch": 17}
{"loss": 0.16104386746883392, "acc": 0.935084879398346, "length": 5.0, "mode": "train", "epoch": 18}
{"loss": 0.18397726118564606, "acc": 0.9286729693412781, "length": 5.0, "mode": "test", "epoch": 18}
{"loss": 0.16302724182605743, "acc": 0.9345504641532898, "length": 5.0, "mode": "train", "epoch": 19}
{"loss": 0.16374137997627258, "acc": 0.9355361461639404, "length": 5.0, "mode": "test", "epoch": 19}
{"loss": 0.15983574092388153, "acc": 0.9355735182762146, "length": 5.0, "mode": "train", "epoch": 20}
{"loss": 0.1634216457605362, "acc": 0.9362950325012207, "length": 5.0, "mode": "test", "epoch": 20}
{"loss": 0.1600995659828186, "acc": 0.9354298114776611, "length": 5.0, "mode": "train", "epoch": 21}
{"loss": 0.1628100872039795, "acc": 0.9360509514808655, "length": 5.0, "mode": "test", "epoch": 21}
{"loss": 0.16027553379535675, "acc": 0.9354864358901978, "length": 5.0, "mode": "train", "epoch": 22}
{"loss": 0.16536889970302582, "acc": 0.9353498816490173, "length": 5.0, "mode": "test", "epoch": 22}
{"loss": 0.15836195647716522, "acc": 0.935891330242157, "length": 5.0, "mode": "train", "epoch": 23}
{"loss": 0.16274605691432953, "acc": 0.9367958307266235, "length": 5.0, "mode": "test", "epoch": 23}
{"loss": 0.15791144967079163, "acc": 0.936072587966919, "length": 5.0, "mode": "train", "epoch": 24}
{"loss": 0.16210396587848663, "acc": 0.936621367931366, "length": 5.0, "mode": "test", "epoch": 24}
{"loss": 0.15865842998027802, "acc": 0.9359120726585388, "length": 5.0, "mode": "train", "epoch": 25}
{"loss": 0.16501615941524506, "acc": 0.9358100891113281, "length": 5.0, "mode": "test", "epoch": 25}
{"loss": 0.1584806889295578, "acc": 0.9359830021858215, "length": 5.0, "mode": "train", "epoch": 26}
{"loss": 0.1591903120279312, "acc": 0.9371960759162903, "length": 5.0, "mode": "test", "epoch": 26}
{"loss": 0.15719027817249298, "acc": 0.936400830745697, "length": 5.0, "mode": "train", "epoch": 27}
{"loss": 0.16443461179733276, "acc": 0.9352772235870361, "length": 5.0, "mode": "test", "epoch": 27}
{"loss": 0.16389699280261993, "acc": 0.9343699812889099, "length": 5.0, "mode": "train", "epoch": 28}
{"loss": 0.16862137615680695, "acc": 0.9343011975288391, "length": 5.0, "mode": "test", "epoch": 28}
{"loss": 0.16133250296115875, "acc": 0.9352856874465942, "length": 5.0, "mode": "train", "epoch": 29}
{"loss": 0.16515062749385834, "acc": 0.9354291558265686, "length": 5.0, "mode": "test", "epoch": 29}
{"loss": 0.162115678191185, "acc": 0.9352691769599915, "length": 5.0, "mode": "train", "epoch": 30}
{"loss": 0.163953959941864, "acc": 0.9367551207542419, "length": 5.0, "mode": "test", "epoch": 30}
{"loss": 0.15822002291679382, "acc": 0.93651282787323, "length": 5.0, "mode": "train", "epoch": 31}
{"loss": 0.16015325486660004, "acc": 0.9374956488609314, "length": 5.0, "mode": "test", "epoch": 31}
{"loss": 0.15958650410175323, "acc": 0.9361603260040283, "length": 5.0, "mode": "train", "epoch": 32}
{"loss": 0.15873903036117554, "acc": 0.9387649297714233, "length": 5.0, "mode": "test", "epoch": 32}
{"loss": 0.15415602922439575, "acc": 0.9384901523590088, "length": 5.0, "mode": "train", "epoch": 33}
{"loss": 0.1564754694700241, "acc": 0.9397570490837097, "length": 5.0, "mode": "test", "epoch": 33}
{"loss": 0.15503159165382385, "acc": 0.938620388507843, "length": 5.0, "mode": "train", "epoch": 34}
{"loss": 0.15596407651901245, "acc": 0.9402943253517151, "length": 5.0, "mode": "test", "epoch": 34}
{"loss": 0.15988050401210785, "acc": 0.9369738101959229, "length": 5.0, "mode": "train", "epoch": 35}
{"loss": 0.16036643087863922, "acc": 0.9394659399986267, "length": 5.0, "mode": "test", "epoch": 35}
{"loss": 0.15578342974185944, "acc": 0.9387437701225281, "length": 5.0, "mode": "train", "epoch": 36}
{"loss": 0.15543924272060394, "acc": 0.9407138228416443, "length": 5.0, "mode": "test", "epoch": 36}
{"loss": 0.1528417319059372, "acc": 0.939770519733429, "length": 5.0, "mode": "train", "epoch": 37}
{"loss": 0.16069401800632477, "acc": 0.9382085204124451, "length": 5.0, "mode": "test", "epoch": 37}
{"loss": 0.1543581485748291, "acc": 0.9393534660339355, "length": 5.0, "mode": "train", "epoch": 38}
{"loss": 0.15431375801563263, "acc": 0.9412768483161926, "length": 5.0, "mode": "test", "epoch": 38}
{"loss": 0.1519424021244049, "acc": 0.940180778503418, "length": 5.0, "mode": "train", "epoch": 39}
{"loss": 0.15097390115261078, "acc": 0.9425513744354248, "length": 5.0, "mode": "test", "epoch": 39}
{"loss": 0.14967402815818787, "acc": 0.9414857625961304, "length": 5.0, "mode": "train", "epoch": 40}
{"loss": 0.15064077079296112, "acc": 0.9433325529098511, "length": 5.0, "mode": "test", "epoch": 40}
{"loss": 0.15278615057468414, "acc": 0.9408535361289978, "length": 5.0, "mode": "train", "epoch": 41}
{"loss": 0.15537001192569733, "acc": 0.9416930079460144, "length": 5.0, "mode": "test", "epoch": 41}
{"loss": 0.15028540790081024, "acc": 0.9417593479156494, "length": 5.0, "mode": "train", "epoch": 42}
{"loss": 0.15301613509655, "acc": 0.9428232908248901, "length": 5.0, "mode": "test", "epoch": 42}
{"loss": 0.16288365423679352, "acc": 0.9377371072769165, "length": 5.0, "mode": "train", "epoch": 43}
{"loss": 0.1608150601387024, "acc": 0.9403927326202393, "length": 5.0, "mode": "test", "epoch": 43}
{"loss": 0.15350626409053802, "acc": 0.9412010312080383, "length": 5.0, "mode": "train", "epoch": 44}
{"loss": 0.15149475634098053, "acc": 0.9430147409439087, "length": 5.0, "mode": "test", "epoch": 44}
{"loss": 0.15387479960918427, "acc": 0.9411682486534119, "length": 5.0, "mode": "train", "epoch": 45}
{"loss": 0.1557142734527588, "acc": 0.9425246119499207, "length": 5.0, "mode": "test", "epoch": 45}
{"loss": 0.17030690610408783, "acc": 0.9346548914909363, "length": 5.0, "mode": "train", "epoch": 46}
{"loss": 0.17936165630817413, "acc": 0.9333572387695312, "length": 5.0, "mode": "test", "epoch": 46}
{"loss": 0.16390304267406464, "acc": 0.9378541707992554, "length": 5.0, "mode": "train", "epoch": 47}
{"loss": 0.1587478071451187, "acc": 0.9417016506195068, "length": 5.0, "mode": "test", "epoch": 47}
{"loss": 0.15789297223091125, "acc": 0.9398208260536194, "length": 5.0, "mode": "train", "epoch": 48}
{"loss": 0.1612902134656906, "acc": 0.9405372738838196, "length": 5.0, "mode": "test", "epoch": 48}
{"loss": 0.1570449024438858, "acc": 0.9403876662254333, "length": 5.0, "mode": "train", "epoch": 49}
{"loss": 0.15717653930187225, "acc": 0.9417797923088074, "length": 5.0, "mode": "test", "epoch": 49}
{"loss": 0.15211978554725647, "acc": 0.9422098398208618, "length": 5.0, "mode": "train", "epoch": 50}
{"loss": 0.16357263922691345, "acc": 0.9387778043746948, "length": 5.0, "mode": "test", "epoch": 50}
{"loss": 0.1616375893354416, "acc": 0.9380556344985962, "length": 5.0, "mode": "train", "epoch": 51}
{"loss": 0.15519751608371735, "acc": 0.9419306516647339, "length": 5.0, "mode": "test", "epoch": 51}
{"loss": 0.15451227128505707, "acc": 0.9412357211112976, "length": 5.0, "mode": "train", "epoch": 52}
{"loss": 0.154082253575325, "acc": 0.9431625008583069, "length": 5.0, "mode": "test", "epoch": 52}
{"loss": 0.151288241147995, "acc": 0.9427385926246643, "length": 5.0, "mode": "train", "epoch": 53}
{"loss": 0.15113984048366547, "acc": 0.9438089728355408, "length": 5.0, "mode": "test", "epoch": 53}
{"loss": 0.14994873106479645, "acc": 0.9431859254837036, "length": 5.0, "mode": "train", "epoch": 54}
{"loss": 0.14767807722091675, "acc": 0.9454847574234009, "length": 5.0, "mode": "test", "epoch": 54}
{"loss": 0.14850999414920807, "acc": 0.9439826011657715, "length": 5.0, "mode": "train", "epoch": 55}
{"loss": 0.15273694694042206, "acc": 0.9448202252388, "length": 5.0, "mode": "test", "epoch": 55}
{"loss": 0.15040013194084167, "acc": 0.943027675151825, "length": 5.0, "mode": "train", "epoch": 56}
{"loss": 0.14981712400913239, "acc": 0.9446703791618347, "length": 5.0, "mode": "test", "epoch": 56}
{"loss": 0.14827226102352142, "acc": 0.9438877105712891, "length": 5.0, "mode": "train", "epoch": 57}
{"loss": 0.14848917722702026, "acc": 0.9450116753578186, "length": 5.0, "mode": "test", "epoch": 57}
{"loss": 0.14947658777236938, "acc": 0.9433351159095764, "length": 5.0, "mode": "train", "epoch": 58}
{"loss": 0.14744754135608673, "acc": 0.9457063674926758, "length": 5.0, "mode": "test", "epoch": 58}
{"loss": 0.14714770019054413, "acc": 0.9445660710334778, "length": 5.0, "mode": "train", "epoch": 59}
{"loss": 0.1565086543560028, "acc": 0.9428403377532959, "length": 5.0, "mode": "test", "epoch": 59}
{"loss": 0.1508319228887558, "acc": 0.9434374570846558, "length": 5.0, "mode": "train", "epoch": 60}
{"loss": 0.14905762672424316, "acc": 0.9456474184989929, "length": 5.0, "mode": "test", "epoch": 60}
test accuracy: 0.9338006973266602
