ndevices 0
# ["--attributes=4", "--values=8", "--game_size=10", "--vocab_size_factor=3", "--n_epochs=60", "--batch_size=64", "--learning_rate=0.001", "--speaker_hidden_size=256", "--temp_update=0.99", "--temperature=1"]
data loaded from: data/dim(4,8).ds
vocab size 28
message length 4
{"loss": 0.37516218423843384, "acc": 0.8302804827690125, "length": 4.894721984863281, "mode": "train", "epoch": 1}
{"loss": 0.2721078395843506, "acc": 0.8953456282615662, "length": 5.0, "mode": "test", "epoch": 1}
{"loss": 0.24757160246372223, "acc": 0.9067507982254028, "length": 4.9999895095825195, "mode": "train", "epoch": 2}
{"loss": 0.23623766005039215, "acc": 0.9121447205543518, "length": 5.0, "mode": "test", "epoch": 2}
{"loss": 0.2206125408411026, "acc": 0.9191094636917114, "length": 4.9999895095825195, "mode": "train", "epoch": 3}
{"loss": 0.21563062071800232, "acc": 0.9223394393920898, "length": 5.0, "mode": "test", "epoch": 3}
{"loss": 0.21015799045562744, "acc": 0.922909140586853, "length": 4.999997138977051, "mode": "train", "epoch": 4}
{"loss": 0.20817705988883972, "acc": 0.924994707107544, "length": 5.0, "mode": "test", "epoch": 4}
{"loss": 0.20505580306053162, "acc": 0.9243369102478027, "length": 4.999999046325684, "mode": "train", "epoch": 5}
{"loss": 0.20865342020988464, "acc": 0.9217336773872375, "length": 5.0, "mode": "test", "epoch": 5}
{"loss": 0.19997169077396393, "acc": 0.9261062741279602, "length": 4.999998569488525, "mode": "train", "epoch": 6}
{"loss": 0.19747069478034973, "acc": 0.9288344979286194, "length": 5.0, "mode": "test", "epoch": 6}
{"loss": 0.19254827499389648, "acc": 0.9291126728057861, "length": 5.0, "mode": "train", "epoch": 7}
{"loss": 0.19541822373867035, "acc": 0.9286771416664124, "length": 5.0, "mode": "test", "epoch": 7}
{"loss": 0.18908226490020752, "acc": 0.9308071732521057, "length": 5.0, "mode": "train", "epoch": 8}
{"loss": 0.1959484964609146, "acc": 0.9285606145858765, "length": 5.0, "mode": "test", "epoch": 8}
{"loss": 0.18244799971580505, "acc": 0.9338047504425049, "length": 5.0, "mode": "train", "epoch": 9}
{"loss": 0.18180814385414124, "acc": 0.9354335069656372, "length": 5.0, "mode": "test", "epoch": 9}
{"loss": 0.16969847679138184, "acc": 0.9401355385780334, "length": 5.0, "mode": "train", "epoch": 10}
{"loss": 0.16453292965888977, "acc": 0.9440379738807678, "length": 5.0, "mode": "test", "epoch": 10}
{"loss": 0.15729866921901703, "acc": 0.9465802907943726, "length": 5.0, "mode": "train", "epoch": 11}
{"loss": 0.16192643344402313, "acc": 0.9459311366081238, "length": 5.0, "mode": "test", "epoch": 11}
{"loss": 0.15139459073543549, "acc": 0.9489240646362305, "length": 5.0, "mode": "train", "epoch": 12}
{"loss": 0.150960311293602, "acc": 0.9498223066329956, "length": 5.0, "mode": "test", "epoch": 12}
{"loss": 0.1469660997390747, "acc": 0.9505487084388733, "length": 5.0, "mode": "train", "epoch": 13}
{"loss": 0.1640181988477707, "acc": 0.9458015561103821, "length": 5.0, "mode": "test", "epoch": 13}
{"loss": 0.14428117871284485, "acc": 0.9521311521530151, "length": 5.0, "mode": "train", "epoch": 14}
{"loss": 0.14183135330677032, "acc": 0.9543129205703735, "length": 5.0, "mode": "test", "epoch": 14}
{"loss": 0.14682015776634216, "acc": 0.9511290788650513, "length": 5.0, "mode": "train", "epoch": 15}
{"loss": 0.14729523658752441, "acc": 0.9528424143791199, "length": 5.0, "mode": "test", "epoch": 15}
{"loss": 0.13728205859661102, "acc": 0.9550057649612427, "length": 5.0, "mode": "train", "epoch": 16}
{"loss": 0.13430212438106537, "acc": 0.9574272036552429, "length": 5.0, "mode": "test", "epoch": 16}
{"loss": 0.13292628526687622, "acc": 0.9568087458610535, "length": 5.0, "mode": "train", "epoch": 17}
{"loss": 0.13231950998306274, "acc": 0.9583657383918762, "length": 5.0, "mode": "test", "epoch": 17}
{"loss": 0.13065627217292786, "acc": 0.9577294588088989, "length": 5.0, "mode": "train", "epoch": 18}
{"loss": 0.13458746671676636, "acc": 0.9582651853561401, "length": 5.0, "mode": "test", "epoch": 18}
{"loss": 0.12880422174930573, "acc": 0.9585227966308594, "length": 5.0, "mode": "train", "epoch": 19}
{"loss": 0.1283503770828247, "acc": 0.9599100947380066, "length": 5.0, "mode": "test", "epoch": 19}
{"loss": 0.12592007219791412, "acc": 0.9597029089927673, "length": 5.0, "mode": "train", "epoch": 20}
{"loss": 0.12844981253147125, "acc": 0.9602150917053223, "length": 5.0, "mode": "test", "epoch": 20}
{"loss": 0.12522748112678528, "acc": 0.9598684310913086, "length": 5.0, "mode": "train", "epoch": 21}
{"loss": 0.1278991997241974, "acc": 0.9599934816360474, "length": 5.0, "mode": "test", "epoch": 21}
{"loss": 0.12309443205595016, "acc": 0.9607802629470825, "length": 5.0, "mode": "train", "epoch": 22}
{"loss": 0.12751387059688568, "acc": 0.9605277180671692, "length": 5.0, "mode": "test", "epoch": 22}
{"loss": 0.12400147318840027, "acc": 0.9606675505638123, "length": 5.0, "mode": "train", "epoch": 23}
{"loss": 0.12465311586856842, "acc": 0.9616802334785461, "length": 5.0, "mode": "test", "epoch": 23}
{"loss": 0.12004092335700989, "acc": 0.9618222713470459, "length": 5.0, "mode": "train", "epoch": 24}
{"loss": 0.12481111288070679, "acc": 0.9618247747421265, "length": 5.0, "mode": "test", "epoch": 24}
{"loss": 0.12114351242780685, "acc": 0.9614865779876709, "length": 5.0, "mode": "train", "epoch": 25}
{"loss": 0.12124378979206085, "acc": 0.9625439047813416, "length": 5.0, "mode": "test", "epoch": 25}
{"loss": 0.1184077262878418, "acc": 0.9623576998710632, "length": 5.0, "mode": "train", "epoch": 26}
{"loss": 0.1198733001947403, "acc": 0.9630382657051086, "length": 5.0, "mode": "test", "epoch": 26}
{"loss": 0.11855848133563995, "acc": 0.9624865651130676, "length": 5.0, "mode": "train", "epoch": 27}
{"loss": 0.12119562178850174, "acc": 0.9628285765647888, "length": 5.0, "mode": "test", "epoch": 27}
{"loss": 0.11897207796573639, "acc": 0.9623168110847473, "length": 5.0, "mode": "train", "epoch": 28}
{"loss": 0.11759135872125626, "acc": 0.9634568095207214, "length": 5.0, "mode": "test", "epoch": 28}
{"loss": 0.11647279560565948, "acc": 0.9628722071647644, "length": 5.0, "mode": "train", "epoch": 29}
{"loss": 0.12225033342838287, "acc": 0.9626262784004211, "length": 5.0, "mode": "test", "epoch": 29}
{"loss": 0.11972504109144211, "acc": 0.9620773196220398, "length": 5.0, "mode": "train", "epoch": 30}
{"loss": 0.1189500242471695, "acc": 0.9631592631340027, "length": 5.0, "mode": "test", "epoch": 30}
{"loss": 0.1177564486861229, "acc": 0.962515115737915, "length": 5.0, "mode": "train", "epoch": 31}
{"loss": 0.11874262988567352, "acc": 0.9634009599685669, "length": 5.0, "mode": "test", "epoch": 31}
{"loss": 0.11543282121419907, "acc": 0.9630573391914368, "length": 5.0, "mode": "train", "epoch": 32}
{"loss": 0.1176704540848732, "acc": 0.9636633396148682, "length": 5.0, "mode": "test", "epoch": 32}
{"loss": 0.11547193676233292, "acc": 0.9630590081214905, "length": 5.0, "mode": "train", "epoch": 33}
{"loss": 0.11859612911939621, "acc": 0.9630234241485596, "length": 5.0, "mode": "test", "epoch": 33}
{"loss": 0.11723475158214569, "acc": 0.9625061750411987, "length": 5.0, "mode": "train", "epoch": 34}
{"loss": 0.12089087814092636, "acc": 0.9626465439796448, "length": 5.0, "mode": "test", "epoch": 34}
{"loss": 0.11617688834667206, "acc": 0.9628207683563232, "length": 5.0, "mode": "train", "epoch": 35}
{"loss": 0.1187087669968605, "acc": 0.9629697799682617, "length": 5.0, "mode": "test", "epoch": 35}
{"loss": 0.11563330888748169, "acc": 0.9629024267196655, "length": 5.0, "mode": "train", "epoch": 36}
{"loss": 0.11954488605260849, "acc": 0.9630156755447388, "length": 5.0, "mode": "test", "epoch": 36}
{"loss": 0.11655475199222565, "acc": 0.962745189666748, "length": 5.0, "mode": "train", "epoch": 37}
{"loss": 0.11698886752128601, "acc": 0.9636750817298889, "length": 5.0, "mode": "test", "epoch": 37}
{"loss": 0.11709845811128616, "acc": 0.9623088836669922, "length": 5.0, "mode": "train", "epoch": 38}
{"loss": 0.1205596849322319, "acc": 0.9628434777259827, "length": 5.0, "mode": "test", "epoch": 38}
{"loss": 0.11804146319627762, "acc": 0.9621486663818359, "length": 5.0, "mode": "train", "epoch": 39}
{"loss": 0.1178789809346199, "acc": 0.9632790684700012, "length": 5.0, "mode": "test", "epoch": 39}
{"loss": 0.11605975776910782, "acc": 0.9628604650497437, "length": 5.0, "mode": "train", "epoch": 40}
{"loss": 0.12006087601184845, "acc": 0.9631624221801758, "length": 5.0, "mode": "test", "epoch": 40}
{"loss": 0.11508628726005554, "acc": 0.9630630612373352, "length": 5.0, "mode": "train", "epoch": 41}
{"loss": 0.11581005156040192, "acc": 0.9640443325042725, "length": 5.0, "mode": "test", "epoch": 41}
{"loss": 0.11431887000799179, "acc": 0.9631240367889404, "length": 5.0, "mode": "train", "epoch": 42}
{"loss": 0.11652257293462753, "acc": 0.9634331464767456, "length": 5.0, "mode": "test", "epoch": 42}
{"loss": 0.11486821621656418, "acc": 0.9630976319313049, "length": 5.0, "mode": "train", "epoch": 43}
{"loss": 0.12097162008285522, "acc": 0.9629035592079163, "length": 5.0, "mode": "test", "epoch": 43}
{"loss": 0.11363469809293747, "acc": 0.9634218811988831, "length": 5.0, "mode": "train", "epoch": 44}
{"loss": 0.11718250066041946, "acc": 0.9638280868530273, "length": 5.0, "mode": "test", "epoch": 44}
{"loss": 0.11644148081541061, "acc": 0.9626432061195374, "length": 5.0, "mode": "train", "epoch": 45}
{"loss": 0.12073500454425812, "acc": 0.9627065062522888, "length": 5.0, "mode": "test", "epoch": 45}
{"loss": 0.11427623778581619, "acc": 0.9634932279586792, "length": 5.0, "mode": "train", "epoch": 46}
{"loss": 0.12047892808914185, "acc": 0.9626380205154419, "length": 5.0, "mode": "test", "epoch": 46}
{"loss": 0.112967349588871, "acc": 0.9641496539115906, "length": 5.0, "mode": "train", "epoch": 47}
{"loss": 0.11223454028367996, "acc": 0.9652568101882935, "length": 5.0, "mode": "test", "epoch": 47}
{"loss": 0.10919055342674255, "acc": 0.9655590653419495, "length": 5.0, "mode": "train", "epoch": 48}
{"loss": 0.11068215221166611, "acc": 0.9664009213447571, "length": 5.0, "mode": "test", "epoch": 48}
{"loss": 0.10887052863836288, "acc": 0.9660460352897644, "length": 5.0, "mode": "train", "epoch": 49}
{"loss": 0.11045657843351364, "acc": 0.9674400091171265, "length": 5.0, "mode": "test", "epoch": 49}
{"loss": 0.10528197884559631, "acc": 0.9678590297698975, "length": 5.0, "mode": "train", "epoch": 50}
{"loss": 0.10732634365558624, "acc": 0.9682995080947876, "length": 5.0, "mode": "test", "epoch": 50}
{"loss": 0.10618580877780914, "acc": 0.967311680316925, "length": 5.0, "mode": "train", "epoch": 51}
{"loss": 0.10915426164865494, "acc": 0.9680393934249878, "length": 5.0, "mode": "test", "epoch": 51}
{"loss": 0.10416629165410995, "acc": 0.9683242440223694, "length": 5.0, "mode": "train", "epoch": 52}
{"loss": 0.10536422580480576, "acc": 0.9691299200057983, "length": 5.0, "mode": "test", "epoch": 52}
{"loss": 0.10020877420902252, "acc": 0.969709038734436, "length": 5.0, "mode": "train", "epoch": 53}
{"loss": 0.1029907763004303, "acc": 0.9697442054748535, "length": 5.0, "mode": "test", "epoch": 53}
{"loss": 0.09878890216350555, "acc": 0.9700531959533691, "length": 5.0, "mode": "train", "epoch": 54}
{"loss": 0.10290857404470444, "acc": 0.9700578451156616, "length": 5.0, "mode": "test", "epoch": 54}
{"loss": 0.09841139614582062, "acc": 0.9702447056770325, "length": 5.0, "mode": "train", "epoch": 55}
{"loss": 0.09908902645111084, "acc": 0.9708797335624695, "length": 5.0, "mode": "test", "epoch": 55}
{"loss": 0.0991436019539833, "acc": 0.9699654579162598, "length": 5.0, "mode": "train", "epoch": 56}
{"loss": 0.10453961789608002, "acc": 0.9695879220962524, "length": 5.0, "mode": "test", "epoch": 56}
{"loss": 0.10295185446739197, "acc": 0.968719482421875, "length": 5.0, "mode": "train", "epoch": 57}
{"loss": 0.1037236750125885, "acc": 0.9698586463928223, "length": 5.0, "mode": "test", "epoch": 57}
{"loss": 0.10346484929323196, "acc": 0.9683744311332703, "length": 5.0, "mode": "train", "epoch": 58}
{"loss": 0.11011523753404617, "acc": 0.9668942093849182, "length": 5.0, "mode": "test", "epoch": 58}
{"loss": 0.10128074884414673, "acc": 0.9691415429115295, "length": 5.0, "mode": "train", "epoch": 59}
{"loss": 0.10375496000051498, "acc": 0.9697881937026978, "length": 5.0, "mode": "test", "epoch": 59}
{"loss": 0.10043670982122421, "acc": 0.9695920944213867, "length": 5.0, "mode": "train", "epoch": 60}
{"loss": 0.10088906437158585, "acc": 0.9702825546264648, "length": 5.0, "mode": "test", "epoch": 60}
test accuracy: 0.968395471572876
