ndevices 0
# ["--attributes=4", "--values=8", "--game_size=10", "--vocab_size_factor=3", "--n_epochs=60", "--batch_size=64", "--learning_rate=0.001", "--speaker_hidden_size=256", "--temp_update=0.99", "--temperature=1.5"]
data loaded from: data/dim(4,8).ds
vocab size 28
message length 4
{"loss": 0.3856547772884369, "acc": 0.8183905482292175, "length": 4.890568256378174, "mode": "train", "epoch": 1}
{"loss": 0.31181374192237854, "acc": 0.8646854162216187, "length": 5.0, "mode": "test", "epoch": 1}
{"loss": 0.2766287624835968, "acc": 0.8766822814941406, "length": 4.99995756149292, "mode": "train", "epoch": 2}
{"loss": 0.2692582309246063, "acc": 0.8816812634468079, "length": 5.0, "mode": "test", "epoch": 2}
{"loss": 0.24902532994747162, "acc": 0.8890470266342163, "length": 4.9999918937683105, "mode": "train", "epoch": 3}
{"loss": 0.24377456307411194, "acc": 0.8926284313201904, "length": 5.0, "mode": "test", "epoch": 3}
{"loss": 0.219546377658844, "acc": 0.9069754481315613, "length": 4.999997615814209, "mode": "train", "epoch": 4}
{"loss": 0.21309812366962433, "acc": 0.9130811095237732, "length": 5.0, "mode": "test", "epoch": 4}
{"loss": 0.19276241958141327, "acc": 0.9228621125221252, "length": 4.999998092651367, "mode": "train", "epoch": 5}
{"loss": 0.18822644650936127, "acc": 0.9270623326301575, "length": 5.0, "mode": "test", "epoch": 5}
{"loss": 0.17727422714233398, "acc": 0.93133544921875, "length": 5.0, "mode": "train", "epoch": 6}
{"loss": 0.17938902974128723, "acc": 0.9306453466415405, "length": 5.0, "mode": "test", "epoch": 6}
{"loss": 0.17213474214076996, "acc": 0.9332358241081238, "length": 5.0, "mode": "train", "epoch": 7}
{"loss": 0.1763789802789688, "acc": 0.9334813952445984, "length": 5.0, "mode": "test", "epoch": 7}
{"loss": 0.1684955507516861, "acc": 0.934170126914978, "length": 5.0, "mode": "train", "epoch": 8}
{"loss": 0.17200972139835358, "acc": 0.9327397346496582, "length": 5.0, "mode": "test", "epoch": 8}
{"loss": 0.16551369428634644, "acc": 0.9349621534347534, "length": 5.0, "mode": "train", "epoch": 9}
{"loss": 0.16601741313934326, "acc": 0.9358336329460144, "length": 5.0, "mode": "test", "epoch": 9}
{"loss": 0.16477687656879425, "acc": 0.9350219964981079, "length": 5.0, "mode": "train", "epoch": 10}
{"loss": 0.17451001703739166, "acc": 0.9325331449508667, "length": 5.0, "mode": "test", "epoch": 10}
{"loss": 0.165028914809227, "acc": 0.9349663853645325, "length": 5.0, "mode": "train", "epoch": 11}
{"loss": 0.16609981656074524, "acc": 0.9354569911956787, "length": 5.0, "mode": "test", "epoch": 11}
{"loss": 0.16060271859169006, "acc": 0.9365670084953308, "length": 5.0, "mode": "train", "epoch": 12}
{"loss": 0.16672497987747192, "acc": 0.93548583984375, "length": 5.0, "mode": "test", "epoch": 12}
{"loss": 0.15816730260849, "acc": 0.9378441572189331, "length": 5.0, "mode": "train", "epoch": 13}
{"loss": 0.15846875309944153, "acc": 0.938987672328949, "length": 5.0, "mode": "test", "epoch": 13}
{"loss": 0.15530872344970703, "acc": 0.9389224648475647, "length": 5.0, "mode": "train", "epoch": 14}
{"loss": 0.16383850574493408, "acc": 0.9378970861434937, "length": 5.0, "mode": "test", "epoch": 14}
{"loss": 0.1516093611717224, "acc": 0.9409124255180359, "length": 5.0, "mode": "train", "epoch": 15}
{"loss": 0.15410897135734558, "acc": 0.9422034621238708, "length": 5.0, "mode": "test", "epoch": 15}
{"loss": 0.14459869265556335, "acc": 0.9447370767593384, "length": 5.0, "mode": "train", "epoch": 16}
{"loss": 0.1448855996131897, "acc": 0.9466319680213928, "length": 5.0, "mode": "test", "epoch": 16}
{"loss": 0.1354948729276657, "acc": 0.9500982165336609, "length": 5.0, "mode": "train", "epoch": 17}
{"loss": 0.1403222531080246, "acc": 0.9505725502967834, "length": 5.0, "mode": "test", "epoch": 17}
{"loss": 0.12846599519252777, "acc": 0.9544121623039246, "length": 5.0, "mode": "train", "epoch": 18}
{"loss": 0.1379251629114151, "acc": 0.9529537558555603, "length": 5.0, "mode": "test", "epoch": 18}
{"loss": 0.12091447412967682, "acc": 0.9584928750991821, "length": 5.0, "mode": "train", "epoch": 19}
{"loss": 0.13623465597629547, "acc": 0.9542626142501831, "length": 5.0, "mode": "test", "epoch": 19}
{"loss": 0.11592338234186172, "acc": 0.961419939994812, "length": 5.0, "mode": "train", "epoch": 20}
{"loss": 0.13269196450710297, "acc": 0.9559214115142822, "length": 5.0, "mode": "test", "epoch": 20}
{"loss": 0.11552796512842178, "acc": 0.9618504643440247, "length": 5.0, "mode": "train", "epoch": 21}
{"loss": 0.12554071843624115, "acc": 0.959377110004425, "length": 5.0, "mode": "test", "epoch": 21}
{"loss": 0.10958707332611084, "acc": 0.9643868803977966, "length": 5.0, "mode": "train", "epoch": 22}
{"loss": 0.11720380187034607, "acc": 0.9636740684509277, "length": 5.0, "mode": "test", "epoch": 22}
{"loss": 0.10503267496824265, "acc": 0.9663511514663696, "length": 5.0, "mode": "train", "epoch": 23}
{"loss": 0.10969236493110657, "acc": 0.9656550288200378, "length": 5.0, "mode": "test", "epoch": 23}
{"loss": 0.10133109241724014, "acc": 0.9680601358413696, "length": 5.0, "mode": "train", "epoch": 24}
{"loss": 0.11055678129196167, "acc": 0.9652665853500366, "length": 5.0, "mode": "test", "epoch": 24}
{"loss": 0.09849034249782562, "acc": 0.9696455001831055, "length": 5.0, "mode": "train", "epoch": 25}
{"loss": 0.11034119129180908, "acc": 0.9667112827301025, "length": 5.0, "mode": "test", "epoch": 25}
{"loss": 0.09595005214214325, "acc": 0.9707993268966675, "length": 5.0, "mode": "train", "epoch": 26}
{"loss": 0.10721209645271301, "acc": 0.9670172929763794, "length": 5.0, "mode": "test", "epoch": 26}
{"loss": 0.09433955699205399, "acc": 0.9715109467506409, "length": 5.0, "mode": "train", "epoch": 27}
{"loss": 0.1005113273859024, "acc": 0.9703724384307861, "length": 5.0, "mode": "test", "epoch": 27}
{"loss": 0.09228330850601196, "acc": 0.9722618460655212, "length": 5.0, "mode": "train", "epoch": 28}
{"loss": 0.09889677166938782, "acc": 0.9710167646408081, "length": 5.0, "mode": "test", "epoch": 28}
{"loss": 0.09160131216049194, "acc": 0.9724123477935791, "length": 5.0, "mode": "train", "epoch": 29}
{"loss": 0.09779700636863708, "acc": 0.9718523621559143, "length": 5.0, "mode": "test", "epoch": 29}
{"loss": 0.0905066430568695, "acc": 0.9729421138763428, "length": 5.0, "mode": "train", "epoch": 30}
{"loss": 0.09967192262411118, "acc": 0.9709974527359009, "length": 5.0, "mode": "test", "epoch": 30}
{"loss": 0.09069228172302246, "acc": 0.972729504108429, "length": 5.0, "mode": "train", "epoch": 31}
{"loss": 0.09694183617830276, "acc": 0.9717102646827698, "length": 5.0, "mode": "test", "epoch": 31}
{"loss": 0.08923634141683578, "acc": 0.97331702709198, "length": 5.0, "mode": "train", "epoch": 32}
{"loss": 0.0972379744052887, "acc": 0.9717840552330017, "length": 5.0, "mode": "test", "epoch": 32}
{"loss": 0.08746249228715897, "acc": 0.973795473575592, "length": 5.0, "mode": "train", "epoch": 33}
{"loss": 0.09479852020740509, "acc": 0.9731507301330566, "length": 5.0, "mode": "test", "epoch": 33}
{"loss": 0.08712295442819595, "acc": 0.9739596247673035, "length": 5.0, "mode": "train", "epoch": 34}
{"loss": 0.09529079496860504, "acc": 0.9722539186477661, "length": 5.0, "mode": "test", "epoch": 34}
{"loss": 0.08838773518800735, "acc": 0.9732764363288879, "length": 5.0, "mode": "train", "epoch": 35}
{"loss": 0.09339926391839981, "acc": 0.9733368158340454, "length": 5.0, "mode": "test", "epoch": 35}
{"loss": 0.08640962839126587, "acc": 0.9742153286933899, "length": 5.0, "mode": "train", "epoch": 36}
{"loss": 0.09339824318885803, "acc": 0.9732941389083862, "length": 5.0, "mode": "test", "epoch": 36}
{"loss": 0.08698265254497528, "acc": 0.9742470979690552, "length": 5.0, "mode": "train", "epoch": 37}
{"loss": 0.09411001205444336, "acc": 0.9735006093978882, "length": 5.0, "mode": "test", "epoch": 37}
{"loss": 0.08629637211561203, "acc": 0.9743698239326477, "length": 5.0, "mode": "train", "epoch": 38}
{"loss": 0.09591098129749298, "acc": 0.9721789360046387, "length": 5.0, "mode": "test", "epoch": 38}
{"loss": 0.08526448160409927, "acc": 0.9747251272201538, "length": 5.0, "mode": "train", "epoch": 39}
{"loss": 0.0911254808306694, "acc": 0.973893404006958, "length": 5.0, "mode": "test", "epoch": 39}
{"loss": 0.08377526700496674, "acc": 0.9750646948814392, "length": 5.0, "mode": "train", "epoch": 40}
{"loss": 0.09516771882772446, "acc": 0.9730243682861328, "length": 5.0, "mode": "test", "epoch": 40}
{"loss": 0.08327548950910568, "acc": 0.9751589298248291, "length": 5.0, "mode": "train", "epoch": 41}
{"loss": 0.08981439471244812, "acc": 0.9745537042617798, "length": 5.0, "mode": "test", "epoch": 41}
{"loss": 0.08491391688585281, "acc": 0.9746698141098022, "length": 5.0, "mode": "train", "epoch": 42}
{"loss": 0.09062659740447998, "acc": 0.9738761782646179, "length": 5.0, "mode": "test", "epoch": 42}
{"loss": 0.08328010141849518, "acc": 0.9752824306488037, "length": 5.0, "mode": "train", "epoch": 43}
{"loss": 0.09123152494430542, "acc": 0.9740656614303589, "length": 5.0, "mode": "test", "epoch": 43}
{"loss": 0.08332707732915878, "acc": 0.9752039313316345, "length": 5.0, "mode": "train", "epoch": 44}
{"loss": 0.08920365571975708, "acc": 0.9747025370597839, "length": 5.0, "mode": "test", "epoch": 44}
{"loss": 0.08106475323438644, "acc": 0.9760332703590393, "length": 5.0, "mode": "train", "epoch": 45}
{"loss": 0.08636751770973206, "acc": 0.9754601716995239, "length": 5.0, "mode": "test", "epoch": 45}
{"loss": 0.08343140780925751, "acc": 0.9752206802368164, "length": 5.0, "mode": "train", "epoch": 46}
{"loss": 0.0914413258433342, "acc": 0.9737370610237122, "length": 5.0, "mode": "test", "epoch": 46}
{"loss": 0.0844918042421341, "acc": 0.974884569644928, "length": 5.0, "mode": "train", "epoch": 47}
{"loss": 0.09089025110006332, "acc": 0.973918080329895, "length": 5.0, "mode": "test", "epoch": 47}
{"loss": 0.08384231477975845, "acc": 0.9751152992248535, "length": 5.0, "mode": "train", "epoch": 48}
{"loss": 0.08989232033491135, "acc": 0.9743354916572571, "length": 5.0, "mode": "test", "epoch": 48}
{"loss": 0.08290066570043564, "acc": 0.9755131602287292, "length": 5.0, "mode": "train", "epoch": 49}
{"loss": 0.08928794413805008, "acc": 0.9748373031616211, "length": 5.0, "mode": "test", "epoch": 49}
{"loss": 0.08331751078367233, "acc": 0.9753633737564087, "length": 5.0, "mode": "train", "epoch": 50}
{"loss": 0.08928511291742325, "acc": 0.9746585488319397, "length": 5.0, "mode": "test", "epoch": 50}
{"loss": 0.08154904097318649, "acc": 0.975942075252533, "length": 5.0, "mode": "train", "epoch": 51}
{"loss": 0.08550071716308594, "acc": 0.9760541319847107, "length": 5.0, "mode": "test", "epoch": 51}
{"loss": 0.08133901655673981, "acc": 0.976039707660675, "length": 5.0, "mode": "train", "epoch": 52}
{"loss": 0.08947205543518066, "acc": 0.9748170375823975, "length": 5.0, "mode": "test", "epoch": 52}
{"loss": 0.08108235895633698, "acc": 0.976068913936615, "length": 5.0, "mode": "train", "epoch": 53}
{"loss": 0.08945634216070175, "acc": 0.9747945666313171, "length": 5.0, "mode": "test", "epoch": 53}
{"loss": 0.08150614798069, "acc": 0.9759106040000916, "length": 5.0, "mode": "train", "epoch": 54}
{"loss": 0.09063664078712463, "acc": 0.9739726185798645, "length": 5.0, "mode": "test", "epoch": 54}
{"loss": 0.0824335366487503, "acc": 0.9755834341049194, "length": 5.0, "mode": "train", "epoch": 55}
{"loss": 0.08624604344367981, "acc": 0.9756207466125488, "length": 5.0, "mode": "test", "epoch": 55}
{"loss": 0.08023545145988464, "acc": 0.9762412905693054, "length": 5.0, "mode": "train", "epoch": 56}
{"loss": 0.0875365361571312, "acc": 0.97535640001297, "length": 5.0, "mode": "test", "epoch": 56}
{"loss": 0.08285623788833618, "acc": 0.9755260348320007, "length": 5.0, "mode": "train", "epoch": 57}
{"loss": 0.08639715611934662, "acc": 0.9757940173149109, "length": 5.0, "mode": "test", "epoch": 57}
{"loss": 0.08235076814889908, "acc": 0.9756290316581726, "length": 5.0, "mode": "train", "epoch": 58}
{"loss": 0.0893140435218811, "acc": 0.9747762680053711, "length": 5.0, "mode": "test", "epoch": 58}
{"loss": 0.08135737478733063, "acc": 0.9759659171104431, "length": 5.0, "mode": "train", "epoch": 59}
{"loss": 0.08597883582115173, "acc": 0.9756378531455994, "length": 5.0, "mode": "test", "epoch": 59}
{"loss": 0.08011158555746078, "acc": 0.9762405157089233, "length": 5.0, "mode": "train", "epoch": 60}
{"loss": 0.08515510708093643, "acc": 0.9755629301071167, "length": 5.0, "mode": "test", "epoch": 60}
test accuracy: 0.9725753664970398
