ndevices 0
# ["--attributes=4", "--values=8", "--game_size=10", "--vocab_size_factor=3", "--n_epochs=60", "--batch_size=64", "--learning_rate=0.001", "--speaker_hidden_size=256", "--temp_update=0.99", "--temperature=2"]
data loaded from: data/dim(4,8).ds
vocab size 28
message length 4
{"loss": 0.35702672600746155, "acc": 0.8390677571296692, "length": 4.932470798492432, "mode": "train", "epoch": 1}
{"loss": 0.3293028473854065, "acc": 0.8494594693183899, "length": 5.0, "mode": "test", "epoch": 1}
{"loss": 0.21761135756969452, "acc": 0.9149684309959412, "length": 4.999748229980469, "mode": "train", "epoch": 2}
{"loss": 0.2788305878639221, "acc": 0.8843449950218201, "length": 5.0, "mode": "test", "epoch": 2}
{"loss": 0.17862142622470856, "acc": 0.9339512586593628, "length": 4.999906063079834, "mode": "train", "epoch": 3}
{"loss": 0.25965416431427, "acc": 0.8909011483192444, "length": 5.0, "mode": "test", "epoch": 3}
{"loss": 0.15716855227947235, "acc": 0.9419295787811279, "length": 4.99998140335083, "mode": "train", "epoch": 4}
{"loss": 0.20481888949871063, "acc": 0.9153467416763306, "length": 5.0, "mode": "test", "epoch": 4}
{"loss": 0.14641553163528442, "acc": 0.9451472163200378, "length": 4.99999475479126, "mode": "train", "epoch": 5}
{"loss": 0.1930263787508011, "acc": 0.9223490953445435, "length": 5.0, "mode": "test", "epoch": 5}
{"loss": 0.13718803226947784, "acc": 0.9489542841911316, "length": 4.999998092651367, "mode": "train", "epoch": 6}
{"loss": 0.19444970786571503, "acc": 0.9227697253227234, "length": 5.0, "mode": "test", "epoch": 6}
{"loss": 0.12839685380458832, "acc": 0.9527435302734375, "length": 4.999999046325684, "mode": "train", "epoch": 7}
{"loss": 0.1814974695444107, "acc": 0.928512454032898, "length": 5.0, "mode": "test", "epoch": 7}
{"loss": 0.11567333340644836, "acc": 0.9586201906204224, "length": 5.0, "mode": "train", "epoch": 8}
{"loss": 0.17764011025428772, "acc": 0.9305981993675232, "length": 5.0, "mode": "test", "epoch": 8}
{"loss": 0.10134650766849518, "acc": 0.965670108795166, "length": 5.0, "mode": "train", "epoch": 9}
{"loss": 0.15689219534397125, "acc": 0.9415764808654785, "length": 5.0, "mode": "test", "epoch": 9}
{"loss": 0.08671898394823074, "acc": 0.9727095365524292, "length": 5.0, "mode": "train", "epoch": 10}
{"loss": 0.14143317937850952, "acc": 0.9485359787940979, "length": 5.0, "mode": "test", "epoch": 10}
{"loss": 0.07555031031370163, "acc": 0.9774370193481445, "length": 5.0, "mode": "train", "epoch": 11}
{"loss": 0.1500915288925171, "acc": 0.9459803104400635, "length": 5.0, "mode": "test", "epoch": 11}
{"loss": 0.07077258080244064, "acc": 0.9797523617744446, "length": 5.0, "mode": "train", "epoch": 12}
{"loss": 0.1491222381591797, "acc": 0.9474037289619446, "length": 5.0, "mode": "test", "epoch": 12}
{"loss": 0.06398890912532806, "acc": 0.9824602007865906, "length": 5.0, "mode": "train", "epoch": 13}
{"loss": 0.13902465999126434, "acc": 0.9512210488319397, "length": 5.0, "mode": "test", "epoch": 13}
{"loss": 0.06024213135242462, "acc": 0.9836656451225281, "length": 5.0, "mode": "train", "epoch": 14}
{"loss": 0.12872621417045593, "acc": 0.9547731876373291, "length": 5.0, "mode": "test", "epoch": 14}
{"loss": 0.059706930071115494, "acc": 0.9838219285011292, "length": 5.0, "mode": "train", "epoch": 15}
{"loss": 0.12605608999729156, "acc": 0.9578425288200378, "length": 5.0, "mode": "test", "epoch": 15}
{"loss": 0.055273719131946564, "acc": 0.9854682683944702, "length": 5.0, "mode": "train", "epoch": 16}
{"loss": 0.11347445845603943, "acc": 0.9602140188217163, "length": 5.0, "mode": "test", "epoch": 16}
{"loss": 0.053253352642059326, "acc": 0.9860557913780212, "length": 5.0, "mode": "train", "epoch": 17}
{"loss": 0.14033789932727814, "acc": 0.950293242931366, "length": 5.0, "mode": "test", "epoch": 17}
{"loss": 0.05263306200504303, "acc": 0.9862999320030212, "length": 5.0, "mode": "train", "epoch": 18}
{"loss": 0.10698743164539337, "acc": 0.9642754793167114, "length": 5.0, "mode": "test", "epoch": 18}
{"loss": 0.050979893654584885, "acc": 0.9868320226669312, "length": 5.0, "mode": "train", "epoch": 19}
{"loss": 0.11861538887023926, "acc": 0.9608015418052673, "length": 5.0, "mode": "test", "epoch": 19}
{"loss": 0.05275028571486473, "acc": 0.9860293865203857, "length": 5.0, "mode": "train", "epoch": 20}
{"loss": 0.10688477754592896, "acc": 0.9647827744483948, "length": 5.0, "mode": "test", "epoch": 20}
{"loss": 0.049184154719114304, "acc": 0.9872943162918091, "length": 5.0, "mode": "train", "epoch": 21}
{"loss": 0.10088445246219635, "acc": 0.9667059183120728, "length": 5.0, "mode": "test", "epoch": 21}
{"loss": 0.0503423698246479, "acc": 0.9868242144584656, "length": 5.0, "mode": "train", "epoch": 22}
{"loss": 0.117994524538517, "acc": 0.9610305428504944, "length": 5.0, "mode": "test", "epoch": 22}
{"loss": 0.05015401914715767, "acc": 0.9869479537010193, "length": 5.0, "mode": "train", "epoch": 23}
{"loss": 0.10073331743478775, "acc": 0.9673266410827637, "length": 5.0, "mode": "test", "epoch": 23}
{"loss": 0.04886564984917641, "acc": 0.9873549938201904, "length": 5.0, "mode": "train", "epoch": 24}
{"loss": 0.09261581301689148, "acc": 0.9700300693511963, "length": 5.0, "mode": "test", "epoch": 24}
{"loss": 0.04731712117791176, "acc": 0.9877564311027527, "length": 5.0, "mode": "train", "epoch": 25}
{"loss": 0.09916380792856216, "acc": 0.9692369699478149, "length": 5.0, "mode": "test", "epoch": 25}
{"loss": 0.04877172410488129, "acc": 0.9873015880584717, "length": 5.0, "mode": "train", "epoch": 26}
{"loss": 0.08748545497655869, "acc": 0.9733647704124451, "length": 5.0, "mode": "test", "epoch": 26}
{"loss": 0.046901412308216095, "acc": 0.9878709316253662, "length": 5.0, "mode": "train", "epoch": 27}
{"loss": 0.0883290246129036, "acc": 0.9719766974449158, "length": 5.0, "mode": "test", "epoch": 27}
{"loss": 0.04658185690641403, "acc": 0.9879798293113708, "length": 5.0, "mode": "train", "epoch": 28}
{"loss": 0.08756337314844131, "acc": 0.9727129340171814, "length": 5.0, "mode": "test", "epoch": 28}
{"loss": 0.04684784263372421, "acc": 0.9878814816474915, "length": 5.0, "mode": "train", "epoch": 29}
{"loss": 0.08961870521306992, "acc": 0.9737274646759033, "length": 5.0, "mode": "test", "epoch": 29}
{"loss": 0.04731602221727371, "acc": 0.9877557754516602, "length": 5.0, "mode": "train", "epoch": 30}
{"loss": 0.08542685210704803, "acc": 0.9744392037391663, "length": 5.0, "mode": "test", "epoch": 30}
{"loss": 0.04501594230532646, "acc": 0.98835688829422, "length": 5.0, "mode": "train", "epoch": 31}
{"loss": 0.08011329174041748, "acc": 0.9748715758323669, "length": 5.0, "mode": "test", "epoch": 31}
{"loss": 0.0469214990735054, "acc": 0.9878048300743103, "length": 5.0, "mode": "train", "epoch": 32}
{"loss": 0.08666644990444183, "acc": 0.973408579826355, "length": 5.0, "mode": "test", "epoch": 32}
{"loss": 0.046762555837631226, "acc": 0.9878200888633728, "length": 5.0, "mode": "train", "epoch": 33}
{"loss": 0.09746357798576355, "acc": 0.9684353470802307, "length": 5.0, "mode": "test", "epoch": 33}
{"loss": 0.04496408998966217, "acc": 0.9882808327674866, "length": 5.0, "mode": "train", "epoch": 34}
{"loss": 0.07044783979654312, "acc": 0.9788162708282471, "length": 5.0, "mode": "test", "epoch": 34}
{"loss": 0.04617255553603172, "acc": 0.9878637790679932, "length": 5.0, "mode": "train", "epoch": 35}
{"loss": 0.0726160928606987, "acc": 0.9790507555007935, "length": 5.0, "mode": "test", "epoch": 35}
{"loss": 0.04624571278691292, "acc": 0.9878544211387634, "length": 5.0, "mode": "train", "epoch": 36}
{"loss": 0.08017472922801971, "acc": 0.975615382194519, "length": 5.0, "mode": "test", "epoch": 36}
{"loss": 0.046355411410331726, "acc": 0.9879740476608276, "length": 5.0, "mode": "train", "epoch": 37}
{"loss": 0.0767708569765091, "acc": 0.9772849082946777, "length": 5.0, "mode": "test", "epoch": 37}
{"loss": 0.04519403353333473, "acc": 0.9882054924964905, "length": 5.0, "mode": "train", "epoch": 38}
{"loss": 0.06639537215232849, "acc": 0.9814725518226624, "length": 5.0, "mode": "test", "epoch": 38}
{"loss": 0.04534132778644562, "acc": 0.9880595207214355, "length": 5.0, "mode": "train", "epoch": 39}
{"loss": 0.07332196086645126, "acc": 0.97896409034729, "length": 5.0, "mode": "test", "epoch": 39}
{"loss": 0.04462457448244095, "acc": 0.9882786870002747, "length": 5.0, "mode": "train", "epoch": 40}
{"loss": 0.06435118615627289, "acc": 0.9822046756744385, "length": 5.0, "mode": "test", "epoch": 40}
{"loss": 0.04497280716896057, "acc": 0.9881728291511536, "length": 5.0, "mode": "train", "epoch": 41}
{"loss": 0.06303328275680542, "acc": 0.9819981455802917, "length": 5.0, "mode": "test", "epoch": 41}
{"loss": 0.04447041451931, "acc": 0.9882279634475708, "length": 5.0, "mode": "train", "epoch": 42}
{"loss": 0.06365641951560974, "acc": 0.9824293255805969, "length": 5.0, "mode": "test", "epoch": 42}
{"loss": 0.04460568726062775, "acc": 0.9883132576942444, "length": 5.0, "mode": "train", "epoch": 43}
{"loss": 0.06003009155392647, "acc": 0.9833626747131348, "length": 5.0, "mode": "test", "epoch": 43}
{"loss": 0.04474523663520813, "acc": 0.9881947636604309, "length": 5.0, "mode": "train", "epoch": 44}
{"loss": 0.06218372657895088, "acc": 0.9831089973449707, "length": 5.0, "mode": "test", "epoch": 44}
{"loss": 0.04591850936412811, "acc": 0.9877446293830872, "length": 5.0, "mode": "train", "epoch": 45}
{"loss": 0.06823373585939407, "acc": 0.9808036684989929, "length": 5.0, "mode": "test", "epoch": 45}
{"loss": 0.04363630712032318, "acc": 0.988472044467926, "length": 5.0, "mode": "train", "epoch": 46}
{"loss": 0.059342432767152786, "acc": 0.9839790463447571, "length": 5.0, "mode": "test", "epoch": 46}
{"loss": 0.0441216342151165, "acc": 0.9882751703262329, "length": 5.0, "mode": "train", "epoch": 47}
{"loss": 0.05588500574231148, "acc": 0.9851948022842407, "length": 5.0, "mode": "test", "epoch": 47}
{"loss": 0.04413430020213127, "acc": 0.988313615322113, "length": 5.0, "mode": "train", "epoch": 48}
{"loss": 0.06362786144018173, "acc": 0.9822484850883484, "length": 5.0, "mode": "test", "epoch": 48}
{"loss": 0.043897248804569244, "acc": 0.9883071184158325, "length": 5.0, "mode": "train", "epoch": 49}
{"loss": 0.0571722686290741, "acc": 0.9850138425827026, "length": 5.0, "mode": "test", "epoch": 49}
{"loss": 0.045542243868112564, "acc": 0.9879211783409119, "length": 5.0, "mode": "train", "epoch": 50}
{"loss": 0.058450765907764435, "acc": 0.9843878746032715, "length": 5.0, "mode": "test", "epoch": 50}
{"loss": 0.044251058250665665, "acc": 0.9883328676223755, "length": 5.0, "mode": "train", "epoch": 51}
{"loss": 0.062279682606458664, "acc": 0.9824303984642029, "length": 5.0, "mode": "test", "epoch": 51}
{"loss": 0.0443231537938118, "acc": 0.9883518218994141, "length": 5.0, "mode": "train", "epoch": 52}
{"loss": 0.06093817949295044, "acc": 0.983762800693512, "length": 5.0, "mode": "test", "epoch": 52}
{"loss": 0.04455205053091049, "acc": 0.988244354724884, "length": 5.0, "mode": "train", "epoch": 53}
{"loss": 0.05881332606077194, "acc": 0.9848180413246155, "length": 5.0, "mode": "test", "epoch": 53}
{"loss": 0.04667167365550995, "acc": 0.9874024987220764, "length": 5.0, "mode": "train", "epoch": 54}
{"loss": 0.05865679308772087, "acc": 0.9838377833366394, "length": 5.0, "mode": "test", "epoch": 54}
{"loss": 0.045882292091846466, "acc": 0.9875166416168213, "length": 5.0, "mode": "train", "epoch": 55}
{"loss": 0.06352529674768448, "acc": 0.9819392561912537, "length": 5.0, "mode": "test", "epoch": 55}
{"loss": 0.04383966699242592, "acc": 0.9884434938430786, "length": 5.0, "mode": "train", "epoch": 56}
{"loss": 0.05520985648036003, "acc": 0.9854418635368347, "length": 5.0, "mode": "test", "epoch": 56}
{"loss": 0.04288926348090172, "acc": 0.9887360334396362, "length": 5.0, "mode": "train", "epoch": 57}
{"loss": 0.05745508521795273, "acc": 0.9843963980674744, "length": 5.0, "mode": "test", "epoch": 57}
{"loss": 0.041626349091529846, "acc": 0.9891167283058167, "length": 5.0, "mode": "train", "epoch": 58}
{"loss": 0.05712917819619179, "acc": 0.9844659566879272, "length": 5.0, "mode": "test", "epoch": 58}
{"loss": 0.04170095548033714, "acc": 0.9891595244407654, "length": 5.0, "mode": "train", "epoch": 59}
{"loss": 0.05512995272874832, "acc": 0.9852386116981506, "length": 5.0, "mode": "test", "epoch": 59}
{"loss": 0.04206769913434982, "acc": 0.9888641238212585, "length": 5.0, "mode": "train", "epoch": 60}
{"loss": 0.05610239878296852, "acc": 0.9849015474319458, "length": 5.0, "mode": "test", "epoch": 60}
test accuracy: 0.9822369813919067
