ndevices 0
# ["--attributes=4", "--values=8", "--game_size=10", "--vocab_size_factor=3", "--n_epochs=60", "--batch_size=128", "--learning_rate=0.0005", "--speaker_hidden_size=128", "--temp_update=0.97", "--temperature=1"]
data loaded from: data/dim(4,8).ds
vocab size 28
message length 4
{"loss": 0.4485459327697754, "acc": 0.7790126204490662, "length": 4.9371418952941895, "mode": "train", "epoch": 1}
{"loss": 0.37107008695602417, "acc": 0.8339276909828186, "length": 5.0, "mode": "test", "epoch": 1}
{"loss": 0.3497202694416046, "acc": 0.8468128442764282, "length": 4.999969005584717, "mode": "train", "epoch": 2}
{"loss": 0.3354592025279999, "acc": 0.8571029305458069, "length": 5.0, "mode": "test", "epoch": 2}
{"loss": 0.3267531991004944, "acc": 0.859795868396759, "length": 4.999997615814209, "mode": "train", "epoch": 3}
{"loss": 0.3230302035808563, "acc": 0.8629077076911926, "length": 5.0, "mode": "test", "epoch": 3}
{"loss": 0.3133406937122345, "acc": 0.8660244941711426, "length": 4.999999046325684, "mode": "train", "epoch": 4}
{"loss": 0.30976811051368713, "acc": 0.8687499165534973, "length": 5.0, "mode": "test", "epoch": 4}
{"loss": 0.30334821343421936, "acc": 0.8704236149787903, "length": 5.0, "mode": "train", "epoch": 5}
{"loss": 0.32218265533447266, "acc": 0.8688473105430603, "length": 5.0, "mode": "test", "epoch": 5}
{"loss": 0.2996993064880371, "acc": 0.8726984858512878, "length": 5.0, "mode": "train", "epoch": 6}
{"loss": 0.29584354162216187, "acc": 0.8752387166023254, "length": 5.0, "mode": "test", "epoch": 6}
{"loss": 0.29171499609947205, "acc": 0.8756136894226074, "length": 5.0, "mode": "train", "epoch": 7}
{"loss": 0.29115480184555054, "acc": 0.8756934404373169, "length": 5.0, "mode": "test", "epoch": 7}
{"loss": 0.2873333990573883, "acc": 0.8776807188987732, "length": 5.0, "mode": "train", "epoch": 8}
{"loss": 0.29539304971694946, "acc": 0.8754110336303711, "length": 5.0, "mode": "test", "epoch": 8}
{"loss": 0.2826412320137024, "acc": 0.8795285820960999, "length": 5.0, "mode": "train", "epoch": 9}
{"loss": 0.28562524914741516, "acc": 0.8792068958282471, "length": 5.0, "mode": "test", "epoch": 9}
{"loss": 0.2784610688686371, "acc": 0.8816725611686707, "length": 5.0, "mode": "train", "epoch": 10}
{"loss": 0.27929824590682983, "acc": 0.882290244102478, "length": 5.0, "mode": "test", "epoch": 10}
{"loss": 0.2805560529232025, "acc": 0.8812177181243896, "length": 5.0, "mode": "train", "epoch": 11}
{"loss": 0.2756255567073822, "acc": 0.8855125308036804, "length": 5.0, "mode": "test", "epoch": 11}
{"loss": 0.27599403262138367, "acc": 0.8828654289245605, "length": 5.0, "mode": "train", "epoch": 12}
{"loss": 0.28181761503219604, "acc": 0.881253182888031, "length": 5.0, "mode": "test", "epoch": 12}
{"loss": 0.28230366110801697, "acc": 0.8806672692298889, "length": 5.0, "mode": "train", "epoch": 13}
{"loss": 0.2826685607433319, "acc": 0.881865382194519, "length": 5.0, "mode": "test", "epoch": 13}
{"loss": 0.2731848657131195, "acc": 0.8856313228607178, "length": 5.0, "mode": "train", "epoch": 14}
{"loss": 0.2709442675113678, "acc": 0.8881174325942993, "length": 5.0, "mode": "test", "epoch": 14}
{"loss": 0.26863402128219604, "acc": 0.8880535960197449, "length": 5.0, "mode": "train", "epoch": 15}
{"loss": 0.2738148868083954, "acc": 0.8879238367080688, "length": 5.0, "mode": "test", "epoch": 15}
{"loss": 0.27235567569732666, "acc": 0.8871948719024658, "length": 5.0, "mode": "train", "epoch": 16}
{"loss": 0.262638121843338, "acc": 0.8930660486221313, "length": 5.0, "mode": "test", "epoch": 16}
{"loss": 0.25591662526130676, "acc": 0.8962891697883606, "length": 5.0, "mode": "train", "epoch": 17}
{"loss": 0.25305649638175964, "acc": 0.9005126953125, "length": 5.0, "mode": "test", "epoch": 17}
{"loss": 0.2498857080936432, "acc": 0.900424063205719, "length": 5.0, "mode": "train", "epoch": 18}
{"loss": 0.24794165790081024, "acc": 0.903168797492981, "length": 5.0, "mode": "test", "epoch": 18}
{"loss": 0.24943995475769043, "acc": 0.9015789031982422, "length": 5.0, "mode": "train", "epoch": 19}
{"loss": 0.2481539100408554, "acc": 0.9034460783004761, "length": 5.0, "mode": "test", "epoch": 19}
{"loss": 0.24923931062221527, "acc": 0.9022270441055298, "length": 5.0, "mode": "train", "epoch": 20}
{"loss": 0.2581802010536194, "acc": 0.8989716172218323, "length": 5.0, "mode": "test", "epoch": 20}
{"loss": 0.2558479905128479, "acc": 0.8991684317588806, "length": 5.0, "mode": "train", "epoch": 21}
{"loss": 0.2566886246204376, "acc": 0.9009428024291992, "length": 5.0, "mode": "test", "epoch": 21}
{"loss": 0.24701763689517975, "acc": 0.9028655886650085, "length": 5.0, "mode": "train", "epoch": 22}
{"loss": 0.24528203904628754, "acc": 0.9046458005905151, "length": 5.0, "mode": "test", "epoch": 22}
{"loss": 0.24149975180625916, "acc": 0.9057577252388, "length": 5.0, "mode": "train", "epoch": 23}
{"loss": 0.241366446018219, "acc": 0.9069093465805054, "length": 5.0, "mode": "test", "epoch": 23}
{"loss": 0.2405504435300827, "acc": 0.9064298272132874, "length": 5.0, "mode": "train", "epoch": 24}
{"loss": 0.24707134068012238, "acc": 0.9060895442962646, "length": 5.0, "mode": "test", "epoch": 24}
{"loss": 0.2356761395931244, "acc": 0.9085392355918884, "length": 5.0, "mode": "train", "epoch": 25}
{"loss": 0.23270295560359955, "acc": 0.9103307723999023, "length": 5.0, "mode": "test", "epoch": 25}
{"loss": 0.23132115602493286, "acc": 0.9103204607963562, "length": 5.0, "mode": "train", "epoch": 26}
{"loss": 0.22818835079669952, "acc": 0.9120301008224487, "length": 5.0, "mode": "test", "epoch": 26}
{"loss": 0.22837276756763458, "acc": 0.9107574224472046, "length": 5.0, "mode": "train", "epoch": 27}
{"loss": 0.22693809866905212, "acc": 0.9121436476707458, "length": 5.0, "mode": "test", "epoch": 27}
{"loss": 0.2284788340330124, "acc": 0.9112529754638672, "length": 5.0, "mode": "train", "epoch": 28}
{"loss": 0.22718332707881927, "acc": 0.913898766040802, "length": 5.0, "mode": "test", "epoch": 28}
{"loss": 0.22588799893856049, "acc": 0.9128732085227966, "length": 5.0, "mode": "train", "epoch": 29}
{"loss": 0.22738274931907654, "acc": 0.9141513109207153, "length": 5.0, "mode": "test", "epoch": 29}
{"loss": 0.21979989111423492, "acc": 0.9152694940567017, "length": 5.0, "mode": "train", "epoch": 30}
{"loss": 0.22011606395244598, "acc": 0.917308509349823, "length": 5.0, "mode": "test", "epoch": 30}
{"loss": 0.21691423654556274, "acc": 0.917043149471283, "length": 5.0, "mode": "train", "epoch": 31}
{"loss": 0.21922914683818817, "acc": 0.9180564284324646, "length": 5.0, "mode": "test", "epoch": 31}
{"loss": 0.21538694202899933, "acc": 0.9177507758140564, "length": 4.999999046325684, "mode": "train", "epoch": 32}
{"loss": 0.2193419635295868, "acc": 0.9171938300132751, "length": 5.0, "mode": "test", "epoch": 32}
{"loss": 0.21276648342609406, "acc": 0.9179937839508057, "length": 5.0, "mode": "train", "epoch": 33}
{"loss": 0.21504932641983032, "acc": 0.9181827902793884, "length": 5.0, "mode": "test", "epoch": 33}
{"loss": 0.21355918049812317, "acc": 0.9177719950675964, "length": 5.0, "mode": "train", "epoch": 34}
{"loss": 0.21388079226016998, "acc": 0.9186397790908813, "length": 5.0, "mode": "test", "epoch": 34}
{"loss": 0.21172553300857544, "acc": 0.9185246825218201, "length": 5.0, "mode": "train", "epoch": 35}
{"loss": 0.2139178365468979, "acc": 0.9190818667411804, "length": 5.0, "mode": "test", "epoch": 35}
{"loss": 0.21082861721515656, "acc": 0.9189801216125488, "length": 5.0, "mode": "train", "epoch": 36}
{"loss": 0.21075472235679626, "acc": 0.9201873540878296, "length": 5.0, "mode": "test", "epoch": 36}
{"loss": 0.2083306908607483, "acc": 0.9200875163078308, "length": 5.0, "mode": "train", "epoch": 37}
{"loss": 0.22471340000629425, "acc": 0.9152043461799622, "length": 5.0, "mode": "test", "epoch": 37}
{"loss": 0.2094615250825882, "acc": 0.9200423359870911, "length": 5.0, "mode": "train", "epoch": 38}
{"loss": 0.2064218670129776, "acc": 0.9225492477416992, "length": 5.0, "mode": "test", "epoch": 38}
{"loss": 0.2065127193927765, "acc": 0.9210054278373718, "length": 5.0, "mode": "train", "epoch": 39}
{"loss": 0.21420089900493622, "acc": 0.9188463091850281, "length": 5.0, "mode": "test", "epoch": 39}
{"loss": 0.210867777466774, "acc": 0.9189317226409912, "length": 5.0, "mode": "train", "epoch": 40}
{"loss": 0.20937776565551758, "acc": 0.9207138419151306, "length": 5.0, "mode": "test", "epoch": 40}
{"loss": 0.20528137683868408, "acc": 0.9213101267814636, "length": 5.0, "mode": "train", "epoch": 41}
{"loss": 0.20543840527534485, "acc": 0.9218642711639404, "length": 5.0, "mode": "test", "epoch": 41}
{"loss": 0.2062978595495224, "acc": 0.9214460849761963, "length": 5.0, "mode": "train", "epoch": 42}
{"loss": 0.2083326131105423, "acc": 0.9212714433670044, "length": 5.0, "mode": "test", "epoch": 42}
{"loss": 0.20363225042819977, "acc": 0.9220624566078186, "length": 5.0, "mode": "train", "epoch": 43}
{"loss": 0.20384646952152252, "acc": 0.9230736494064331, "length": 5.0, "mode": "test", "epoch": 43}
{"loss": 0.2028784304857254, "acc": 0.9221790432929993, "length": 5.0, "mode": "train", "epoch": 44}
{"loss": 0.20936347544193268, "acc": 0.9216641187667847, "length": 5.0, "mode": "test", "epoch": 44}
{"loss": 0.19949549436569214, "acc": 0.9236521124839783, "length": 5.0, "mode": "train", "epoch": 45}
{"loss": 0.20163756608963013, "acc": 0.9240099787712097, "length": 5.0, "mode": "test", "epoch": 45}
{"loss": 0.20090517401695251, "acc": 0.9228343367576599, "length": 5.0, "mode": "train", "epoch": 46}
{"loss": 0.20067846775054932, "acc": 0.924258291721344, "length": 5.0, "mode": "test", "epoch": 46}
{"loss": 0.1975601762533188, "acc": 0.9240891337394714, "length": 5.0, "mode": "train", "epoch": 47}
{"loss": 0.20242075622081757, "acc": 0.9238024353981018, "length": 5.0, "mode": "test", "epoch": 47}
{"loss": 0.20197701454162598, "acc": 0.9223679304122925, "length": 5.0, "mode": "train", "epoch": 48}
{"loss": 0.22036053240299225, "acc": 0.9175235033035278, "length": 5.0, "mode": "test", "epoch": 48}
{"loss": 0.20203830301761627, "acc": 0.9224972128868103, "length": 5.0, "mode": "train", "epoch": 49}
{"loss": 0.20192672312259674, "acc": 0.9238741397857666, "length": 5.0, "mode": "test", "epoch": 49}
{"loss": 0.20061646401882172, "acc": 0.9223784804344177, "length": 5.0, "mode": "train", "epoch": 50}
{"loss": 0.2071792185306549, "acc": 0.9205586314201355, "length": 5.0, "mode": "test", "epoch": 50}
{"loss": 0.19822216033935547, "acc": 0.923572838306427, "length": 5.0, "mode": "train", "epoch": 51}
{"loss": 0.20010168850421906, "acc": 0.924763560295105, "length": 5.0, "mode": "test", "epoch": 51}
{"loss": 0.19788336753845215, "acc": 0.9239566922187805, "length": 5.0, "mode": "train", "epoch": 52}
{"loss": 0.19946794211864471, "acc": 0.9246521592140198, "length": 5.0, "mode": "test", "epoch": 52}
{"loss": 0.19705533981323242, "acc": 0.9239631295204163, "length": 5.0, "mode": "train", "epoch": 53}
{"loss": 0.1968129575252533, "acc": 0.9254966378211975, "length": 5.0, "mode": "test", "epoch": 53}
{"loss": 0.19417470693588257, "acc": 0.9248015284538269, "length": 5.0, "mode": "train", "epoch": 54}
{"loss": 0.20125354826450348, "acc": 0.9226444363594055, "length": 5.0, "mode": "test", "epoch": 54}
{"loss": 0.19549626111984253, "acc": 0.9246298670768738, "length": 5.0, "mode": "train", "epoch": 55}
{"loss": 0.19497381150722504, "acc": 0.9257736206054688, "length": 5.0, "mode": "test", "epoch": 55}
{"loss": 0.19975127279758453, "acc": 0.9221509099006653, "length": 5.0, "mode": "train", "epoch": 56}
{"loss": 0.20547504723072052, "acc": 0.9206933975219727, "length": 5.0, "mode": "test", "epoch": 56}
{"loss": 0.19937461614608765, "acc": 0.9219076037406921, "length": 5.0, "mode": "train", "epoch": 57}
{"loss": 0.20353147387504578, "acc": 0.9226732850074768, "length": 5.0, "mode": "test", "epoch": 57}
{"loss": 0.2021961659193039, "acc": 0.9217463731765747, "length": 5.0, "mode": "train", "epoch": 58}
{"loss": 0.2003309279680252, "acc": 0.9240400195121765, "length": 5.0, "mode": "test", "epoch": 58}
{"loss": 0.19735433161258698, "acc": 0.9232924580574036, "length": 5.0, "mode": "train", "epoch": 59}
{"loss": 0.19739842414855957, "acc": 0.9244093894958496, "length": 5.0, "mode": "test", "epoch": 59}
{"loss": 0.19353656470775604, "acc": 0.9250947833061218, "length": 5.0, "mode": "train", "epoch": 60}
{"loss": 0.1963297426700592, "acc": 0.9254879355430603, "length": 5.0, "mode": "test", "epoch": 60}
test accuracy: 0.9238081574440002
