ndevices 0
# ["--attributes=4", "--values=8", "--game_size=10", "--vocab_size_factor=3", "--n_epochs=60", "--batch_size=128", "--learning_rate=0.0005", "--speaker_hidden_size=128", "--temp_update=0.97", "--temperature=1.5"]
data loaded from: data/dim(4,8).ds
vocab size 28
message length 4
{"loss": 0.47199466824531555, "acc": 0.7721567153930664, "length": 4.960390567779541, "mode": "train", "epoch": 1}
{"loss": 0.3880203068256378, "acc": 0.8257555961608887, "length": 5.0, "mode": "test", "epoch": 1}
{"loss": 0.3091045618057251, "acc": 0.8707180619239807, "length": 4.9997239112854, "mode": "train", "epoch": 2}
{"loss": 0.3006008565425873, "acc": 0.8756731152534485, "length": 5.0, "mode": "test", "epoch": 2}
{"loss": 0.26392877101898193, "acc": 0.8931675553321838, "length": 4.999954700469971, "mode": "train", "epoch": 3}
{"loss": 0.2738793194293976, "acc": 0.8862115144729614, "length": 5.0, "mode": "test", "epoch": 3}
{"loss": 0.23860371112823486, "acc": 0.9048112034797668, "length": 4.999988079071045, "mode": "train", "epoch": 4}
{"loss": 0.2447708696126938, "acc": 0.901177167892456, "length": 5.0, "mode": "test", "epoch": 4}
{"loss": 0.22067244350910187, "acc": 0.912680983543396, "length": 4.999997138977051, "mode": "train", "epoch": 5}
{"loss": 0.22619451582431793, "acc": 0.9096757173538208, "length": 5.0, "mode": "test", "epoch": 5}
{"loss": 0.20240817964076996, "acc": 0.9217551350593567, "length": 4.999999046325684, "mode": "train", "epoch": 6}
{"loss": 0.2125718593597412, "acc": 0.915789783000946, "length": 5.0, "mode": "test", "epoch": 6}
{"loss": 0.1897408813238144, "acc": 0.9270720481872559, "length": 5.0, "mode": "train", "epoch": 7}
{"loss": 0.20180551707744598, "acc": 0.9224764108657837, "length": 5.0, "mode": "test", "epoch": 7}
{"loss": 0.17938512563705444, "acc": 0.9316644668579102, "length": 5.0, "mode": "train", "epoch": 8}
{"loss": 0.19566610455513, "acc": 0.9244402050971985, "length": 5.0, "mode": "test", "epoch": 8}
{"loss": 0.1713840365409851, "acc": 0.9350897073745728, "length": 5.0, "mode": "train", "epoch": 9}
{"loss": 0.18148469924926758, "acc": 0.9308990240097046, "length": 5.0, "mode": "test", "epoch": 9}
{"loss": 0.16293904185295105, "acc": 0.9387089014053345, "length": 5.0, "mode": "train", "epoch": 10}
{"loss": 0.1757267564535141, "acc": 0.9336109161376953, "length": 5.0, "mode": "test", "epoch": 10}
{"loss": 0.15606442093849182, "acc": 0.9422613382339478, "length": 5.0, "mode": "train", "epoch": 11}
{"loss": 0.16608192026615143, "acc": 0.9382299184799194, "length": 5.0, "mode": "test", "epoch": 11}
{"loss": 0.14840197563171387, "acc": 0.9459998607635498, "length": 5.0, "mode": "train", "epoch": 12}
{"loss": 0.161917045712471, "acc": 0.9410028457641602, "length": 5.0, "mode": "test", "epoch": 12}
{"loss": 0.14168082177639008, "acc": 0.949344277381897, "length": 5.0, "mode": "train", "epoch": 13}
{"loss": 0.1503710150718689, "acc": 0.9464158415794373, "length": 5.0, "mode": "test", "epoch": 13}
{"loss": 0.13572274148464203, "acc": 0.9526623487472534, "length": 5.0, "mode": "train", "epoch": 14}
{"loss": 0.150967538356781, "acc": 0.9453253746032715, "length": 5.0, "mode": "test", "epoch": 14}
{"loss": 0.13029234111309052, "acc": 0.955422043800354, "length": 5.0, "mode": "train", "epoch": 15}
{"loss": 0.14046314358711243, "acc": 0.950947105884552, "length": 5.0, "mode": "test", "epoch": 15}
{"loss": 0.125575453042984, "acc": 0.9574258327484131, "length": 5.0, "mode": "train", "epoch": 16}
{"loss": 0.13902875781059265, "acc": 0.9521382451057434, "length": 5.0, "mode": "test", "epoch": 16}
{"loss": 0.12180543690919876, "acc": 0.9594117403030396, "length": 5.0, "mode": "train", "epoch": 17}
{"loss": 0.1316666156053543, "acc": 0.9558315277099609, "length": 5.0, "mode": "test", "epoch": 17}
{"loss": 0.12089988589286804, "acc": 0.9597564339637756, "length": 5.0, "mode": "train", "epoch": 18}
{"loss": 0.13432401418685913, "acc": 0.9542818069458008, "length": 5.0, "mode": "test", "epoch": 18}
{"loss": 0.11659388989210129, "acc": 0.9615058898925781, "length": 5.0, "mode": "train", "epoch": 19}
{"loss": 0.12986087799072266, "acc": 0.9559440016746521, "length": 5.0, "mode": "test", "epoch": 19}
{"loss": 0.11470256745815277, "acc": 0.9623940587043762, "length": 5.0, "mode": "train", "epoch": 20}
{"loss": 0.12313362956047058, "acc": 0.9586333632469177, "length": 5.0, "mode": "test", "epoch": 20}
{"loss": 0.11613499373197556, "acc": 0.9621191620826721, "length": 5.0, "mode": "train", "epoch": 21}
{"loss": 0.12722335755825043, "acc": 0.9578221440315247, "length": 5.0, "mode": "test", "epoch": 21}
{"loss": 0.1122010350227356, "acc": 0.9637105464935303, "length": 5.0, "mode": "train", "epoch": 22}
{"loss": 0.11903151124715805, "acc": 0.9610841274261475, "length": 5.0, "mode": "test", "epoch": 22}
{"loss": 0.11256897449493408, "acc": 0.9636716246604919, "length": 5.0, "mode": "train", "epoch": 23}
{"loss": 0.12926000356674194, "acc": 0.956994891166687, "length": 5.0, "mode": "test", "epoch": 23}
{"loss": 0.11288567632436752, "acc": 0.9636067152023315, "length": 5.0, "mode": "train", "epoch": 24}
{"loss": 0.12002234160900116, "acc": 0.9607940316200256, "length": 5.0, "mode": "test", "epoch": 24}
{"loss": 0.1141476035118103, "acc": 0.9633183479309082, "length": 5.0, "mode": "train", "epoch": 25}
{"loss": 0.11998427659273148, "acc": 0.9609877467155457, "length": 5.0, "mode": "test", "epoch": 25}
{"loss": 0.11161528527736664, "acc": 0.9642212390899658, "length": 5.0, "mode": "train", "epoch": 26}
{"loss": 0.11646582186222076, "acc": 0.9627000689506531, "length": 5.0, "mode": "test", "epoch": 26}
{"loss": 0.10978226363658905, "acc": 0.9651363492012024, "length": 5.0, "mode": "train", "epoch": 27}
{"loss": 0.11521191895008087, "acc": 0.963146448135376, "length": 5.0, "mode": "test", "epoch": 27}
{"loss": 0.11545393615961075, "acc": 0.9626227021217346, "length": 5.0, "mode": "train", "epoch": 28}
{"loss": 0.11813430488109589, "acc": 0.9623608589172363, "length": 5.0, "mode": "test", "epoch": 28}
{"loss": 0.1137770488858223, "acc": 0.9634925723075867, "length": 5.0, "mode": "train", "epoch": 29}
{"loss": 0.12212325632572174, "acc": 0.9600940346717834, "length": 5.0, "mode": "test", "epoch": 29}
{"loss": 0.1208244040608406, "acc": 0.9607976675033569, "length": 5.0, "mode": "train", "epoch": 30}
{"loss": 0.12052860110998154, "acc": 0.9611997008323669, "length": 5.0, "mode": "test", "epoch": 30}
{"loss": 0.11403422802686691, "acc": 0.963095486164093, "length": 5.0, "mode": "train", "epoch": 31}
{"loss": 0.1182909905910492, "acc": 0.9625985026359558, "length": 5.0, "mode": "test", "epoch": 31}
{"loss": 0.11366113275289536, "acc": 0.9634194374084473, "length": 5.0, "mode": "train", "epoch": 32}
{"loss": 0.11667394638061523, "acc": 0.9627417922019958, "length": 5.0, "mode": "test", "epoch": 32}
{"loss": 0.11378931254148483, "acc": 0.9634422063827515, "length": 5.0, "mode": "train", "epoch": 33}
{"loss": 0.11871135979890823, "acc": 0.9616236090660095, "length": 5.0, "mode": "test", "epoch": 33}
{"loss": 0.12150333821773529, "acc": 0.9601873755455017, "length": 5.0, "mode": "train", "epoch": 34}
{"loss": 0.12758751213550568, "acc": 0.9579452872276306, "length": 5.0, "mode": "test", "epoch": 34}
{"loss": 0.12290089577436447, "acc": 0.9591507315635681, "length": 5.0, "mode": "train", "epoch": 35}
{"loss": 0.1260252296924591, "acc": 0.9584311246871948, "length": 5.0, "mode": "test", "epoch": 35}
{"loss": 0.1193562000989914, "acc": 0.9613024592399597, "length": 5.0, "mode": "train", "epoch": 36}
{"loss": 0.12837174534797668, "acc": 0.9578232169151306, "length": 5.0, "mode": "test", "epoch": 36}
{"loss": 0.12319059669971466, "acc": 0.9599273204803467, "length": 5.0, "mode": "train", "epoch": 37}
{"loss": 0.12160251289606094, "acc": 0.9611601233482361, "length": 5.0, "mode": "test", "epoch": 37}
{"loss": 0.1229647845029831, "acc": 0.9601795077323914, "length": 5.0, "mode": "train", "epoch": 38}
{"loss": 0.13099493086338043, "acc": 0.9578585028648376, "length": 5.0, "mode": "test", "epoch": 38}
{"loss": 0.1229059100151062, "acc": 0.9604794979095459, "length": 5.0, "mode": "train", "epoch": 39}
{"loss": 0.13321445882320404, "acc": 0.9560617208480835, "length": 5.0, "mode": "test", "epoch": 39}
{"loss": 0.12321150302886963, "acc": 0.959419310092926, "length": 5.0, "mode": "train", "epoch": 40}
{"loss": 0.13570065796375275, "acc": 0.9545462131500244, "length": 5.0, "mode": "test", "epoch": 40}
{"loss": 0.14138293266296387, "acc": 0.9519731998443604, "length": 5.0, "mode": "train", "epoch": 41}
{"loss": 0.13836689293384552, "acc": 0.9539275765419006, "length": 5.0, "mode": "test", "epoch": 41}
{"loss": 0.12400469183921814, "acc": 0.9592169523239136, "length": 5.0, "mode": "train", "epoch": 42}
{"loss": 0.12536346912384033, "acc": 0.9584352970123291, "length": 5.0, "mode": "test", "epoch": 42}
{"loss": 0.12534847855567932, "acc": 0.9582139849662781, "length": 5.0, "mode": "train", "epoch": 43}
{"loss": 0.12787654995918274, "acc": 0.9581378102302551, "length": 5.0, "mode": "test", "epoch": 43}
{"loss": 0.11865577101707458, "acc": 0.9615446925163269, "length": 5.0, "mode": "train", "epoch": 44}
{"loss": 0.11745695024728775, "acc": 0.9624432921409607, "length": 5.0, "mode": "test", "epoch": 44}
{"loss": 0.11464294791221619, "acc": 0.9631785154342651, "length": 5.0, "mode": "train", "epoch": 45}
{"loss": 0.11996371299028397, "acc": 0.9610744714736938, "length": 5.0, "mode": "test", "epoch": 45}
{"loss": 0.1171967089176178, "acc": 0.9622357487678528, "length": 5.0, "mode": "train", "epoch": 46}
{"loss": 0.12109234929084778, "acc": 0.9614276885986328, "length": 5.0, "mode": "test", "epoch": 46}
{"loss": 0.1161990612745285, "acc": 0.9624424576759338, "length": 5.0, "mode": "train", "epoch": 47}
{"loss": 0.11694016307592392, "acc": 0.9629356265068054, "length": 5.0, "mode": "test", "epoch": 47}
{"loss": 0.11725068092346191, "acc": 0.9619446992874146, "length": 5.0, "mode": "train", "epoch": 48}
{"loss": 0.12837477028369904, "acc": 0.9580018520355225, "length": 5.0, "mode": "test", "epoch": 48}
{"loss": 0.11823457479476929, "acc": 0.9617245197296143, "length": 5.0, "mode": "train", "epoch": 49}
{"loss": 0.1211378425359726, "acc": 0.9609802961349487, "length": 5.0, "mode": "test", "epoch": 49}
{"loss": 0.11252780258655548, "acc": 0.9640519022941589, "length": 5.0, "mode": "train", "epoch": 50}
{"loss": 0.1179218664765358, "acc": 0.9624443054199219, "length": 5.0, "mode": "test", "epoch": 50}
{"loss": 0.11018573492765427, "acc": 0.9649308919906616, "length": 5.0, "mode": "train", "epoch": 51}
{"loss": 0.12226706743240356, "acc": 0.9600321054458618, "length": 5.0, "mode": "test", "epoch": 51}
{"loss": 0.11039309203624725, "acc": 0.9649333357810974, "length": 5.0, "mode": "train", "epoch": 52}
{"loss": 0.11421333998441696, "acc": 0.9631250500679016, "length": 5.0, "mode": "test", "epoch": 52}
{"loss": 0.11070164293050766, "acc": 0.9646127223968506, "length": 5.0, "mode": "train", "epoch": 53}
{"loss": 0.11407341808080673, "acc": 0.9637414216995239, "length": 5.0, "mode": "test", "epoch": 53}
{"loss": 0.11471182107925415, "acc": 0.9626659750938416, "length": 5.0, "mode": "train", "epoch": 54}
{"loss": 0.11562077701091766, "acc": 0.9629847407341003, "length": 5.0, "mode": "test", "epoch": 54}
{"loss": 0.11379881203174591, "acc": 0.9631328582763672, "length": 5.0, "mode": "train", "epoch": 55}
{"loss": 0.11934316903352737, "acc": 0.9619005918502808, "length": 5.0, "mode": "test", "epoch": 55}
{"loss": 0.11352986097335815, "acc": 0.9629589319229126, "length": 5.0, "mode": "train", "epoch": 56}
{"loss": 0.11650267243385315, "acc": 0.9622688889503479, "length": 5.0, "mode": "test", "epoch": 56}
{"loss": 0.11555547267198563, "acc": 0.9619998335838318, "length": 5.0, "mode": "train", "epoch": 57}
{"loss": 0.12606383860111237, "acc": 0.9585691094398499, "length": 5.0, "mode": "test", "epoch": 57}
{"loss": 0.12406601011753082, "acc": 0.9585788249969482, "length": 5.0, "mode": "train", "epoch": 58}
{"loss": 0.11879327148199081, "acc": 0.9616020321846008, "length": 5.0, "mode": "test", "epoch": 58}
{"loss": 0.11216186732053757, "acc": 0.9635931253433228, "length": 5.0, "mode": "train", "epoch": 59}
{"loss": 0.12891119718551636, "acc": 0.9564672112464905, "length": 5.0, "mode": "test", "epoch": 59}
{"loss": 0.12146702408790588, "acc": 0.9595428109169006, "length": 5.0, "mode": "train", "epoch": 60}
{"loss": 0.1536678522825241, "acc": 0.9459717869758606, "length": 5.0, "mode": "test", "epoch": 60}
test accuracy: 0.9421766400337219
