ndevices 0
# ["--attributes=4", "--values=8", "--game_size=10", "--vocab_size_factor=3", "--n_epochs=60", "--batch_size=32", "--learning_rate=0.0005", "--speaker_hidden_size=128", "--temp_update=0.99", "--temperature=2"]
data loaded from: data/dim(4,8).ds
vocab size 28
message length 4
{"loss": 0.37512800097465515, "acc": 0.8284540176391602, "length": 4.9794392585754395, "mode": "train", "epoch": 1}
{"loss": 0.33494487404823303, "acc": 0.8505725860595703, "length": 5.0, "mode": "test", "epoch": 1}
{"loss": 0.2817379832267761, "acc": 0.8844402432441711, "length": 4.999974727630615, "mode": "train", "epoch": 2}
{"loss": 0.2817024886608124, "acc": 0.8812168836593628, "length": 5.0, "mode": "test", "epoch": 2}
{"loss": 0.2360183745622635, "acc": 0.9062262773513794, "length": 4.999987602233887, "mode": "train", "epoch": 3}
{"loss": 0.2549822926521301, "acc": 0.8972859382629395, "length": 5.0, "mode": "test", "epoch": 3}
{"loss": 0.21023698151111603, "acc": 0.9176511168479919, "length": 4.999997138977051, "mode": "train", "epoch": 4}
{"loss": 0.23485706746578217, "acc": 0.905809223651886, "length": 5.0, "mode": "test", "epoch": 4}
{"loss": 0.19238530099391937, "acc": 0.9260646104812622, "length": 5.0, "mode": "train", "epoch": 5}
{"loss": 0.2099628448486328, "acc": 0.9193824529647827, "length": 5.0, "mode": "test", "epoch": 5}
{"loss": 0.18086408078670502, "acc": 0.930611252784729, "length": 5.0, "mode": "train", "epoch": 6}
{"loss": 0.20318306982517242, "acc": 0.9190475940704346, "length": 5.0, "mode": "test", "epoch": 6}
{"loss": 0.17303426563739777, "acc": 0.9333396553993225, "length": 5.0, "mode": "train", "epoch": 7}
{"loss": 0.19131556153297424, "acc": 0.92730313539505, "length": 5.0, "mode": "test", "epoch": 7}
{"loss": 0.1675885021686554, "acc": 0.9351705312728882, "length": 5.0, "mode": "train", "epoch": 8}
{"loss": 0.19977018237113953, "acc": 0.9227975606918335, "length": 5.0, "mode": "test", "epoch": 8}
{"loss": 0.1581360250711441, "acc": 0.9388209581375122, "length": 5.0, "mode": "train", "epoch": 9}
{"loss": 0.17475281655788422, "acc": 0.9324753284454346, "length": 5.0, "mode": "test", "epoch": 9}
{"loss": 0.1480482667684555, "acc": 0.9432227611541748, "length": 5.0, "mode": "train", "epoch": 10}
{"loss": 0.16287919878959656, "acc": 0.9387703537940979, "length": 5.0, "mode": "test", "epoch": 10}
{"loss": 0.13584378361701965, "acc": 0.9487314224243164, "length": 5.0, "mode": "train", "epoch": 11}
{"loss": 0.15180718898773193, "acc": 0.943038284778595, "length": 5.0, "mode": "test", "epoch": 11}
{"loss": 0.12585310637950897, "acc": 0.9530919194221497, "length": 5.0, "mode": "train", "epoch": 12}
{"loss": 0.14643529057502747, "acc": 0.9446072578430176, "length": 5.0, "mode": "test", "epoch": 12}
{"loss": 0.11859104037284851, "acc": 0.956086277961731, "length": 5.0, "mode": "train", "epoch": 13}
{"loss": 0.14535821974277496, "acc": 0.9441149830818176, "length": 5.0, "mode": "test", "epoch": 13}
{"loss": 0.11361018568277359, "acc": 0.9581131935119629, "length": 5.0, "mode": "train", "epoch": 14}
{"loss": 0.1315789371728897, "acc": 0.9510113596916199, "length": 5.0, "mode": "test", "epoch": 14}
{"loss": 0.1108040064573288, "acc": 0.9590151906013489, "length": 5.0, "mode": "train", "epoch": 15}
{"loss": 0.12557494640350342, "acc": 0.9544124007225037, "length": 5.0, "mode": "test", "epoch": 15}
{"loss": 0.10967274010181427, "acc": 0.9593120813369751, "length": 5.0, "mode": "train", "epoch": 16}
{"loss": 0.12739621102809906, "acc": 0.9531688690185547, "length": 5.0, "mode": "test", "epoch": 16}
{"loss": 0.10530183464288712, "acc": 0.9609238505363464, "length": 5.0, "mode": "train", "epoch": 17}
{"loss": 0.1192522868514061, "acc": 0.9569467306137085, "length": 5.0, "mode": "test", "epoch": 17}
{"loss": 0.102096326649189, "acc": 0.9626445174217224, "length": 5.0, "mode": "train", "epoch": 18}
{"loss": 0.11606332659721375, "acc": 0.9584352970123291, "length": 5.0, "mode": "test", "epoch": 18}
{"loss": 0.09919948130846024, "acc": 0.9638978242874146, "length": 5.0, "mode": "train", "epoch": 19}
{"loss": 0.11592061072587967, "acc": 0.9580886363983154, "length": 5.0, "mode": "test", "epoch": 19}
{"loss": 0.09503043442964554, "acc": 0.9659675359725952, "length": 5.0, "mode": "train", "epoch": 20}
{"loss": 0.11191637068986893, "acc": 0.9605544209480286, "length": 5.0, "mode": "test", "epoch": 20}
{"loss": 0.09051647782325745, "acc": 0.9684516787528992, "length": 5.0, "mode": "train", "epoch": 21}
{"loss": 0.1056920513510704, "acc": 0.9640399813652039, "length": 5.0, "mode": "test", "epoch": 21}
{"loss": 0.0833086222410202, "acc": 0.9723539352416992, "length": 5.0, "mode": "train", "epoch": 22}
{"loss": 0.09523129463195801, "acc": 0.9694830775260925, "length": 5.0, "mode": "test", "epoch": 22}
{"loss": 0.0777222216129303, "acc": 0.9753115177154541, "length": 5.0, "mode": "train", "epoch": 23}
{"loss": 0.09199684113264084, "acc": 0.9703627228736877, "length": 5.0, "mode": "test", "epoch": 23}
{"loss": 0.07305384427309036, "acc": 0.9773389101028442, "length": 5.0, "mode": "train", "epoch": 24}
{"loss": 0.09012798964977264, "acc": 0.9718632698059082, "length": 5.0, "mode": "test", "epoch": 24}
{"loss": 0.07148867845535278, "acc": 0.9781519174575806, "length": 5.0, "mode": "train", "epoch": 25}
{"loss": 0.08629582822322845, "acc": 0.972885251045227, "length": 5.0, "mode": "test", "epoch": 25}
{"loss": 0.06822232902050018, "acc": 0.9793117642402649, "length": 5.0, "mode": "train", "epoch": 26}
{"loss": 0.08262494951486588, "acc": 0.9753328561782837, "length": 5.0, "mode": "test", "epoch": 26}
{"loss": 0.06676512211561203, "acc": 0.9799135327339172, "length": 5.0, "mode": "train", "epoch": 27}
{"loss": 0.08013349771499634, "acc": 0.9761857390403748, "length": 5.0, "mode": "test", "epoch": 27}
{"loss": 0.0649646446108818, "acc": 0.9806601405143738, "length": 5.0, "mode": "train", "epoch": 28}
{"loss": 0.07879745215177536, "acc": 0.9763441681861877, "length": 5.0, "mode": "test", "epoch": 28}
{"loss": 0.0635138601064682, "acc": 0.9811745882034302, "length": 5.0, "mode": "train", "epoch": 29}
{"loss": 0.07488235086202621, "acc": 0.9780233502388, "length": 5.0, "mode": "test", "epoch": 29}
{"loss": 0.0621890127658844, "acc": 0.9816108345985413, "length": 5.0, "mode": "train", "epoch": 30}
{"loss": 0.07557402551174164, "acc": 0.9776465892791748, "length": 5.0, "mode": "test", "epoch": 30}
{"loss": 0.06149585172533989, "acc": 0.9819357991218567, "length": 5.0, "mode": "train", "epoch": 31}
{"loss": 0.07156675308942795, "acc": 0.9788837432861328, "length": 5.0, "mode": "test", "epoch": 31}
{"loss": 0.058320384472608566, "acc": 0.9829949736595154, "length": 5.0, "mode": "train", "epoch": 32}
{"loss": 0.07278800010681152, "acc": 0.9785669445991516, "length": 5.0, "mode": "test", "epoch": 32}
{"loss": 0.05788404121994972, "acc": 0.9832658767700195, "length": 5.0, "mode": "train", "epoch": 33}
{"loss": 0.07008211314678192, "acc": 0.9797078967094421, "length": 5.0, "mode": "test", "epoch": 33}
{"loss": 0.05754978209733963, "acc": 0.9833599925041199, "length": 5.0, "mode": "train", "epoch": 34}
{"loss": 0.07869260758161545, "acc": 0.977043092250824, "length": 5.0, "mode": "test", "epoch": 34}
{"loss": 0.05576266348361969, "acc": 0.9839339852333069, "length": 5.0, "mode": "train", "epoch": 35}
{"loss": 0.06926996260881424, "acc": 0.980002224445343, "length": 5.0, "mode": "test", "epoch": 35}
{"loss": 0.056304581463336945, "acc": 0.9839115738868713, "length": 5.0, "mode": "train", "epoch": 36}
{"loss": 0.06690678745508194, "acc": 0.981220006942749, "length": 5.0, "mode": "test", "epoch": 36}
{"loss": 0.05432566627860069, "acc": 0.9845446944236755, "length": 5.0, "mode": "train", "epoch": 37}
{"loss": 0.07017427682876587, "acc": 0.9804120659828186, "length": 5.0, "mode": "test", "epoch": 37}
{"loss": 0.05355563759803772, "acc": 0.9848622679710388, "length": 5.0, "mode": "train", "epoch": 38}
{"loss": 0.06488662958145142, "acc": 0.9820429682731628, "length": 5.0, "mode": "test", "epoch": 38}
{"loss": 0.0561128705739975, "acc": 0.9840555787086487, "length": 5.0, "mode": "train", "epoch": 39}
{"loss": 0.06260086596012115, "acc": 0.9827407598495483, "length": 5.0, "mode": "test", "epoch": 39}
{"loss": 0.05264430493116379, "acc": 0.9852174520492554, "length": 5.0, "mode": "train", "epoch": 40}
{"loss": 0.06162915751338005, "acc": 0.9829827547073364, "length": 5.0, "mode": "test", "epoch": 40}
{"loss": 0.051277030259370804, "acc": 0.9857016205787659, "length": 5.0, "mode": "train", "epoch": 41}
{"loss": 0.0590004026889801, "acc": 0.9838281273841858, "length": 5.0, "mode": "test", "epoch": 41}
{"loss": 0.048609208315610886, "acc": 0.9864989519119263, "length": 5.0, "mode": "train", "epoch": 42}
{"loss": 0.061672393232584, "acc": 0.9829954504966736, "length": 5.0, "mode": "test", "epoch": 42}
{"loss": 0.04881061241030693, "acc": 0.9864948987960815, "length": 5.0, "mode": "train", "epoch": 43}
{"loss": 0.06240455433726311, "acc": 0.9825962781906128, "length": 5.0, "mode": "test", "epoch": 43}
{"loss": 0.049550287425518036, "acc": 0.9863951206207275, "length": 5.0, "mode": "train", "epoch": 44}
{"loss": 0.05935435742139816, "acc": 0.9840518236160278, "length": 5.0, "mode": "test", "epoch": 44}
{"loss": 0.047468505799770355, "acc": 0.9869180917739868, "length": 5.0, "mode": "train", "epoch": 45}
{"loss": 0.05751083046197891, "acc": 0.984819233417511, "length": 5.0, "mode": "test", "epoch": 45}
{"loss": 0.04652160778641701, "acc": 0.9873501062393188, "length": 5.0, "mode": "train", "epoch": 46}
{"loss": 0.057284943759441376, "acc": 0.9846854209899902, "length": 5.0, "mode": "test", "epoch": 46}
{"loss": 0.04642438888549805, "acc": 0.9873753786087036, "length": 5.0, "mode": "train", "epoch": 47}
{"loss": 0.053567636758089066, "acc": 0.9858272075653076, "length": 5.0, "mode": "test", "epoch": 47}
{"loss": 0.04525474086403847, "acc": 0.9876536130905151, "length": 5.0, "mode": "train", "epoch": 48}
{"loss": 0.05296064913272858, "acc": 0.9859482049942017, "length": 5.0, "mode": "test", "epoch": 48}
{"loss": 0.04547952860593796, "acc": 0.9875156283378601, "length": 5.0, "mode": "train", "epoch": 49}
{"loss": 0.051164381206035614, "acc": 0.9866758584976196, "length": 5.0, "mode": "test", "epoch": 49}
{"loss": 0.045079056173563004, "acc": 0.9876478314399719, "length": 5.0, "mode": "train", "epoch": 50}
{"loss": 0.05022207275032997, "acc": 0.9868963956832886, "length": 5.0, "mode": "test", "epoch": 50}
{"loss": 0.04588986933231354, "acc": 0.9873861074447632, "length": 5.0, "mode": "train", "epoch": 51}
{"loss": 0.05361287295818329, "acc": 0.985782265663147, "length": 5.0, "mode": "test", "epoch": 51}
{"loss": 0.046203531324863434, "acc": 0.9872878789901733, "length": 5.0, "mode": "train", "epoch": 52}
{"loss": 0.05372316390275955, "acc": 0.9856271147727966, "length": 5.0, "mode": "test", "epoch": 52}
{"loss": 0.043999265879392624, "acc": 0.9880089163780212, "length": 5.0, "mode": "train", "epoch": 53}
{"loss": 0.04968840256333351, "acc": 0.986984133720398, "length": 5.0, "mode": "test", "epoch": 53}
{"loss": 0.04353554919362068, "acc": 0.98817378282547, "length": 5.0, "mode": "train", "epoch": 54}
{"loss": 0.052307285368442535, "acc": 0.9862232208251953, "length": 5.0, "mode": "test", "epoch": 54}
{"loss": 0.04412269592285156, "acc": 0.9879558682441711, "length": 5.0, "mode": "train", "epoch": 55}
{"loss": 0.053385596722364426, "acc": 0.9856860637664795, "length": 5.0, "mode": "test", "epoch": 55}
{"loss": 0.042374465614557266, "acc": 0.9884916543960571, "length": 5.0, "mode": "train", "epoch": 56}
{"loss": 0.053670793771743774, "acc": 0.9853284955024719, "length": 5.0, "mode": "test", "epoch": 56}
{"loss": 0.04256582632660866, "acc": 0.9885015487670898, "length": 5.0, "mode": "train", "epoch": 57}
{"loss": 0.05087432265281677, "acc": 0.9869263768196106, "length": 5.0, "mode": "test", "epoch": 57}
{"loss": 0.043322499841451645, "acc": 0.9881770610809326, "length": 5.0, "mode": "train", "epoch": 58}
{"loss": 0.05023283138871193, "acc": 0.9868847131729126, "length": 5.0, "mode": "test", "epoch": 58}
{"loss": 0.04443790018558502, "acc": 0.9878936409950256, "length": 5.0, "mode": "train", "epoch": 59}
{"loss": 0.05387132614850998, "acc": 0.9864715933799744, "length": 5.0, "mode": "test", "epoch": 59}
{"loss": 0.045143596827983856, "acc": 0.9875595569610596, "length": 5.0, "mode": "train", "epoch": 60}
{"loss": 0.05297558382153511, "acc": 0.9857705235481262, "length": 5.0, "mode": "test", "epoch": 60}
test accuracy: 0.9809460043907166
