ndevices 0
# ["--attributes=4", "--values=8", "--game_size=10", "--vocab_size_factor=3", "--n_epochs=60", "--batch_size=128", "--learning_rate=0.0005", "--speaker_hidden_size=128", "--temp_update=0.97", "--temperature=2"]
data loaded from: data/dim(4,8).ds
vocab size 28
message length 4
{"loss": 0.43879133462905884, "acc": 0.7839205265045166, "length": 4.84819221496582, "mode": "train", "epoch": 1}
{"loss": 0.40066757798194885, "acc": 0.8069393038749695, "length": 5.0, "mode": "test", "epoch": 1}
{"loss": 0.3204785883426666, "acc": 0.8640051484107971, "length": 4.999381065368652, "mode": "train", "epoch": 2}
{"loss": 0.3475942313671112, "acc": 0.8361162543296814, "length": 5.0, "mode": "test", "epoch": 2}
{"loss": 0.2911040782928467, "acc": 0.8772313594818115, "length": 4.999851226806641, "mode": "train", "epoch": 3}
{"loss": 0.35002633929252625, "acc": 0.8347452282905579, "length": 5.0, "mode": "test", "epoch": 3}
{"loss": 0.2720649838447571, "acc": 0.8856343030929565, "length": 4.999949932098389, "mode": "train", "epoch": 4}
{"loss": 0.31513920426368713, "acc": 0.860975980758667, "length": 5.0, "mode": "test", "epoch": 4}
{"loss": 0.2586136758327484, "acc": 0.8911455273628235, "length": 4.999979019165039, "mode": "train", "epoch": 5}
{"loss": 0.2898479402065277, "acc": 0.8743043541908264, "length": 5.0, "mode": "test", "epoch": 5}
{"loss": 0.24546629190444946, "acc": 0.8977005481719971, "length": 4.999990940093994, "mode": "train", "epoch": 6}
{"loss": 0.2673755884170532, "acc": 0.884991466999054, "length": 5.0, "mode": "test", "epoch": 6}
{"loss": 0.23844638466835022, "acc": 0.9025503396987915, "length": 4.999995708465576, "mode": "train", "epoch": 7}
{"loss": 0.2704417109489441, "acc": 0.8859344124794006, "length": 5.0, "mode": "test", "epoch": 7}
{"loss": 0.22241279482841492, "acc": 0.9118077754974365, "length": 4.999996662139893, "mode": "train", "epoch": 8}
{"loss": 0.2356926053762436, "acc": 0.9073426127433777, "length": 5.0, "mode": "test", "epoch": 8}
{"loss": 0.2094033807516098, "acc": 0.9179823398590088, "length": 4.999999523162842, "mode": "train", "epoch": 9}
{"loss": 0.2268732339143753, "acc": 0.9123319983482361, "length": 5.0, "mode": "test", "epoch": 9}
{"loss": 0.20242397487163544, "acc": 0.9213884472846985, "length": 5.0, "mode": "train", "epoch": 10}
{"loss": 0.21370740234851837, "acc": 0.9189887046813965, "length": 5.0, "mode": "test", "epoch": 10}
{"loss": 0.19751223921775818, "acc": 0.923542857170105, "length": 5.0, "mode": "train", "epoch": 11}
{"loss": 0.20772479474544525, "acc": 0.9212211966514587, "length": 5.0, "mode": "test", "epoch": 11}
{"loss": 0.19201891124248505, "acc": 0.9260768294334412, "length": 5.0, "mode": "train", "epoch": 12}
{"loss": 0.2055230736732483, "acc": 0.9204259514808655, "length": 5.0, "mode": "test", "epoch": 12}
{"loss": 0.18899494409561157, "acc": 0.9276988506317139, "length": 5.0, "mode": "train", "epoch": 13}
{"loss": 0.19885164499282837, "acc": 0.9254773855209351, "length": 5.0, "mode": "test", "epoch": 13}
{"loss": 0.18418581783771515, "acc": 0.9300208687782288, "length": 5.0, "mode": "train", "epoch": 14}
{"loss": 0.19420580565929413, "acc": 0.9265496134757996, "length": 5.0, "mode": "test", "epoch": 14}
{"loss": 0.18089382350444794, "acc": 0.931908130645752, "length": 5.0, "mode": "train", "epoch": 15}
{"loss": 0.1858910322189331, "acc": 0.9322795867919922, "length": 5.0, "mode": "test", "epoch": 15}
{"loss": 0.17875875532627106, "acc": 0.9339410662651062, "length": 5.0, "mode": "train", "epoch": 16}
{"loss": 0.1899435967206955, "acc": 0.9308027029037476, "length": 5.0, "mode": "test", "epoch": 16}
{"loss": 0.16852805018424988, "acc": 0.938239336013794, "length": 5.0, "mode": "train", "epoch": 17}
{"loss": 0.18590326607227325, "acc": 0.931318461894989, "length": 5.0, "mode": "test", "epoch": 17}
{"loss": 0.16374485194683075, "acc": 0.940672755241394, "length": 5.0, "mode": "train", "epoch": 18}
{"loss": 0.16937072575092316, "acc": 0.9409193992614746, "length": 5.0, "mode": "test", "epoch": 18}
{"loss": 0.15877185761928558, "acc": 0.9434124827384949, "length": 5.0, "mode": "train", "epoch": 19}
{"loss": 0.16728699207305908, "acc": 0.9414811730384827, "length": 5.0, "mode": "test", "epoch": 19}
{"loss": 0.15576912462711334, "acc": 0.944932758808136, "length": 5.0, "mode": "train", "epoch": 20}
{"loss": 0.16755005717277527, "acc": 0.942414402961731, "length": 5.0, "mode": "test", "epoch": 20}
{"loss": 0.1516822874546051, "acc": 0.9466484189033508, "length": 5.0, "mode": "train", "epoch": 21}
{"loss": 0.15806376934051514, "acc": 0.9456655979156494, "length": 5.0, "mode": "test", "epoch": 21}
{"loss": 0.1555805653333664, "acc": 0.9453785419464111, "length": 5.0, "mode": "train", "epoch": 22}
{"loss": 0.1572803407907486, "acc": 0.9465934634208679, "length": 5.0, "mode": "test", "epoch": 22}
{"loss": 0.14874359965324402, "acc": 0.9485772848129272, "length": 5.0, "mode": "train", "epoch": 23}
{"loss": 0.15367524325847626, "acc": 0.9479901194572449, "length": 5.0, "mode": "test", "epoch": 23}
{"loss": 0.14383018016815186, "acc": 0.9506039619445801, "length": 5.0, "mode": "train", "epoch": 24}
{"loss": 0.15057098865509033, "acc": 0.9493942260742188, "length": 5.0, "mode": "test", "epoch": 24}
{"loss": 0.14096960425376892, "acc": 0.9515785574913025, "length": 5.0, "mode": "train", "epoch": 25}
{"loss": 0.1500319540500641, "acc": 0.950140118598938, "length": 5.0, "mode": "test", "epoch": 25}
{"loss": 0.14567376673221588, "acc": 0.9498491287231445, "length": 5.0, "mode": "train", "epoch": 26}
{"loss": 0.1519315391778946, "acc": 0.9488934278488159, "length": 5.0, "mode": "test", "epoch": 26}
{"loss": 0.1416986882686615, "acc": 0.9514397382736206, "length": 5.0, "mode": "train", "epoch": 27}
{"loss": 0.16718457639217377, "acc": 0.9423736929893494, "length": 5.0, "mode": "test", "epoch": 27}
{"loss": 0.14651912450790405, "acc": 0.949618935585022, "length": 5.0, "mode": "train", "epoch": 28}
{"loss": 0.14487424492835999, "acc": 0.951699435710907, "length": 5.0, "mode": "test", "epoch": 28}
{"loss": 0.14070294797420502, "acc": 0.9518775343894958, "length": 5.0, "mode": "train", "epoch": 29}
{"loss": 0.14389504492282867, "acc": 0.9523544311523438, "length": 5.0, "mode": "test", "epoch": 29}
{"loss": 0.13714499771595, "acc": 0.9532310366630554, "length": 5.0, "mode": "train", "epoch": 30}
{"loss": 0.1430949866771698, "acc": 0.9527943134307861, "length": 5.0, "mode": "test", "epoch": 30}
{"loss": 0.1377055048942566, "acc": 0.9531411528587341, "length": 5.0, "mode": "train", "epoch": 31}
{"loss": 0.14801348745822906, "acc": 0.9511502981185913, "length": 5.0, "mode": "test", "epoch": 31}
{"loss": 0.13928928971290588, "acc": 0.9524750709533691, "length": 5.0, "mode": "train", "epoch": 32}
{"loss": 0.14192461967468262, "acc": 0.9530555009841919, "length": 5.0, "mode": "test", "epoch": 32}
{"loss": 0.1385113000869751, "acc": 0.9527486562728882, "length": 5.0, "mode": "train", "epoch": 33}
{"loss": 0.14293457567691803, "acc": 0.9525920152664185, "length": 5.0, "mode": "test", "epoch": 33}
{"loss": 0.1360105276107788, "acc": 0.9537754058837891, "length": 5.0, "mode": "train", "epoch": 34}
{"loss": 0.1404629796743393, "acc": 0.9539029598236084, "length": 5.0, "mode": "test", "epoch": 34}
{"loss": 0.13462871313095093, "acc": 0.9541449546813965, "length": 5.0, "mode": "train", "epoch": 35}
{"loss": 0.13979990780353546, "acc": 0.9537114500999451, "length": 5.0, "mode": "test", "epoch": 35}
{"loss": 0.13658510148525238, "acc": 0.9534293413162231, "length": 5.0, "mode": "train", "epoch": 36}
{"loss": 0.13901370763778687, "acc": 0.9537092447280884, "length": 5.0, "mode": "test", "epoch": 36}
{"loss": 0.13834182918071747, "acc": 0.9528638124465942, "length": 5.0, "mode": "train", "epoch": 37}
{"loss": 0.14103710651397705, "acc": 0.9534801840782166, "length": 5.0, "mode": "test", "epoch": 37}
{"loss": 0.13507823646068573, "acc": 0.954037606716156, "length": 5.0, "mode": "train", "epoch": 38}
{"loss": 0.13700281083583832, "acc": 0.9546211957931519, "length": 5.0, "mode": "test", "epoch": 38}
{"loss": 0.1335703432559967, "acc": 0.9546000957489014, "length": 5.0, "mode": "train", "epoch": 39}
{"loss": 0.13895291090011597, "acc": 0.9545376896858215, "length": 5.0, "mode": "test", "epoch": 39}
{"loss": 0.14110501110553741, "acc": 0.9515642523765564, "length": 5.0, "mode": "train", "epoch": 40}
{"loss": 0.1895657330751419, "acc": 0.9320750832557678, "length": 5.0, "mode": "test", "epoch": 40}
{"loss": 0.1518184095621109, "acc": 0.9475389122962952, "length": 5.0, "mode": "train", "epoch": 41}
{"loss": 0.14355215430259705, "acc": 0.9520719051361084, "length": 5.0, "mode": "test", "epoch": 41}
{"loss": 0.13915707170963287, "acc": 0.9526291489601135, "length": 5.0, "mode": "train", "epoch": 42}
{"loss": 0.14428718388080597, "acc": 0.9524133801460266, "length": 5.0, "mode": "test", "epoch": 42}
{"loss": 0.13784049451351166, "acc": 0.9532537460327148, "length": 5.0, "mode": "train", "epoch": 43}
{"loss": 0.1473512053489685, "acc": 0.9500620365142822, "length": 5.0, "mode": "test", "epoch": 43}
{"loss": 0.14068058133125305, "acc": 0.952234148979187, "length": 5.0, "mode": "train", "epoch": 44}
{"loss": 0.1417013555765152, "acc": 0.9537028074264526, "length": 5.0, "mode": "test", "epoch": 44}
{"loss": 0.13672775030136108, "acc": 0.9537391662597656, "length": 5.0, "mode": "train", "epoch": 45}
{"loss": 0.13883818686008453, "acc": 0.9544242024421692, "length": 5.0, "mode": "test", "epoch": 45}
{"loss": 0.13626085221767426, "acc": 0.9537147283554077, "length": 5.0, "mode": "train", "epoch": 46}
{"loss": 0.1395769864320755, "acc": 0.9542904496192932, "length": 5.0, "mode": "test", "epoch": 46}
{"loss": 0.13922451436519623, "acc": 0.9526013731956482, "length": 5.0, "mode": "train", "epoch": 47}
{"loss": 0.15384145081043243, "acc": 0.949195146560669, "length": 5.0, "mode": "test", "epoch": 47}
{"loss": 0.14499340951442719, "acc": 0.9505479335784912, "length": 5.0, "mode": "train", "epoch": 48}
{"loss": 0.1458636075258255, "acc": 0.9524025917053223, "length": 5.0, "mode": "test", "epoch": 48}
{"loss": 0.13916093111038208, "acc": 0.952743411064148, "length": 5.0, "mode": "train", "epoch": 49}
{"loss": 0.14091995358467102, "acc": 0.9536012411117554, "length": 5.0, "mode": "test", "epoch": 49}
{"loss": 0.13538022339344025, "acc": 0.9540040493011475, "length": 5.0, "mode": "train", "epoch": 50}
{"loss": 0.14089946448802948, "acc": 0.9540667533874512, "length": 5.0, "mode": "test", "epoch": 50}
{"loss": 0.13684774935245514, "acc": 0.9538887739181519, "length": 5.0, "mode": "train", "epoch": 51}
{"loss": 0.13922218978405, "acc": 0.9543707966804504, "length": 5.0, "mode": "test", "epoch": 51}
{"loss": 0.13374990224838257, "acc": 0.9546547532081604, "length": 5.0, "mode": "train", "epoch": 52}
{"loss": 0.1364070177078247, "acc": 0.9549550414085388, "length": 5.0, "mode": "test", "epoch": 52}
{"loss": 0.13327212631702423, "acc": 0.9548908472061157, "length": 5.0, "mode": "train", "epoch": 53}
{"loss": 0.13716159760951996, "acc": 0.9549303650856018, "length": 5.0, "mode": "test", "epoch": 53}
{"loss": 0.13322632014751434, "acc": 0.9549493789672852, "length": 5.0, "mode": "train", "epoch": 54}
{"loss": 0.13739687204360962, "acc": 0.9547474384307861, "length": 5.0, "mode": "test", "epoch": 54}
{"loss": 0.1347581446170807, "acc": 0.9543300867080688, "length": 5.0, "mode": "train", "epoch": 55}
{"loss": 0.13768798112869263, "acc": 0.9547420144081116, "length": 5.0, "mode": "test", "epoch": 55}
{"loss": 0.13458251953125, "acc": 0.9542620182037354, "length": 5.0, "mode": "train", "epoch": 56}
{"loss": 0.13664302229881287, "acc": 0.9550352096557617, "length": 5.0, "mode": "test", "epoch": 56}
{"loss": 0.1319752186536789, "acc": 0.9550963044166565, "length": 5.0, "mode": "train", "epoch": 57}
{"loss": 0.1382068544626236, "acc": 0.9545109272003174, "length": 5.0, "mode": "test", "epoch": 57}
{"loss": 0.13270998001098633, "acc": 0.9548491835594177, "length": 5.0, "mode": "train", "epoch": 58}
{"loss": 0.13907191157341003, "acc": 0.954500138759613, "length": 5.0, "mode": "test", "epoch": 58}
{"loss": 0.1322130262851715, "acc": 0.9550378918647766, "length": 5.0, "mode": "train", "epoch": 59}
{"loss": 0.1349562406539917, "acc": 0.955636739730835, "length": 5.0, "mode": "test", "epoch": 59}
{"loss": 0.13065630197525024, "acc": 0.9554266333580017, "length": 5.0, "mode": "train", "epoch": 60}
{"loss": 0.13628323376178741, "acc": 0.9550256729125977, "length": 5.0, "mode": "test", "epoch": 60}
test accuracy: 0.9508276581764221
