ndevices 0
# ["--attributes=4", "--values=8", "--game_size=10", "--vocab_size_factor=3", "--n_epochs=60", "--batch_size=128", "--learning_rate=0.0005", "--speaker_hidden_size=128", "--temp_update=0.99", "--temperature=1"]
data loaded from: data/dim(4,8).ds
vocab size 28
message length 4
{"loss": 0.4294312596321106, "acc": 0.7925894856452942, "length": 4.803409099578857, "mode": "train", "epoch": 1}
{"loss": 0.3123014569282532, "acc": 0.8715720772743225, "length": 5.0, "mode": "test", "epoch": 1}
{"loss": 0.278198778629303, "acc": 0.889117419719696, "length": 4.999948501586914, "mode": "train", "epoch": 2}
{"loss": 0.26095354557037354, "acc": 0.8972228765487671, "length": 5.0, "mode": "test", "epoch": 2}
{"loss": 0.24139967560768127, "acc": 0.9073293209075928, "length": 4.9999895095825195, "mode": "train", "epoch": 3}
{"loss": 0.2318490892648697, "acc": 0.9127172231674194, "length": 5.0, "mode": "test", "epoch": 3}
{"loss": 0.21746136248111725, "acc": 0.9193403124809265, "length": 4.999996185302734, "mode": "train", "epoch": 4}
{"loss": 0.21396999061107635, "acc": 0.9226242303848267, "length": 5.0, "mode": "test", "epoch": 4}
{"loss": 0.20349182188510895, "acc": 0.9252575039863586, "length": 4.999997615814209, "mode": "train", "epoch": 5}
{"loss": 0.20727337896823883, "acc": 0.9235262870788574, "length": 5.0, "mode": "test", "epoch": 5}
{"loss": 0.19615507125854492, "acc": 0.9280733466148376, "length": 5.0, "mode": "train", "epoch": 6}
{"loss": 0.20059609413146973, "acc": 0.9288880228996277, "length": 5.0, "mode": "test", "epoch": 6}
{"loss": 0.1925686001777649, "acc": 0.9293566346168518, "length": 5.0, "mode": "train", "epoch": 7}
{"loss": 0.19029532372951508, "acc": 0.931580662727356, "length": 5.0, "mode": "test", "epoch": 7}
{"loss": 0.1916002780199051, "acc": 0.9289902448654175, "length": 4.999999523162842, "mode": "train", "epoch": 8}
{"loss": 0.1905246078968048, "acc": 0.9293535351753235, "length": 5.0, "mode": "test", "epoch": 8}
{"loss": 0.18052954971790314, "acc": 0.933671236038208, "length": 4.999999046325684, "mode": "train", "epoch": 9}
{"loss": 0.20971539616584778, "acc": 0.9247335195541382, "length": 5.0, "mode": "test", "epoch": 9}
{"loss": 0.17779061198234558, "acc": 0.9346452355384827, "length": 5.0, "mode": "train", "epoch": 10}
{"loss": 0.18010637164115906, "acc": 0.9345901012420654, "length": 5.0, "mode": "test", "epoch": 10}
{"loss": 0.17657935619354248, "acc": 0.9350012540817261, "length": 5.0, "mode": "train", "epoch": 11}
{"loss": 0.18601761758327484, "acc": 0.9312018156051636, "length": 5.0, "mode": "test", "epoch": 11}
{"loss": 0.17354419827461243, "acc": 0.9359908699989319, "length": 5.0, "mode": "train", "epoch": 12}
{"loss": 0.19489656388759613, "acc": 0.9296296238899231, "length": 5.0, "mode": "test", "epoch": 12}
{"loss": 0.1736498773097992, "acc": 0.9359402656555176, "length": 5.0, "mode": "train", "epoch": 13}
{"loss": 0.1732303649187088, "acc": 0.9372623562812805, "length": 5.0, "mode": "test", "epoch": 13}
{"loss": 0.1659071147441864, "acc": 0.938787043094635, "length": 5.0, "mode": "train", "epoch": 14}
{"loss": 0.17022232711315155, "acc": 0.938434362411499, "length": 5.0, "mode": "test", "epoch": 14}
{"loss": 0.16484397649765015, "acc": 0.9392998814582825, "length": 5.0, "mode": "train", "epoch": 15}
{"loss": 0.16810046136379242, "acc": 0.9391202926635742, "length": 5.0, "mode": "test", "epoch": 15}
{"loss": 0.16276021301746368, "acc": 0.9400729537010193, "length": 5.0, "mode": "train", "epoch": 16}
{"loss": 0.1642758995294571, "acc": 0.9410649538040161, "length": 5.0, "mode": "test", "epoch": 16}
{"loss": 0.16222558915615082, "acc": 0.9403638243675232, "length": 5.0, "mode": "train", "epoch": 17}
{"loss": 0.16246697306632996, "acc": 0.9414286613464355, "length": 5.0, "mode": "test", "epoch": 17}
{"loss": 0.16077959537506104, "acc": 0.9410013556480408, "length": 5.0, "mode": "train", "epoch": 18}
{"loss": 0.1638372540473938, "acc": 0.94085294008255, "length": 5.0, "mode": "test", "epoch": 18}
{"loss": 0.16294816136360168, "acc": 0.9403452277183533, "length": 5.0, "mode": "train", "epoch": 19}
{"loss": 0.17110386490821838, "acc": 0.9383518099784851, "length": 5.0, "mode": "test", "epoch": 19}
{"loss": 0.16110773384571075, "acc": 0.9406558871269226, "length": 5.0, "mode": "train", "epoch": 20}
{"loss": 0.16467402875423431, "acc": 0.9406003952026367, "length": 5.0, "mode": "test", "epoch": 20}
{"loss": 0.15909425914287567, "acc": 0.9415488839149475, "length": 5.0, "mode": "train", "epoch": 21}
{"loss": 0.16372767090797424, "acc": 0.9411739706993103, "length": 5.0, "mode": "test", "epoch": 21}
{"loss": 0.15788236260414124, "acc": 0.9419722557067871, "length": 5.0, "mode": "train", "epoch": 22}
{"loss": 0.16116757690906525, "acc": 0.9416149258613586, "length": 5.0, "mode": "test", "epoch": 22}
{"loss": 0.1563539206981659, "acc": 0.9425652027130127, "length": 5.0, "mode": "train", "epoch": 23}
{"loss": 0.15983571112155914, "acc": 0.9424614310264587, "length": 5.0, "mode": "test", "epoch": 23}
{"loss": 0.15443557500839233, "acc": 0.9433889389038086, "length": 5.0, "mode": "train", "epoch": 24}
{"loss": 0.16179561614990234, "acc": 0.9417251348495483, "length": 5.0, "mode": "test", "epoch": 24}
{"loss": 0.1574854850769043, "acc": 0.9421240091323853, "length": 5.0, "mode": "train", "epoch": 25}
{"loss": 0.16388703882694244, "acc": 0.9401841163635254, "length": 5.0, "mode": "test", "epoch": 25}
{"loss": 0.15436042845249176, "acc": 0.9436888694763184, "length": 5.0, "mode": "train", "epoch": 26}
{"loss": 0.15573732554912567, "acc": 0.9445472955703735, "length": 5.0, "mode": "test", "epoch": 26}
{"loss": 0.15209755301475525, "acc": 0.944557249546051, "length": 5.0, "mode": "train", "epoch": 27}
{"loss": 0.15711921453475952, "acc": 0.9445439577102661, "length": 5.0, "mode": "test", "epoch": 27}
{"loss": 0.15197575092315674, "acc": 0.9450269341468811, "length": 5.0, "mode": "train", "epoch": 28}
{"loss": 0.15391124784946442, "acc": 0.9454686641693115, "length": 5.0, "mode": "test", "epoch": 28}
{"loss": 0.16283062100410461, "acc": 0.9411298036575317, "length": 5.0, "mode": "train", "epoch": 29}
{"loss": 0.1640184372663498, "acc": 0.9429547786712646, "length": 5.0, "mode": "test", "epoch": 29}
{"loss": 0.15097272396087646, "acc": 0.9466509819030762, "length": 5.0, "mode": "train", "epoch": 30}
{"loss": 0.15370967984199524, "acc": 0.9457823634147644, "length": 5.0, "mode": "test", "epoch": 30}
{"loss": 0.14535605907440186, "acc": 0.948993980884552, "length": 5.0, "mode": "train", "epoch": 31}
{"loss": 0.1505536586046219, "acc": 0.9484075903892517, "length": 5.0, "mode": "test", "epoch": 31}
{"loss": 0.1458820104598999, "acc": 0.9493507146835327, "length": 5.0, "mode": "train", "epoch": 32}
{"loss": 0.15211515128612518, "acc": 0.9478489756584167, "length": 5.0, "mode": "test", "epoch": 32}
{"loss": 0.14328043162822723, "acc": 0.9505511522293091, "length": 5.0, "mode": "train", "epoch": 33}
{"loss": 0.15292766690254211, "acc": 0.9478489756584167, "length": 5.0, "mode": "test", "epoch": 33}
{"loss": 0.14287583529949188, "acc": 0.9508736729621887, "length": 5.0, "mode": "train", "epoch": 34}
{"loss": 0.15156221389770508, "acc": 0.9482609033584595, "length": 5.0, "mode": "test", "epoch": 34}
{"loss": 0.1385854035615921, "acc": 0.9527075290679932, "length": 5.0, "mode": "train", "epoch": 35}
{"loss": 0.14234372973442078, "acc": 0.9519915580749512, "length": 5.0, "mode": "test", "epoch": 35}
{"loss": 0.14018934965133667, "acc": 0.9519492387771606, "length": 5.0, "mode": "train", "epoch": 36}
{"loss": 0.14472539722919464, "acc": 0.950840175151825, "length": 5.0, "mode": "test", "epoch": 36}
{"loss": 0.1371990144252777, "acc": 0.9531817436218262, "length": 5.0, "mode": "train", "epoch": 37}
{"loss": 0.14045774936676025, "acc": 0.9527652859687805, "length": 5.0, "mode": "test", "epoch": 37}
{"loss": 0.1421535313129425, "acc": 0.9513731002807617, "length": 5.0, "mode": "train", "epoch": 38}
{"loss": 0.14628683030605316, "acc": 0.9511451125144958, "length": 5.0, "mode": "test", "epoch": 38}
{"loss": 0.13886377215385437, "acc": 0.9530397057533264, "length": 5.0, "mode": "train", "epoch": 39}
{"loss": 0.14067810773849487, "acc": 0.9534749984741211, "length": 5.0, "mode": "test", "epoch": 39}
{"loss": 0.1362156867980957, "acc": 0.9542427062988281, "length": 5.0, "mode": "train", "epoch": 40}
{"loss": 0.13749903440475464, "acc": 0.9541876912117004, "length": 5.0, "mode": "test", "epoch": 40}
{"loss": 0.135886088013649, "acc": 0.9543336629867554, "length": 5.0, "mode": "train", "epoch": 41}
{"loss": 0.14028134942054749, "acc": 0.9532748460769653, "length": 5.0, "mode": "test", "epoch": 41}
{"loss": 0.14052312076091766, "acc": 0.9527469873428345, "length": 5.0, "mode": "train", "epoch": 42}
{"loss": 0.14940887689590454, "acc": 0.9497013688087463, "length": 5.0, "mode": "test", "epoch": 42}
{"loss": 0.13847172260284424, "acc": 0.9534950256347656, "length": 5.0, "mode": "train", "epoch": 43}
{"loss": 0.13714541494846344, "acc": 0.954879105091095, "length": 5.0, "mode": "test", "epoch": 43}
{"loss": 0.13323891162872314, "acc": 0.955371081829071, "length": 5.0, "mode": "train", "epoch": 44}
{"loss": 0.13734570145606995, "acc": 0.955426037311554, "length": 5.0, "mode": "test", "epoch": 44}
{"loss": 0.13277104496955872, "acc": 0.9556421041488647, "length": 5.0, "mode": "train", "epoch": 45}
{"loss": 0.13357721269130707, "acc": 0.9560262560844421, "length": 5.0, "mode": "test", "epoch": 45}
{"loss": 0.1341862678527832, "acc": 0.9548718929290771, "length": 5.0, "mode": "train", "epoch": 46}
{"loss": 0.1450645625591278, "acc": 0.951397716999054, "length": 5.0, "mode": "test", "epoch": 46}
{"loss": 0.13158150017261505, "acc": 0.9558444619178772, "length": 5.0, "mode": "train", "epoch": 47}
{"loss": 0.13558636605739594, "acc": 0.9551091194152832, "length": 5.0, "mode": "test", "epoch": 47}
{"loss": 0.13676020503044128, "acc": 0.954133927822113, "length": 5.0, "mode": "train", "epoch": 48}
{"loss": 0.13737405836582184, "acc": 0.9552921652793884, "length": 5.0, "mode": "test", "epoch": 48}
{"loss": 0.1324273943901062, "acc": 0.9557092189788818, "length": 5.0, "mode": "train", "epoch": 49}
{"loss": 0.1386389583349228, "acc": 0.9543192982673645, "length": 5.0, "mode": "test", "epoch": 49}
{"loss": 0.1317882090806961, "acc": 0.9561864733695984, "length": 5.0, "mode": "train", "epoch": 50}
{"loss": 0.13305893540382385, "acc": 0.956084132194519, "length": 5.0, "mode": "test", "epoch": 50}
{"loss": 0.1286918669939041, "acc": 0.9570925831794739, "length": 5.0, "mode": "train", "epoch": 51}
{"loss": 0.1323881447315216, "acc": 0.9566555619239807, "length": 5.0, "mode": "test", "epoch": 51}
{"loss": 0.13165877759456635, "acc": 0.9562411308288574, "length": 5.0, "mode": "train", "epoch": 52}
{"loss": 0.13642415404319763, "acc": 0.9549527764320374, "length": 5.0, "mode": "test", "epoch": 52}
{"loss": 0.13099408149719238, "acc": 0.9564241766929626, "length": 5.0, "mode": "train", "epoch": 53}
{"loss": 0.13419218361377716, "acc": 0.9562081694602966, "length": 5.0, "mode": "test", "epoch": 53}
{"loss": 0.13258123397827148, "acc": 0.955998957157135, "length": 5.0, "mode": "train", "epoch": 54}
{"loss": 0.1379816085100174, "acc": 0.9549378156661987, "length": 5.0, "mode": "test", "epoch": 54}
{"loss": 0.13129611313343048, "acc": 0.9563050866127014, "length": 5.0, "mode": "train", "epoch": 55}
{"loss": 0.13793423771858215, "acc": 0.954194188117981, "length": 5.0, "mode": "test", "epoch": 55}
{"loss": 0.1333778351545334, "acc": 0.9554342031478882, "length": 5.0, "mode": "train", "epoch": 56}
{"loss": 0.13860443234443665, "acc": 0.9542049169540405, "length": 5.0, "mode": "test", "epoch": 56}
{"loss": 0.12994171679019928, "acc": 0.956841230392456, "length": 5.0, "mode": "train", "epoch": 57}
{"loss": 0.12924082577228546, "acc": 0.9576766490936279, "length": 5.0, "mode": "test", "epoch": 57}
{"loss": 0.12920016050338745, "acc": 0.9569738507270813, "length": 5.0, "mode": "train", "epoch": 58}
{"loss": 0.13229277729988098, "acc": 0.9564705491065979, "length": 5.0, "mode": "test", "epoch": 58}
{"loss": 0.13100390136241913, "acc": 0.9563091993331909, "length": 5.0, "mode": "train", "epoch": 59}
{"loss": 0.1339655965566635, "acc": 0.9557737708091736, "length": 5.0, "mode": "test", "epoch": 59}
{"loss": 0.1274261623620987, "acc": 0.957699179649353, "length": 5.0, "mode": "train", "epoch": 60}
{"loss": 0.12974034249782562, "acc": 0.9577354192733765, "length": 5.0, "mode": "test", "epoch": 60}
test accuracy: 0.9533038139343262
