ndevices 0
# ["--attributes=4", "--values=8", "--game_size=10", "--vocab_size_factor=3", "--n_epochs=60", "--batch_size=128", "--learning_rate=0.0005", "--speaker_hidden_size=128", "--temp_update=0.99", "--temperature=1.5"]
data loaded from: data/dim(4,8).ds
vocab size 28
message length 4
{"loss": 0.4552226960659027, "acc": 0.7753555774688721, "length": 4.901296615600586, "mode": "train", "epoch": 1}
{"loss": 0.36768779158592224, "acc": 0.8367679715156555, "length": 5.0, "mode": "test", "epoch": 1}
{"loss": 0.3147127032279968, "acc": 0.8668976426124573, "length": 4.999836444854736, "mode": "train", "epoch": 2}
{"loss": 0.30231425166130066, "acc": 0.8757362961769104, "length": 5.0, "mode": "test", "epoch": 2}
{"loss": 0.268235981464386, "acc": 0.8904849886894226, "length": 4.999959945678711, "mode": "train", "epoch": 3}
{"loss": 0.26866236329078674, "acc": 0.890097439289093, "length": 5.0, "mode": "test", "epoch": 3}
{"loss": 0.23623791337013245, "acc": 0.9058712124824524, "length": 4.9999871253967285, "mode": "train", "epoch": 4}
{"loss": 0.2439560741186142, "acc": 0.9028798341751099, "length": 5.0, "mode": "test", "epoch": 4}
{"loss": 0.21680858731269836, "acc": 0.9144001007080078, "length": 4.999992370605469, "mode": "train", "epoch": 5}
{"loss": 0.22677332162857056, "acc": 0.9105629324913025, "length": 5.0, "mode": "test", "epoch": 5}
{"loss": 0.20196208357810974, "acc": 0.920915961265564, "length": 4.999996185302734, "mode": "train", "epoch": 6}
{"loss": 0.21138420701026917, "acc": 0.9185734391212463, "length": 5.0, "mode": "test", "epoch": 6}
{"loss": 0.19237403571605682, "acc": 0.9252783060073853, "length": 4.999998569488525, "mode": "train", "epoch": 7}
{"loss": 0.2038390338420868, "acc": 0.9210081100463867, "length": 5.0, "mode": "test", "epoch": 7}
{"loss": 0.1843019425868988, "acc": 0.9284886717796326, "length": 5.0, "mode": "train", "epoch": 8}
{"loss": 0.19185394048690796, "acc": 0.9252867698669434, "length": 5.0, "mode": "test", "epoch": 8}
{"loss": 0.17871993780136108, "acc": 0.9303476214408875, "length": 5.0, "mode": "train", "epoch": 9}
{"loss": 0.1880018413066864, "acc": 0.9280576109886169, "length": 5.0, "mode": "test", "epoch": 9}
{"loss": 0.1739148646593094, "acc": 0.932032585144043, "length": 5.0, "mode": "train", "epoch": 10}
{"loss": 0.1839987337589264, "acc": 0.9285809397697449, "length": 5.0, "mode": "test", "epoch": 10}
{"loss": 0.17042098939418793, "acc": 0.9333403706550598, "length": 5.0, "mode": "train", "epoch": 11}
{"loss": 0.17860916256904602, "acc": 0.9313077926635742, "length": 5.0, "mode": "test", "epoch": 11}
{"loss": 0.16654446721076965, "acc": 0.9348687529563904, "length": 5.0, "mode": "train", "epoch": 12}
{"loss": 0.17849141359329224, "acc": 0.9311665296554565, "length": 5.0, "mode": "test", "epoch": 12}
{"loss": 0.1640935093164444, "acc": 0.9356863498687744, "length": 5.0, "mode": "train", "epoch": 13}
{"loss": 0.17221173644065857, "acc": 0.9339040517807007, "length": 5.0, "mode": "test", "epoch": 13}
{"loss": 0.1616152971982956, "acc": 0.9365180730819702, "length": 5.0, "mode": "train", "epoch": 14}
{"loss": 0.17353889346122742, "acc": 0.9317187070846558, "length": 5.0, "mode": "test", "epoch": 14}
{"loss": 0.16042712330818176, "acc": 0.9369237422943115, "length": 5.0, "mode": "train", "epoch": 15}
{"loss": 0.16711680591106415, "acc": 0.9348095059394836, "length": 5.0, "mode": "test", "epoch": 15}
{"loss": 0.1576920747756958, "acc": 0.9378202557563782, "length": 5.0, "mode": "train", "epoch": 16}
{"loss": 0.16543418169021606, "acc": 0.9358143210411072, "length": 5.0, "mode": "test", "epoch": 16}
{"loss": 0.15699957311153412, "acc": 0.9380703568458557, "length": 5.0, "mode": "train", "epoch": 17}
{"loss": 0.16588304936885834, "acc": 0.9354997277259827, "length": 5.0, "mode": "test", "epoch": 17}
{"loss": 0.15354333817958832, "acc": 0.9391295313835144, "length": 5.0, "mode": "train", "epoch": 18}
{"loss": 0.16810448467731476, "acc": 0.9355147480964661, "length": 5.0, "mode": "test", "epoch": 18}
{"loss": 0.15218061208724976, "acc": 0.9396396279335022, "length": 5.0, "mode": "train", "epoch": 19}
{"loss": 0.16282403469085693, "acc": 0.9363720417022705, "length": 5.0, "mode": "test", "epoch": 19}
{"loss": 0.15138481557369232, "acc": 0.9400633573532104, "length": 5.0, "mode": "train", "epoch": 20}
{"loss": 0.15719053149223328, "acc": 0.9391277432441711, "length": 5.0, "mode": "test", "epoch": 20}
{"loss": 0.14938980340957642, "acc": 0.9409227967262268, "length": 5.0, "mode": "train", "epoch": 21}
{"loss": 0.1569594293832779, "acc": 0.9395129680633545, "length": 5.0, "mode": "test", "epoch": 21}
{"loss": 0.14791135489940643, "acc": 0.9414932131767273, "length": 5.0, "mode": "train", "epoch": 22}
{"loss": 0.15691715478897095, "acc": 0.9377408623695374, "length": 5.0, "mode": "test", "epoch": 22}
{"loss": 0.14668916165828705, "acc": 0.9419244527816772, "length": 5.0, "mode": "train", "epoch": 23}
{"loss": 0.1534784883260727, "acc": 0.940843403339386, "length": 5.0, "mode": "test", "epoch": 23}
{"loss": 0.1460328847169876, "acc": 0.9420653581619263, "length": 5.0, "mode": "train", "epoch": 24}
{"loss": 0.15225529670715332, "acc": 0.9413933753967285, "length": 5.0, "mode": "test", "epoch": 24}
{"loss": 0.14424927532672882, "acc": 0.9428389072418213, "length": 5.0, "mode": "train", "epoch": 25}
{"loss": 0.15259051322937012, "acc": 0.9414640069007874, "length": 5.0, "mode": "test", "epoch": 25}
{"loss": 0.14399322867393494, "acc": 0.9432798027992249, "length": 5.0, "mode": "train", "epoch": 26}
{"loss": 0.15331895649433136, "acc": 0.9397912621498108, "length": 5.0, "mode": "test", "epoch": 26}
{"loss": 0.1422838568687439, "acc": 0.9440160393714905, "length": 5.0, "mode": "train", "epoch": 27}
{"loss": 0.15018883347511292, "acc": 0.9431635737419128, "length": 5.0, "mode": "test", "epoch": 27}
{"loss": 0.1405782550573349, "acc": 0.9450456500053406, "length": 5.0, "mode": "train", "epoch": 28}
{"loss": 0.14698049426078796, "acc": 0.943979024887085, "length": 5.0, "mode": "test", "epoch": 28}
{"loss": 0.13767780363559723, "acc": 0.9464532136917114, "length": 5.0, "mode": "train", "epoch": 29}
{"loss": 0.14637519419193268, "acc": 0.9447239637374878, "length": 5.0, "mode": "test", "epoch": 29}
{"loss": 0.13656054437160492, "acc": 0.947425127029419, "length": 5.0, "mode": "train", "epoch": 30}
{"loss": 0.14550185203552246, "acc": 0.9463741183280945, "length": 5.0, "mode": "test", "epoch": 30}
{"loss": 0.13318662345409393, "acc": 0.9494366645812988, "length": 5.0, "mode": "train", "epoch": 31}
{"loss": 0.13967174291610718, "acc": 0.9483700394630432, "length": 5.0, "mode": "test", "epoch": 31}
{"loss": 0.1316395401954651, "acc": 0.9504063129425049, "length": 5.0, "mode": "train", "epoch": 32}
{"loss": 0.14335402846336365, "acc": 0.9470943808555603, "length": 5.0, "mode": "test", "epoch": 32}
{"loss": 0.127263143658638, "acc": 0.9527121782302856, "length": 5.0, "mode": "train", "epoch": 33}
{"loss": 0.13360923528671265, "acc": 0.9511397480964661, "length": 5.0, "mode": "test", "epoch": 33}
{"loss": 0.12431244552135468, "acc": 0.9543440341949463, "length": 5.0, "mode": "train", "epoch": 34}
{"loss": 0.13304154574871063, "acc": 0.9519069790840149, "length": 5.0, "mode": "test", "epoch": 34}
{"loss": 0.12152063101530075, "acc": 0.9559101462364197, "length": 5.0, "mode": "train", "epoch": 35}
{"loss": 0.12950442731380463, "acc": 0.9540539979934692, "length": 5.0, "mode": "test", "epoch": 35}
{"loss": 0.1182340458035469, "acc": 0.9578139781951904, "length": 5.0, "mode": "train", "epoch": 36}
{"loss": 0.1290702521800995, "acc": 0.9551669955253601, "length": 5.0, "mode": "test", "epoch": 36}
{"loss": 0.1136312410235405, "acc": 0.9605690240859985, "length": 5.0, "mode": "train", "epoch": 37}
{"loss": 0.1262720227241516, "acc": 0.9563131332397461, "length": 5.0, "mode": "test", "epoch": 37}
{"loss": 0.11500857025384903, "acc": 0.9608381390571594, "length": 5.0, "mode": "train", "epoch": 38}
{"loss": 0.12901221215724945, "acc": 0.9554943442344666, "length": 5.0, "mode": "test", "epoch": 38}
{"loss": 0.10954945534467697, "acc": 0.9634647369384766, "length": 5.0, "mode": "train", "epoch": 39}
{"loss": 0.11631543189287186, "acc": 0.9615465402603149, "length": 5.0, "mode": "test", "epoch": 39}
{"loss": 0.10527244955301285, "acc": 0.9653761386871338, "length": 5.0, "mode": "train", "epoch": 40}
{"loss": 0.11586187779903412, "acc": 0.962449848651886, "length": 5.0, "mode": "test", "epoch": 40}
{"loss": 0.10203009843826294, "acc": 0.966951847076416, "length": 5.0, "mode": "train", "epoch": 41}
{"loss": 0.11397718638181686, "acc": 0.9634760022163391, "length": 5.0, "mode": "test", "epoch": 41}
{"loss": 0.10214008390903473, "acc": 0.9668801426887512, "length": 5.0, "mode": "train", "epoch": 42}
{"loss": 0.11223573982715607, "acc": 0.963904082775116, "length": 5.0, "mode": "test", "epoch": 42}
{"loss": 0.10301242768764496, "acc": 0.966701328754425, "length": 5.0, "mode": "train", "epoch": 43}
{"loss": 0.1106809675693512, "acc": 0.9647923111915588, "length": 5.0, "mode": "test", "epoch": 43}
{"loss": 0.09732063859701157, "acc": 0.9687100648880005, "length": 5.0, "mode": "train", "epoch": 44}
{"loss": 0.10877995193004608, "acc": 0.9656153917312622, "length": 5.0, "mode": "test", "epoch": 44}
{"loss": 0.09777532517910004, "acc": 0.9685764312744141, "length": 5.0, "mode": "train", "epoch": 45}
{"loss": 0.10378538072109222, "acc": 0.9675384759902954, "length": 5.0, "mode": "test", "epoch": 45}
{"loss": 0.0960497111082077, "acc": 0.9692164063453674, "length": 5.0, "mode": "train", "epoch": 46}
{"loss": 0.1057027131319046, "acc": 0.9667186737060547, "length": 5.0, "mode": "test", "epoch": 46}
{"loss": 0.09458520263433456, "acc": 0.9696583151817322, "length": 5.0, "mode": "train", "epoch": 47}
{"loss": 0.10154867172241211, "acc": 0.9683070182800293, "length": 5.0, "mode": "test", "epoch": 47}
{"loss": 0.09368650615215302, "acc": 0.9699937701225281, "length": 5.0, "mode": "train", "epoch": 48}
{"loss": 0.10278206318616867, "acc": 0.9679344892501831, "length": 5.0, "mode": "test", "epoch": 48}
{"loss": 0.09273749589920044, "acc": 0.9703537821769714, "length": 5.0, "mode": "train", "epoch": 49}
{"loss": 0.10078995674848557, "acc": 0.9685830473899841, "length": 5.0, "mode": "test", "epoch": 49}
{"loss": 0.09276062250137329, "acc": 0.9702954292297363, "length": 5.0, "mode": "train", "epoch": 50}
{"loss": 0.10385497659444809, "acc": 0.9669285416603088, "length": 5.0, "mode": "test", "epoch": 50}
{"loss": 0.09236886352300644, "acc": 0.9704335927963257, "length": 5.0, "mode": "train", "epoch": 51}
{"loss": 0.09952747076749802, "acc": 0.9687254428863525, "length": 5.0, "mode": "test", "epoch": 51}
{"loss": 0.0910317599773407, "acc": 0.9710646867752075, "length": 5.0, "mode": "train", "epoch": 52}
{"loss": 0.09622734785079956, "acc": 0.96989506483078, "length": 5.0, "mode": "test", "epoch": 52}
{"loss": 0.09009253233671188, "acc": 0.9712615609169006, "length": 5.0, "mode": "train", "epoch": 53}
{"loss": 0.09847737848758698, "acc": 0.96943598985672, "length": 5.0, "mode": "test", "epoch": 53}
{"loss": 0.09101028740406036, "acc": 0.9710521697998047, "length": 5.0, "mode": "train", "epoch": 54}
{"loss": 0.1043754294514656, "acc": 0.9673063158988953, "length": 5.0, "mode": "test", "epoch": 54}
{"loss": 0.09098806232213974, "acc": 0.9708848595619202, "length": 5.0, "mode": "train", "epoch": 55}
{"loss": 0.09870228916406631, "acc": 0.9691984057426453, "length": 5.0, "mode": "test", "epoch": 55}
{"loss": 0.08976538479328156, "acc": 0.971372127532959, "length": 5.0, "mode": "train", "epoch": 56}
{"loss": 0.10043308138847351, "acc": 0.9686771631240845, "length": 5.0, "mode": "test", "epoch": 56}
{"loss": 0.09033588320016861, "acc": 0.9711117148399353, "length": 5.0, "mode": "train", "epoch": 57}
{"loss": 0.10010585188865662, "acc": 0.9689919948577881, "length": 5.0, "mode": "test", "epoch": 57}
{"loss": 0.08866113424301147, "acc": 0.9717535376548767, "length": 5.0, "mode": "train", "epoch": 58}
{"loss": 0.09352514892816544, "acc": 0.9710317254066467, "length": 5.0, "mode": "test", "epoch": 58}
{"loss": 0.09654638916254044, "acc": 0.9689484238624573, "length": 5.0, "mode": "train", "epoch": 59}
{"loss": 0.11004410684108734, "acc": 0.9648030400276184, "length": 5.0, "mode": "test", "epoch": 59}
{"loss": 0.0938946008682251, "acc": 0.9698385000228882, "length": 5.0, "mode": "train", "epoch": 60}
{"loss": 0.09666027873754501, "acc": 0.9698994755744934, "length": 5.0, "mode": "test", "epoch": 60}
test accuracy: 0.9668846726417542
