ndevices 0
# ["--attributes=4", "--values=8", "--game_size=10", "--vocab_size_factor=3", "--n_epochs=60", "--batch_size=128", "--learning_rate=0.0005", "--speaker_hidden_size=128", "--temp_update=0.99", "--temperature=2"]
data loaded from: data/dim(4,8).ds
vocab size 28
message length 4
{"loss": 0.4324355125427246, "acc": 0.7941891551017761, "length": 4.830191612243652, "mode": "train", "epoch": 1}
{"loss": 0.40124791860580444, "acc": 0.8134674429893494, "length": 5.0, "mode": "test", "epoch": 1}
{"loss": 0.31072065234184265, "acc": 0.8714891076087952, "length": 4.9982733726501465, "mode": "train", "epoch": 2}
{"loss": 0.34170860052108765, "acc": 0.8535028100013733, "length": 5.0, "mode": "test", "epoch": 2}
{"loss": 0.2690308690071106, "acc": 0.8954647183418274, "length": 4.999371528625488, "mode": "train", "epoch": 3}
{"loss": 0.3005305528640747, "acc": 0.876017689704895, "length": 5.0, "mode": "test", "epoch": 3}
{"loss": 0.24239951372146606, "acc": 0.9076624512672424, "length": 4.999651908874512, "mode": "train", "epoch": 4}
{"loss": 0.2639588415622711, "acc": 0.8979421257972717, "length": 5.0, "mode": "test", "epoch": 4}
{"loss": 0.2234671711921692, "acc": 0.9154891967773438, "length": 4.999814510345459, "mode": "train", "epoch": 5}
{"loss": 0.24765340983867645, "acc": 0.9006496667861938, "length": 5.0, "mode": "test", "epoch": 5}
{"loss": 0.20966514945030212, "acc": 0.9207178354263306, "length": 4.999915599822998, "mode": "train", "epoch": 6}
{"loss": 0.2326401174068451, "acc": 0.9078574776649475, "length": 5.0, "mode": "test", "epoch": 6}
{"loss": 0.19780200719833374, "acc": 0.9253237247467041, "length": 4.999962329864502, "mode": "train", "epoch": 7}
{"loss": 0.22561489045619965, "acc": 0.9123470187187195, "length": 5.0, "mode": "test", "epoch": 7}
{"loss": 0.1901760697364807, "acc": 0.9290052056312561, "length": 4.999981880187988, "mode": "train", "epoch": 8}
{"loss": 0.2134476900100708, "acc": 0.9183958172798157, "length": 5.0, "mode": "test", "epoch": 8}
{"loss": 0.18248619139194489, "acc": 0.9319106936454773, "length": 4.999990463256836, "mode": "train", "epoch": 9}
{"loss": 0.2102554738521576, "acc": 0.9176369905471802, "length": 5.0, "mode": "test", "epoch": 9}
{"loss": 0.17648017406463623, "acc": 0.9352018237113953, "length": 4.99999475479126, "mode": "train", "epoch": 10}
{"loss": 0.20649713277816772, "acc": 0.92206871509552, "length": 5.0, "mode": "test", "epoch": 10}
{"loss": 0.1703207939863205, "acc": 0.9385731220245361, "length": 4.999997138977051, "mode": "train", "epoch": 11}
{"loss": 0.18902669847011566, "acc": 0.9304537773132324, "length": 5.0, "mode": "test", "epoch": 11}
{"loss": 0.16558456420898438, "acc": 0.9411901235580444, "length": 4.999999523162842, "mode": "train", "epoch": 12}
{"loss": 0.19242559373378754, "acc": 0.9301177263259888, "length": 5.0, "mode": "test", "epoch": 12}
{"loss": 0.15971578657627106, "acc": 0.9435926079750061, "length": 5.0, "mode": "train", "epoch": 13}
{"loss": 0.1875864565372467, "acc": 0.9316449165344238, "length": 5.0, "mode": "test", "epoch": 13}
{"loss": 0.15715494751930237, "acc": 0.9448326230049133, "length": 5.0, "mode": "train", "epoch": 14}
{"loss": 0.18786682188510895, "acc": 0.9294145107269287, "length": 5.0, "mode": "test", "epoch": 14}
{"loss": 0.15470020473003387, "acc": 0.9459409713745117, "length": 5.0, "mode": "train", "epoch": 15}
{"loss": 0.171859011054039, "acc": 0.9391523599624634, "length": 5.0, "mode": "test", "epoch": 15}
{"loss": 0.15044507384300232, "acc": 0.9476218819618225, "length": 5.0, "mode": "train", "epoch": 16}
{"loss": 0.17888383567333221, "acc": 0.9340753555297852, "length": 5.0, "mode": "test", "epoch": 16}
{"loss": 0.14792536199092865, "acc": 0.9486657977104187, "length": 5.0, "mode": "train", "epoch": 17}
{"loss": 0.1719922423362732, "acc": 0.9386418461799622, "length": 5.0, "mode": "test", "epoch": 17}
{"loss": 0.14488640427589417, "acc": 0.9498715400695801, "length": 5.0, "mode": "train", "epoch": 18}
{"loss": 0.17534254491329193, "acc": 0.9355790019035339, "length": 5.0, "mode": "test", "epoch": 18}
{"loss": 0.14481371641159058, "acc": 0.9499478936195374, "length": 5.0, "mode": "train", "epoch": 19}
{"loss": 0.16652901470661163, "acc": 0.9407629370689392, "length": 5.0, "mode": "test", "epoch": 19}
{"loss": 0.14080342650413513, "acc": 0.951195478439331, "length": 5.0, "mode": "train", "epoch": 20}
{"loss": 0.15878815948963165, "acc": 0.9435316324234009, "length": 5.0, "mode": "test", "epoch": 20}
{"loss": 0.14582639932632446, "acc": 0.9496878385543823, "length": 5.0, "mode": "train", "epoch": 21}
{"loss": 0.18805833160877228, "acc": 0.9344552755355835, "length": 5.0, "mode": "test", "epoch": 21}
{"loss": 0.141951322555542, "acc": 0.9513880014419556, "length": 5.0, "mode": "train", "epoch": 22}
{"loss": 0.16755563020706177, "acc": 0.9406036138534546, "length": 5.0, "mode": "test", "epoch": 22}
{"loss": 0.14041385054588318, "acc": 0.951617419719696, "length": 5.0, "mode": "train", "epoch": 23}
{"loss": 0.17368952929973602, "acc": 0.9379623532295227, "length": 5.0, "mode": "test", "epoch": 23}
{"loss": 0.13461697101593018, "acc": 0.9542866349220276, "length": 5.0, "mode": "train", "epoch": 24}
{"loss": 0.15671221911907196, "acc": 0.9445813894271851, "length": 5.0, "mode": "test", "epoch": 24}
{"loss": 0.13177715241909027, "acc": 0.9553642272949219, "length": 5.0, "mode": "train", "epoch": 25}
{"loss": 0.15743505954742432, "acc": 0.9443321824073792, "length": 5.0, "mode": "test", "epoch": 25}
{"loss": 0.1257535070180893, "acc": 0.9576875567436218, "length": 5.0, "mode": "train", "epoch": 26}
{"loss": 0.14815270900726318, "acc": 0.9495387077331543, "length": 5.0, "mode": "test", "epoch": 26}
{"loss": 0.12350830435752869, "acc": 0.9586551189422607, "length": 5.0, "mode": "train", "epoch": 27}
{"loss": 0.15266816318035126, "acc": 0.9477258324623108, "length": 5.0, "mode": "test", "epoch": 27}
{"loss": 0.12276805192232132, "acc": 0.9589383602142334, "length": 5.0, "mode": "train", "epoch": 28}
{"loss": 0.14095324277877808, "acc": 0.9525524377822876, "length": 5.0, "mode": "test", "epoch": 28}
{"loss": 0.12100183218717575, "acc": 0.9596207737922668, "length": 5.0, "mode": "train", "epoch": 29}
{"loss": 0.1355329006910324, "acc": 0.954920768737793, "length": 5.0, "mode": "test", "epoch": 29}
{"loss": 0.1187238022685051, "acc": 0.9602847099304199, "length": 5.0, "mode": "train", "epoch": 30}
{"loss": 0.13678118586540222, "acc": 0.9542315602302551, "length": 5.0, "mode": "test", "epoch": 30}
{"loss": 0.1221841499209404, "acc": 0.9590114951133728, "length": 5.0, "mode": "train", "epoch": 31}
{"loss": 0.13940773904323578, "acc": 0.9524089694023132, "length": 5.0, "mode": "test", "epoch": 31}
{"loss": 0.11755575984716415, "acc": 0.9606839418411255, "length": 5.0, "mode": "train", "epoch": 32}
{"loss": 0.135100319981575, "acc": 0.9547507166862488, "length": 5.0, "mode": "test", "epoch": 32}
{"loss": 0.11600808054208755, "acc": 0.96132493019104, "length": 5.0, "mode": "train", "epoch": 33}
{"loss": 0.13262073695659637, "acc": 0.9564169049263, "length": 5.0, "mode": "test", "epoch": 33}
{"loss": 0.11532041430473328, "acc": 0.9616920351982117, "length": 5.0, "mode": "train", "epoch": 34}
{"loss": 0.1377369463443756, "acc": 0.9544596076011658, "length": 5.0, "mode": "test", "epoch": 34}
{"loss": 0.12482685595750809, "acc": 0.9580661654472351, "length": 5.0, "mode": "train", "epoch": 35}
{"loss": 0.13173943758010864, "acc": 0.9562757611274719, "length": 5.0, "mode": "test", "epoch": 35}
{"loss": 0.11134500801563263, "acc": 0.9630418419837952, "length": 5.0, "mode": "train", "epoch": 36}
{"loss": 0.12954969704151154, "acc": 0.9566609263420105, "length": 5.0, "mode": "test", "epoch": 36}
{"loss": 0.11116380989551544, "acc": 0.9631528854370117, "length": 5.0, "mode": "train", "epoch": 37}
{"loss": 0.13019894063472748, "acc": 0.9558454155921936, "length": 5.0, "mode": "test", "epoch": 37}
{"loss": 0.11204395443201065, "acc": 0.9626720547676086, "length": 5.0, "mode": "train", "epoch": 38}
{"loss": 0.12539918720722198, "acc": 0.9588710069656372, "length": 5.0, "mode": "test", "epoch": 38}
{"loss": 0.1158086508512497, "acc": 0.9615861773490906, "length": 5.0, "mode": "train", "epoch": 39}
{"loss": 0.13086894154548645, "acc": 0.9566598534584045, "length": 5.0, "mode": "test", "epoch": 39}
{"loss": 0.1098920926451683, "acc": 0.9635899066925049, "length": 5.0, "mode": "train", "epoch": 40}
{"loss": 0.13038001954555511, "acc": 0.9569680690765381, "length": 5.0, "mode": "test", "epoch": 40}
{"loss": 0.10917648673057556, "acc": 0.9639070630073547, "length": 5.0, "mode": "train", "epoch": 41}
{"loss": 0.12335183471441269, "acc": 0.9598040580749512, "length": 5.0, "mode": "test", "epoch": 41}
{"loss": 0.10576961934566498, "acc": 0.9651474952697754, "length": 5.0, "mode": "train", "epoch": 42}
{"loss": 0.11993792653083801, "acc": 0.9613548517227173, "length": 5.0, "mode": "test", "epoch": 42}
{"loss": 0.10560336709022522, "acc": 0.9652630090713501, "length": 5.0, "mode": "train", "epoch": 43}
{"loss": 0.12308348715305328, "acc": 0.9597838521003723, "length": 5.0, "mode": "test", "epoch": 43}
{"loss": 0.10756243765354156, "acc": 0.9647014737129211, "length": 5.0, "mode": "train", "epoch": 44}
{"loss": 0.12289843708276749, "acc": 0.9593353867530823, "length": 5.0, "mode": "test", "epoch": 44}
{"loss": 0.10598866641521454, "acc": 0.9653998017311096, "length": 5.0, "mode": "train", "epoch": 45}
{"loss": 0.13420285284519196, "acc": 0.9569660425186157, "length": 5.0, "mode": "test", "epoch": 45}
{"loss": 0.10998043417930603, "acc": 0.9641796350479126, "length": 5.0, "mode": "train", "epoch": 46}
{"loss": 0.12406021356582642, "acc": 0.959572970867157, "length": 5.0, "mode": "test", "epoch": 46}
{"loss": 0.10467268526554108, "acc": 0.9658135175704956, "length": 5.0, "mode": "train", "epoch": 47}
{"loss": 0.12458441406488419, "acc": 0.9589031338691711, "length": 5.0, "mode": "test", "epoch": 47}
{"loss": 0.10290738940238953, "acc": 0.966537356376648, "length": 5.0, "mode": "train", "epoch": 48}
{"loss": 0.11646582186222076, "acc": 0.9629612565040588, "length": 5.0, "mode": "test", "epoch": 48}
{"loss": 0.10171516239643097, "acc": 0.966944694519043, "length": 5.0, "mode": "train", "epoch": 49}
{"loss": 0.11620838940143585, "acc": 0.9626167416572571, "length": 5.0, "mode": "test", "epoch": 49}
{"loss": 0.10177720338106155, "acc": 0.9670670628547668, "length": 5.0, "mode": "train", "epoch": 50}
{"loss": 0.1186579018831253, "acc": 0.961597740650177, "length": 5.0, "mode": "test", "epoch": 50}
{"loss": 0.1044924184679985, "acc": 0.9661797881126404, "length": 5.0, "mode": "train", "epoch": 51}
{"loss": 0.11634694784879684, "acc": 0.9631795883178711, "length": 5.0, "mode": "test", "epoch": 51}
{"loss": 0.10031992942094803, "acc": 0.9675746560096741, "length": 5.0, "mode": "train", "epoch": 52}
{"loss": 0.1139989122748375, "acc": 0.9636846780776978, "length": 5.0, "mode": "test", "epoch": 52}
{"loss": 0.10342815518379211, "acc": 0.9662612080574036, "length": 5.0, "mode": "train", "epoch": 53}
{"loss": 0.11810845881700516, "acc": 0.9623297452926636, "length": 5.0, "mode": "test", "epoch": 53}
{"loss": 0.09992776811122894, "acc": 0.9676571488380432, "length": 5.0, "mode": "train", "epoch": 54}
{"loss": 0.11475536227226257, "acc": 0.9636141061782837, "length": 5.0, "mode": "test", "epoch": 54}
{"loss": 0.10151756554841995, "acc": 0.9671040773391724, "length": 5.0, "mode": "train", "epoch": 55}
{"loss": 0.11728411167860031, "acc": 0.9626925587654114, "length": 5.0, "mode": "test", "epoch": 55}
{"loss": 0.09843112528324127, "acc": 0.9682696461677551, "length": 5.0, "mode": "train", "epoch": 56}
{"loss": 0.11383157968521118, "acc": 0.9633527994155884, "length": 5.0, "mode": "test", "epoch": 56}
{"loss": 0.09700444340705872, "acc": 0.9687985777854919, "length": 5.0, "mode": "train", "epoch": 57}
{"loss": 0.10939353704452515, "acc": 0.9657169580459595, "length": 5.0, "mode": "test", "epoch": 57}
{"loss": 0.09746478497982025, "acc": 0.9686890244483948, "length": 5.0, "mode": "train", "epoch": 58}
{"loss": 0.11499761044979095, "acc": 0.9634086489677429, "length": 5.0, "mode": "test", "epoch": 58}
{"loss": 0.10283053666353226, "acc": 0.9668765664100647, "length": 5.0, "mode": "train", "epoch": 59}
{"loss": 0.11298046261072159, "acc": 0.9646425247192383, "length": 5.0, "mode": "test", "epoch": 59}
{"loss": 0.09799201041460037, "acc": 0.9684413075447083, "length": 5.0, "mode": "train", "epoch": 60}
{"loss": 0.12161391973495483, "acc": 0.9599721431732178, "length": 5.0, "mode": "test", "epoch": 60}
test accuracy: 0.9538049101829529
