ndevices 0
# ["--attributes=4", "--values=8", "--game_size=10", "--vocab_size_factor=3", "--n_epochs=60", "--batch_size=128", "--learning_rate=0.0005", "--speaker_hidden_size=256", "--temp_update=0.97", "--temperature=1"]
data loaded from: data/dim(4,8).ds
vocab size 28
message length 4
{"loss": 0.44534915685653687, "acc": 0.7835819721221924, "length": 4.859046936035156, "mode": "train", "epoch": 1}
{"loss": 0.3476121723651886, "acc": 0.8540219068527222, "length": 5.0, "mode": "test", "epoch": 1}
{"loss": 0.3008490204811096, "acc": 0.8766801357269287, "length": 4.9996747970581055, "mode": "train", "epoch": 2}
{"loss": 0.27539607882499695, "acc": 0.8891170024871826, "length": 5.0, "mode": "test", "epoch": 2}
{"loss": 0.25259914994239807, "acc": 0.9010806679725647, "length": 4.99993896484375, "mode": "train", "epoch": 3}
{"loss": 0.24387648701667786, "acc": 0.9062049984931946, "length": 5.0, "mode": "test", "epoch": 3}
{"loss": 0.22886261343955994, "acc": 0.9132499694824219, "length": 4.9999775886535645, "mode": "train", "epoch": 4}
{"loss": 0.22163265943527222, "acc": 0.9174432754516602, "length": 5.0, "mode": "test", "epoch": 4}
{"loss": 0.21529415249824524, "acc": 0.919379472732544, "length": 4.9999871253967285, "mode": "train", "epoch": 5}
{"loss": 0.2145717293024063, "acc": 0.9213034510612488, "length": 5.0, "mode": "test", "epoch": 5}
{"loss": 0.20210666954517365, "acc": 0.9250544905662537, "length": 4.9999895095825195, "mode": "train", "epoch": 6}
{"loss": 0.20153813064098358, "acc": 0.9261707663536072, "length": 5.0, "mode": "test", "epoch": 6}
{"loss": 0.1954338550567627, "acc": 0.9283596873283386, "length": 4.999993324279785, "mode": "train", "epoch": 7}
{"loss": 0.19184942543506622, "acc": 0.9314234256744385, "length": 5.0, "mode": "test", "epoch": 7}
{"loss": 0.18769268691539764, "acc": 0.9327314496040344, "length": 4.999997138977051, "mode": "train", "epoch": 8}
{"loss": 0.18725433945655823, "acc": 0.9348137974739075, "length": 5.0, "mode": "test", "epoch": 8}
{"loss": 0.18146133422851562, "acc": 0.9359678030014038, "length": 4.999997615814209, "mode": "train", "epoch": 9}
{"loss": 0.18130847811698914, "acc": 0.9368234872817993, "length": 5.0, "mode": "test", "epoch": 9}
{"loss": 0.1782536506652832, "acc": 0.9374451637268066, "length": 4.999998569488525, "mode": "train", "epoch": 10}
{"loss": 0.19240695238113403, "acc": 0.9322227835655212, "length": 5.0, "mode": "test", "epoch": 10}
{"loss": 0.17534025013446808, "acc": 0.9392154812812805, "length": 4.999996662139893, "mode": "train", "epoch": 11}
{"loss": 0.1679908186197281, "acc": 0.9428809881210327, "length": 5.0, "mode": "test", "epoch": 11}
{"loss": 0.16539698839187622, "acc": 0.9437003135681152, "length": 4.999999523162842, "mode": "train", "epoch": 12}
{"loss": 0.17762859165668488, "acc": 0.938753068447113, "length": 5.0, "mode": "test", "epoch": 12}
{"loss": 0.16143368184566498, "acc": 0.9454939365386963, "length": 4.999999523162842, "mode": "train", "epoch": 13}
{"loss": 0.1629655659198761, "acc": 0.9443899393081665, "length": 5.0, "mode": "test", "epoch": 13}
{"loss": 0.16925173997879028, "acc": 0.9421988129615784, "length": 5.0, "mode": "train", "epoch": 14}
{"loss": 0.16287605464458466, "acc": 0.9454119801521301, "length": 5.0, "mode": "test", "epoch": 14}
{"loss": 0.1534716784954071, "acc": 0.9491422176361084, "length": 5.0, "mode": "train", "epoch": 15}
{"loss": 0.1624896228313446, "acc": 0.9443342685699463, "length": 5.0, "mode": "test", "epoch": 15}
{"loss": 0.1580757349729538, "acc": 0.9475109577178955, "length": 5.0, "mode": "train", "epoch": 16}
{"loss": 0.16229069232940674, "acc": 0.9467455744743347, "length": 5.0, "mode": "test", "epoch": 16}
{"loss": 0.1640370488166809, "acc": 0.9442694187164307, "length": 5.0, "mode": "train", "epoch": 17}
{"loss": 0.1719527393579483, "acc": 0.9406570792198181, "length": 5.0, "mode": "test", "epoch": 17}
{"loss": 0.15825404226779938, "acc": 0.9471567869186401, "length": 4.99999475479126, "mode": "train", "epoch": 18}
{"loss": 0.15215298533439636, "acc": 0.9507533311843872, "length": 5.0, "mode": "test", "epoch": 18}
{"loss": 0.15074382722377777, "acc": 0.9503895044326782, "length": 5.0, "mode": "train", "epoch": 19}
{"loss": 0.1528075784444809, "acc": 0.9504954814910889, "length": 5.0, "mode": "test", "epoch": 19}
{"loss": 0.15147940814495087, "acc": 0.9500885009765625, "length": 5.0, "mode": "train", "epoch": 20}
{"loss": 0.15885306894779205, "acc": 0.9481923580169678, "length": 5.0, "mode": "test", "epoch": 20}
{"loss": 0.15738503634929657, "acc": 0.9479355812072754, "length": 5.0, "mode": "train", "epoch": 21}
{"loss": 0.15114890038967133, "acc": 0.9512616991996765, "length": 5.0, "mode": "test", "epoch": 21}
{"loss": 0.15629541873931885, "acc": 0.948290228843689, "length": 4.999999523162842, "mode": "train", "epoch": 22}
{"loss": 0.15733668208122253, "acc": 0.9492829442024231, "length": 5.0, "mode": "test", "epoch": 22}
{"loss": 0.15134121477603912, "acc": 0.9505233764648438, "length": 5.0, "mode": "train", "epoch": 23}
{"loss": 0.15224699676036835, "acc": 0.9505351185798645, "length": 5.0, "mode": "test", "epoch": 23}
{"loss": 0.15076994895935059, "acc": 0.9503751993179321, "length": 5.0, "mode": "train", "epoch": 24}
{"loss": 0.15368421375751495, "acc": 0.9501605033874512, "length": 5.0, "mode": "test", "epoch": 24}
{"loss": 0.15235283970832825, "acc": 0.9497970938682556, "length": 5.0, "mode": "train", "epoch": 25}
{"loss": 0.15375131368637085, "acc": 0.9494134187698364, "length": 5.0, "mode": "test", "epoch": 25}
{"loss": 0.15265382826328278, "acc": 0.9495447874069214, "length": 5.0, "mode": "train", "epoch": 26}
{"loss": 0.15760943293571472, "acc": 0.9486237168312073, "length": 5.0, "mode": "test", "epoch": 26}
{"loss": 0.15645313262939453, "acc": 0.9477996826171875, "length": 5.0, "mode": "train", "epoch": 27}
{"loss": 0.1596025824546814, "acc": 0.947259247303009, "length": 5.0, "mode": "test", "epoch": 27}
{"loss": 0.15037640929222107, "acc": 0.9503987431526184, "length": 5.0, "mode": "train", "epoch": 28}
{"loss": 0.15096984803676605, "acc": 0.9511740207672119, "length": 5.0, "mode": "test", "epoch": 28}
{"loss": 0.1485661119222641, "acc": 0.9509656429290771, "length": 5.0, "mode": "train", "epoch": 29}
{"loss": 0.15009112656116486, "acc": 0.9513120651245117, "length": 5.0, "mode": "test", "epoch": 29}
{"loss": 0.15208281576633453, "acc": 0.9490035772323608, "length": 5.0, "mode": "train", "epoch": 30}
{"loss": 0.14609241485595703, "acc": 0.9526166319847107, "length": 5.0, "mode": "test", "epoch": 30}
{"loss": 0.14941377937793732, "acc": 0.9510405659675598, "length": 5.0, "mode": "train", "epoch": 31}
{"loss": 0.14716437458992004, "acc": 0.9529472589492798, "length": 5.0, "mode": "test", "epoch": 31}
{"loss": 0.14471900463104248, "acc": 0.952832818031311, "length": 5.0, "mode": "train", "epoch": 32}
{"loss": 0.14715760946273804, "acc": 0.9526370763778687, "length": 5.0, "mode": "test", "epoch": 32}
{"loss": 0.1482774168252945, "acc": 0.9510773420333862, "length": 5.0, "mode": "train", "epoch": 33}
{"loss": 0.14594446122646332, "acc": 0.9534268975257874, "length": 5.0, "mode": "test", "epoch": 33}
{"loss": 0.14262506365776062, "acc": 0.9534803032875061, "length": 5.0, "mode": "train", "epoch": 34}
{"loss": 0.14510110020637512, "acc": 0.9535777568817139, "length": 5.0, "mode": "test", "epoch": 34}
{"loss": 0.14688900113105774, "acc": 0.9520154595375061, "length": 5.0, "mode": "train", "epoch": 35}
{"loss": 0.14886727929115295, "acc": 0.952827513217926, "length": 5.0, "mode": "test", "epoch": 35}
{"loss": 0.14703229069709778, "acc": 0.9520037174224854, "length": 5.0, "mode": "train", "epoch": 36}
{"loss": 0.15336313843727112, "acc": 0.9496682286262512, "length": 5.0, "mode": "test", "epoch": 36}
{"loss": 0.14934609830379486, "acc": 0.950939953327179, "length": 5.0, "mode": "train", "epoch": 37}
{"loss": 0.15539109706878662, "acc": 0.9499646425247192, "length": 5.0, "mode": "test", "epoch": 37}
{"loss": 0.14498946070671082, "acc": 0.952987551689148, "length": 5.0, "mode": "train", "epoch": 38}
{"loss": 0.14078332483768463, "acc": 0.9551241397857666, "length": 5.0, "mode": "test", "epoch": 38}
{"loss": 0.13858510553836823, "acc": 0.9548287391662598, "length": 5.0, "mode": "train", "epoch": 39}
{"loss": 0.14122864603996277, "acc": 0.9544156193733215, "length": 5.0, "mode": "test", "epoch": 39}
{"loss": 0.13851946592330933, "acc": 0.9546140432357788, "length": 5.0, "mode": "train", "epoch": 40}
{"loss": 0.13930197060108185, "acc": 0.9550963640213013, "length": 5.0, "mode": "test", "epoch": 40}
{"loss": 0.1401708573102951, "acc": 0.9541727900505066, "length": 5.0, "mode": "train", "epoch": 41}
{"loss": 0.14674793183803558, "acc": 0.9532074332237244, "length": 5.0, "mode": "test", "epoch": 41}
{"loss": 0.143048956990242, "acc": 0.9533554315567017, "length": 5.0, "mode": "train", "epoch": 42}
{"loss": 0.1436924934387207, "acc": 0.9540891647338867, "length": 5.0, "mode": "test", "epoch": 42}
{"loss": 0.1426723450422287, "acc": 0.9535131454467773, "length": 5.0, "mode": "train", "epoch": 43}
{"loss": 0.14786793291568756, "acc": 0.9518546462059021, "length": 5.0, "mode": "test", "epoch": 43}
{"loss": 0.1392466276884079, "acc": 0.9545074701309204, "length": 5.0, "mode": "train", "epoch": 44}
{"loss": 0.14091254770755768, "acc": 0.9543589353561401, "length": 5.0, "mode": "test", "epoch": 44}
{"loss": 0.13670028746128082, "acc": 0.9551530480384827, "length": 5.0, "mode": "train", "epoch": 45}
{"loss": 0.13715599477291107, "acc": 0.9560177326202393, "length": 5.0, "mode": "test", "epoch": 45}
{"loss": 0.13671153783798218, "acc": 0.9552180767059326, "length": 5.0, "mode": "train", "epoch": 46}
{"loss": 0.13971401751041412, "acc": 0.9552761316299438, "length": 5.0, "mode": "test", "epoch": 46}
{"loss": 0.14166873693466187, "acc": 0.9537450671195984, "length": 5.0, "mode": "train", "epoch": 47}
{"loss": 0.14263974130153656, "acc": 0.9539084434509277, "length": 5.0, "mode": "test", "epoch": 47}
{"loss": 0.14404255151748657, "acc": 0.9523187875747681, "length": 5.0, "mode": "train", "epoch": 48}
{"loss": 0.14964644610881805, "acc": 0.9505490064620972, "length": 5.0, "mode": "test", "epoch": 48}
{"loss": 0.14566758275032043, "acc": 0.9513177871704102, "length": 5.0, "mode": "train", "epoch": 49}
{"loss": 0.14207781851291656, "acc": 0.9542059302330017, "length": 5.0, "mode": "test", "epoch": 49}
{"loss": 0.13823676109313965, "acc": 0.9546255469322205, "length": 5.0, "mode": "train", "epoch": 50}
{"loss": 0.1367705911397934, "acc": 0.9559417963027954, "length": 5.0, "mode": "test", "epoch": 50}
{"loss": 0.13732926547527313, "acc": 0.9547638893127441, "length": 5.0, "mode": "train", "epoch": 51}
{"loss": 0.1382617950439453, "acc": 0.9552493691444397, "length": 5.0, "mode": "test", "epoch": 51}
{"loss": 0.13563677668571472, "acc": 0.9553952813148499, "length": 5.0, "mode": "train", "epoch": 52}
{"loss": 0.13650056719779968, "acc": 0.9558496475219727, "length": 5.0, "mode": "test", "epoch": 52}
{"loss": 0.1404920518398285, "acc": 0.9536519646644592, "length": 5.0, "mode": "train", "epoch": 53}
{"loss": 0.14679698646068573, "acc": 0.9522270560264587, "length": 5.0, "mode": "test", "epoch": 53}
{"loss": 0.15333519876003265, "acc": 0.9472739696502686, "length": 5.0, "mode": "train", "epoch": 54}
{"loss": 0.15463683009147644, "acc": 0.9479270577430725, "length": 5.0, "mode": "test", "epoch": 54}
{"loss": 0.149419367313385, "acc": 0.9494826197624207, "length": 5.0, "mode": "train", "epoch": 55}
{"loss": 0.15988458693027496, "acc": 0.9464566111564636, "length": 5.0, "mode": "test", "epoch": 55}
{"loss": 0.15196649730205536, "acc": 0.9489712119102478, "length": 5.0, "mode": "train", "epoch": 56}
{"loss": 0.15183040499687195, "acc": 0.9501615166664124, "length": 5.0, "mode": "test", "epoch": 56}
{"loss": 0.14442791044712067, "acc": 0.9522099494934082, "length": 5.0, "mode": "train", "epoch": 57}
{"loss": 0.14151258766651154, "acc": 0.9538399577140808, "length": 5.0, "mode": "test", "epoch": 57}
{"loss": 0.1404501348733902, "acc": 0.9536062479019165, "length": 4.999996662139893, "mode": "train", "epoch": 58}
{"loss": 0.14154845476150513, "acc": 0.9539393782615662, "length": 5.0, "mode": "test", "epoch": 58}
{"loss": 0.14658983051776886, "acc": 0.9513883590698242, "length": 5.0, "mode": "train", "epoch": 59}
{"loss": 0.14621470868587494, "acc": 0.9525609612464905, "length": 5.0, "mode": "test", "epoch": 59}
{"loss": 0.14159178733825684, "acc": 0.9534411430358887, "length": 5.0, "mode": "train", "epoch": 60}
{"loss": 0.14114435017108917, "acc": 0.954551637172699, "length": 5.0, "mode": "test", "epoch": 60}
test accuracy: 0.9524913430213928
