ndevices 0
# ["--attributes=4", "--values=8", "--game_size=10", "--vocab_size_factor=3", "--n_epochs=60", "--batch_size=128", "--learning_rate=0.0005", "--speaker_hidden_size=256", "--temp_update=0.97", "--temperature=1.5"]
data loaded from: data/dim(4,8).ds
vocab size 28
message length 4
{"loss": 0.43829914927482605, "acc": 0.7849584221839905, "length": 4.954476833343506, "mode": "train", "epoch": 1}
{"loss": 0.37774303555488586, "acc": 0.830981433391571, "length": 5.0, "mode": "test", "epoch": 1}
{"loss": 0.3170052170753479, "acc": 0.8648219108581543, "length": 4.999928951263428, "mode": "train", "epoch": 2}
{"loss": 0.3157716393470764, "acc": 0.8637606501579285, "length": 5.0, "mode": "test", "epoch": 2}
{"loss": 0.2805623412132263, "acc": 0.8823144435882568, "length": 4.999983787536621, "mode": "train", "epoch": 3}
{"loss": 0.28212711215019226, "acc": 0.881805419921875, "length": 5.0, "mode": "test", "epoch": 3}
{"loss": 0.2582150995731354, "acc": 0.8927481174468994, "length": 4.99999475479126, "mode": "train", "epoch": 4}
{"loss": 0.2634693384170532, "acc": 0.8892433643341064, "length": 5.0, "mode": "test", "epoch": 4}
{"loss": 0.2389375865459442, "acc": 0.9018884301185608, "length": 4.999992847442627, "mode": "train", "epoch": 5}
{"loss": 0.24647879600524902, "acc": 0.8974239826202393, "length": 5.0, "mode": "test", "epoch": 5}
{"loss": 0.22614257037639618, "acc": 0.9069790840148926, "length": 4.999998092651367, "mode": "train", "epoch": 6}
{"loss": 0.23664964735507965, "acc": 0.9007501602172852, "length": 5.0, "mode": "test", "epoch": 6}
{"loss": 0.21701042354106903, "acc": 0.911283552646637, "length": 4.999999046325684, "mode": "train", "epoch": 7}
{"loss": 0.22345685958862305, "acc": 0.9087348580360413, "length": 5.0, "mode": "test", "epoch": 7}
{"loss": 0.21085096895694733, "acc": 0.9150164723396301, "length": 5.0, "mode": "train", "epoch": 8}
{"loss": 0.21584051847457886, "acc": 0.9141598343849182, "length": 5.0, "mode": "test", "epoch": 8}
{"loss": 0.20322641730308533, "acc": 0.9192259311676025, "length": 5.0, "mode": "train", "epoch": 9}
{"loss": 0.2110781967639923, "acc": 0.9165368676185608, "length": 5.0, "mode": "test", "epoch": 9}
{"loss": 0.1980684995651245, "acc": 0.9212537407875061, "length": 5.0, "mode": "train", "epoch": 10}
{"loss": 0.20920348167419434, "acc": 0.9184076189994812, "length": 5.0, "mode": "test", "epoch": 10}
{"loss": 0.19467030465602875, "acc": 0.9229347109794617, "length": 5.0, "mode": "train", "epoch": 11}
{"loss": 0.2044796496629715, "acc": 0.921451210975647, "length": 5.0, "mode": "test", "epoch": 11}
{"loss": 0.19320087134838104, "acc": 0.9235180020332336, "length": 5.0, "mode": "train", "epoch": 12}
{"loss": 0.19752641022205353, "acc": 0.9229483604431152, "length": 5.0, "mode": "test", "epoch": 12}
{"loss": 0.1911180317401886, "acc": 0.9243541359901428, "length": 5.0, "mode": "train", "epoch": 13}
{"loss": 0.19469322264194489, "acc": 0.9241899251937866, "length": 5.0, "mode": "test", "epoch": 13}
{"loss": 0.18786627054214478, "acc": 0.9255819916725159, "length": 5.0, "mode": "train", "epoch": 14}
{"loss": 0.1954275220632553, "acc": 0.9240635633468628, "length": 5.0, "mode": "test", "epoch": 14}
{"loss": 0.18463657796382904, "acc": 0.9266853928565979, "length": 5.0, "mode": "train", "epoch": 15}
{"loss": 0.18896926939487457, "acc": 0.9256871342658997, "length": 5.0, "mode": "test", "epoch": 15}
{"loss": 0.18639284372329712, "acc": 0.9264163970947266, "length": 5.0, "mode": "train", "epoch": 16}
{"loss": 0.18825317919254303, "acc": 0.9262746572494507, "length": 5.0, "mode": "test", "epoch": 16}
{"loss": 0.18222574889659882, "acc": 0.9277352690696716, "length": 5.0, "mode": "train", "epoch": 17}
{"loss": 0.1909492015838623, "acc": 0.9248180389404297, "length": 5.0, "mode": "test", "epoch": 17}
{"loss": 0.18280163407325745, "acc": 0.9278396964073181, "length": 5.0, "mode": "train", "epoch": 18}
{"loss": 0.18851161003112793, "acc": 0.9270484447479248, "length": 5.0, "mode": "test", "epoch": 18}
{"loss": 0.18352054059505463, "acc": 0.9274020791053772, "length": 5.0, "mode": "train", "epoch": 19}
{"loss": 0.18320365250110626, "acc": 0.9289876222610474, "length": 5.0, "mode": "test", "epoch": 19}
{"loss": 0.17949680984020233, "acc": 0.928607165813446, "length": 5.0, "mode": "train", "epoch": 20}
{"loss": 0.18506595492362976, "acc": 0.9281839728355408, "length": 5.0, "mode": "test", "epoch": 20}
{"loss": 0.18133544921875, "acc": 0.9280411005020142, "length": 5.0, "mode": "train", "epoch": 21}
{"loss": 0.19426284730434418, "acc": 0.9224679470062256, "length": 5.0, "mode": "test", "epoch": 21}
{"loss": 0.18917538225650787, "acc": 0.9244433641433716, "length": 5.0, "mode": "train", "epoch": 22}
{"loss": 0.19236354529857635, "acc": 0.92616868019104, "length": 5.0, "mode": "test", "epoch": 22}
{"loss": 0.1808779090642929, "acc": 0.928436279296875, "length": 5.0, "mode": "train", "epoch": 23}
{"loss": 0.17973259091377258, "acc": 0.929978609085083, "length": 5.0, "mode": "test", "epoch": 23}
{"loss": 0.17739804089069366, "acc": 0.929295003414154, "length": 5.0, "mode": "train", "epoch": 24}
{"loss": 0.17875151336193085, "acc": 0.9305651783943176, "length": 5.0, "mode": "test", "epoch": 24}
{"loss": 0.17705264687538147, "acc": 0.9295411109924316, "length": 5.0, "mode": "train", "epoch": 25}
{"loss": 0.17835187911987305, "acc": 0.9307693839073181, "length": 5.0, "mode": "test", "epoch": 25}
{"loss": 0.17785367369651794, "acc": 0.9293984174728394, "length": 5.0, "mode": "train", "epoch": 26}
{"loss": 0.18469995260238647, "acc": 0.9284375309944153, "length": 5.0, "mode": "test", "epoch": 26}
{"loss": 0.17596057057380676, "acc": 0.9300384521484375, "length": 5.0, "mode": "train", "epoch": 27}
{"loss": 0.1795739382505417, "acc": 0.9299678206443787, "length": 5.0, "mode": "test", "epoch": 27}
{"loss": 0.17520132660865784, "acc": 0.9301025867462158, "length": 5.0, "mode": "train", "epoch": 28}
{"loss": 0.17839983105659485, "acc": 0.9306505918502808, "length": 5.0, "mode": "test", "epoch": 28}
{"loss": 0.18243806064128876, "acc": 0.9278066754341125, "length": 5.0, "mode": "train", "epoch": 29}
{"loss": 0.18500155210494995, "acc": 0.9287061095237732, "length": 5.0, "mode": "test", "epoch": 29}
{"loss": 0.1789390742778778, "acc": 0.9290676712989807, "length": 5.0, "mode": "train", "epoch": 30}
{"loss": 0.17640799283981323, "acc": 0.9321083426475525, "length": 5.0, "mode": "test", "epoch": 30}
{"loss": 0.17137528955936432, "acc": 0.9319130778312683, "length": 5.0, "mode": "train", "epoch": 31}
{"loss": 0.1760619729757309, "acc": 0.932033360004425, "length": 5.0, "mode": "test", "epoch": 31}
{"loss": 0.17145730555057526, "acc": 0.9320463538169861, "length": 5.0, "mode": "train", "epoch": 32}
{"loss": 0.17254070937633514, "acc": 0.9327611923217773, "length": 5.0, "mode": "test", "epoch": 32}
{"loss": 0.17273783683776855, "acc": 0.9317381978034973, "length": 5.0, "mode": "train", "epoch": 33}
{"loss": 0.17691698670387268, "acc": 0.9310776591300964, "length": 5.0, "mode": "test", "epoch": 33}
{"loss": 0.1705370843410492, "acc": 0.932390034198761, "length": 5.0, "mode": "train", "epoch": 34}
{"loss": 0.17303825914859772, "acc": 0.9335873126983643, "length": 5.0, "mode": "test", "epoch": 34}
{"loss": 0.1693609356880188, "acc": 0.9331181049346924, "length": 5.0, "mode": "train", "epoch": 35}
{"loss": 0.17052753269672394, "acc": 0.9341149926185608, "length": 5.0, "mode": "test", "epoch": 35}
{"loss": 0.1764443814754486, "acc": 0.9308657050132751, "length": 5.0, "mode": "train", "epoch": 36}
{"loss": 0.17408564686775208, "acc": 0.9337371587753296, "length": 5.0, "mode": "test", "epoch": 36}
{"loss": 0.1697649359703064, "acc": 0.9338230490684509, "length": 5.0, "mode": "train", "epoch": 37}
{"loss": 0.17128914594650269, "acc": 0.935092031955719, "length": 5.0, "mode": "test", "epoch": 37}
{"loss": 0.16742098331451416, "acc": 0.9346237778663635, "length": 5.0, "mode": "train", "epoch": 38}
{"loss": 0.1672065258026123, "acc": 0.9361987113952637, "length": 5.0, "mode": "test", "epoch": 38}
{"loss": 0.16907277703285217, "acc": 0.9343848824501038, "length": 5.0, "mode": "train", "epoch": 39}
{"loss": 0.17055921256542206, "acc": 0.9357566237449646, "length": 5.0, "mode": "test", "epoch": 39}
{"loss": 0.16670483350753784, "acc": 0.9351300597190857, "length": 5.0, "mode": "train", "epoch": 40}
{"loss": 0.1674811691045761, "acc": 0.9361739754676819, "length": 5.0, "mode": "test", "epoch": 40}
{"loss": 0.169197216629982, "acc": 0.9340916872024536, "length": 5.0, "mode": "train", "epoch": 41}
{"loss": 0.17369210720062256, "acc": 0.9339288473129272, "length": 5.0, "mode": "test", "epoch": 41}
{"loss": 0.16441601514816284, "acc": 0.9357568621635437, "length": 5.0, "mode": "train", "epoch": 42}
{"loss": 0.1636110097169876, "acc": 0.9370602369308472, "length": 5.0, "mode": "test", "epoch": 42}
{"loss": 0.16455218195915222, "acc": 0.9355677962303162, "length": 5.0, "mode": "train", "epoch": 43}
{"loss": 0.16726861894130707, "acc": 0.9364350438117981, "length": 5.0, "mode": "test", "epoch": 43}
{"loss": 0.1666397601366043, "acc": 0.9348207712173462, "length": 5.0, "mode": "train", "epoch": 44}
{"loss": 0.17022089660167694, "acc": 0.934285044670105, "length": 5.0, "mode": "test", "epoch": 44}
{"loss": 0.16262952983379364, "acc": 0.9362688064575195, "length": 5.0, "mode": "train", "epoch": 45}
{"loss": 0.163489431142807, "acc": 0.937415361404419, "length": 5.0, "mode": "test", "epoch": 45}
{"loss": 0.1602022647857666, "acc": 0.9370418190956116, "length": 5.0, "mode": "train", "epoch": 46}
{"loss": 0.1617589294910431, "acc": 0.9377419948577881, "length": 5.0, "mode": "test", "epoch": 46}
{"loss": 0.16039830446243286, "acc": 0.936678409576416, "length": 5.0, "mode": "train", "epoch": 47}
{"loss": 0.16411098837852478, "acc": 0.9362649917602539, "length": 5.0, "mode": "test", "epoch": 47}
{"loss": 0.16107885539531708, "acc": 0.9367343783378601, "length": 5.0, "mode": "train", "epoch": 48}
{"loss": 0.16215571761131287, "acc": 0.9377665519714355, "length": 5.0, "mode": "test", "epoch": 48}
{"loss": 0.15925145149230957, "acc": 0.9371623396873474, "length": 5.0, "mode": "train", "epoch": 49}
{"loss": 0.16271445155143738, "acc": 0.9375888705253601, "length": 5.0, "mode": "test", "epoch": 49}
{"loss": 0.15950465202331543, "acc": 0.9373536109924316, "length": 5.0, "mode": "train", "epoch": 50}
{"loss": 0.16094982624053955, "acc": 0.9380490779876709, "length": 5.0, "mode": "test", "epoch": 50}
{"loss": 0.15801279246807098, "acc": 0.9375969767570496, "length": 5.0, "mode": "train", "epoch": 51}
{"loss": 0.1651395857334137, "acc": 0.93693608045578, "length": 5.0, "mode": "test", "epoch": 51}
{"loss": 0.15978305041790009, "acc": 0.9370593428611755, "length": 5.0, "mode": "train", "epoch": 52}
{"loss": 0.1690739542245865, "acc": 0.9353211522102356, "length": 5.0, "mode": "test", "epoch": 52}
{"loss": 0.15907298028469086, "acc": 0.9372960925102234, "length": 5.0, "mode": "train", "epoch": 53}
{"loss": 0.15962176024913788, "acc": 0.9384000301361084, "length": 5.0, "mode": "test", "epoch": 53}
{"loss": 0.15765513479709625, "acc": 0.9377653002738953, "length": 5.0, "mode": "train", "epoch": 54}
{"loss": 0.16383665800094604, "acc": 0.9376220107078552, "length": 5.0, "mode": "test", "epoch": 54}
{"loss": 0.1578925997018814, "acc": 0.9375078082084656, "length": 5.0, "mode": "train", "epoch": 55}
{"loss": 0.16142816841602325, "acc": 0.9379569888114929, "length": 5.0, "mode": "test", "epoch": 55}
{"loss": 0.1559576690196991, "acc": 0.938302218914032, "length": 5.0, "mode": "train", "epoch": 56}
{"loss": 0.15865808725357056, "acc": 0.9387446045875549, "length": 5.0, "mode": "test", "epoch": 56}
{"loss": 0.15682624280452728, "acc": 0.9381434917449951, "length": 5.0, "mode": "train", "epoch": 57}
{"loss": 0.16060979664325714, "acc": 0.9387221336364746, "length": 5.0, "mode": "test", "epoch": 57}
{"loss": 0.15614481270313263, "acc": 0.9385151267051697, "length": 5.0, "mode": "train", "epoch": 58}
{"loss": 0.1602797508239746, "acc": 0.9389179944992065, "length": 5.0, "mode": "test", "epoch": 58}
{"loss": 0.15468084812164307, "acc": 0.9388630986213684, "length": 5.0, "mode": "train", "epoch": 59}
{"loss": 0.16024130582809448, "acc": 0.9388633966445923, "length": 5.0, "mode": "test", "epoch": 59}
{"loss": 0.1554071456193924, "acc": 0.9386079907417297, "length": 5.0, "mode": "train", "epoch": 60}
{"loss": 0.1574665755033493, "acc": 0.9395290613174438, "length": 5.0, "mode": "test", "epoch": 60}
test accuracy: 0.9343016743659973
