ndevices 0
# ["--attributes=4", "--values=8", "--game_size=10", "--vocab_size_factor=3", "--n_epochs=60", "--batch_size=128", "--learning_rate=0.0005", "--speaker_hidden_size=256", "--temp_update=0.97", "--temperature=2"]
data loaded from: data/dim(4,8).ds
vocab size 28
message length 4
{"loss": 0.43666350841522217, "acc": 0.7850050926208496, "length": 4.943368911743164, "mode": "train", "epoch": 1}
{"loss": 0.3991101384162903, "acc": 0.8047902584075928, "length": 5.0, "mode": "test", "epoch": 1}
{"loss": 0.31885799765586853, "acc": 0.8614641427993774, "length": 4.999834060668945, "mode": "train", "epoch": 2}
{"loss": 0.35348352789878845, "acc": 0.8324271440505981, "length": 5.0, "mode": "test", "epoch": 2}
{"loss": 0.2869585156440735, "acc": 0.8753227591514587, "length": 4.999963283538818, "mode": "train", "epoch": 3}
{"loss": 0.3022550642490387, "acc": 0.8635017275810242, "length": 5.0, "mode": "test", "epoch": 3}
{"loss": 0.26420196890830994, "acc": 0.8874559998512268, "length": 4.9999847412109375, "mode": "train", "epoch": 4}
{"loss": 0.2767273485660553, "acc": 0.8810177445411682, "length": 5.0, "mode": "test", "epoch": 4}
{"loss": 0.23986762762069702, "acc": 0.9011358022689819, "length": 4.999993324279785, "mode": "train", "epoch": 5}
{"loss": 0.25465017557144165, "acc": 0.8956217765808105, "length": 5.0, "mode": "test", "epoch": 5}
{"loss": 0.22713615000247955, "acc": 0.9083990454673767, "length": 4.999996662139893, "mode": "train", "epoch": 6}
{"loss": 0.2395544946193695, "acc": 0.9037520885467529, "length": 5.0, "mode": "test", "epoch": 6}
{"loss": 0.21350261569023132, "acc": 0.9141339063644409, "length": 4.999999523162842, "mode": "train", "epoch": 7}
{"loss": 0.2307782769203186, "acc": 0.9064746499061584, "length": 5.0, "mode": "test", "epoch": 7}
{"loss": 0.20635567605495453, "acc": 0.9173363447189331, "length": 5.0, "mode": "train", "epoch": 8}
{"loss": 0.21998251974582672, "acc": 0.9132299423217773, "length": 5.0, "mode": "test", "epoch": 8}
{"loss": 0.20157667994499207, "acc": 0.9196934103965759, "length": 5.0, "mode": "train", "epoch": 9}
{"loss": 0.21472789347171783, "acc": 0.9146082997322083, "length": 5.0, "mode": "test", "epoch": 9}
{"loss": 0.19587095081806183, "acc": 0.9223653078079224, "length": 5.0, "mode": "train", "epoch": 10}
{"loss": 0.21709132194519043, "acc": 0.9137564301490784, "length": 5.0, "mode": "test", "epoch": 10}
{"loss": 0.19148050248622894, "acc": 0.9251667261123657, "length": 5.0, "mode": "train", "epoch": 11}
{"loss": 0.20171231031417847, "acc": 0.9213109016418457, "length": 5.0, "mode": "test", "epoch": 11}
{"loss": 0.18506240844726562, "acc": 0.9280474781990051, "length": 5.0, "mode": "train", "epoch": 12}
{"loss": 0.19413937628269196, "acc": 0.9253905415534973, "length": 5.0, "mode": "test", "epoch": 12}
{"loss": 0.18065840005874634, "acc": 0.9306877255439758, "length": 5.0, "mode": "train", "epoch": 13}
{"loss": 0.193409726023674, "acc": 0.9255821704864502, "length": 5.0, "mode": "test", "epoch": 13}
{"loss": 0.1748342216014862, "acc": 0.9336767196655273, "length": 5.0, "mode": "train", "epoch": 14}
{"loss": 0.18876922130584717, "acc": 0.9288848638534546, "length": 5.0, "mode": "test", "epoch": 14}
{"loss": 0.17020884156227112, "acc": 0.9367271065711975, "length": 5.0, "mode": "train", "epoch": 15}
{"loss": 0.17991405725479126, "acc": 0.9335520267486572, "length": 5.0, "mode": "test", "epoch": 15}
{"loss": 0.1648838222026825, "acc": 0.9393356442451477, "length": 5.0, "mode": "train", "epoch": 16}
{"loss": 0.17445515096187592, "acc": 0.9360777139663696, "length": 5.0, "mode": "test", "epoch": 16}
{"loss": 0.16103783249855042, "acc": 0.9410341382026672, "length": 5.0, "mode": "train", "epoch": 17}
{"loss": 0.1713360697031021, "acc": 0.9388560056686401, "length": 5.0, "mode": "test", "epoch": 17}
{"loss": 0.15935952961444855, "acc": 0.9419235587120056, "length": 5.0, "mode": "train", "epoch": 18}
{"loss": 0.17531177401542664, "acc": 0.9365026354789734, "length": 5.0, "mode": "test", "epoch": 18}
{"loss": 0.15988211333751678, "acc": 0.9420183897018433, "length": 5.0, "mode": "train", "epoch": 19}
{"loss": 0.1671115756034851, "acc": 0.9402493238449097, "length": 5.0, "mode": "test", "epoch": 19}
{"loss": 0.155096173286438, "acc": 0.9437612891197205, "length": 5.0, "mode": "train", "epoch": 20}
{"loss": 0.1627589464187622, "acc": 0.9418299794197083, "length": 5.0, "mode": "test", "epoch": 20}
{"loss": 0.15466001629829407, "acc": 0.9439001083374023, "length": 5.0, "mode": "train", "epoch": 21}
{"loss": 0.16311593353748322, "acc": 0.9420483708381653, "length": 5.0, "mode": "test", "epoch": 21}
{"loss": 0.15132710337638855, "acc": 0.9452071785926819, "length": 5.0, "mode": "train", "epoch": 22}
{"loss": 0.16058282554149628, "acc": 0.9426722526550293, "length": 5.0, "mode": "test", "epoch": 22}
{"loss": 0.151295006275177, "acc": 0.9452728629112244, "length": 5.0, "mode": "train", "epoch": 23}
{"loss": 0.1793210208415985, "acc": 0.9358989596366882, "length": 5.0, "mode": "test", "epoch": 23}
{"loss": 0.154126837849617, "acc": 0.9442836046218872, "length": 5.0, "mode": "train", "epoch": 24}
{"loss": 0.15877777338027954, "acc": 0.9435862898826599, "length": 5.0, "mode": "test", "epoch": 24}
{"loss": 0.15143272280693054, "acc": 0.9455454349517822, "length": 5.0, "mode": "train", "epoch": 25}
{"loss": 0.15961037576198578, "acc": 0.9436610341072083, "length": 5.0, "mode": "test", "epoch": 25}
{"loss": 0.1478646695613861, "acc": 0.9472323656082153, "length": 5.0, "mode": "train", "epoch": 26}
{"loss": 0.1580083966255188, "acc": 0.9446660876274109, "length": 5.0, "mode": "test", "epoch": 26}
{"loss": 0.14825280010700226, "acc": 0.9473814964294434, "length": 5.0, "mode": "train", "epoch": 27}
{"loss": 0.15339280664920807, "acc": 0.9471158981323242, "length": 5.0, "mode": "test", "epoch": 27}
{"loss": 0.15095938742160797, "acc": 0.9464946985244751, "length": 5.0, "mode": "train", "epoch": 28}
{"loss": 0.17343634366989136, "acc": 0.9411857724189758, "length": 5.0, "mode": "test", "epoch": 28}
{"loss": 0.1439390778541565, "acc": 0.9493114948272705, "length": 5.0, "mode": "train", "epoch": 29}
{"loss": 0.1504797488451004, "acc": 0.9475898742675781, "length": 5.0, "mode": "test", "epoch": 29}
{"loss": 0.14362792670726776, "acc": 0.9494773745536804, "length": 5.0, "mode": "train", "epoch": 30}
{"loss": 0.1477663218975067, "acc": 0.9493042826652527, "length": 5.0, "mode": "test", "epoch": 30}
{"loss": 0.14226774871349335, "acc": 0.9500449299812317, "length": 5.0, "mode": "train", "epoch": 31}
{"loss": 0.1576976478099823, "acc": 0.9453222155570984, "length": 5.0, "mode": "test", "epoch": 31}
{"loss": 0.1442159116268158, "acc": 0.949899435043335, "length": 5.0, "mode": "train", "epoch": 32}
{"loss": 0.15278728306293488, "acc": 0.9477760791778564, "length": 5.0, "mode": "test", "epoch": 32}
{"loss": 0.144141286611557, "acc": 0.9499689936637878, "length": 5.0, "mode": "train", "epoch": 33}
{"loss": 0.15074484050273895, "acc": 0.948978066444397, "length": 5.0, "mode": "test", "epoch": 33}
{"loss": 0.14394225180149078, "acc": 0.9505882859230042, "length": 5.0, "mode": "train", "epoch": 34}
{"loss": 0.14425860345363617, "acc": 0.9514521360397339, "length": 5.0, "mode": "test", "epoch": 34}
{"loss": 0.14060410857200623, "acc": 0.951709508895874, "length": 5.0, "mode": "train", "epoch": 35}
{"loss": 0.14955514669418335, "acc": 0.9497292041778564, "length": 5.0, "mode": "test", "epoch": 35}
{"loss": 0.13794223964214325, "acc": 0.9526491761207581, "length": 5.0, "mode": "train", "epoch": 36}
{"loss": 0.14381124079227448, "acc": 0.9515228867530823, "length": 5.0, "mode": "test", "epoch": 36}
{"loss": 0.13851800560951233, "acc": 0.9525994658470154, "length": 5.0, "mode": "train", "epoch": 37}
{"loss": 0.14474496245384216, "acc": 0.951826810836792, "length": 5.0, "mode": "test", "epoch": 37}
{"loss": 0.1374826580286026, "acc": 0.9530641436576843, "length": 5.0, "mode": "train", "epoch": 38}
{"loss": 0.14330027997493744, "acc": 0.9519273638725281, "length": 5.0, "mode": "test", "epoch": 38}
{"loss": 0.13808009028434753, "acc": 0.9529217481613159, "length": 5.0, "mode": "train", "epoch": 39}
{"loss": 0.142959862947464, "acc": 0.9524058699607849, "length": 5.0, "mode": "test", "epoch": 39}
{"loss": 0.13588659465312958, "acc": 0.9536440372467041, "length": 5.0, "mode": "train", "epoch": 40}
{"loss": 0.14303652942180634, "acc": 0.9530608057975769, "length": 5.0, "mode": "test", "epoch": 40}
{"loss": 0.13407650589942932, "acc": 0.9544361233711243, "length": 5.0, "mode": "train", "epoch": 41}
{"loss": 0.14237648248672485, "acc": 0.9524551033973694, "length": 5.0, "mode": "test", "epoch": 41}
{"loss": 0.14155495166778564, "acc": 0.9515975117683411, "length": 5.0, "mode": "train", "epoch": 42}
{"loss": 0.15047284960746765, "acc": 0.9497441649436951, "length": 5.0, "mode": "test", "epoch": 42}
{"loss": 0.13600894808769226, "acc": 0.9538410305976868, "length": 5.0, "mode": "train", "epoch": 43}
{"loss": 0.13898128271102905, "acc": 0.9533486366271973, "length": 5.0, "mode": "test", "epoch": 43}
{"loss": 0.13940311968326569, "acc": 0.9523056149482727, "length": 5.0, "mode": "train", "epoch": 44}
{"loss": 0.14306338131427765, "acc": 0.9521521329879761, "length": 5.0, "mode": "test", "epoch": 44}
{"loss": 0.1373441070318222, "acc": 0.9533398151397705, "length": 5.0, "mode": "train", "epoch": 45}
{"loss": 0.14636631309986115, "acc": 0.9510305523872375, "length": 5.0, "mode": "test", "epoch": 45}
{"loss": 0.14217567443847656, "acc": 0.9518574476242065, "length": 5.0, "mode": "train", "epoch": 46}
{"loss": 0.14561814069747925, "acc": 0.9521650075912476, "length": 5.0, "mode": "test", "epoch": 46}
{"loss": 0.1406039595603943, "acc": 0.9524909853935242, "length": 5.0, "mode": "train", "epoch": 47}
{"loss": 0.1417323648929596, "acc": 0.9537253379821777, "length": 5.0, "mode": "test", "epoch": 47}
{"loss": 0.1389998495578766, "acc": 0.9528420567512512, "length": 5.0, "mode": "train", "epoch": 48}
{"loss": 0.13922163844108582, "acc": 0.9538431167602539, "length": 5.0, "mode": "test", "epoch": 48}
{"loss": 0.13483022153377533, "acc": 0.9545994400978088, "length": 5.0, "mode": "train", "epoch": 49}
{"loss": 0.13599002361297607, "acc": 0.955440878868103, "length": 5.0, "mode": "test", "epoch": 49}
{"loss": 0.1340518593788147, "acc": 0.9549322128295898, "length": 5.0, "mode": "train", "epoch": 50}
{"loss": 0.14220698177814484, "acc": 0.9530854821205139, "length": 5.0, "mode": "test", "epoch": 50}
{"loss": 0.14054618775844574, "acc": 0.9521536827087402, "length": 5.0, "mode": "train", "epoch": 51}
{"loss": 0.14100046455860138, "acc": 0.9532202482223511, "length": 5.0, "mode": "test", "epoch": 51}
{"loss": 0.13934080302715302, "acc": 0.95290607213974, "length": 5.0, "mode": "train", "epoch": 52}
{"loss": 0.13987205922603607, "acc": 0.9538516402244568, "length": 5.0, "mode": "test", "epoch": 52}
{"loss": 0.1327217072248459, "acc": 0.9553778171539307, "length": 5.0, "mode": "train", "epoch": 53}
{"loss": 0.13911251723766327, "acc": 0.9539875388145447, "length": 5.0, "mode": "test", "epoch": 53}
{"loss": 0.1332775205373764, "acc": 0.9554651975631714, "length": 5.0, "mode": "train", "epoch": 54}
{"loss": 0.1369248777627945, "acc": 0.9549732208251953, "length": 5.0, "mode": "test", "epoch": 54}
{"loss": 0.13316115736961365, "acc": 0.9552764892578125, "length": 5.0, "mode": "train", "epoch": 55}
{"loss": 0.13728779554367065, "acc": 0.9550384879112244, "length": 5.0, "mode": "test", "epoch": 55}
{"loss": 0.13173268735408783, "acc": 0.9559054374694824, "length": 5.0, "mode": "train", "epoch": 56}
{"loss": 0.13572292029857635, "acc": 0.9561300277709961, "length": 5.0, "mode": "test", "epoch": 56}
{"loss": 0.13165979087352753, "acc": 0.9557873606681824, "length": 5.0, "mode": "train", "epoch": 57}
{"loss": 0.1374269425868988, "acc": 0.9553670883178711, "length": 5.0, "mode": "test", "epoch": 57}
{"loss": 0.1295827478170395, "acc": 0.9565923810005188, "length": 5.0, "mode": "train", "epoch": 58}
{"loss": 0.14088493585586548, "acc": 0.9544520378112793, "length": 5.0, "mode": "test", "epoch": 58}
{"loss": 0.13292984664440155, "acc": 0.9555352330207825, "length": 5.0, "mode": "train", "epoch": 59}
{"loss": 0.1403653621673584, "acc": 0.9541952013969421, "length": 5.0, "mode": "test", "epoch": 59}
{"loss": 0.13001036643981934, "acc": 0.9566594958305359, "length": 5.0, "mode": "train", "epoch": 60}
{"loss": 0.13307645916938782, "acc": 0.9568482041358948, "length": 5.0, "mode": "test", "epoch": 60}
test accuracy: 0.9526821970939636
