ndevices 0
# ["--attributes=4", "--values=8", "--game_size=10", "--vocab_size_factor=3", "--n_epochs=60", "--batch_size=128", "--learning_rate=0.0005", "--speaker_hidden_size=256", "--temp_update=0.99", "--temperature=1"]
data loaded from: data/dim(4,8).ds
vocab size 28
message length 4
{"loss": 0.44337111711502075, "acc": 0.7852497696876526, "length": 4.882168292999268, "mode": "train", "epoch": 1}
{"loss": 0.3467347323894501, "acc": 0.8566545844078064, "length": 5.0, "mode": "test", "epoch": 1}
{"loss": 0.31509557366371155, "acc": 0.8710189461708069, "length": 4.99991512298584, "mode": "train", "epoch": 2}
{"loss": 0.2945220172405243, "acc": 0.8811002373695374, "length": 5.0, "mode": "test", "epoch": 2}
{"loss": 0.283801406621933, "acc": 0.8849125504493713, "length": 4.99997615814209, "mode": "train", "epoch": 3}
{"loss": 0.2769536077976227, "acc": 0.8896992802619934, "length": 5.0, "mode": "test", "epoch": 3}
{"loss": 0.271018922328949, "acc": 0.8907859325408936, "length": 4.999989986419678, "mode": "train", "epoch": 4}
{"loss": 0.2704850733280182, "acc": 0.892103910446167, "length": 5.0, "mode": "test", "epoch": 4}
{"loss": 0.26233166456222534, "acc": 0.8946603536605835, "length": 4.999993324279785, "mode": "train", "epoch": 5}
{"loss": 0.26293808221817017, "acc": 0.8962991833686829, "length": 5.0, "mode": "test", "epoch": 5}
{"loss": 0.25419920682907104, "acc": 0.8985700607299805, "length": 4.999991416931152, "mode": "train", "epoch": 6}
{"loss": 0.2613256871700287, "acc": 0.8970623016357422, "length": 5.0, "mode": "test", "epoch": 6}
{"loss": 0.24872171878814697, "acc": 0.9018149971961975, "length": 4.999999046325684, "mode": "train", "epoch": 7}
{"loss": 0.24774542450904846, "acc": 0.9034706354141235, "length": 5.0, "mode": "test", "epoch": 7}
{"loss": 0.24432072043418884, "acc": 0.9044609069824219, "length": 4.999999523162842, "mode": "train", "epoch": 8}
{"loss": 0.2410886585712433, "acc": 0.9071232080459595, "length": 5.0, "mode": "test", "epoch": 8}
{"loss": 0.2356206178665161, "acc": 0.9079289436340332, "length": 4.999995708465576, "mode": "train", "epoch": 9}
{"loss": 0.2351471185684204, "acc": 0.9092305898666382, "length": 5.0, "mode": "test", "epoch": 9}
{"loss": 0.23542547225952148, "acc": 0.908178448677063, "length": 4.999999046325684, "mode": "train", "epoch": 10}
{"loss": 0.23665359616279602, "acc": 0.9088676571846008, "length": 5.0, "mode": "test", "epoch": 10}
{"loss": 0.23027005791664124, "acc": 0.9099371433258057, "length": 4.999999046325684, "mode": "train", "epoch": 11}
{"loss": 0.23873142898082733, "acc": 0.90846848487854, "length": 5.0, "mode": "test", "epoch": 11}
{"loss": 0.230364128947258, "acc": 0.9107038378715515, "length": 5.0, "mode": "train", "epoch": 12}
{"loss": 0.23601028323173523, "acc": 0.9094359278678894, "length": 5.0, "mode": "test", "epoch": 12}
{"loss": 0.22678160667419434, "acc": 0.9123055934906006, "length": 5.0, "mode": "train", "epoch": 13}
{"loss": 0.2295842468738556, "acc": 0.91204833984375, "length": 5.0, "mode": "test", "epoch": 13}
{"loss": 0.220939502120018, "acc": 0.9140771627426147, "length": 5.0, "mode": "train", "epoch": 14}
{"loss": 0.22900407016277313, "acc": 0.9122709631919861, "length": 5.0, "mode": "test", "epoch": 14}
{"loss": 0.22302326560020447, "acc": 0.913857102394104, "length": 5.0, "mode": "train", "epoch": 15}
{"loss": 0.2247622311115265, "acc": 0.9149025082588196, "length": 5.0, "mode": "test", "epoch": 15}
{"loss": 0.21739034354686737, "acc": 0.9155312180519104, "length": 4.999999046325684, "mode": "train", "epoch": 16}
{"loss": 0.21924856305122375, "acc": 0.9154301881790161, "length": 5.0, "mode": "test", "epoch": 16}
{"loss": 0.22336849570274353, "acc": 0.9139151573181152, "length": 4.999999046325684, "mode": "train", "epoch": 17}
{"loss": 0.2246701568365097, "acc": 0.9153981804847717, "length": 5.0, "mode": "test", "epoch": 17}
{"loss": 0.21941538155078888, "acc": 0.9153247475624084, "length": 5.0, "mode": "train", "epoch": 18}
{"loss": 0.21869325637817383, "acc": 0.9170698523521423, "length": 5.0, "mode": "test", "epoch": 18}
{"loss": 0.21207015216350555, "acc": 0.9179624319076538, "length": 4.999999523162842, "mode": "train", "epoch": 19}
{"loss": 0.21826253831386566, "acc": 0.9166021347045898, "length": 5.0, "mode": "test", "epoch": 19}
{"loss": 0.2125706672668457, "acc": 0.9182275533676147, "length": 5.0, "mode": "train", "epoch": 20}
{"loss": 0.2199644297361374, "acc": 0.9154494404792786, "length": 5.0, "mode": "test", "epoch": 20}
{"loss": 0.21483629941940308, "acc": 0.9173135161399841, "length": 5.0, "mode": "train", "epoch": 21}
{"loss": 0.21526730060577393, "acc": 0.9183241128921509, "length": 5.0, "mode": "test", "epoch": 21}
{"loss": 0.21133756637573242, "acc": 0.9193341135978699, "length": 5.0, "mode": "train", "epoch": 22}
{"loss": 0.2154628336429596, "acc": 0.9190090298652649, "length": 5.0, "mode": "test", "epoch": 22}
{"loss": 0.20779837667942047, "acc": 0.9214820861816406, "length": 5.0, "mode": "train", "epoch": 23}
{"loss": 0.20923179388046265, "acc": 0.9219670295715332, "length": 5.0, "mode": "test", "epoch": 23}
{"loss": 0.20507758855819702, "acc": 0.9227855801582336, "length": 5.0, "mode": "train", "epoch": 24}
{"loss": 0.21182142198085785, "acc": 0.9208775162696838, "length": 5.0, "mode": "test", "epoch": 24}
{"loss": 0.20608055591583252, "acc": 0.9227134585380554, "length": 5.0, "mode": "train", "epoch": 25}
{"loss": 0.2103213220834732, "acc": 0.9228296279907227, "length": 5.0, "mode": "test", "epoch": 25}
{"loss": 0.19895048439502716, "acc": 0.9257685542106628, "length": 5.0, "mode": "train", "epoch": 26}
{"loss": 0.2034754902124405, "acc": 0.9254484176635742, "length": 5.0, "mode": "test", "epoch": 26}
{"loss": 0.2019689530134201, "acc": 0.9252223968505859, "length": 5.0, "mode": "train", "epoch": 27}
{"loss": 0.1996355503797531, "acc": 0.9269242882728577, "length": 5.0, "mode": "test", "epoch": 27}
{"loss": 0.19391289353370667, "acc": 0.9278943538665771, "length": 5.0, "mode": "train", "epoch": 28}
{"loss": 0.1986023336648941, "acc": 0.9273598194122314, "length": 5.0, "mode": "test", "epoch": 28}
{"loss": 0.19356398284435272, "acc": 0.9280064105987549, "length": 5.0, "mode": "train", "epoch": 29}
{"loss": 0.19258569180965424, "acc": 0.929711103439331, "length": 5.0, "mode": "test", "epoch": 29}
{"loss": 0.19248445332050323, "acc": 0.9284305572509766, "length": 5.0, "mode": "train", "epoch": 30}
{"loss": 0.19495636224746704, "acc": 0.9289254546165466, "length": 5.0, "mode": "test", "epoch": 30}
{"loss": 0.19135445356369019, "acc": 0.928892195224762, "length": 5.0, "mode": "train", "epoch": 31}
{"loss": 0.19535626471042633, "acc": 0.92793869972229, "length": 5.0, "mode": "test", "epoch": 31}
{"loss": 0.18879032135009766, "acc": 0.9297865629196167, "length": 5.0, "mode": "train", "epoch": 32}
{"loss": 0.19978410005569458, "acc": 0.926332414150238, "length": 5.0, "mode": "test", "epoch": 32}
{"loss": 0.19243763387203217, "acc": 0.9284526705741882, "length": 5.0, "mode": "train", "epoch": 33}
{"loss": 0.18980860710144043, "acc": 0.9303414225578308, "length": 5.0, "mode": "test", "epoch": 33}
{"loss": 0.18869821727275848, "acc": 0.929855465888977, "length": 5.0, "mode": "train", "epoch": 34}
{"loss": 0.19033165276050568, "acc": 0.9305405020713806, "length": 5.0, "mode": "test", "epoch": 34}
{"loss": 0.19635726511478424, "acc": 0.9268391728401184, "length": 5.0, "mode": "train", "epoch": 35}
{"loss": 0.195007786154747, "acc": 0.9298576712608337, "length": 5.0, "mode": "test", "epoch": 35}
{"loss": 0.18683481216430664, "acc": 0.9308031797409058, "length": 5.0, "mode": "train", "epoch": 36}
{"loss": 0.18488809466362, "acc": 0.9328584671020508, "length": 5.0, "mode": "test", "epoch": 36}
{"loss": 0.18580259382724762, "acc": 0.9310636520385742, "length": 5.0, "mode": "train", "epoch": 37}
{"loss": 0.19260874390602112, "acc": 0.9304313659667969, "length": 5.0, "mode": "test", "epoch": 37}
{"loss": 0.18498101830482483, "acc": 0.9316316246986389, "length": 5.0, "mode": "train", "epoch": 38}
{"loss": 0.1924884170293808, "acc": 0.929747462272644, "length": 5.0, "mode": "test", "epoch": 38}
{"loss": 0.18422572314739227, "acc": 0.9322541952133179, "length": 5.0, "mode": "train", "epoch": 39}
{"loss": 0.20025748014450073, "acc": 0.9272335767745972, "length": 5.0, "mode": "test", "epoch": 39}
{"loss": 0.18228307366371155, "acc": 0.9328675866127014, "length": 5.0, "mode": "train", "epoch": 40}
{"loss": 0.18327385187149048, "acc": 0.9331539869308472, "length": 5.0, "mode": "test", "epoch": 40}
{"loss": 0.18519015610218048, "acc": 0.9317268133163452, "length": 5.0, "mode": "train", "epoch": 41}
{"loss": 0.18217016756534576, "acc": 0.9343245625495911, "length": 5.0, "mode": "test", "epoch": 41}
{"loss": 0.180754616856575, "acc": 0.9332740306854248, "length": 5.0, "mode": "train", "epoch": 42}
{"loss": 0.19111491739749908, "acc": 0.9307599067687988, "length": 5.0, "mode": "test", "epoch": 42}
{"loss": 0.1829005479812622, "acc": 0.932798445224762, "length": 5.0, "mode": "train", "epoch": 43}
{"loss": 0.18367736041545868, "acc": 0.93353271484375, "length": 5.0, "mode": "test", "epoch": 43}
{"loss": 0.18192732334136963, "acc": 0.9327888488769531, "length": 5.0, "mode": "train", "epoch": 44}
{"loss": 0.18399441242218018, "acc": 0.9336879849433899, "length": 5.0, "mode": "test", "epoch": 44}
{"loss": 0.1821831315755844, "acc": 0.9329397678375244, "length": 5.0, "mode": "train", "epoch": 45}
{"loss": 0.19138433039188385, "acc": 0.9310563802719116, "length": 5.0, "mode": "test", "epoch": 45}
{"loss": 0.1818651556968689, "acc": 0.9332444071769714, "length": 5.0, "mode": "train", "epoch": 46}
{"loss": 0.18348033726215363, "acc": 0.9338634014129639, "length": 5.0, "mode": "test", "epoch": 46}
{"loss": 0.18000859022140503, "acc": 0.9337973594665527, "length": 5.0, "mode": "train", "epoch": 47}
{"loss": 0.18696855008602142, "acc": 0.9321232438087463, "length": 5.0, "mode": "test", "epoch": 47}
{"loss": 0.1806640475988388, "acc": 0.9336625337600708, "length": 5.0, "mode": "train", "epoch": 48}
{"loss": 0.1842331737279892, "acc": 0.9334813952445984, "length": 5.0, "mode": "test", "epoch": 48}
{"loss": 0.1792282909154892, "acc": 0.9337590932846069, "length": 5.0, "mode": "train", "epoch": 49}
{"loss": 0.18293820321559906, "acc": 0.9336494207382202, "length": 5.0, "mode": "test", "epoch": 49}
{"loss": 0.17866037786006927, "acc": 0.9344429969787598, "length": 5.0, "mode": "train", "epoch": 50}
{"loss": 0.18004581332206726, "acc": 0.9352205395698547, "length": 5.0, "mode": "test", "epoch": 50}
{"loss": 0.1762416660785675, "acc": 0.935027003288269, "length": 5.0, "mode": "train", "epoch": 51}
{"loss": 0.17760181427001953, "acc": 0.9357597231864929, "length": 5.0, "mode": "test", "epoch": 51}
{"loss": 0.17599627375602722, "acc": 0.9351462125778198, "length": 5.0, "mode": "train", "epoch": 52}
{"loss": 0.17972466349601746, "acc": 0.9355629086494446, "length": 5.0, "mode": "test", "epoch": 52}
{"loss": 0.17411866784095764, "acc": 0.9359232187271118, "length": 5.0, "mode": "train", "epoch": 53}
{"loss": 0.17964531481266022, "acc": 0.9350225329399109, "length": 5.0, "mode": "test", "epoch": 53}
{"loss": 0.1790260225534439, "acc": 0.9342193603515625, "length": 5.0, "mode": "train", "epoch": 54}
{"loss": 0.1799325793981552, "acc": 0.9348158836364746, "length": 5.0, "mode": "test", "epoch": 54}
{"loss": 0.17959445714950562, "acc": 0.9336596727371216, "length": 5.0, "mode": "train", "epoch": 55}
{"loss": 0.18088379502296448, "acc": 0.9347484707832336, "length": 5.0, "mode": "test", "epoch": 55}
{"loss": 0.17322516441345215, "acc": 0.9362162947654724, "length": 5.0, "mode": "train", "epoch": 56}
{"loss": 0.17596258223056793, "acc": 0.9366683959960938, "length": 5.0, "mode": "test", "epoch": 56}
{"loss": 0.17253939807415009, "acc": 0.9366644620895386, "length": 5.0, "mode": "train", "epoch": 57}
{"loss": 0.1727362871170044, "acc": 0.9376199245452881, "length": 5.0, "mode": "test", "epoch": 57}
{"loss": 0.17058247327804565, "acc": 0.9370172023773193, "length": 5.0, "mode": "train", "epoch": 58}
{"loss": 0.17981630563735962, "acc": 0.9344102740287781, "length": 5.0, "mode": "test", "epoch": 58}
{"loss": 0.17246074974536896, "acc": 0.936722993850708, "length": 5.0, "mode": "train", "epoch": 59}
{"loss": 0.17543825507164001, "acc": 0.9367722868919373, "length": 5.0, "mode": "test", "epoch": 59}
{"loss": 0.17094996571540833, "acc": 0.9372923374176025, "length": 5.0, "mode": "train", "epoch": 60}
{"loss": 0.1737770289182663, "acc": 0.9375631809234619, "length": 5.0, "mode": "test", "epoch": 60}
test accuracy: 0.9341281652450562
