ndevices 0
# ["--attributes=4", "--values=8", "--game_size=10", "--vocab_size_factor=3", "--n_epochs=60", "--batch_size=128", "--learning_rate=0.0005", "--speaker_hidden_size=256", "--temp_update=0.99", "--temperature=1.5"]
data loaded from: data/dim(4,8).ds
vocab size 28
message length 4
{"loss": 0.45389309525489807, "acc": 0.7754577398300171, "length": 4.903578281402588, "mode": "train", "epoch": 1}
{"loss": 0.3676935136318207, "acc": 0.8336108922958374, "length": 5.0, "mode": "test", "epoch": 1}
{"loss": 0.3240312337875366, "acc": 0.8594194054603577, "length": 4.999815464019775, "mode": "train", "epoch": 2}
{"loss": 0.31452515721321106, "acc": 0.8656282424926758, "length": 5.0, "mode": "test", "epoch": 2}
{"loss": 0.2967554032802582, "acc": 0.8706851601600647, "length": 4.9999518394470215, "mode": "train", "epoch": 3}
{"loss": 0.2997751235961914, "acc": 0.8661418557167053, "length": 5.0, "mode": "test", "epoch": 3}
{"loss": 0.2820974886417389, "acc": 0.876009464263916, "length": 4.999979496002197, "mode": "train", "epoch": 4}
{"loss": 0.28516486287117004, "acc": 0.8766855597496033, "length": 5.0, "mode": "test", "epoch": 4}
{"loss": 0.2736894190311432, "acc": 0.8787589073181152, "length": 4.999990463256836, "mode": "train", "epoch": 5}
{"loss": 0.27583813667297363, "acc": 0.8792616128921509, "length": 5.0, "mode": "test", "epoch": 5}
{"loss": 0.26681309938430786, "acc": 0.8805028796195984, "length": 4.999993801116943, "mode": "train", "epoch": 6}
{"loss": 0.2718236744403839, "acc": 0.8785905241966248, "length": 5.0, "mode": "test", "epoch": 6}
{"loss": 0.2632412314414978, "acc": 0.8813521265983582, "length": 4.999996662139893, "mode": "train", "epoch": 7}
{"loss": 0.26632586121559143, "acc": 0.8797667026519775, "length": 5.0, "mode": "test", "epoch": 7}
{"loss": 0.2568606734275818, "acc": 0.8831900954246521, "length": 4.999999046325684, "mode": "train", "epoch": 8}
{"loss": 0.26151081919670105, "acc": 0.8813891410827637, "length": 5.0, "mode": "test", "epoch": 8}
{"loss": 0.25073596835136414, "acc": 0.8860333561897278, "length": 4.999999523162842, "mode": "train", "epoch": 9}
{"loss": 0.25432315468788147, "acc": 0.8850332498550415, "length": 5.0, "mode": "test", "epoch": 9}
{"loss": 0.2433396428823471, "acc": 0.8897631168365479, "length": 4.999999523162842, "mode": "train", "epoch": 10}
{"loss": 0.24910132586956024, "acc": 0.888325035572052, "length": 5.0, "mode": "test", "epoch": 10}
{"loss": 0.23820608854293823, "acc": 0.8918400406837463, "length": 4.999999523162842, "mode": "train", "epoch": 11}
{"loss": 0.24241821467876434, "acc": 0.8915635943412781, "length": 5.0, "mode": "test", "epoch": 11}
{"loss": 0.2328898161649704, "acc": 0.8938391208648682, "length": 5.0, "mode": "train", "epoch": 12}
{"loss": 0.23886358737945557, "acc": 0.8913184404373169, "length": 5.0, "mode": "test", "epoch": 12}
{"loss": 0.229531928896904, "acc": 0.894685685634613, "length": 5.0, "mode": "train", "epoch": 13}
{"loss": 0.23274224996566772, "acc": 0.8941416144371033, "length": 5.0, "mode": "test", "epoch": 13}
{"loss": 0.22780822217464447, "acc": 0.8953059315681458, "length": 5.0, "mode": "train", "epoch": 14}
{"loss": 0.2365652471780777, "acc": 0.8933464884757996, "length": 5.0, "mode": "test", "epoch": 14}
{"loss": 0.22473770380020142, "acc": 0.8965489268302917, "length": 5.0, "mode": "train", "epoch": 15}
{"loss": 0.22972075641155243, "acc": 0.8975566625595093, "length": 5.0, "mode": "test", "epoch": 15}
{"loss": 0.21921151876449585, "acc": 0.8993496894836426, "length": 5.0, "mode": "train", "epoch": 16}
{"loss": 0.2327156960964203, "acc": 0.8952375650405884, "length": 5.0, "mode": "test", "epoch": 16}
{"loss": 0.216256782412529, "acc": 0.9003603458404541, "length": 5.0, "mode": "train", "epoch": 17}
{"loss": 0.21921834349632263, "acc": 0.9022420048713684, "length": 5.0, "mode": "test", "epoch": 17}
{"loss": 0.21288813650608063, "acc": 0.9018486142158508, "length": 5.0, "mode": "train", "epoch": 18}
{"loss": 0.21761535108089447, "acc": 0.9024786353111267, "length": 5.0, "mode": "test", "epoch": 18}
{"loss": 0.21205094456672668, "acc": 0.9023112654685974, "length": 5.0, "mode": "train", "epoch": 19}
{"loss": 0.21742954850196838, "acc": 0.9027792811393738, "length": 5.0, "mode": "test", "epoch": 19}
{"loss": 0.21026834845542908, "acc": 0.9027765393257141, "length": 5.0, "mode": "train", "epoch": 20}
{"loss": 0.22530768811702728, "acc": 0.8983818292617798, "length": 5.0, "mode": "test", "epoch": 20}
{"loss": 0.21021078526973724, "acc": 0.9027826189994812, "length": 5.0, "mode": "train", "epoch": 21}
{"loss": 0.2121109813451767, "acc": 0.9040849804878235, "length": 5.0, "mode": "test", "epoch": 21}
{"loss": 0.20445404946804047, "acc": 0.9046489000320435, "length": 5.0, "mode": "train", "epoch": 22}
{"loss": 0.21144042909145355, "acc": 0.9050727486610413, "length": 5.0, "mode": "test", "epoch": 22}
{"loss": 0.20271150767803192, "acc": 0.9056251049041748, "length": 5.0, "mode": "train", "epoch": 23}
{"loss": 0.21081233024597168, "acc": 0.9024592041969299, "length": 5.0, "mode": "test", "epoch": 23}
{"loss": 0.20042575895786285, "acc": 0.9068015813827515, "length": 5.0, "mode": "train", "epoch": 24}
{"loss": 0.2066616266965866, "acc": 0.9069123864173889, "length": 5.0, "mode": "test", "epoch": 24}
{"loss": 0.2024623304605484, "acc": 0.9062657356262207, "length": 5.0, "mode": "train", "epoch": 25}
{"loss": 0.205766960978508, "acc": 0.907450795173645, "length": 5.0, "mode": "test", "epoch": 25}
{"loss": 0.19800420105457306, "acc": 0.9078917503356934, "length": 5.0, "mode": "train", "epoch": 26}
{"loss": 0.20335346460342407, "acc": 0.908816397190094, "length": 5.0, "mode": "test", "epoch": 26}
{"loss": 0.19965201616287231, "acc": 0.9074729681015015, "length": 5.0, "mode": "train", "epoch": 27}
{"loss": 0.20459504425525665, "acc": 0.9077814817428589, "length": 5.0, "mode": "test", "epoch": 27}
{"loss": 0.1975058615207672, "acc": 0.9086355566978455, "length": 5.0, "mode": "train", "epoch": 28}
{"loss": 0.20345981419086456, "acc": 0.9087607264518738, "length": 5.0, "mode": "test", "epoch": 28}
{"loss": 0.19459331035614014, "acc": 0.9102069735527039, "length": 5.0, "mode": "train", "epoch": 29}
{"loss": 0.2062600702047348, "acc": 0.9074582457542419, "length": 5.0, "mode": "test", "epoch": 29}
{"loss": 0.1942262202501297, "acc": 0.9110710024833679, "length": 5.0, "mode": "train", "epoch": 30}
{"loss": 0.20974263548851013, "acc": 0.9088998436927795, "length": 5.0, "mode": "test", "epoch": 30}
{"loss": 0.19116690754890442, "acc": 0.9131351113319397, "length": 5.0, "mode": "train", "epoch": 31}
{"loss": 0.19585385918617249, "acc": 0.9131283164024353, "length": 5.0, "mode": "test", "epoch": 31}
{"loss": 0.18769069015979767, "acc": 0.9155398607254028, "length": 5.0, "mode": "train", "epoch": 32}
{"loss": 0.19583489000797272, "acc": 0.9144606590270996, "length": 5.0, "mode": "test", "epoch": 32}
{"loss": 0.18456339836120605, "acc": 0.917983889579773, "length": 5.0, "mode": "train", "epoch": 33}
{"loss": 0.18956081569194794, "acc": 0.9190956354141235, "length": 5.0, "mode": "test", "epoch": 33}
{"loss": 0.180029958486557, "acc": 0.9208417534828186, "length": 5.0, "mode": "train", "epoch": 34}
{"loss": 0.1888778954744339, "acc": 0.9196426272392273, "length": 5.0, "mode": "test", "epoch": 34}
{"loss": 0.1767365038394928, "acc": 0.9233788251876831, "length": 5.0, "mode": "train", "epoch": 35}
{"loss": 0.18224883079528809, "acc": 0.9234023094177246, "length": 5.0, "mode": "test", "epoch": 35}
{"loss": 0.17261971533298492, "acc": 0.9257397055625916, "length": 5.0, "mode": "train", "epoch": 36}
{"loss": 0.18150576949119568, "acc": 0.924689531326294, "length": 5.0, "mode": "test", "epoch": 36}
{"loss": 0.17091701924800873, "acc": 0.9270029067993164, "length": 5.0, "mode": "train", "epoch": 37}
{"loss": 0.17826910316944122, "acc": 0.9270462393760681, "length": 5.0, "mode": "test", "epoch": 37}
{"loss": 0.1711333841085434, "acc": 0.9279536008834839, "length": 5.0, "mode": "train", "epoch": 38}
{"loss": 0.18390333652496338, "acc": 0.9263774156570435, "length": 5.0, "mode": "test", "epoch": 38}
{"loss": 0.16306747496128082, "acc": 0.9326518177986145, "length": 5.0, "mode": "train", "epoch": 39}
{"loss": 0.1663447916507721, "acc": 0.9334631562232971, "length": 5.0, "mode": "test", "epoch": 39}
{"loss": 0.15620222687721252, "acc": 0.9359798431396484, "length": 5.0, "mode": "train", "epoch": 40}
{"loss": 0.16370631754398346, "acc": 0.9353072643280029, "length": 5.0, "mode": "test", "epoch": 40}
{"loss": 0.15526022017002106, "acc": 0.9371392726898193, "length": 5.0, "mode": "train", "epoch": 41}
{"loss": 0.1613609939813614, "acc": 0.9369134902954102, "length": 5.0, "mode": "test", "epoch": 41}
{"loss": 0.14980186522006989, "acc": 0.9399250149726868, "length": 5.0, "mode": "train", "epoch": 42}
{"loss": 0.15775199234485626, "acc": 0.9392240047454834, "length": 5.0, "mode": "test", "epoch": 42}
{"loss": 0.14917412400245667, "acc": 0.9408546686172485, "length": 5.0, "mode": "train", "epoch": 43}
{"loss": 0.15540480613708496, "acc": 0.9400140047073364, "length": 5.0, "mode": "test", "epoch": 43}
{"loss": 0.14711031317710876, "acc": 0.9419469833374023, "length": 5.0, "mode": "train", "epoch": 44}
{"loss": 0.1536882370710373, "acc": 0.941023051738739, "length": 5.0, "mode": "test", "epoch": 44}
{"loss": 0.1434144824743271, "acc": 0.9432891011238098, "length": 5.0, "mode": "train", "epoch": 45}
{"loss": 0.15178227424621582, "acc": 0.9416705965995789, "length": 5.0, "mode": "test", "epoch": 45}
{"loss": 0.14258889853954315, "acc": 0.9440585970878601, "length": 5.0, "mode": "train", "epoch": 46}
{"loss": 0.15060566365718842, "acc": 0.9425706267356873, "length": 5.0, "mode": "test", "epoch": 46}
{"loss": 0.14066368341445923, "acc": 0.9447766542434692, "length": 5.0, "mode": "train", "epoch": 47}
{"loss": 0.14850157499313354, "acc": 0.9433037638664246, "length": 5.0, "mode": "test", "epoch": 47}
{"loss": 0.1385665237903595, "acc": 0.9458803534507751, "length": 5.0, "mode": "train", "epoch": 48}
{"loss": 0.14762264490127563, "acc": 0.9437991380691528, "length": 5.0, "mode": "test", "epoch": 48}
{"loss": 0.13628216087818146, "acc": 0.94701087474823, "length": 5.0, "mode": "train", "epoch": 49}
{"loss": 0.1461903154850006, "acc": 0.945174515247345, "length": 5.0, "mode": "test", "epoch": 49}
{"loss": 0.1358981430530548, "acc": 0.9473409652709961, "length": 5.0, "mode": "train", "epoch": 50}
{"loss": 0.14553454518318176, "acc": 0.9454461932182312, "length": 5.0, "mode": "test", "epoch": 50}
{"loss": 0.13670623302459717, "acc": 0.9474171996116638, "length": 5.0, "mode": "train", "epoch": 51}
{"loss": 0.1433221995830536, "acc": 0.9456977844238281, "length": 5.0, "mode": "test", "epoch": 51}
{"loss": 0.13436834514141083, "acc": 0.9483379125595093, "length": 5.0, "mode": "train", "epoch": 52}
{"loss": 0.14075449109077454, "acc": 0.9472720623016357, "length": 5.0, "mode": "test", "epoch": 52}
{"loss": 0.13074956834316254, "acc": 0.9498840570449829, "length": 5.0, "mode": "train", "epoch": 53}
{"loss": 0.14046740531921387, "acc": 0.94765305519104, "length": 5.0, "mode": "test", "epoch": 53}
{"loss": 0.13022571802139282, "acc": 0.9503163695335388, "length": 5.0, "mode": "train", "epoch": 54}
{"loss": 0.13907407224178314, "acc": 0.9482373595237732, "length": 5.0, "mode": "test", "epoch": 54}
{"loss": 0.1282443255186081, "acc": 0.9513915777206421, "length": 5.0, "mode": "train", "epoch": 55}
{"loss": 0.13408172130584717, "acc": 0.9505767226219177, "length": 5.0, "mode": "test", "epoch": 55}
{"loss": 0.12976771593093872, "acc": 0.9511287212371826, "length": 5.0, "mode": "train", "epoch": 56}
{"loss": 0.13939924538135529, "acc": 0.9488581418991089, "length": 5.0, "mode": "test", "epoch": 56}
{"loss": 0.12707586586475372, "acc": 0.9522053003311157, "length": 5.0, "mode": "train", "epoch": 57}
{"loss": 0.13698285818099976, "acc": 0.949964702129364, "length": 5.0, "mode": "test", "epoch": 57}
{"loss": 0.1250438690185547, "acc": 0.9532755017280579, "length": 5.0, "mode": "train", "epoch": 58}
{"loss": 0.13268952071666718, "acc": 0.9516919255256653, "length": 5.0, "mode": "test", "epoch": 58}
{"loss": 0.12336660921573639, "acc": 0.9541459679603577, "length": 5.0, "mode": "train", "epoch": 59}
{"loss": 0.13249604403972626, "acc": 0.9522731900215149, "length": 5.0, "mode": "test", "epoch": 59}
{"loss": 0.12464786320924759, "acc": 0.9537963271141052, "length": 5.0, "mode": "train", "epoch": 60}
{"loss": 0.13016505539417267, "acc": 0.9536355137825012, "length": 5.0, "mode": "test", "epoch": 60}
test accuracy: 0.9454429745674133
