ndevices 0
# ["--attributes=4", "--values=8", "--game_size=10", "--vocab_size_factor=3", "--n_epochs=60", "--batch_size=128", "--learning_rate=0.0005", "--speaker_hidden_size=256", "--temp_update=0.99", "--temperature=2"]
data loaded from: data/dim(4,8).ds
vocab size 28
message length 4
{"loss": 0.4449493885040283, "acc": 0.7850185036659241, "length": 4.917718410491943, "mode": "train", "epoch": 1}
{"loss": 0.38285794854164124, "acc": 0.8216620683670044, "length": 5.0, "mode": "test", "epoch": 1}
{"loss": 0.305355042219162, "acc": 0.8720616698265076, "length": 4.999701976776123, "mode": "train", "epoch": 2}
{"loss": 0.3331592381000519, "acc": 0.8568782210350037, "length": 5.0, "mode": "test", "epoch": 2}
{"loss": 0.26172417402267456, "acc": 0.8941618800163269, "length": 4.999935626983643, "mode": "train", "epoch": 3}
{"loss": 0.2989721894264221, "acc": 0.8741459250450134, "length": 5.0, "mode": "test", "epoch": 3}
{"loss": 0.23927080631256104, "acc": 0.9041801691055298, "length": 4.999964714050293, "mode": "train", "epoch": 4}
{"loss": 0.32160481810569763, "acc": 0.862273097038269, "length": 5.0, "mode": "test", "epoch": 4}
{"loss": 0.2209632694721222, "acc": 0.912135899066925, "length": 4.999983310699463, "mode": "train", "epoch": 5}
{"loss": 0.26036593317985535, "acc": 0.8927012085914612, "length": 5.0, "mode": "test", "epoch": 5}
{"loss": 0.2035941630601883, "acc": 0.9195850491523743, "length": 4.999993324279785, "mode": "train", "epoch": 6}
{"loss": 0.25307419896125793, "acc": 0.8907544016838074, "length": 5.0, "mode": "test", "epoch": 6}
{"loss": 0.19160200655460358, "acc": 0.9244306087493896, "length": 4.999996662139893, "mode": "train", "epoch": 7}
{"loss": 0.22281724214553833, "acc": 0.9089875817298889, "length": 5.0, "mode": "test", "epoch": 7}
{"loss": 0.17970451712608337, "acc": 0.9296879172325134, "length": 4.999998569488525, "mode": "train", "epoch": 8}
{"loss": 0.21671295166015625, "acc": 0.9109663367271423, "length": 5.0, "mode": "test", "epoch": 8}
{"loss": 0.16752195358276367, "acc": 0.9355065226554871, "length": 4.999999523162842, "mode": "train", "epoch": 9}
{"loss": 0.20527130365371704, "acc": 0.9167166352272034, "length": 5.0, "mode": "test", "epoch": 9}
{"loss": 0.15652291476726532, "acc": 0.9411157369613647, "length": 5.0, "mode": "train", "epoch": 10}
{"loss": 0.19657659530639648, "acc": 0.9203478097915649, "length": 5.0, "mode": "test", "epoch": 10}
{"loss": 0.14957894384860992, "acc": 0.9439451098442078, "length": 5.0, "mode": "train", "epoch": 11}
{"loss": 0.18663974106311798, "acc": 0.9276444315910339, "length": 5.0, "mode": "test", "epoch": 11}
{"loss": 0.1427600383758545, "acc": 0.9474025964736938, "length": 5.0, "mode": "train", "epoch": 12}
{"loss": 0.18520474433898926, "acc": 0.9284589290618896, "length": 5.0, "mode": "test", "epoch": 12}
{"loss": 0.13602550327777863, "acc": 0.9511337280273438, "length": 5.0, "mode": "train", "epoch": 13}
{"loss": 0.1756758987903595, "acc": 0.9313377141952515, "length": 5.0, "mode": "test", "epoch": 13}
{"loss": 0.12579572200775146, "acc": 0.9562304019927979, "length": 5.0, "mode": "train", "epoch": 14}
{"loss": 0.15993568301200867, "acc": 0.9407384395599365, "length": 5.0, "mode": "test", "epoch": 14}
{"loss": 0.1179492250084877, "acc": 0.9599910974502563, "length": 5.0, "mode": "train", "epoch": 15}
{"loss": 0.15856456756591797, "acc": 0.9387157559394836, "length": 5.0, "mode": "test", "epoch": 15}
{"loss": 0.11491522192955017, "acc": 0.9612471461296082, "length": 5.0, "mode": "train", "epoch": 16}
{"loss": 0.14800110459327698, "acc": 0.9454463720321655, "length": 5.0, "mode": "test", "epoch": 16}
{"loss": 0.11458027362823486, "acc": 0.9615287184715271, "length": 5.0, "mode": "train", "epoch": 17}
{"loss": 0.13723105192184448, "acc": 0.9519456028938293, "length": 5.0, "mode": "test", "epoch": 17}
{"loss": 0.10828451067209244, "acc": 0.9638439416885376, "length": 5.0, "mode": "train", "epoch": 18}
{"loss": 0.14123126864433289, "acc": 0.9486440420150757, "length": 5.0, "mode": "test", "epoch": 18}
{"loss": 0.10647904127836227, "acc": 0.9645965695381165, "length": 5.0, "mode": "train", "epoch": 19}
{"loss": 0.13999108970165253, "acc": 0.9499315023422241, "length": 5.0, "mode": "test", "epoch": 19}
{"loss": 0.10298147797584534, "acc": 0.9658212661743164, "length": 5.0, "mode": "train", "epoch": 20}
{"loss": 0.13237324357032776, "acc": 0.9528682231903076, "length": 5.0, "mode": "test", "epoch": 20}
{"loss": 0.10103490948677063, "acc": 0.9667505025863647, "length": 5.0, "mode": "train", "epoch": 21}
{"loss": 0.13304930925369263, "acc": 0.9520419239997864, "length": 5.0, "mode": "test", "epoch": 21}
{"loss": 0.09698057174682617, "acc": 0.9685524702072144, "length": 5.0, "mode": "train", "epoch": 22}
{"loss": 0.12387692183256149, "acc": 0.9576905369758606, "length": 5.0, "mode": "test", "epoch": 22}
{"loss": 0.09376264363527298, "acc": 0.9700643420219421, "length": 5.0, "mode": "train", "epoch": 23}
{"loss": 0.13200858235359192, "acc": 0.9545494318008423, "length": 5.0, "mode": "test", "epoch": 23}
{"loss": 0.09116793423891068, "acc": 0.9711610078811646, "length": 5.0, "mode": "train", "epoch": 24}
{"loss": 0.1193137913942337, "acc": 0.9595494866371155, "length": 5.0, "mode": "test", "epoch": 24}
{"loss": 0.08908022195100784, "acc": 0.9719083309173584, "length": 5.0, "mode": "train", "epoch": 25}
{"loss": 0.11323785781860352, "acc": 0.9618301391601562, "length": 5.0, "mode": "test", "epoch": 25}
{"loss": 0.08547589182853699, "acc": 0.9735194444656372, "length": 5.0, "mode": "train", "epoch": 26}
{"loss": 0.1232619434595108, "acc": 0.9575887322425842, "length": 5.0, "mode": "test", "epoch": 26}
{"loss": 0.08357426524162292, "acc": 0.9745616912841797, "length": 5.0, "mode": "train", "epoch": 27}
{"loss": 0.11911527812480927, "acc": 0.9605683088302612, "length": 5.0, "mode": "test", "epoch": 27}
{"loss": 0.08217790722846985, "acc": 0.975162148475647, "length": 5.0, "mode": "train", "epoch": 28}
{"loss": 0.10506852716207504, "acc": 0.9658165574073792, "length": 5.0, "mode": "test", "epoch": 28}
{"loss": 0.07990718632936478, "acc": 0.9760586619377136, "length": 5.0, "mode": "train", "epoch": 29}
{"loss": 0.11319006234407425, "acc": 0.9628093838691711, "length": 5.0, "mode": "test", "epoch": 29}
{"loss": 0.07824374735355377, "acc": 0.9766254425048828, "length": 5.0, "mode": "train", "epoch": 30}
{"loss": 0.09965308010578156, "acc": 0.9688794016838074, "length": 5.0, "mode": "test", "epoch": 30}
{"loss": 0.07886075973510742, "acc": 0.9763993620872498, "length": 5.0, "mode": "train", "epoch": 31}
{"loss": 0.10437070578336716, "acc": 0.9660659432411194, "length": 5.0, "mode": "test", "epoch": 31}
{"loss": 0.07697747647762299, "acc": 0.9770132899284363, "length": 5.0, "mode": "train", "epoch": 32}
{"loss": 0.10016852617263794, "acc": 0.9673362374305725, "length": 5.0, "mode": "test", "epoch": 32}
{"loss": 0.07672714442014694, "acc": 0.9771084785461426, "length": 5.0, "mode": "train", "epoch": 33}
{"loss": 0.0985872745513916, "acc": 0.968919038772583, "length": 5.0, "mode": "test", "epoch": 33}
{"loss": 0.07735209912061691, "acc": 0.9768145084381104, "length": 5.0, "mode": "train", "epoch": 34}
{"loss": 0.10241860151290894, "acc": 0.968029797077179, "length": 5.0, "mode": "test", "epoch": 34}
{"loss": 0.07554547488689423, "acc": 0.9773754477500916, "length": 5.0, "mode": "train", "epoch": 35}
{"loss": 0.09263847768306732, "acc": 0.9718375205993652, "length": 5.0, "mode": "test", "epoch": 35}
{"loss": 0.07473823428153992, "acc": 0.9776871800422668, "length": 5.0, "mode": "train", "epoch": 36}
{"loss": 0.09191827476024628, "acc": 0.9718086123466492, "length": 5.0, "mode": "test", "epoch": 36}
{"loss": 0.0754348412156105, "acc": 0.9773799180984497, "length": 5.0, "mode": "train", "epoch": 37}
{"loss": 0.09317462146282196, "acc": 0.9721843004226685, "length": 5.0, "mode": "test", "epoch": 37}
{"loss": 0.07457448542118073, "acc": 0.9776714444160461, "length": 5.0, "mode": "train", "epoch": 38}
{"loss": 0.0917399674654007, "acc": 0.972533106803894, "length": 5.0, "mode": "test", "epoch": 38}
{"loss": 0.07356000691652298, "acc": 0.9779386520385742, "length": 5.0, "mode": "train", "epoch": 39}
{"loss": 0.0883445218205452, "acc": 0.9737415313720703, "length": 5.0, "mode": "test", "epoch": 39}
{"loss": 0.07476112246513367, "acc": 0.9776305556297302, "length": 5.0, "mode": "train", "epoch": 40}
{"loss": 0.09378332644701004, "acc": 0.9716705083847046, "length": 5.0, "mode": "test", "epoch": 40}
{"loss": 0.07358323782682419, "acc": 0.9779989719390869, "length": 5.0, "mode": "train", "epoch": 41}
{"loss": 0.0892387181520462, "acc": 0.9725674390792847, "length": 5.0, "mode": "test", "epoch": 41}
{"loss": 0.07296521961688995, "acc": 0.9781780242919922, "length": 5.0, "mode": "train", "epoch": 42}
{"loss": 0.08764737099409103, "acc": 0.9738292098045349, "length": 5.0, "mode": "test", "epoch": 42}
{"loss": 0.07324732095003128, "acc": 0.9780341982841492, "length": 5.0, "mode": "train", "epoch": 43}
{"loss": 0.0873490497469902, "acc": 0.9738613963127136, "length": 5.0, "mode": "test", "epoch": 43}
{"loss": 0.07070530205965042, "acc": 0.9787794351577759, "length": 5.0, "mode": "train", "epoch": 44}
{"loss": 0.08524372428655624, "acc": 0.9746618866920471, "length": 5.0, "mode": "test", "epoch": 44}
{"loss": 0.06923110038042068, "acc": 0.9796124696731567, "length": 5.0, "mode": "train", "epoch": 45}
{"loss": 0.08630918711423874, "acc": 0.9750341773033142, "length": 5.0, "mode": "test", "epoch": 45}
{"loss": 0.0660039633512497, "acc": 0.9809427261352539, "length": 5.0, "mode": "train", "epoch": 46}
{"loss": 0.07761991769075394, "acc": 0.9778993129730225, "length": 5.0, "mode": "test", "epoch": 46}
{"loss": 0.06483688205480576, "acc": 0.981441855430603, "length": 5.0, "mode": "train", "epoch": 47}
{"loss": 0.07728402316570282, "acc": 0.9776015877723694, "length": 5.0, "mode": "test", "epoch": 47}
{"loss": 0.0644448846578598, "acc": 0.9815712571144104, "length": 5.0, "mode": "train", "epoch": 48}
{"loss": 0.07690699398517609, "acc": 0.9784707427024841, "length": 5.0, "mode": "test", "epoch": 48}
{"loss": 0.06589257717132568, "acc": 0.9811375141143799, "length": 5.0, "mode": "train", "epoch": 49}
{"loss": 0.07673561573028564, "acc": 0.9783293604850769, "length": 5.0, "mode": "test", "epoch": 49}
{"loss": 0.06589404493570328, "acc": 0.9811834096908569, "length": 5.0, "mode": "train", "epoch": 50}
{"loss": 0.07740359008312225, "acc": 0.9787981510162354, "length": 5.0, "mode": "test", "epoch": 50}
{"loss": 0.06296587735414505, "acc": 0.9820340275764465, "length": 5.0, "mode": "train", "epoch": 51}
{"loss": 0.07703106850385666, "acc": 0.9780201315879822, "length": 5.0, "mode": "test", "epoch": 51}
{"loss": 0.0638321042060852, "acc": 0.9816941022872925, "length": 5.0, "mode": "train", "epoch": 52}
{"loss": 0.07451111078262329, "acc": 0.9784973859786987, "length": 5.0, "mode": "test", "epoch": 52}
{"loss": 0.0627618357539177, "acc": 0.9820377826690674, "length": 5.0, "mode": "train", "epoch": 53}
{"loss": 0.0725531354546547, "acc": 0.9798629879951477, "length": 5.0, "mode": "test", "epoch": 53}
{"loss": 0.06372273713350296, "acc": 0.9817549586296082, "length": 5.0, "mode": "train", "epoch": 54}
{"loss": 0.0734197273850441, "acc": 0.9795343279838562, "length": 5.0, "mode": "test", "epoch": 54}
{"loss": 0.06259600073099136, "acc": 0.9821327924728394, "length": 5.0, "mode": "train", "epoch": 55}
{"loss": 0.07007892429828644, "acc": 0.9808444380760193, "length": 5.0, "mode": "test", "epoch": 55}
{"loss": 0.07139544934034348, "acc": 0.9790481328964233, "length": 5.0, "mode": "train", "epoch": 56}
{"loss": 0.08694236725568771, "acc": 0.9750085473060608, "length": 5.0, "mode": "test", "epoch": 56}
{"loss": 0.06879685819149017, "acc": 0.9796851277351379, "length": 5.0, "mode": "train", "epoch": 57}
{"loss": 0.07673661410808563, "acc": 0.9777054190635681, "length": 5.0, "mode": "test", "epoch": 57}
{"loss": 0.0658215880393982, "acc": 0.9808441996574402, "length": 5.0, "mode": "train", "epoch": 58}
{"loss": 0.0841437429189682, "acc": 0.9756559133529663, "length": 5.0, "mode": "test", "epoch": 58}
{"loss": 0.0659962072968483, "acc": 0.9809844493865967, "length": 5.0, "mode": "train", "epoch": 59}
{"loss": 0.075864776968956, "acc": 0.9785948991775513, "length": 5.0, "mode": "test", "epoch": 59}
{"loss": 0.06380347162485123, "acc": 0.9815958738327026, "length": 5.0, "mode": "train", "epoch": 60}
{"loss": 0.07352510094642639, "acc": 0.9794477820396423, "length": 5.0, "mode": "test", "epoch": 60}
test accuracy: 0.9762963652610779
