ndevices 0
# ["--attributes=4", "--values=8", "--game_size=10", "--vocab_size_factor=3", "--n_epochs=60", "--batch_size=32", "--learning_rate=0.0005", "--speaker_hidden_size=256", "--temp_update=0.97", "--temperature=1"]
data loaded from: data/dim(4,8).ds
vocab size 28
message length 4
{"loss": 0.36180558800697327, "acc": 0.8390893936157227, "length": 4.969010829925537, "mode": "train", "epoch": 1}
{"loss": 0.30514025688171387, "acc": 0.8743857145309448, "length": 5.0, "mode": "test", "epoch": 1}
{"loss": 0.2855790853500366, "acc": 0.881066620349884, "length": 4.999989032745361, "mode": "train", "epoch": 2}
{"loss": 0.27242225408554077, "acc": 0.8894991278648376, "length": 5.0, "mode": "test", "epoch": 2}
{"loss": 0.25879326462745667, "acc": 0.8954580426216125, "length": 4.999999046325684, "mode": "train", "epoch": 3}
{"loss": 0.25326675176620483, "acc": 0.9005448222160339, "length": 5.0, "mode": "test", "epoch": 3}
{"loss": 0.24074339866638184, "acc": 0.9038788080215454, "length": 5.0, "mode": "train", "epoch": 4}
{"loss": 0.23623453080654144, "acc": 0.907006561756134, "length": 5.0, "mode": "test", "epoch": 4}
{"loss": 0.23280762135982513, "acc": 0.9075682163238525, "length": 5.0, "mode": "train", "epoch": 5}
{"loss": 0.23021945357322693, "acc": 0.9094221591949463, "length": 5.0, "mode": "test", "epoch": 5}
{"loss": 0.22817380726337433, "acc": 0.9092810153961182, "length": 5.0, "mode": "train", "epoch": 6}
{"loss": 0.2256273478269577, "acc": 0.9129611849784851, "length": 5.0, "mode": "test", "epoch": 6}
{"loss": 0.22597968578338623, "acc": 0.9103015661239624, "length": 5.0, "mode": "train", "epoch": 7}
{"loss": 0.22622287273406982, "acc": 0.9127750992774963, "length": 5.0, "mode": "test", "epoch": 7}
{"loss": 0.2204400599002838, "acc": 0.9128918051719666, "length": 5.0, "mode": "train", "epoch": 8}
{"loss": 0.21920834481716156, "acc": 0.9154676198959351, "length": 5.0, "mode": "test", "epoch": 8}
{"loss": 0.21985091269016266, "acc": 0.9128567576408386, "length": 5.0, "mode": "train", "epoch": 9}
{"loss": 0.22104734182357788, "acc": 0.9140046238899231, "length": 5.0, "mode": "test", "epoch": 9}
{"loss": 0.2143314778804779, "acc": 0.9153729677200317, "length": 5.0, "mode": "train", "epoch": 10}
{"loss": 0.21460901200771332, "acc": 0.9161837100982666, "length": 5.0, "mode": "test", "epoch": 10}
{"loss": 0.21171864867210388, "acc": 0.9163153767585754, "length": 5.0, "mode": "train", "epoch": 11}
{"loss": 0.21309319138526917, "acc": 0.9172614216804504, "length": 5.0, "mode": "test", "epoch": 11}
{"loss": 0.21040078997612, "acc": 0.9169047474861145, "length": 5.0, "mode": "train", "epoch": 12}
{"loss": 0.2120756357908249, "acc": 0.9178670644760132, "length": 5.0, "mode": "test", "epoch": 12}
{"loss": 0.2063538134098053, "acc": 0.9182917475700378, "length": 5.0, "mode": "train", "epoch": 13}
{"loss": 0.20575842261314392, "acc": 0.9203681945800781, "length": 5.0, "mode": "test", "epoch": 13}
{"loss": 0.20931221544742584, "acc": 0.9171761274337769, "length": 5.0, "mode": "train", "epoch": 14}
{"loss": 0.21500815451145172, "acc": 0.9158849716186523, "length": 5.0, "mode": "test", "epoch": 14}
{"loss": 0.20564427971839905, "acc": 0.9184679985046387, "length": 5.0, "mode": "train", "epoch": 15}
{"loss": 0.20735187828540802, "acc": 0.9198468923568726, "length": 5.0, "mode": "test", "epoch": 15}
{"loss": 0.20410983264446259, "acc": 0.9188321828842163, "length": 5.0, "mode": "train", "epoch": 16}
{"loss": 0.20615139603614807, "acc": 0.9200022220611572, "length": 5.0, "mode": "test", "epoch": 16}
{"loss": 0.20405709743499756, "acc": 0.918726921081543, "length": 5.0, "mode": "train", "epoch": 17}
{"loss": 0.20837397873401642, "acc": 0.9200364351272583, "length": 5.0, "mode": "test", "epoch": 17}
{"loss": 0.20714525878429413, "acc": 0.9178972244262695, "length": 5.0, "mode": "train", "epoch": 18}
{"loss": 0.20965434610843658, "acc": 0.9184450507164001, "length": 5.0, "mode": "test", "epoch": 18}
{"loss": 0.20459231734275818, "acc": 0.9189859628677368, "length": 5.0, "mode": "train", "epoch": 19}
{"loss": 0.2085029035806656, "acc": 0.9192091822624207, "length": 5.0, "mode": "test", "epoch": 19}
{"loss": 0.2031155228614807, "acc": 0.9191668033599854, "length": 5.0, "mode": "train", "epoch": 20}
{"loss": 0.20977066457271576, "acc": 0.9195814728736877, "length": 5.0, "mode": "test", "epoch": 20}
{"loss": 0.20256145298480988, "acc": 0.9196045398712158, "length": 5.0, "mode": "train", "epoch": 21}
{"loss": 0.20016604661941528, "acc": 0.9223169684410095, "length": 5.0, "mode": "test", "epoch": 21}
{"loss": 0.20059756934642792, "acc": 0.9206333756446838, "length": 5.0, "mode": "train", "epoch": 22}
{"loss": 0.20472785830497742, "acc": 0.9203788638114929, "length": 5.0, "mode": "test", "epoch": 22}
{"loss": 0.20153822004795074, "acc": 0.9203868508338928, "length": 5.0, "mode": "train", "epoch": 23}
{"loss": 0.204000785946846, "acc": 0.921122670173645, "length": 5.0, "mode": "test", "epoch": 23}
{"loss": 0.20253844559192657, "acc": 0.919573187828064, "length": 5.0, "mode": "train", "epoch": 24}
{"loss": 0.2087934911251068, "acc": 0.9188634753227234, "length": 5.0, "mode": "test", "epoch": 24}
{"loss": 0.20068217813968658, "acc": 0.9203796982765198, "length": 5.0, "mode": "train", "epoch": 25}
{"loss": 0.2004280984401703, "acc": 0.92220139503479, "length": 5.0, "mode": "test", "epoch": 25}
{"loss": 0.1990932673215866, "acc": 0.9209986925125122, "length": 5.0, "mode": "train", "epoch": 26}
{"loss": 0.20195038616657257, "acc": 0.9219038486480713, "length": 5.0, "mode": "test", "epoch": 26}
{"loss": 0.1974942833185196, "acc": 0.9214338064193726, "length": 5.0, "mode": "train", "epoch": 27}
{"loss": 0.20061612129211426, "acc": 0.9216406345367432, "length": 5.0, "mode": "test", "epoch": 27}
{"loss": 0.19718247652053833, "acc": 0.9216132760047913, "length": 5.0, "mode": "train", "epoch": 28}
{"loss": 0.1990334689617157, "acc": 0.9234364032745361, "length": 5.0, "mode": "test", "epoch": 28}
{"loss": 0.1955200433731079, "acc": 0.92193603515625, "length": 5.0, "mode": "train", "epoch": 29}
{"loss": 0.1984073519706726, "acc": 0.9230907559394836, "length": 5.0, "mode": "test", "epoch": 29}
{"loss": 0.19485534727573395, "acc": 0.9222161173820496, "length": 5.0, "mode": "train", "epoch": 30}
{"loss": 0.19536970555782318, "acc": 0.9238613247871399, "length": 5.0, "mode": "test", "epoch": 30}
{"loss": 0.196742981672287, "acc": 0.921480655670166, "length": 5.0, "mode": "train", "epoch": 31}
{"loss": 0.19851472973823547, "acc": 0.9227718114852905, "length": 5.0, "mode": "test", "epoch": 31}
{"loss": 0.19419942796230316, "acc": 0.9223071932792664, "length": 5.0, "mode": "train", "epoch": 32}
{"loss": 0.19654406607151031, "acc": 0.9234021902084351, "length": 5.0, "mode": "test", "epoch": 32}
{"loss": 0.19302998483181, "acc": 0.922615647315979, "length": 5.0, "mode": "train", "epoch": 33}
{"loss": 0.19657094776630402, "acc": 0.9235798120498657, "length": 5.0, "mode": "test", "epoch": 33}
{"loss": 0.19367216527462006, "acc": 0.9224773049354553, "length": 5.0, "mode": "train", "epoch": 34}
{"loss": 0.19667530059814453, "acc": 0.9234899282455444, "length": 5.0, "mode": "test", "epoch": 34}
{"loss": 0.19267113506793976, "acc": 0.9227113127708435, "length": 5.0, "mode": "train", "epoch": 35}
{"loss": 0.19281300902366638, "acc": 0.9243214130401611, "length": 5.0, "mode": "test", "epoch": 35}
{"loss": 0.19558404386043549, "acc": 0.9214171171188354, "length": 5.0, "mode": "train", "epoch": 36}
{"loss": 0.20039398968219757, "acc": 0.9221179485321045, "length": 5.0, "mode": "test", "epoch": 36}
{"loss": 0.19387905299663544, "acc": 0.9224815964698792, "length": 5.0, "mode": "train", "epoch": 37}
{"loss": 0.19631879031658173, "acc": 0.9238109588623047, "length": 5.0, "mode": "test", "epoch": 37}
{"loss": 0.19308577477931976, "acc": 0.9227679967880249, "length": 5.0, "mode": "train", "epoch": 38}
{"loss": 0.19490356743335724, "acc": 0.9235936999320984, "length": 5.0, "mode": "test", "epoch": 38}
{"loss": 0.19202224910259247, "acc": 0.9229143261909485, "length": 5.0, "mode": "train", "epoch": 39}
{"loss": 0.1922084391117096, "acc": 0.9240047335624695, "length": 5.0, "mode": "test", "epoch": 39}
{"loss": 0.1911470741033554, "acc": 0.9230930209159851, "length": 5.0, "mode": "train", "epoch": 40}
{"loss": 0.19293202459812164, "acc": 0.9241266846656799, "length": 5.0, "mode": "test", "epoch": 40}
{"loss": 0.18925075232982635, "acc": 0.9240976572036743, "length": 5.0, "mode": "train", "epoch": 41}
{"loss": 0.19272759556770325, "acc": 0.9248661994934082, "length": 5.0, "mode": "test", "epoch": 41}
{"loss": 0.18983834981918335, "acc": 0.924044132232666, "length": 5.0, "mode": "train", "epoch": 42}
{"loss": 0.20125389099121094, "acc": 0.920688271522522, "length": 5.0, "mode": "test", "epoch": 42}
{"loss": 0.19016720354557037, "acc": 0.9242118000984192, "length": 5.0, "mode": "train", "epoch": 43}
{"loss": 0.18748348951339722, "acc": 0.9269027709960938, "length": 5.0, "mode": "test", "epoch": 43}
{"loss": 0.18540558218955994, "acc": 0.9264086484909058, "length": 5.0, "mode": "train", "epoch": 44}
{"loss": 0.19238094985485077, "acc": 0.9263367652893066, "length": 5.0, "mode": "test", "epoch": 44}
{"loss": 0.18310324847698212, "acc": 0.9278134107589722, "length": 5.0, "mode": "train", "epoch": 45}
{"loss": 0.18611782789230347, "acc": 0.9279634952545166, "length": 5.0, "mode": "test", "epoch": 45}
{"loss": 0.18406520783901215, "acc": 0.9271323680877686, "length": 5.0, "mode": "train", "epoch": 46}
{"loss": 0.18673665821552277, "acc": 0.9278263449668884, "length": 5.0, "mode": "test", "epoch": 46}
{"loss": 0.18133729696273804, "acc": 0.9287258982658386, "length": 5.0, "mode": "train", "epoch": 47}
{"loss": 0.18561725318431854, "acc": 0.9288356900215149, "length": 5.0, "mode": "test", "epoch": 47}
{"loss": 0.17942841351032257, "acc": 0.9294322729110718, "length": 5.0, "mode": "train", "epoch": 48}
{"loss": 0.18110999464988708, "acc": 0.930815577507019, "length": 5.0, "mode": "test", "epoch": 48}
{"loss": 0.17722806334495544, "acc": 0.9304957985877991, "length": 5.0, "mode": "train", "epoch": 49}
{"loss": 0.17955249547958374, "acc": 0.9321414232254028, "length": 5.0, "mode": "test", "epoch": 49}
{"loss": 0.17833006381988525, "acc": 0.9302798509597778, "length": 5.0, "mode": "train", "epoch": 50}
{"loss": 0.17976580560207367, "acc": 0.9312318563461304, "length": 5.0, "mode": "test", "epoch": 50}
{"loss": 0.17572467029094696, "acc": 0.9318642020225525, "length": 5.0, "mode": "train", "epoch": 51}
{"loss": 0.17852726578712463, "acc": 0.9325663447380066, "length": 5.0, "mode": "test", "epoch": 51}
{"loss": 0.17416541278362274, "acc": 0.9320614337921143, "length": 5.0, "mode": "train", "epoch": 52}
{"loss": 0.17687281966209412, "acc": 0.9334899187088013, "length": 5.0, "mode": "test", "epoch": 52}
{"loss": 0.1744910031557083, "acc": 0.9321934580802917, "length": 5.0, "mode": "train", "epoch": 53}
{"loss": 0.1765294075012207, "acc": 0.9336504936218262, "length": 5.0, "mode": "test", "epoch": 53}
{"loss": 0.17123955488204956, "acc": 0.9338662028312683, "length": 5.0, "mode": "train", "epoch": 54}
{"loss": 0.1737264096736908, "acc": 0.9349603652954102, "length": 5.0, "mode": "test", "epoch": 54}
{"loss": 0.16912445425987244, "acc": 0.9347223043441772, "length": 5.0, "mode": "train", "epoch": 55}
{"loss": 0.17478187382221222, "acc": 0.9340174794197083, "length": 5.0, "mode": "test", "epoch": 55}
{"loss": 0.16953706741333008, "acc": 0.9349735379219055, "length": 5.0, "mode": "train", "epoch": 56}
{"loss": 0.1755780577659607, "acc": 0.9343888759613037, "length": 5.0, "mode": "test", "epoch": 56}
{"loss": 0.16519248485565186, "acc": 0.9367374777793884, "length": 5.0, "mode": "train", "epoch": 57}
{"loss": 0.16862663626670837, "acc": 0.9376454949378967, "length": 5.0, "mode": "test", "epoch": 57}
{"loss": 0.16235323250293732, "acc": 0.9382854700088501, "length": 5.0, "mode": "train", "epoch": 58}
{"loss": 0.16499274969100952, "acc": 0.9385082721710205, "length": 5.0, "mode": "test", "epoch": 58}
{"loss": 0.16255442798137665, "acc": 0.9384063482284546, "length": 5.0, "mode": "train", "epoch": 59}
{"loss": 0.16293196380138397, "acc": 0.9400396347045898, "length": 5.0, "mode": "test", "epoch": 59}
{"loss": 0.16091056168079376, "acc": 0.9396511316299438, "length": 5.0, "mode": "train", "epoch": 60}
{"loss": 0.16404196619987488, "acc": 0.9399721622467041, "length": 5.0, "mode": "test", "epoch": 60}
test accuracy: 0.929639995098114
