ndevices 0
# ["--attributes=4", "--values=8", "--game_size=10", "--vocab_size_factor=3", "--n_epochs=60", "--batch_size=128", "--learning_rate=0.001", "--speaker_hidden_size=128", "--temp_update=0.97", "--temperature=1"]
data loaded from: data/dim(4,8).ds
vocab size 28
message length 4
{"loss": 0.37535005807876587, "acc": 0.82750004529953, "length": 4.85798978805542, "mode": "train", "epoch": 1}
{"loss": 0.2814391553401947, "acc": 0.891694188117981, "length": 5.0, "mode": "test", "epoch": 1}
{"loss": 0.24636578559875488, "acc": 0.907396674156189, "length": 4.999969005584717, "mode": "train", "epoch": 2}
{"loss": 0.23726938664913177, "acc": 0.9123427867889404, "length": 5.0, "mode": "test", "epoch": 2}
{"loss": 0.22263532876968384, "acc": 0.9189804196357727, "length": 4.999992370605469, "mode": "train", "epoch": 3}
{"loss": 0.21582917869091034, "acc": 0.9218183159828186, "length": 5.0, "mode": "test", "epoch": 3}
{"loss": 0.20821017026901245, "acc": 0.9239161014556885, "length": 4.999996185302734, "mode": "train", "epoch": 4}
{"loss": 0.2042245715856552, "acc": 0.9250298738479614, "length": 5.0, "mode": "test", "epoch": 4}
{"loss": 0.21480071544647217, "acc": 0.9196189045906067, "length": 4.999997138977051, "mode": "train", "epoch": 5}
{"loss": 0.20929782092571259, "acc": 0.9212008714675903, "length": 5.0, "mode": "test", "epoch": 5}
{"loss": 0.2040872722864151, "acc": 0.9245229959487915, "length": 4.999997138977051, "mode": "train", "epoch": 6}
{"loss": 0.20329713821411133, "acc": 0.925418496131897, "length": 5.0, "mode": "test", "epoch": 6}
{"loss": 0.19435948133468628, "acc": 0.9278960824012756, "length": 4.999999046325684, "mode": "train", "epoch": 7}
{"loss": 0.19658292829990387, "acc": 0.9270580410957336, "length": 5.0, "mode": "test", "epoch": 7}
{"loss": 0.19254018366336823, "acc": 0.9284069538116455, "length": 5.0, "mode": "train", "epoch": 8}
{"loss": 0.1920291781425476, "acc": 0.9295409321784973, "length": 5.0, "mode": "test", "epoch": 8}
{"loss": 0.18735142052173615, "acc": 0.9316180348396301, "length": 4.999999523162842, "mode": "train", "epoch": 9}
{"loss": 0.18590964376926422, "acc": 0.9334129095077515, "length": 5.0, "mode": "test", "epoch": 9}
{"loss": 0.1923472285270691, "acc": 0.930709719657898, "length": 5.0, "mode": "train", "epoch": 10}
{"loss": 0.18351256847381592, "acc": 0.9352053999900818, "length": 5.0, "mode": "test", "epoch": 10}
{"loss": 0.17925912141799927, "acc": 0.9361814260482788, "length": 5.0, "mode": "train", "epoch": 11}
{"loss": 0.1941116750240326, "acc": 0.9289629459381104, "length": 5.0, "mode": "test", "epoch": 11}
{"loss": 0.17965005338191986, "acc": 0.9363918900489807, "length": 5.0, "mode": "train", "epoch": 12}
{"loss": 0.18688341975212097, "acc": 0.9341385364532471, "length": 5.0, "mode": "test", "epoch": 12}
{"loss": 0.17865382134914398, "acc": 0.9367557764053345, "length": 5.0, "mode": "train", "epoch": 13}
{"loss": 0.1795540601015091, "acc": 0.9379120469093323, "length": 5.0, "mode": "test", "epoch": 13}
{"loss": 0.17547452449798584, "acc": 0.9380209445953369, "length": 5.0, "mode": "train", "epoch": 14}
{"loss": 0.17522111535072327, "acc": 0.9387703537940979, "length": 5.0, "mode": "test", "epoch": 14}
{"loss": 0.1746050864458084, "acc": 0.9386361837387085, "length": 5.0, "mode": "train", "epoch": 15}
{"loss": 0.17963376641273499, "acc": 0.937852144241333, "length": 5.0, "mode": "test", "epoch": 15}
{"loss": 0.170819491147995, "acc": 0.9405335187911987, "length": 5.0, "mode": "train", "epoch": 16}
{"loss": 0.185692697763443, "acc": 0.9347763061523438, "length": 5.0, "mode": "test", "epoch": 16}
{"loss": 0.17295297980308533, "acc": 0.9398723244667053, "length": 5.0, "mode": "train", "epoch": 17}
{"loss": 0.19105732440948486, "acc": 0.9317176938056946, "length": 5.0, "mode": "test", "epoch": 17}
{"loss": 0.17464232444763184, "acc": 0.9396735429763794, "length": 5.0, "mode": "train", "epoch": 18}
{"loss": 0.1698819398880005, "acc": 0.9412103295326233, "length": 5.0, "mode": "test", "epoch": 18}
{"loss": 0.16345025599002838, "acc": 0.9429908394813538, "length": 5.0, "mode": "train", "epoch": 19}
{"loss": 0.16494819521903992, "acc": 0.9430586099624634, "length": 5.0, "mode": "test", "epoch": 19}
{"loss": 0.16475950181484222, "acc": 0.9425177574157715, "length": 5.0, "mode": "train", "epoch": 20}
{"loss": 0.165467768907547, "acc": 0.9424593448638916, "length": 5.0, "mode": "test", "epoch": 20}
{"loss": 0.16660349071025848, "acc": 0.9418357014656067, "length": 4.999999523162842, "mode": "train", "epoch": 21}
{"loss": 0.167527973651886, "acc": 0.9423620104789734, "length": 5.0, "mode": "test", "epoch": 21}
{"loss": 0.16729822754859924, "acc": 0.9421132802963257, "length": 5.0, "mode": "train", "epoch": 22}
{"loss": 0.16740621626377106, "acc": 0.94343101978302, "length": 5.0, "mode": "test", "epoch": 22}
{"loss": 0.16341115534305573, "acc": 0.9436416029930115, "length": 5.0, "mode": "train", "epoch": 23}
{"loss": 0.1601189821958542, "acc": 0.945907473564148, "length": 5.0, "mode": "test", "epoch": 23}
{"loss": 0.16649864614009857, "acc": 0.9428141713142395, "length": 5.0, "mode": "train", "epoch": 24}
{"loss": 0.16329620778560638, "acc": 0.9445536732673645, "length": 5.0, "mode": "test", "epoch": 24}
{"loss": 0.15934136509895325, "acc": 0.9454853534698486, "length": 5.0, "mode": "train", "epoch": 25}
{"loss": 0.15871572494506836, "acc": 0.9463891386985779, "length": 5.0, "mode": "test", "epoch": 25}
{"loss": 0.1617988646030426, "acc": 0.9446015357971191, "length": 5.0, "mode": "train", "epoch": 26}
{"loss": 0.1569397747516632, "acc": 0.9466663002967834, "length": 5.0, "mode": "test", "epoch": 26}
{"loss": 0.1582958847284317, "acc": 0.9457384347915649, "length": 5.0, "mode": "train", "epoch": 27}
{"loss": 0.1597648710012436, "acc": 0.9465163946151733, "length": 5.0, "mode": "test", "epoch": 27}
{"loss": 0.15665395557880402, "acc": 0.9465125203132629, "length": 5.0, "mode": "train", "epoch": 28}
{"loss": 0.15463955700397491, "acc": 0.9481709599494934, "length": 5.0, "mode": "test", "epoch": 28}
{"loss": 0.15435011684894562, "acc": 0.9474760293960571, "length": 5.0, "mode": "train", "epoch": 29}
{"loss": 0.15241532027721405, "acc": 0.9493568539619446, "length": 5.0, "mode": "test", "epoch": 29}
{"loss": 0.1548900455236435, "acc": 0.9475177526473999, "length": 5.0, "mode": "train", "epoch": 30}
{"loss": 0.1538170874118805, "acc": 0.9487950205802917, "length": 5.0, "mode": "test", "epoch": 30}
{"loss": 0.15309491753578186, "acc": 0.9480575323104858, "length": 5.0, "mode": "train", "epoch": 31}
{"loss": 0.15210355818271637, "acc": 0.9489811062812805, "length": 5.0, "mode": "test", "epoch": 31}
{"loss": 0.15516266226768494, "acc": 0.947363018989563, "length": 5.0, "mode": "train", "epoch": 32}
{"loss": 0.15750473737716675, "acc": 0.9470451474189758, "length": 5.0, "mode": "test", "epoch": 32}
{"loss": 0.15769793093204498, "acc": 0.946080207824707, "length": 5.0, "mode": "train", "epoch": 33}
{"loss": 0.15570959448814392, "acc": 0.9479870200157166, "length": 5.0, "mode": "test", "epoch": 33}
{"loss": 0.1534823328256607, "acc": 0.9476891160011292, "length": 5.0, "mode": "train", "epoch": 34}
{"loss": 0.1512744277715683, "acc": 0.9490709900856018, "length": 5.0, "mode": "test", "epoch": 34}
{"loss": 0.15586714446544647, "acc": 0.9471553564071655, "length": 5.0, "mode": "train", "epoch": 35}
{"loss": 0.15064798295497894, "acc": 0.949655294418335, "length": 5.0, "mode": "test", "epoch": 35}
{"loss": 0.15239791572093964, "acc": 0.9482245445251465, "length": 5.0, "mode": "train", "epoch": 36}
{"loss": 0.15389730036258698, "acc": 0.9477792978286743, "length": 5.0, "mode": "test", "epoch": 36}
{"loss": 0.15016292035579681, "acc": 0.9492045640945435, "length": 5.0, "mode": "train", "epoch": 37}
{"loss": 0.14991261065006256, "acc": 0.9501327872276306, "length": 5.0, "mode": "test", "epoch": 37}
{"loss": 0.15135513246059418, "acc": 0.9486069083213806, "length": 5.0, "mode": "train", "epoch": 38}
{"loss": 0.1510733813047409, "acc": 0.949863076210022, "length": 5.0, "mode": "test", "epoch": 38}
{"loss": 0.15358905494213104, "acc": 0.9476034641265869, "length": 5.0, "mode": "train", "epoch": 39}
{"loss": 0.15196208655834198, "acc": 0.9486814737319946, "length": 5.0, "mode": "test", "epoch": 39}
{"loss": 0.15093231201171875, "acc": 0.9488259553909302, "length": 5.0, "mode": "train", "epoch": 40}
{"loss": 0.15437869727611542, "acc": 0.9478211402893066, "length": 5.0, "mode": "test", "epoch": 40}
{"loss": 0.14922213554382324, "acc": 0.9496340155601501, "length": 5.0, "mode": "train", "epoch": 41}
{"loss": 0.14773410558700562, "acc": 0.9508336782455444, "length": 5.0, "mode": "test", "epoch": 41}
{"loss": 0.14855968952178955, "acc": 0.9497389197349548, "length": 5.0, "mode": "train", "epoch": 42}
{"loss": 0.1528986394405365, "acc": 0.948441743850708, "length": 5.0, "mode": "test", "epoch": 42}
{"loss": 0.1539667546749115, "acc": 0.9478874206542969, "length": 5.0, "mode": "train", "epoch": 43}
{"loss": 0.1493355631828308, "acc": 0.9508241415023804, "length": 5.0, "mode": "test", "epoch": 43}
{"loss": 0.1467004120349884, "acc": 0.95051109790802, "length": 5.0, "mode": "train", "epoch": 44}
{"loss": 0.14661294221878052, "acc": 0.9512017965316772, "length": 5.0, "mode": "test", "epoch": 44}
{"loss": 0.149927020072937, "acc": 0.9486232995986938, "length": 5.0, "mode": "train", "epoch": 45}
{"loss": 0.14760763943195343, "acc": 0.9501583576202393, "length": 5.0, "mode": "test", "epoch": 45}
{"loss": 0.14674405753612518, "acc": 0.9499108195304871, "length": 5.0, "mode": "train", "epoch": 46}
{"loss": 0.14815346896648407, "acc": 0.9504270553588867, "length": 5.0, "mode": "test", "epoch": 46}
{"loss": 0.15575745701789856, "acc": 0.9468268156051636, "length": 5.0, "mode": "train", "epoch": 47}
{"loss": 0.1547241359949112, "acc": 0.948068380355835, "length": 5.0, "mode": "test", "epoch": 47}
{"loss": 0.15345805883407593, "acc": 0.9474064707756042, "length": 5.0, "mode": "train", "epoch": 48}
{"loss": 0.15716047585010529, "acc": 0.9467926621437073, "length": 5.0, "mode": "test", "epoch": 48}
{"loss": 0.1515951156616211, "acc": 0.9480497241020203, "length": 5.0, "mode": "train", "epoch": 49}
{"loss": 0.14695243537425995, "acc": 0.9509588479995728, "length": 5.0, "mode": "test", "epoch": 49}
{"loss": 0.14651307463645935, "acc": 0.9499900341033936, "length": 5.0, "mode": "train", "epoch": 50}
{"loss": 0.14523303508758545, "acc": 0.9511633515357971, "length": 5.0, "mode": "test", "epoch": 50}
{"loss": 0.1449570506811142, "acc": 0.9505093097686768, "length": 5.0, "mode": "train", "epoch": 51}
{"loss": 0.1443253755569458, "acc": 0.9517338275909424, "length": 5.0, "mode": "test", "epoch": 51}
{"loss": 0.14338697493076324, "acc": 0.9509224891662598, "length": 5.0, "mode": "train", "epoch": 52}
{"loss": 0.1417979598045349, "acc": 0.9520955085754395, "length": 5.0, "mode": "test", "epoch": 52}
{"loss": 0.14447715878486633, "acc": 0.9501069784164429, "length": 5.0, "mode": "train", "epoch": 53}
{"loss": 0.14291171729564667, "acc": 0.9516192674636841, "length": 5.0, "mode": "test", "epoch": 53}
{"loss": 0.1482504904270172, "acc": 0.9493057727813721, "length": 5.0, "mode": "train", "epoch": 54}
{"loss": 0.14607027173042297, "acc": 0.9509289264678955, "length": 5.0, "mode": "test", "epoch": 54}
{"loss": 0.14022783935070038, "acc": 0.9526441693305969, "length": 5.0, "mode": "train", "epoch": 55}
{"loss": 0.1373581737279892, "acc": 0.9548630714416504, "length": 5.0, "mode": "test", "epoch": 55}
{"loss": 0.13854409754276276, "acc": 0.9537968039512634, "length": 5.0, "mode": "train", "epoch": 56}
{"loss": 0.1356191188097, "acc": 0.9555404782295227, "length": 5.0, "mode": "test", "epoch": 56}
{"loss": 0.13547790050506592, "acc": 0.9543857574462891, "length": 5.0, "mode": "train", "epoch": 57}
{"loss": 0.13570477068424225, "acc": 0.9552279710769653, "length": 5.0, "mode": "test", "epoch": 57}
{"loss": 0.1368636190891266, "acc": 0.9538895487785339, "length": 5.0, "mode": "train", "epoch": 58}
{"loss": 0.14526672661304474, "acc": 0.9516106843948364, "length": 5.0, "mode": "test", "epoch": 58}
{"loss": 0.13747473061084747, "acc": 0.9540500640869141, "length": 5.0, "mode": "train", "epoch": 59}
{"loss": 0.13788840174674988, "acc": 0.9548801183700562, "length": 5.0, "mode": "test", "epoch": 59}
{"loss": 0.13382203876972198, "acc": 0.9548962116241455, "length": 5.0, "mode": "train", "epoch": 60}
{"loss": 0.13229908049106598, "acc": 0.9563195705413818, "length": 5.0, "mode": "test", "epoch": 60}
test accuracy: 0.954741358757019
