ndevices 0
# ["--attributes=4", "--values=8", "--game_size=10", "--vocab_size_factor=3", "--n_epochs=60", "--batch_size=128", "--learning_rate=0.001", "--speaker_hidden_size=128", "--temp_update=0.97", "--temperature=1.5"]
data loaded from: data/dim(4,8).ds
vocab size 28
message length 4
{"loss": 0.4071355164051056, "acc": 0.8061608672142029, "length": 4.855478763580322, "mode": "train", "epoch": 1}
{"loss": 0.3121905028820038, "acc": 0.8708572387695312, "length": 5.0, "mode": "test", "epoch": 1}
{"loss": 0.2839633524417877, "acc": 0.8829920887947083, "length": 4.999878406524658, "mode": "train", "epoch": 2}
{"loss": 0.26874175667762756, "acc": 0.889337420463562, "length": 5.0, "mode": "test", "epoch": 2}
{"loss": 0.25285086035728455, "acc": 0.8969298601150513, "length": 4.999941349029541, "mode": "train", "epoch": 3}
{"loss": 0.25054502487182617, "acc": 0.8967337012290955, "length": 5.0, "mode": "test", "epoch": 3}
{"loss": 0.21686303615570068, "acc": 0.9154893159866333, "length": 4.999945163726807, "mode": "train", "epoch": 4}
{"loss": 0.2304183393716812, "acc": 0.9082116484642029, "length": 5.0, "mode": "test", "epoch": 4}
{"loss": 0.19044359028339386, "acc": 0.9287660121917725, "length": 4.999977111816406, "mode": "train", "epoch": 5}
{"loss": 0.18839305639266968, "acc": 0.9301852583885193, "length": 5.0, "mode": "test", "epoch": 5}
{"loss": 0.1743936985731125, "acc": 0.9358293414115906, "length": 4.99999475479126, "mode": "train", "epoch": 6}
{"loss": 0.17894984781742096, "acc": 0.9352064728736877, "length": 5.0, "mode": "test", "epoch": 6}
{"loss": 0.1675674021244049, "acc": 0.938960611820221, "length": 4.999997138977051, "mode": "train", "epoch": 7}
{"loss": 0.1687510460615158, "acc": 0.9398940801620483, "length": 5.0, "mode": "test", "epoch": 7}
{"loss": 0.15332044661045074, "acc": 0.9460700750350952, "length": 4.999999523162842, "mode": "train", "epoch": 8}
{"loss": 0.1558886021375656, "acc": 0.9458305239677429, "length": 5.0, "mode": "test", "epoch": 8}
{"loss": 0.14168332517147064, "acc": 0.9516944885253906, "length": 5.0, "mode": "train", "epoch": 9}
{"loss": 0.14692148566246033, "acc": 0.9508903622627258, "length": 5.0, "mode": "test", "epoch": 9}
{"loss": 0.13948746025562286, "acc": 0.9530945420265198, "length": 5.0, "mode": "train", "epoch": 10}
{"loss": 0.1442767083644867, "acc": 0.9517369270324707, "length": 5.0, "mode": "test", "epoch": 10}
{"loss": 0.13110868632793427, "acc": 0.9570944905281067, "length": 5.0, "mode": "train", "epoch": 11}
{"loss": 0.13550198078155518, "acc": 0.956376314163208, "length": 5.0, "mode": "test", "epoch": 11}
{"loss": 0.1263091266155243, "acc": 0.9591584205627441, "length": 5.0, "mode": "train", "epoch": 12}
{"loss": 0.13282111287117004, "acc": 0.9575974345207214, "length": 5.0, "mode": "test", "epoch": 12}
{"loss": 0.1247948631644249, "acc": 0.9599986672401428, "length": 5.0, "mode": "train", "epoch": 13}
{"loss": 0.1270904690027237, "acc": 0.9600865840911865, "length": 5.0, "mode": "test", "epoch": 13}
{"loss": 0.1215488538146019, "acc": 0.9612839221954346, "length": 5.0, "mode": "train", "epoch": 14}
{"loss": 0.12808437645435333, "acc": 0.96019047498703, "length": 5.0, "mode": "test", "epoch": 14}
{"loss": 0.12451501935720444, "acc": 0.9603931903839111, "length": 5.0, "mode": "train", "epoch": 15}
{"loss": 0.13145090639591217, "acc": 0.958800196647644, "length": 5.0, "mode": "test", "epoch": 15}
{"loss": 0.12226196378469467, "acc": 0.9611898064613342, "length": 5.0, "mode": "train", "epoch": 16}
{"loss": 0.12744629383087158, "acc": 0.9602867364883423, "length": 5.0, "mode": "test", "epoch": 16}
{"loss": 0.11866854876279831, "acc": 0.962425947189331, "length": 5.0, "mode": "train", "epoch": 17}
{"loss": 0.12447484582662582, "acc": 0.9609995484352112, "length": 5.0, "mode": "test", "epoch": 17}
{"loss": 0.12043710798025131, "acc": 0.9617443680763245, "length": 5.0, "mode": "train", "epoch": 18}
{"loss": 0.11892708390951157, "acc": 0.9629120230674744, "length": 5.0, "mode": "test", "epoch": 18}
{"loss": 0.11835689097642899, "acc": 0.9626724123954773, "length": 5.0, "mode": "train", "epoch": 19}
{"loss": 0.12096286565065384, "acc": 0.9621885418891907, "length": 5.0, "mode": "test", "epoch": 19}
{"loss": 0.1156897246837616, "acc": 0.9633558988571167, "length": 5.0, "mode": "train", "epoch": 20}
{"loss": 0.12118146568536758, "acc": 0.9624849557876587, "length": 5.0, "mode": "test", "epoch": 20}
{"loss": 0.11841139197349548, "acc": 0.9625617265701294, "length": 5.0, "mode": "train", "epoch": 21}
{"loss": 0.1237185001373291, "acc": 0.9614543914794922, "length": 5.0, "mode": "test", "epoch": 21}
{"loss": 0.11900462210178375, "acc": 0.9623565673828125, "length": 5.0, "mode": "train", "epoch": 22}
{"loss": 0.12222544103860855, "acc": 0.9618322253227234, "length": 5.0, "mode": "test", "epoch": 22}
{"loss": 0.11551204323768616, "acc": 0.963435173034668, "length": 5.0, "mode": "train", "epoch": 23}
{"loss": 0.120676189661026, "acc": 0.9626038670539856, "length": 5.0, "mode": "test", "epoch": 23}
{"loss": 0.11780905723571777, "acc": 0.9626485705375671, "length": 5.0, "mode": "train", "epoch": 24}
{"loss": 0.11948152631521225, "acc": 0.9629848599433899, "length": 5.0, "mode": "test", "epoch": 24}
{"loss": 0.11698295176029205, "acc": 0.9631767272949219, "length": 5.0, "mode": "train", "epoch": 25}
{"loss": 0.12123391032218933, "acc": 0.9628488421440125, "length": 5.0, "mode": "test", "epoch": 25}
{"loss": 0.116200290620327, "acc": 0.9632075428962708, "length": 5.0, "mode": "train", "epoch": 26}
{"loss": 0.11789809912443161, "acc": 0.9634022116661072, "length": 5.0, "mode": "test", "epoch": 26}
{"loss": 0.11951752752065659, "acc": 0.9622772336006165, "length": 5.0, "mode": "train", "epoch": 27}
{"loss": 0.12386482208967209, "acc": 0.9618033766746521, "length": 5.0, "mode": "test", "epoch": 27}
{"loss": 0.11856423318386078, "acc": 0.962552547454834, "length": 5.0, "mode": "train", "epoch": 28}
{"loss": 0.11772728711366653, "acc": 0.963314414024353, "length": 5.0, "mode": "test", "epoch": 28}
{"loss": 0.1178971529006958, "acc": 0.9625871181488037, "length": 5.0, "mode": "train", "epoch": 29}
{"loss": 0.1196778416633606, "acc": 0.9626187086105347, "length": 5.0, "mode": "test", "epoch": 29}
{"loss": 0.12004441767930984, "acc": 0.9617894887924194, "length": 5.0, "mode": "train", "epoch": 30}
{"loss": 0.12428654730319977, "acc": 0.9614201188087463, "length": 5.0, "mode": "test", "epoch": 30}
{"loss": 0.11791260540485382, "acc": 0.9625850319862366, "length": 5.0, "mode": "train", "epoch": 31}
{"loss": 0.12004753947257996, "acc": 0.9624175429344177, "length": 5.0, "mode": "test", "epoch": 31}
{"loss": 0.11798576265573502, "acc": 0.9626082181930542, "length": 5.0, "mode": "train", "epoch": 32}
{"loss": 0.12281572818756104, "acc": 0.9616684317588806, "length": 5.0, "mode": "test", "epoch": 32}
{"loss": 0.11758290231227875, "acc": 0.9628357291221619, "length": 5.0, "mode": "train", "epoch": 33}
{"loss": 0.12165220081806183, "acc": 0.9626989960670471, "length": 5.0, "mode": "test", "epoch": 33}
{"loss": 0.11737985908985138, "acc": 0.9627847671508789, "length": 5.0, "mode": "train", "epoch": 34}
{"loss": 0.12857620418071747, "acc": 0.9603873491287231, "length": 5.0, "mode": "test", "epoch": 34}
{"loss": 0.1218361109495163, "acc": 0.9613977670669556, "length": 5.0, "mode": "train", "epoch": 35}
{"loss": 0.1203184574842453, "acc": 0.9629236459732056, "length": 5.0, "mode": "test", "epoch": 35}
{"loss": 0.12174586206674576, "acc": 0.9617385268211365, "length": 5.0, "mode": "train", "epoch": 36}
{"loss": 0.12196367979049683, "acc": 0.9628671407699585, "length": 5.0, "mode": "test", "epoch": 36}
{"loss": 0.11934859305620193, "acc": 0.962558925151825, "length": 5.0, "mode": "train", "epoch": 37}
{"loss": 0.12085513025522232, "acc": 0.9628980755805969, "length": 5.0, "mode": "test", "epoch": 37}
{"loss": 0.1154341921210289, "acc": 0.963632345199585, "length": 5.0, "mode": "train", "epoch": 38}
{"loss": 0.11794480681419373, "acc": 0.9638559818267822, "length": 5.0, "mode": "test", "epoch": 38}
{"loss": 0.11664977669715881, "acc": 0.9631792902946472, "length": 5.0, "mode": "train", "epoch": 39}
{"loss": 0.11793842911720276, "acc": 0.9636728763580322, "length": 5.0, "mode": "test", "epoch": 39}
{"loss": 0.11604465544223785, "acc": 0.9633990526199341, "length": 5.0, "mode": "train", "epoch": 40}
{"loss": 0.12200875580310822, "acc": 0.9627803564071655, "length": 5.0, "mode": "test", "epoch": 40}
{"loss": 0.1145053505897522, "acc": 0.963793933391571, "length": 5.0, "mode": "train", "epoch": 41}
{"loss": 0.11495941132307053, "acc": 0.9642957448959351, "length": 5.0, "mode": "test", "epoch": 41}
{"loss": 0.11841312050819397, "acc": 0.962399423122406, "length": 5.0, "mode": "train", "epoch": 42}
{"loss": 0.1349002718925476, "acc": 0.9566705822944641, "length": 5.0, "mode": "test", "epoch": 42}
{"loss": 0.12054497748613358, "acc": 0.9618968367576599, "length": 5.0, "mode": "train", "epoch": 43}
{"loss": 0.11657226830720901, "acc": 0.9642390012741089, "length": 5.0, "mode": "test", "epoch": 43}
{"loss": 0.12056341022253036, "acc": 0.9612892866134644, "length": 5.0, "mode": "train", "epoch": 44}
{"loss": 0.12048959732055664, "acc": 0.9626595377922058, "length": 5.0, "mode": "test", "epoch": 44}
{"loss": 0.11564040929079056, "acc": 0.9637554287910461, "length": 5.0, "mode": "train", "epoch": 45}
{"loss": 0.11964491754770279, "acc": 0.9633143544197083, "length": 5.0, "mode": "test", "epoch": 45}
{"loss": 0.11799075454473495, "acc": 0.9628399610519409, "length": 5.0, "mode": "train", "epoch": 46}
{"loss": 0.11767567694187164, "acc": 0.9642015695571899, "length": 5.0, "mode": "test", "epoch": 46}
{"loss": 0.11861340701580048, "acc": 0.9625197052955627, "length": 5.0, "mode": "train", "epoch": 47}
{"loss": 0.12119773030281067, "acc": 0.9627023339271545, "length": 5.0, "mode": "test", "epoch": 47}
{"loss": 0.11965993791818619, "acc": 0.9624170064926147, "length": 5.0, "mode": "train", "epoch": 48}
{"loss": 0.12214749306440353, "acc": 0.9626562595367432, "length": 5.0, "mode": "test", "epoch": 48}
{"loss": 0.11778465658426285, "acc": 0.9630473256111145, "length": 5.0, "mode": "train", "epoch": 49}
{"loss": 0.11845995485782623, "acc": 0.963932991027832, "length": 5.0, "mode": "test", "epoch": 49}
{"loss": 0.11549174785614014, "acc": 0.9639584422111511, "length": 5.0, "mode": "train", "epoch": 50}
{"loss": 0.1133321076631546, "acc": 0.965595006942749, "length": 5.0, "mode": "test", "epoch": 50}
{"loss": 0.11514436453580856, "acc": 0.9638504385948181, "length": 5.0, "mode": "train", "epoch": 51}
{"loss": 0.11489693820476532, "acc": 0.9648223519325256, "length": 5.0, "mode": "test", "epoch": 51}
{"loss": 0.11198168247938156, "acc": 0.9650025963783264, "length": 5.0, "mode": "train", "epoch": 52}
{"loss": 0.11407291889190674, "acc": 0.965420663356781, "length": 5.0, "mode": "test", "epoch": 52}
{"loss": 0.1131320372223854, "acc": 0.9647285342216492, "length": 5.0, "mode": "train", "epoch": 53}
{"loss": 0.11778327077627182, "acc": 0.963896632194519, "length": 5.0, "mode": "test", "epoch": 53}
{"loss": 0.11505943536758423, "acc": 0.9641896486282349, "length": 5.0, "mode": "train", "epoch": 54}
{"loss": 0.1157774105668068, "acc": 0.9646329879760742, "length": 5.0, "mode": "test", "epoch": 54}
{"loss": 0.1124739870429039, "acc": 0.9649131894111633, "length": 5.0, "mode": "train", "epoch": 55}
{"loss": 0.1140039935708046, "acc": 0.9651487469673157, "length": 5.0, "mode": "test", "epoch": 55}
{"loss": 0.11082853376865387, "acc": 0.9652984738349915, "length": 5.0, "mode": "train", "epoch": 56}
{"loss": 0.11302206665277481, "acc": 0.9652086496353149, "length": 5.0, "mode": "test", "epoch": 56}
{"loss": 0.1104583889245987, "acc": 0.9654046893119812, "length": 5.0, "mode": "train", "epoch": 57}
{"loss": 0.1118161529302597, "acc": 0.9659780859947205, "length": 5.0, "mode": "test", "epoch": 57}
{"loss": 0.11290945112705231, "acc": 0.9646565318107605, "length": 5.0, "mode": "train", "epoch": 58}
{"loss": 0.12041328847408295, "acc": 0.9634739756584167, "length": 5.0, "mode": "test", "epoch": 58}
{"loss": 0.11465360224246979, "acc": 0.9642308950424194, "length": 5.0, "mode": "train", "epoch": 59}
{"loss": 0.1145947054028511, "acc": 0.9648072719573975, "length": 5.0, "mode": "test", "epoch": 59}
{"loss": 0.11667178571224213, "acc": 0.9632567763328552, "length": 5.0, "mode": "train", "epoch": 60}
{"loss": 0.11577022820711136, "acc": 0.9643824100494385, "length": 5.0, "mode": "test", "epoch": 60}
test accuracy: 0.9618350863456726
