ndevices 0
# ["--attributes=4", "--values=8", "--game_size=10", "--vocab_size_factor=3", "--n_epochs=60", "--batch_size=128", "--learning_rate=0.001", "--speaker_hidden_size=128", "--temp_update=0.97", "--temperature=2"]
data loaded from: data/dim(4,8).ds
vocab size 28
message length 4
{"loss": 0.38401466608047485, "acc": 0.8189654350280762, "length": 4.827647686004639, "mode": "train", "epoch": 1}
{"loss": 0.37268492579460144, "acc": 0.8201830983161926, "length": 5.0, "mode": "test", "epoch": 1}
{"loss": 0.213612362742424, "acc": 0.9204793572425842, "length": 4.9996657371521, "mode": "train", "epoch": 2}
{"loss": 0.2666734755039215, "acc": 0.8829708695411682, "length": 5.0, "mode": "test", "epoch": 2}
{"loss": 0.17034783959388733, "acc": 0.9399421811103821, "length": 4.999879837036133, "mode": "train", "epoch": 3}
{"loss": 0.23176315426826477, "acc": 0.9056485295295715, "length": 5.0, "mode": "test", "epoch": 3}
{"loss": 0.15165632963180542, "acc": 0.9472187757492065, "length": 4.999953746795654, "mode": "train", "epoch": 4}
{"loss": 0.21183782815933228, "acc": 0.915603518486023, "length": 5.0, "mode": "test", "epoch": 4}
{"loss": 0.13417111337184906, "acc": 0.9546366930007935, "length": 4.99997615814209, "mode": "train", "epoch": 5}
{"loss": 0.1858578622341156, "acc": 0.9283314943313599, "length": 5.0, "mode": "test", "epoch": 5}
{"loss": 0.12426785379648209, "acc": 0.957940399646759, "length": 4.9999871253967285, "mode": "train", "epoch": 6}
{"loss": 0.18190470337867737, "acc": 0.9307310581207275, "length": 5.0, "mode": "test", "epoch": 6}
{"loss": 0.11449243873357773, "acc": 0.9620804786682129, "length": 4.99999475479126, "mode": "train", "epoch": 7}
{"loss": 0.17419442534446716, "acc": 0.9305683374404907, "length": 5.0, "mode": "test", "epoch": 7}
{"loss": 0.10573982447385788, "acc": 0.9658150672912598, "length": 4.999997138977051, "mode": "train", "epoch": 8}
{"loss": 0.15743760764598846, "acc": 0.9435253143310547, "length": 5.0, "mode": "test", "epoch": 8}
{"loss": 0.0956432893872261, "acc": 0.9703934192657471, "length": 4.999999523162842, "mode": "train", "epoch": 9}
{"loss": 0.1331324577331543, "acc": 0.9542595148086548, "length": 5.0, "mode": "test", "epoch": 9}
{"loss": 0.08723782747983932, "acc": 0.9737944006919861, "length": 5.0, "mode": "train", "epoch": 10}
{"loss": 0.1288558393716812, "acc": 0.9545847177505493, "length": 5.0, "mode": "test", "epoch": 10}
{"loss": 0.08505024760961533, "acc": 0.9741461277008057, "length": 5.0, "mode": "train", "epoch": 11}
{"loss": 0.12509667873382568, "acc": 0.9565111994743347, "length": 5.0, "mode": "test", "epoch": 11}
{"loss": 0.0802912637591362, "acc": 0.9760507345199585, "length": 5.0, "mode": "train", "epoch": 12}
{"loss": 0.1124599277973175, "acc": 0.9614266157150269, "length": 5.0, "mode": "test", "epoch": 12}
{"loss": 0.07344862073659897, "acc": 0.9791879057884216, "length": 5.0, "mode": "train", "epoch": 13}
{"loss": 0.11516060680150986, "acc": 0.9623608589172363, "length": 5.0, "mode": "test", "epoch": 13}
{"loss": 0.07134276628494263, "acc": 0.9801561236381531, "length": 5.0, "mode": "train", "epoch": 14}
{"loss": 0.10252050310373306, "acc": 0.9669189453125, "length": 5.0, "mode": "test", "epoch": 14}
{"loss": 0.07052961736917496, "acc": 0.9802538752555847, "length": 5.0, "mode": "train", "epoch": 15}
{"loss": 0.103395976126194, "acc": 0.96686851978302, "length": 5.0, "mode": "test", "epoch": 15}
{"loss": 0.06912596523761749, "acc": 0.9807478785514832, "length": 5.0, "mode": "train", "epoch": 16}
{"loss": 0.0967181995511055, "acc": 0.9702706933021545, "length": 5.0, "mode": "test", "epoch": 16}
{"loss": 0.06835290789604187, "acc": 0.9809602499008179, "length": 5.0, "mode": "train", "epoch": 17}
{"loss": 0.08914574235677719, "acc": 0.9737082123756409, "length": 5.0, "mode": "test", "epoch": 17}
{"loss": 0.06772943586111069, "acc": 0.9811639189720154, "length": 5.0, "mode": "train", "epoch": 18}
{"loss": 0.09032510966062546, "acc": 0.9730746150016785, "length": 5.0, "mode": "test", "epoch": 18}
{"loss": 0.0676923617720604, "acc": 0.9811989068984985, "length": 5.0, "mode": "train", "epoch": 19}
{"loss": 0.08553607016801834, "acc": 0.9739993810653687, "length": 5.0, "mode": "test", "epoch": 19}
{"loss": 0.06882201135158539, "acc": 0.9807413816452026, "length": 5.0, "mode": "train", "epoch": 20}
{"loss": 0.08470442146062851, "acc": 0.9760295748710632, "length": 5.0, "mode": "test", "epoch": 20}
{"loss": 0.0669693797826767, "acc": 0.9812926650047302, "length": 5.0, "mode": "train", "epoch": 21}
{"loss": 0.0899476632475853, "acc": 0.9737424850463867, "length": 5.0, "mode": "test", "epoch": 21}
{"loss": 0.06604773551225662, "acc": 0.9815452694892883, "length": 5.0, "mode": "train", "epoch": 22}
{"loss": 0.07709651440382004, "acc": 0.9780788421630859, "length": 5.0, "mode": "test", "epoch": 22}
{"loss": 0.07285234332084656, "acc": 0.9792252779006958, "length": 5.0, "mode": "train", "epoch": 23}
{"loss": 0.0859437882900238, "acc": 0.9743814468383789, "length": 5.0, "mode": "test", "epoch": 23}
{"loss": 0.06912855803966522, "acc": 0.9806251525878906, "length": 5.0, "mode": "train", "epoch": 24}
{"loss": 0.08021040260791779, "acc": 0.9770525097846985, "length": 5.0, "mode": "test", "epoch": 24}
{"loss": 0.06667499244213104, "acc": 0.981446385383606, "length": 5.0, "mode": "train", "epoch": 25}
{"loss": 0.07402737438678741, "acc": 0.9795302152633667, "length": 5.0, "mode": "test", "epoch": 25}
{"loss": 0.06693173944950104, "acc": 0.9812852144241333, "length": 5.0, "mode": "train", "epoch": 26}
{"loss": 0.07212205976247787, "acc": 0.9801903963088989, "length": 5.0, "mode": "test", "epoch": 26}
{"loss": 0.0677417740225792, "acc": 0.9810158610343933, "length": 5.0, "mode": "train", "epoch": 27}
{"loss": 0.07870293408632278, "acc": 0.9776915907859802, "length": 5.0, "mode": "test", "epoch": 27}
{"loss": 0.0668434277176857, "acc": 0.9814290404319763, "length": 5.0, "mode": "train", "epoch": 28}
{"loss": 0.07222255319356918, "acc": 0.9798609018325806, "length": 5.0, "mode": "test", "epoch": 28}
{"loss": 0.06766357272863388, "acc": 0.9810743927955627, "length": 5.0, "mode": "train", "epoch": 29}
{"loss": 0.07353127002716064, "acc": 0.9800032377243042, "length": 5.0, "mode": "test", "epoch": 29}
{"loss": 0.06604534387588501, "acc": 0.9815791845321655, "length": 5.0, "mode": "train", "epoch": 30}
{"loss": 0.07214046269655228, "acc": 0.9805833101272583, "length": 5.0, "mode": "test", "epoch": 30}
{"loss": 0.06790248304605484, "acc": 0.9810106158256531, "length": 5.0, "mode": "train", "epoch": 31}
{"loss": 0.08380863815546036, "acc": 0.9756378531455994, "length": 5.0, "mode": "test", "epoch": 31}
{"loss": 0.07102744281291962, "acc": 0.9798539280891418, "length": 5.0, "mode": "train", "epoch": 32}
{"loss": 0.07416799664497375, "acc": 0.9797367453575134, "length": 5.0, "mode": "test", "epoch": 32}
{"loss": 0.06902594119310379, "acc": 0.9807368516921997, "length": 5.0, "mode": "train", "epoch": 33}
{"loss": 0.07288883626461029, "acc": 0.9799613952636719, "length": 5.0, "mode": "test", "epoch": 33}
{"loss": 0.0686526969075203, "acc": 0.9807144403457642, "length": 5.0, "mode": "train", "epoch": 34}
{"loss": 0.0762561559677124, "acc": 0.9788709878921509, "length": 5.0, "mode": "test", "epoch": 34}
{"loss": 0.07349415868520737, "acc": 0.9790437817573547, "length": 5.0, "mode": "train", "epoch": 35}
{"loss": 0.0791562870144844, "acc": 0.9778327941894531, "length": 5.0, "mode": "test", "epoch": 35}
{"loss": 0.07072923332452774, "acc": 0.9801222681999207, "length": 5.0, "mode": "train", "epoch": 36}
{"loss": 0.07444727420806885, "acc": 0.9791224598884583, "length": 5.0, "mode": "test", "epoch": 36}
{"loss": 0.06784310191869736, "acc": 0.9810822010040283, "length": 5.0, "mode": "train", "epoch": 37}
{"loss": 0.06993784755468369, "acc": 0.9807052612304688, "length": 5.0, "mode": "test", "epoch": 37}
{"loss": 0.06989727169275284, "acc": 0.9805083274841309, "length": 5.0, "mode": "train", "epoch": 38}
{"loss": 0.07380855828523636, "acc": 0.9797602295875549, "length": 5.0, "mode": "test", "epoch": 38}
{"loss": 0.06971149146556854, "acc": 0.9805702567100525, "length": 5.0, "mode": "train", "epoch": 39}
{"loss": 0.07132861763238907, "acc": 0.9804569482803345, "length": 5.0, "mode": "test", "epoch": 39}
{"loss": 0.07176609337329865, "acc": 0.9795539379119873, "length": 5.0, "mode": "train", "epoch": 40}
{"loss": 0.08033166825771332, "acc": 0.9776744246482849, "length": 5.0, "mode": "test", "epoch": 40}
{"loss": 0.0726705864071846, "acc": 0.9793069958686829, "length": 5.0, "mode": "train", "epoch": 41}
{"loss": 0.07167070358991623, "acc": 0.9805683493614197, "length": 5.0, "mode": "test", "epoch": 41}
{"loss": 0.07122895121574402, "acc": 0.9799520373344421, "length": 5.0, "mode": "train", "epoch": 42}
{"loss": 0.08259007334709167, "acc": 0.9770719408988953, "length": 5.0, "mode": "test", "epoch": 42}
{"loss": 0.07644325494766235, "acc": 0.978258490562439, "length": 5.0, "mode": "train", "epoch": 43}
{"loss": 0.07356693595647812, "acc": 0.9799250364303589, "length": 5.0, "mode": "test", "epoch": 43}
{"loss": 0.07015711069107056, "acc": 0.9805842041969299, "length": 5.0, "mode": "train", "epoch": 44}
{"loss": 0.07440347224473953, "acc": 0.9797582626342773, "length": 5.0, "mode": "test", "epoch": 44}
{"loss": 0.07209722697734833, "acc": 0.9800301790237427, "length": 5.0, "mode": "train", "epoch": 45}
{"loss": 0.0716908723115921, "acc": 0.9807320237159729, "length": 5.0, "mode": "test", "epoch": 45}
{"loss": 0.07103070616722107, "acc": 0.9802117347717285, "length": 5.0, "mode": "train", "epoch": 46}
{"loss": 0.08595646172761917, "acc": 0.976388156414032, "length": 5.0, "mode": "test", "epoch": 46}
{"loss": 0.07526902109384537, "acc": 0.9786460995674133, "length": 5.0, "mode": "train", "epoch": 47}
{"loss": 0.07631865888834, "acc": 0.9789147973060608, "length": 5.0, "mode": "test", "epoch": 47}
{"loss": 0.07329891622066498, "acc": 0.9793431162834167, "length": 5.0, "mode": "train", "epoch": 48}
{"loss": 0.07556188106536865, "acc": 0.9789501428604126, "length": 5.0, "mode": "test", "epoch": 48}
{"loss": 0.07462958991527557, "acc": 0.9788582921028137, "length": 5.0, "mode": "train", "epoch": 49}
{"loss": 0.07874444872140884, "acc": 0.978509247303009, "length": 5.0, "mode": "test", "epoch": 49}
{"loss": 0.073391392827034, "acc": 0.9793730974197388, "length": 5.0, "mode": "train", "epoch": 50}
{"loss": 0.07479103654623032, "acc": 0.9797816276550293, "length": 5.0, "mode": "test", "epoch": 50}
{"loss": 0.06964931637048721, "acc": 0.9806755185127258, "length": 5.0, "mode": "train", "epoch": 51}
{"loss": 0.06923545151948929, "acc": 0.9814222455024719, "length": 5.0, "mode": "test", "epoch": 51}
{"loss": 0.06834781169891357, "acc": 0.98101407289505, "length": 5.0, "mode": "train", "epoch": 52}
{"loss": 0.06981373578310013, "acc": 0.9813430309295654, "length": 5.0, "mode": "test", "epoch": 52}
{"loss": 0.06925531476736069, "acc": 0.9807682633399963, "length": 5.0, "mode": "train", "epoch": 53}
{"loss": 0.07413122057914734, "acc": 0.9799914360046387, "length": 5.0, "mode": "test", "epoch": 53}
{"loss": 0.07018017023801804, "acc": 0.9803199172019958, "length": 5.0, "mode": "train", "epoch": 54}
{"loss": 0.07134053111076355, "acc": 0.9807448387145996, "length": 5.0, "mode": "test", "epoch": 54}
{"loss": 0.07084982097148895, "acc": 0.980351984500885, "length": 5.0, "mode": "train", "epoch": 55}
{"loss": 0.06992459297180176, "acc": 0.9813677072525024, "length": 5.0, "mode": "test", "epoch": 55}
{"loss": 0.06885305792093277, "acc": 0.9809526801109314, "length": 5.0, "mode": "train", "epoch": 56}
{"loss": 0.07066118717193604, "acc": 0.9809033274650574, "length": 5.0, "mode": "test", "epoch": 56}
{"loss": 0.06858312338590622, "acc": 0.9809672832489014, "length": 5.0, "mode": "train", "epoch": 57}
{"loss": 0.07012815773487091, "acc": 0.9811280369758606, "length": 5.0, "mode": "test", "epoch": 57}
{"loss": 0.07176317274570465, "acc": 0.9797204732894897, "length": 5.0, "mode": "train", "epoch": 58}
{"loss": 0.07578174024820328, "acc": 0.9791973829269409, "length": 5.0, "mode": "test", "epoch": 58}
{"loss": 0.0723673403263092, "acc": 0.9795892238616943, "length": 5.0, "mode": "train", "epoch": 59}
{"loss": 0.07752510160207748, "acc": 0.9782448410987854, "length": 5.0, "mode": "test", "epoch": 59}
{"loss": 0.07017658650875092, "acc": 0.9803755283355713, "length": 5.0, "mode": "train", "epoch": 60}
{"loss": 0.07441230118274689, "acc": 0.9796308279037476, "length": 5.0, "mode": "test", "epoch": 60}
test accuracy: 0.9789634346961975
