ndevices 0
# ["--attributes=4", "--values=8", "--game_size=10", "--vocab_size_factor=3", "--n_epochs=60", "--batch_size=128", "--learning_rate=0.001", "--speaker_hidden_size=128", "--temp_update=0.99", "--temperature=1"]
data loaded from: data/dim(4,8).ds
vocab size 28
message length 4
{"loss": 0.36951592564582825, "acc": 0.8303989768028259, "length": 4.966890811920166, "mode": "train", "epoch": 1}
{"loss": 0.27777156233787537, "acc": 0.8886761665344238, "length": 5.0, "mode": "test", "epoch": 1}
{"loss": 0.2513958513736725, "acc": 0.902364194393158, "length": 4.999925136566162, "mode": "train", "epoch": 2}
{"loss": 0.23570144176483154, "acc": 0.9107940196990967, "length": 5.0, "mode": "test", "epoch": 2}
{"loss": 0.22357690334320068, "acc": 0.9159093499183655, "length": 4.99997091293335, "mode": "train", "epoch": 3}
{"loss": 0.2129468470811844, "acc": 0.9208839535713196, "length": 5.0, "mode": "test", "epoch": 3}
{"loss": 0.20975515246391296, "acc": 0.9213905930519104, "length": 4.999990463256836, "mode": "train", "epoch": 4}
{"loss": 0.20231632888317108, "acc": 0.9249904751777649, "length": 5.0, "mode": "test", "epoch": 4}
{"loss": 0.19597771763801575, "acc": 0.9261364936828613, "length": 4.999996185302734, "mode": "train", "epoch": 5}
{"loss": 0.19874197244644165, "acc": 0.9258530139923096, "length": 5.0, "mode": "test", "epoch": 5}
{"loss": 0.19193635880947113, "acc": 0.9277448654174805, "length": 4.999998569488525, "mode": "train", "epoch": 6}
{"loss": 0.1899871677160263, "acc": 0.9296960830688477, "length": 5.0, "mode": "test", "epoch": 6}
{"loss": 0.19308526813983917, "acc": 0.9268480539321899, "length": 4.999999523162842, "mode": "train", "epoch": 7}
{"loss": 0.20269769430160522, "acc": 0.9227953553199768, "length": 5.0, "mode": "test", "epoch": 7}
{"loss": 0.1845397800207138, "acc": 0.9302053451538086, "length": 5.0, "mode": "train", "epoch": 8}
{"loss": 0.18123508989810944, "acc": 0.9320729970932007, "length": 5.0, "mode": "test", "epoch": 8}
{"loss": 0.18163315951824188, "acc": 0.9307708144187927, "length": 4.999999523162842, "mode": "train", "epoch": 9}
{"loss": 0.18063431978225708, "acc": 0.9321243166923523, "length": 5.0, "mode": "test", "epoch": 9}
{"loss": 0.18138889968395233, "acc": 0.9307839870452881, "length": 5.0, "mode": "train", "epoch": 10}
{"loss": 0.19044846296310425, "acc": 0.929084837436676, "length": 5.0, "mode": "test", "epoch": 10}
{"loss": 0.17758744955062866, "acc": 0.9321067333221436, "length": 5.0, "mode": "train", "epoch": 11}
{"loss": 0.1768997758626938, "acc": 0.933692216873169, "length": 5.0, "mode": "test", "epoch": 11}
{"loss": 0.1736987978219986, "acc": 0.9336032271385193, "length": 5.0, "mode": "train", "epoch": 12}
{"loss": 0.1847323626279831, "acc": 0.930682897567749, "length": 5.0, "mode": "test", "epoch": 12}
{"loss": 0.17679980397224426, "acc": 0.9326289892196655, "length": 5.0, "mode": "train", "epoch": 13}
{"loss": 0.18951988220214844, "acc": 0.9292925000190735, "length": 5.0, "mode": "test", "epoch": 13}
{"loss": 0.17951638996601105, "acc": 0.931708574295044, "length": 5.0, "mode": "train", "epoch": 14}
{"loss": 0.17579525709152222, "acc": 0.9348030090332031, "length": 5.0, "mode": "test", "epoch": 14}
{"loss": 0.17952418327331543, "acc": 0.9318981170654297, "length": 5.0, "mode": "train", "epoch": 15}
{"loss": 0.17913341522216797, "acc": 0.9330779314041138, "length": 5.0, "mode": "test", "epoch": 15}
{"loss": 0.17625460028648376, "acc": 0.9329843521118164, "length": 5.0, "mode": "train", "epoch": 16}
{"loss": 0.17863790690898895, "acc": 0.9328007102012634, "length": 5.0, "mode": "test", "epoch": 16}
{"loss": 0.17278599739074707, "acc": 0.9343149662017822, "length": 5.0, "mode": "train", "epoch": 17}
{"loss": 0.17246569693088531, "acc": 0.9357032179832458, "length": 5.0, "mode": "test", "epoch": 17}
{"loss": 0.17105665802955627, "acc": 0.9345747232437134, "length": 5.0, "mode": "train", "epoch": 18}
{"loss": 0.18836049735546112, "acc": 0.9288100004196167, "length": 5.0, "mode": "test", "epoch": 18}
{"loss": 0.1721552014350891, "acc": 0.9345040321350098, "length": 5.0, "mode": "train", "epoch": 19}
{"loss": 0.17326122522354126, "acc": 0.9352687001228333, "length": 5.0, "mode": "test", "epoch": 19}
{"loss": 0.1676362305879593, "acc": 0.9361143112182617, "length": 5.0, "mode": "train", "epoch": 20}
{"loss": 0.17218254506587982, "acc": 0.9358507990837097, "length": 5.0, "mode": "test", "epoch": 20}
{"loss": 0.16937962174415588, "acc": 0.9356970191001892, "length": 5.0, "mode": "train", "epoch": 21}
{"loss": 0.17120540142059326, "acc": 0.9363977909088135, "length": 5.0, "mode": "test", "epoch": 21}
{"loss": 0.16575106978416443, "acc": 0.937215268611908, "length": 5.0, "mode": "train", "epoch": 22}
{"loss": 0.17506612837314606, "acc": 0.9352867603302002, "length": 5.0, "mode": "test", "epoch": 22}
{"loss": 0.1655099242925644, "acc": 0.9376897215843201, "length": 5.0, "mode": "train", "epoch": 23}
{"loss": 0.16565726697444916, "acc": 0.9389684200286865, "length": 5.0, "mode": "test", "epoch": 23}
{"loss": 0.1607440859079361, "acc": 0.939988911151886, "length": 5.0, "mode": "train", "epoch": 24}
{"loss": 0.15810397267341614, "acc": 0.9425278902053833, "length": 5.0, "mode": "test", "epoch": 24}
{"loss": 0.16045257449150085, "acc": 0.9407519102096558, "length": 5.0, "mode": "train", "epoch": 25}
{"loss": 0.16180378198623657, "acc": 0.9411644339561462, "length": 5.0, "mode": "test", "epoch": 25}
{"loss": 0.15834099054336548, "acc": 0.9415149688720703, "length": 5.0, "mode": "train", "epoch": 26}
{"loss": 0.16248437762260437, "acc": 0.9409673810005188, "length": 5.0, "mode": "test", "epoch": 26}
{"loss": 0.1531563103199005, "acc": 0.9434146285057068, "length": 5.0, "mode": "train", "epoch": 27}
{"loss": 0.16075360774993896, "acc": 0.9416813254356384, "length": 5.0, "mode": "test", "epoch": 27}
{"loss": 0.15240833163261414, "acc": 0.9440742135047913, "length": 5.0, "mode": "train", "epoch": 28}
{"loss": 0.15476851165294647, "acc": 0.9440656900405884, "length": 5.0, "mode": "test", "epoch": 28}
{"loss": 0.15035943686962128, "acc": 0.94489586353302, "length": 5.0, "mode": "train", "epoch": 29}
{"loss": 0.15098288655281067, "acc": 0.9459503889083862, "length": 5.0, "mode": "test", "epoch": 29}
{"loss": 0.14709578454494476, "acc": 0.946553111076355, "length": 5.0, "mode": "train", "epoch": 30}
{"loss": 0.15668746829032898, "acc": 0.9443974494934082, "length": 5.0, "mode": "test", "epoch": 30}
{"loss": 0.14598321914672852, "acc": 0.9475966691970825, "length": 5.0, "mode": "train", "epoch": 31}
{"loss": 0.1449536234140396, "acc": 0.9491811990737915, "length": 5.0, "mode": "test", "epoch": 31}
{"loss": 0.14408504962921143, "acc": 0.948897659778595, "length": 5.0, "mode": "train", "epoch": 32}
{"loss": 0.14949877560138702, "acc": 0.9483293294906616, "length": 5.0, "mode": "test", "epoch": 32}
{"loss": 0.14331366121768951, "acc": 0.9495126008987427, "length": 5.0, "mode": "train", "epoch": 33}
{"loss": 0.14483942091464996, "acc": 0.9496682286262512, "length": 5.0, "mode": "test", "epoch": 33}
{"loss": 0.13956384360790253, "acc": 0.9513452053070068, "length": 5.0, "mode": "train", "epoch": 34}
{"loss": 0.14112170040607452, "acc": 0.951892077922821, "length": 5.0, "mode": "test", "epoch": 34}
{"loss": 0.1349218785762787, "acc": 0.9536941051483154, "length": 5.0, "mode": "train", "epoch": 35}
{"loss": 0.14314037561416626, "acc": 0.9522184133529663, "length": 5.0, "mode": "test", "epoch": 35}
{"loss": 0.13272440433502197, "acc": 0.9552318453788757, "length": 5.0, "mode": "train", "epoch": 36}
{"loss": 0.12997375428676605, "acc": 0.9569242000579834, "length": 5.0, "mode": "test", "epoch": 36}
{"loss": 0.12671734392642975, "acc": 0.958061158657074, "length": 5.0, "mode": "train", "epoch": 37}
{"loss": 0.12700273096561432, "acc": 0.9596404433250427, "length": 5.0, "mode": "test", "epoch": 37}
{"loss": 0.12663935124874115, "acc": 0.95831298828125, "length": 5.0, "mode": "train", "epoch": 38}
{"loss": 0.14902684092521667, "acc": 0.9500577449798584, "length": 5.0, "mode": "test", "epoch": 38}
{"loss": 0.12720856070518494, "acc": 0.9586445093154907, "length": 5.0, "mode": "train", "epoch": 39}
{"loss": 0.12588393688201904, "acc": 0.9606495499610901, "length": 5.0, "mode": "test", "epoch": 39}
{"loss": 0.11944682896137238, "acc": 0.9619881510734558, "length": 5.0, "mode": "train", "epoch": 40}
{"loss": 0.1194385290145874, "acc": 0.9625223875045776, "length": 5.0, "mode": "test", "epoch": 40}
{"loss": 0.11620332300662994, "acc": 0.9632221460342407, "length": 5.0, "mode": "train", "epoch": 41}
{"loss": 0.11941058188676834, "acc": 0.9629301428794861, "length": 5.0, "mode": "test", "epoch": 41}
{"loss": 0.11920776218175888, "acc": 0.9623898267745972, "length": 5.0, "mode": "train", "epoch": 42}
{"loss": 0.11736712604761124, "acc": 0.9638452529907227, "length": 5.0, "mode": "test", "epoch": 42}
{"loss": 0.11684046685695648, "acc": 0.9632891416549683, "length": 5.0, "mode": "train", "epoch": 43}
{"loss": 0.1173066645860672, "acc": 0.9635990262031555, "length": 5.0, "mode": "test", "epoch": 43}
{"loss": 0.11775968223810196, "acc": 0.9630181193351746, "length": 5.0, "mode": "train", "epoch": 44}
{"loss": 0.1246582642197609, "acc": 0.9617743492126465, "length": 5.0, "mode": "test", "epoch": 44}
{"loss": 0.11476650834083557, "acc": 0.9642566442489624, "length": 5.0, "mode": "train", "epoch": 45}
{"loss": 0.11747182905673981, "acc": 0.9637050032615662, "length": 5.0, "mode": "test", "epoch": 45}
{"loss": 0.11562513560056686, "acc": 0.9637882113456726, "length": 5.0, "mode": "train", "epoch": 46}
{"loss": 0.1175021305680275, "acc": 0.9640346765518188, "length": 5.0, "mode": "test", "epoch": 46}
{"loss": 0.11645632982254028, "acc": 0.9637177586555481, "length": 5.0, "mode": "train", "epoch": 47}
{"loss": 0.11818955093622208, "acc": 0.9638976454734802, "length": 5.0, "mode": "test", "epoch": 47}
{"loss": 0.11486297100782394, "acc": 0.9644051790237427, "length": 5.0, "mode": "train", "epoch": 48}
{"loss": 0.11480453610420227, "acc": 0.9644735455513, "length": 5.0, "mode": "test", "epoch": 48}
{"loss": 0.11451862007379532, "acc": 0.9643680453300476, "length": 5.0, "mode": "train", "epoch": 49}
{"loss": 0.11917123943567276, "acc": 0.9634053111076355, "length": 5.0, "mode": "test", "epoch": 49}
{"loss": 0.1137802004814148, "acc": 0.96494060754776, "length": 5.0, "mode": "train", "epoch": 50}
{"loss": 0.11406354606151581, "acc": 0.9656174778938293, "length": 5.0, "mode": "test", "epoch": 50}
{"loss": 0.11005883663892746, "acc": 0.966164767742157, "length": 5.0, "mode": "train", "epoch": 51}
{"loss": 0.10986922681331635, "acc": 0.966438353061676, "length": 5.0, "mode": "test", "epoch": 51}
{"loss": 0.10937770456075668, "acc": 0.9662258625030518, "length": 5.0, "mode": "train", "epoch": 52}
{"loss": 0.11875612288713455, "acc": 0.9627301096916199, "length": 5.0, "mode": "test", "epoch": 52}
{"loss": 0.1137164756655693, "acc": 0.964533805847168, "length": 5.0, "mode": "train", "epoch": 53}
{"loss": 0.11787240952253342, "acc": 0.9637284874916077, "length": 5.0, "mode": "test", "epoch": 53}
{"loss": 0.11249704658985138, "acc": 0.9650686979293823, "length": 5.0, "mode": "train", "epoch": 54}
{"loss": 0.12040167301893234, "acc": 0.9623427391052246, "length": 5.0, "mode": "test", "epoch": 54}
{"loss": 0.1140361875295639, "acc": 0.964470624923706, "length": 5.0, "mode": "train", "epoch": 55}
{"loss": 0.11207259446382523, "acc": 0.9657159447669983, "length": 5.0, "mode": "test", "epoch": 55}
{"loss": 0.11227984726428986, "acc": 0.9650439620018005, "length": 5.0, "mode": "train", "epoch": 56}
{"loss": 0.1113097220659256, "acc": 0.9660540819168091, "length": 5.0, "mode": "test", "epoch": 56}
{"loss": 0.11133483797311783, "acc": 0.9652889966964722, "length": 5.0, "mode": "train", "epoch": 57}
{"loss": 0.11355012655258179, "acc": 0.9653275012969971, "length": 5.0, "mode": "test", "epoch": 57}
{"loss": 0.11031486839056015, "acc": 0.965742826461792, "length": 5.0, "mode": "train", "epoch": 58}
{"loss": 0.11299216747283936, "acc": 0.9654719829559326, "length": 5.0, "mode": "test", "epoch": 58}
{"loss": 0.1086696907877922, "acc": 0.9661709070205688, "length": 5.0, "mode": "train", "epoch": 59}
{"loss": 0.10708509385585785, "acc": 0.9675000309944153, "length": 5.0, "mode": "test", "epoch": 59}
{"loss": 0.10818620771169662, "acc": 0.9665504693984985, "length": 5.0, "mode": "train", "epoch": 60}
{"loss": 0.1139969676733017, "acc": 0.9655853509902954, "length": 5.0, "mode": "test", "epoch": 60}
test accuracy: 0.9630324244499207
