ndevices 0
# ["--attributes=4", "--values=8", "--game_size=10", "--vocab_size_factor=3", "--n_epochs=60", "--batch_size=128", "--learning_rate=0.001", "--speaker_hidden_size=128", "--temp_update=0.99", "--temperature=1.5"]
data loaded from: data/dim(4,8).ds
vocab size 28
message length 4
{"loss": 0.3834301233291626, "acc": 0.8212347030639648, "length": 4.818531513214111, "mode": "train", "epoch": 1}
{"loss": 0.2915504574775696, "acc": 0.8754420280456543, "length": 5.0, "mode": "test", "epoch": 1}
{"loss": 0.23465532064437866, "acc": 0.9086017608642578, "length": 4.9999003410339355, "mode": "train", "epoch": 2}
{"loss": 0.231424018740654, "acc": 0.9097848534584045, "length": 5.0, "mode": "test", "epoch": 2}
{"loss": 0.19833965599536896, "acc": 0.9259597063064575, "length": 4.999958515167236, "mode": "train", "epoch": 3}
{"loss": 0.20278334617614746, "acc": 0.9243642091751099, "length": 5.0, "mode": "test", "epoch": 3}
{"loss": 0.18122383952140808, "acc": 0.9341310858726501, "length": 4.99995756149292, "mode": "train", "epoch": 4}
{"loss": 0.19524429738521576, "acc": 0.9268781542778015, "length": 5.0, "mode": "test", "epoch": 4}
{"loss": 0.1499740034341812, "acc": 0.9472693800926208, "length": 4.999973773956299, "mode": "train", "epoch": 5}
{"loss": 0.16123180091381073, "acc": 0.940829336643219, "length": 5.0, "mode": "test", "epoch": 5}
{"loss": 0.13490796089172363, "acc": 0.9534790515899658, "length": 4.9999918937683105, "mode": "train", "epoch": 6}
{"loss": 0.1587536484003067, "acc": 0.9394541382789612, "length": 5.0, "mode": "test", "epoch": 6}
{"loss": 0.12665821611881256, "acc": 0.9563261866569519, "length": 4.999996662139893, "mode": "train", "epoch": 7}
{"loss": 0.14761243760585785, "acc": 0.9459823966026306, "length": 5.0, "mode": "test", "epoch": 7}
{"loss": 0.11803611367940903, "acc": 0.9597291350364685, "length": 4.999998092651367, "mode": "train", "epoch": 8}
{"loss": 0.1349799931049347, "acc": 0.9523512125015259, "length": 5.0, "mode": "test", "epoch": 8}
{"loss": 0.10062804818153381, "acc": 0.9680188894271851, "length": 4.999998569488525, "mode": "train", "epoch": 9}
{"loss": 0.11987237632274628, "acc": 0.9592980146408081, "length": 5.0, "mode": "test", "epoch": 9}
{"loss": 0.09435276687145233, "acc": 0.9711102843284607, "length": 4.999999523162842, "mode": "train", "epoch": 10}
{"loss": 0.12215931713581085, "acc": 0.9591940641403198, "length": 5.0, "mode": "test", "epoch": 10}
{"loss": 0.08974714577198029, "acc": 0.9730982780456543, "length": 4.999999523162842, "mode": "train", "epoch": 11}
{"loss": 0.11199206113815308, "acc": 0.9628874659538269, "length": 5.0, "mode": "test", "epoch": 11}
{"loss": 0.08745234459638596, "acc": 0.9740337133407593, "length": 5.0, "mode": "train", "epoch": 12}
{"loss": 0.11071985214948654, "acc": 0.9642015695571899, "length": 5.0, "mode": "test", "epoch": 12}
{"loss": 0.08412357419729233, "acc": 0.9751261472702026, "length": 5.0, "mode": "train", "epoch": 13}
{"loss": 0.09944529086351395, "acc": 0.9685831069946289, "length": 5.0, "mode": "test", "epoch": 13}
{"loss": 0.08066586405038834, "acc": 0.9764420390129089, "length": 5.0, "mode": "train", "epoch": 14}
{"loss": 0.10158616304397583, "acc": 0.9675149321556091, "length": 5.0, "mode": "test", "epoch": 14}
{"loss": 0.07852914184331894, "acc": 0.9773429036140442, "length": 5.0, "mode": "train", "epoch": 15}
{"loss": 0.09594869613647461, "acc": 0.9701968431472778, "length": 5.0, "mode": "test", "epoch": 15}
{"loss": 0.07588613778352737, "acc": 0.9784180521965027, "length": 5.0, "mode": "train", "epoch": 16}
{"loss": 0.09605718404054642, "acc": 0.9704174399375916, "length": 5.0, "mode": "test", "epoch": 16}
{"loss": 0.07385685294866562, "acc": 0.9789716601371765, "length": 5.0, "mode": "train", "epoch": 17}
{"loss": 0.09791357815265656, "acc": 0.9698169231414795, "length": 5.0, "mode": "test", "epoch": 17}
{"loss": 0.07391306757926941, "acc": 0.9788981676101685, "length": 5.0, "mode": "train", "epoch": 18}
{"loss": 0.09228639304637909, "acc": 0.9720452427864075, "length": 5.0, "mode": "test", "epoch": 18}
{"loss": 0.07267878204584122, "acc": 0.9792282581329346, "length": 5.0, "mode": "train", "epoch": 19}
{"loss": 0.09346231818199158, "acc": 0.9709941744804382, "length": 5.0, "mode": "test", "epoch": 19}
{"loss": 0.07388950139284134, "acc": 0.9787160158157349, "length": 5.0, "mode": "train", "epoch": 20}
{"loss": 0.09307949244976044, "acc": 0.9711911678314209, "length": 5.0, "mode": "test", "epoch": 20}
{"loss": 0.07240080833435059, "acc": 0.9792646169662476, "length": 5.0, "mode": "train", "epoch": 21}
{"loss": 0.08626369386911392, "acc": 0.9740592837333679, "length": 5.0, "mode": "test", "epoch": 21}
{"loss": 0.0702851414680481, "acc": 0.979874312877655, "length": 5.0, "mode": "train", "epoch": 22}
{"loss": 0.08331967890262604, "acc": 0.9754794836044312, "length": 5.0, "mode": "test", "epoch": 22}
{"loss": 0.070835180580616, "acc": 0.9796048402786255, "length": 5.0, "mode": "train", "epoch": 23}
{"loss": 0.08951547741889954, "acc": 0.9732351899147034, "length": 5.0, "mode": "test", "epoch": 23}
{"loss": 0.07115565240383148, "acc": 0.9795792102813721, "length": 5.0, "mode": "train", "epoch": 24}
{"loss": 0.08065372705459595, "acc": 0.9771307110786438, "length": 5.0, "mode": "test", "epoch": 24}
{"loss": 0.07034653425216675, "acc": 0.9797765612602234, "length": 5.0, "mode": "train", "epoch": 25}
{"loss": 0.08624923229217529, "acc": 0.9746189713478088, "length": 5.0, "mode": "test", "epoch": 25}
{"loss": 0.07287243753671646, "acc": 0.9788942933082581, "length": 5.0, "mode": "train", "epoch": 26}
{"loss": 0.08406659215688705, "acc": 0.9750586748123169, "length": 5.0, "mode": "test", "epoch": 26}
{"loss": 0.0707617774605751, "acc": 0.9795607328414917, "length": 5.0, "mode": "train", "epoch": 27}
{"loss": 0.09678982943296432, "acc": 0.9693857431411743, "length": 5.0, "mode": "test", "epoch": 27}
{"loss": 0.07062574476003647, "acc": 0.9795597195625305, "length": 5.0, "mode": "train", "epoch": 28}
{"loss": 0.07655762135982513, "acc": 0.97812819480896, "length": 5.0, "mode": "test", "epoch": 28}
{"loss": 0.06906087696552277, "acc": 0.9800679683685303, "length": 5.0, "mode": "train", "epoch": 29}
{"loss": 0.08034029603004456, "acc": 0.9770033955574036, "length": 5.0, "mode": "test", "epoch": 29}
{"loss": 0.06926961988210678, "acc": 0.9799402952194214, "length": 5.0, "mode": "train", "epoch": 30}
{"loss": 0.07995156943798065, "acc": 0.9765218496322632, "length": 5.0, "mode": "test", "epoch": 30}
{"loss": 0.0689859464764595, "acc": 0.9800208806991577, "length": 5.0, "mode": "train", "epoch": 31}
{"loss": 0.07980247586965561, "acc": 0.9775053858757019, "length": 5.0, "mode": "test", "epoch": 31}
{"loss": 0.06953401863574982, "acc": 0.9798856973648071, "length": 5.0, "mode": "train", "epoch": 32}
{"loss": 0.08347324281930923, "acc": 0.9763088226318359, "length": 5.0, "mode": "test", "epoch": 32}
{"loss": 0.06875788420438766, "acc": 0.9800911545753479, "length": 5.0, "mode": "train", "epoch": 33}
{"loss": 0.09626957774162292, "acc": 0.9704055786132812, "length": 5.0, "mode": "test", "epoch": 33}
{"loss": 0.07148832082748413, "acc": 0.9792182445526123, "length": 5.0, "mode": "train", "epoch": 34}
{"loss": 0.08128445595502853, "acc": 0.9766342639923096, "length": 5.0, "mode": "test", "epoch": 34}
{"loss": 0.0693218857049942, "acc": 0.9799623489379883, "length": 5.0, "mode": "train", "epoch": 35}
{"loss": 0.07828640192747116, "acc": 0.9777879118919373, "length": 5.0, "mode": "test", "epoch": 35}
{"loss": 0.06954041123390198, "acc": 0.9798793196678162, "length": 5.0, "mode": "train", "epoch": 36}
{"loss": 0.07809288054704666, "acc": 0.9775491952896118, "length": 5.0, "mode": "test", "epoch": 36}
{"loss": 0.07053219527006149, "acc": 0.979559600353241, "length": 5.0, "mode": "train", "epoch": 37}
{"loss": 0.08131512999534607, "acc": 0.9766567349433899, "length": 5.0, "mode": "test", "epoch": 37}
{"loss": 0.0707172378897667, "acc": 0.9795745611190796, "length": 5.0, "mode": "train", "epoch": 38}
{"loss": 0.07879932224750519, "acc": 0.976670503616333, "length": 5.0, "mode": "test", "epoch": 38}
{"loss": 0.06966162472963333, "acc": 0.9798757433891296, "length": 5.0, "mode": "train", "epoch": 39}
{"loss": 0.08078544586896896, "acc": 0.9772248864173889, "length": 5.0, "mode": "test", "epoch": 39}
{"loss": 0.06895413249731064, "acc": 0.979903519153595, "length": 5.0, "mode": "train", "epoch": 40}
{"loss": 0.08223569393157959, "acc": 0.975973904132843, "length": 5.0, "mode": "test", "epoch": 40}
{"loss": 0.07087547332048416, "acc": 0.9795503616333008, "length": 5.0, "mode": "train", "epoch": 41}
{"loss": 0.08465246111154556, "acc": 0.9765443801879883, "length": 5.0, "mode": "test", "epoch": 41}
{"loss": 0.0694001168012619, "acc": 0.9799013733863831, "length": 5.0, "mode": "train", "epoch": 42}
{"loss": 0.08979000896215439, "acc": 0.9735262393951416, "length": 5.0, "mode": "test", "epoch": 42}
{"loss": 0.06854814291000366, "acc": 0.9801214337348938, "length": 5.0, "mode": "train", "epoch": 43}
{"loss": 0.07354085147380829, "acc": 0.9796382784843445, "length": 5.0, "mode": "test", "epoch": 43}
{"loss": 0.06796076148748398, "acc": 0.9802955985069275, "length": 5.0, "mode": "train", "epoch": 44}
{"loss": 0.07309664040803909, "acc": 0.9795665740966797, "length": 5.0, "mode": "test", "epoch": 44}
{"loss": 0.06818953901529312, "acc": 0.9802531003952026, "length": 5.0, "mode": "train", "epoch": 45}
{"loss": 0.0730278417468071, "acc": 0.9797207117080688, "length": 5.0, "mode": "test", "epoch": 45}
{"loss": 0.06816226243972778, "acc": 0.9801425337791443, "length": 5.0, "mode": "train", "epoch": 46}
{"loss": 0.07399040460586548, "acc": 0.9791417121887207, "length": 5.0, "mode": "test", "epoch": 46}
{"loss": 0.07051710039377213, "acc": 0.9794868230819702, "length": 5.0, "mode": "train", "epoch": 47}
{"loss": 0.07675335556268692, "acc": 0.9779804944992065, "length": 5.0, "mode": "test", "epoch": 47}
{"loss": 0.0725727453827858, "acc": 0.9789678454399109, "length": 5.0, "mode": "train", "epoch": 48}
{"loss": 0.08089127391576767, "acc": 0.976982057094574, "length": 5.0, "mode": "test", "epoch": 48}
{"loss": 0.07083401083946228, "acc": 0.9793627262115479, "length": 5.0, "mode": "train", "epoch": 49}
{"loss": 0.08903271704912186, "acc": 0.9736332893371582, "length": 5.0, "mode": "test", "epoch": 49}
{"loss": 0.06993117928504944, "acc": 0.9796231389045715, "length": 5.0, "mode": "train", "epoch": 50}
{"loss": 0.07762638479471207, "acc": 0.9779291152954102, "length": 5.0, "mode": "test", "epoch": 50}
{"loss": 0.06814585626125336, "acc": 0.9801611304283142, "length": 5.0, "mode": "train", "epoch": 51}
{"loss": 0.07511011511087418, "acc": 0.9788805842399597, "length": 5.0, "mode": "test", "epoch": 51}
{"loss": 0.0694381520152092, "acc": 0.9798547029495239, "length": 5.0, "mode": "train", "epoch": 52}
{"loss": 0.07748020440340042, "acc": 0.9786023497581482, "length": 5.0, "mode": "test", "epoch": 52}
{"loss": 0.0684826448559761, "acc": 0.9800472259521484, "length": 5.0, "mode": "train", "epoch": 53}
{"loss": 0.0698685348033905, "acc": 0.9804847836494446, "length": 5.0, "mode": "test", "epoch": 53}
{"loss": 0.06830115616321564, "acc": 0.9800758361816406, "length": 5.0, "mode": "train", "epoch": 54}
{"loss": 0.08181179314851761, "acc": 0.9772002696990967, "length": 5.0, "mode": "test", "epoch": 54}
{"loss": 0.0690910592675209, "acc": 0.9800412058830261, "length": 5.0, "mode": "train", "epoch": 55}
{"loss": 0.07805386930704117, "acc": 0.9783894419670105, "length": 5.0, "mode": "test", "epoch": 55}
{"loss": 0.07199379801750183, "acc": 0.9790552854537964, "length": 5.0, "mode": "train", "epoch": 56}
{"loss": 0.07875550538301468, "acc": 0.977744996547699, "length": 5.0, "mode": "test", "epoch": 56}
{"loss": 0.07101607322692871, "acc": 0.9793855547904968, "length": 5.0, "mode": "train", "epoch": 57}
{"loss": 0.07171017676591873, "acc": 0.9796456694602966, "length": 5.0, "mode": "test", "epoch": 57}
{"loss": 0.06771735101938248, "acc": 0.9801118969917297, "length": 5.0, "mode": "train", "epoch": 58}
{"loss": 0.07702308148145676, "acc": 0.9780972599983215, "length": 5.0, "mode": "test", "epoch": 58}
{"loss": 0.06780558079481125, "acc": 0.9802107810974121, "length": 5.0, "mode": "train", "epoch": 59}
{"loss": 0.07365232706069946, "acc": 0.9790731072425842, "length": 5.0, "mode": "test", "epoch": 59}
{"loss": 0.06716768443584442, "acc": 0.9803497791290283, "length": 5.0, "mode": "train", "epoch": 60}
{"loss": 0.07164203375577927, "acc": 0.9793472290039062, "length": 5.0, "mode": "test", "epoch": 60}
test accuracy: 0.9776917695999146
