ndevices 0
# ["--attributes=4", "--values=8", "--game_size=10", "--vocab_size_factor=3", "--n_epochs=60", "--batch_size=128", "--learning_rate=0.001", "--speaker_hidden_size=128", "--temp_update=0.99", "--temperature=2"]
data loaded from: data/dim(4,8).ds
vocab size 28
message length 4
{"loss": 0.39450985193252563, "acc": 0.8142348527908325, "length": 4.8950653076171875, "mode": "train", "epoch": 1}
{"loss": 0.4235745668411255, "acc": 0.8054269552230835, "length": 5.0, "mode": "test", "epoch": 1}
{"loss": 0.26377224922180176, "acc": 0.8960868716239929, "length": 4.99952507019043, "mode": "train", "epoch": 2}
{"loss": 0.2950522005558014, "acc": 0.8685990571975708, "length": 5.0, "mode": "test", "epoch": 2}
{"loss": 0.21671074628829956, "acc": 0.9185481071472168, "length": 4.999762535095215, "mode": "train", "epoch": 3}
{"loss": 0.2310316562652588, "acc": 0.9093149900436401, "length": 5.0, "mode": "test", "epoch": 3}
{"loss": 0.1952076256275177, "acc": 0.9282287359237671, "length": 4.9998860359191895, "mode": "train", "epoch": 4}
{"loss": 0.2178362011909485, "acc": 0.9187991619110107, "length": 5.0, "mode": "test", "epoch": 4}
{"loss": 0.1747887283563614, "acc": 0.9375866055488586, "length": 4.999963760375977, "mode": "train", "epoch": 5}
{"loss": 0.20712363719940186, "acc": 0.9208219051361084, "length": 5.0, "mode": "test", "epoch": 5}
{"loss": 0.1662273406982422, "acc": 0.941352903842926, "length": 4.999979496002197, "mode": "train", "epoch": 6}
{"loss": 0.19313739240169525, "acc": 0.9282876253128052, "length": 5.0, "mode": "test", "epoch": 6}
{"loss": 0.15625837445259094, "acc": 0.9453427791595459, "length": 4.9999895095825195, "mode": "train", "epoch": 7}
{"loss": 0.18637578189373016, "acc": 0.9295044541358948, "length": 5.0, "mode": "test", "epoch": 7}
{"loss": 0.14834082126617432, "acc": 0.9487497210502625, "length": 4.999995231628418, "mode": "train", "epoch": 8}
{"loss": 0.18704654276371002, "acc": 0.9300748705863953, "length": 5.0, "mode": "test", "epoch": 8}
{"loss": 0.13253453373908997, "acc": 0.9559903740882874, "length": 4.999998092651367, "mode": "train", "epoch": 9}
{"loss": 0.17071756720542908, "acc": 0.936972439289093, "length": 5.0, "mode": "test", "epoch": 9}
{"loss": 0.12627071142196655, "acc": 0.9588762521743774, "length": 4.999999523162842, "mode": "train", "epoch": 10}
{"loss": 0.1710539162158966, "acc": 0.93995600938797, "length": 5.0, "mode": "test", "epoch": 10}
{"loss": 0.11955512315034866, "acc": 0.9616506695747375, "length": 5.0, "mode": "train", "epoch": 11}
{"loss": 0.1518544852733612, "acc": 0.9458464980125427, "length": 5.0, "mode": "test", "epoch": 11}
{"loss": 0.11095831543207169, "acc": 0.9651017785072327, "length": 5.0, "mode": "train", "epoch": 12}
{"loss": 0.15630219876766205, "acc": 0.944244384765625, "length": 5.0, "mode": "test", "epoch": 12}
{"loss": 0.10514938831329346, "acc": 0.967510461807251, "length": 5.0, "mode": "train", "epoch": 13}
{"loss": 0.14415356516838074, "acc": 0.9504077434539795, "length": 5.0, "mode": "test", "epoch": 13}
{"loss": 0.10324306786060333, "acc": 0.9681076407432556, "length": 5.0, "mode": "train", "epoch": 14}
{"loss": 0.1403343677520752, "acc": 0.952965497970581, "length": 5.0, "mode": "test", "epoch": 14}
{"loss": 0.09998981654644012, "acc": 0.9690543413162231, "length": 5.0, "mode": "train", "epoch": 15}
{"loss": 0.1401742547750473, "acc": 0.950840175151825, "length": 5.0, "mode": "test", "epoch": 15}
{"loss": 0.09718658030033112, "acc": 0.9700718522071838, "length": 5.0, "mode": "train", "epoch": 16}
{"loss": 0.127885103225708, "acc": 0.956910252571106, "length": 5.0, "mode": "test", "epoch": 16}
{"loss": 0.09292090684175491, "acc": 0.9719101190567017, "length": 5.0, "mode": "train", "epoch": 17}
{"loss": 0.13570527732372284, "acc": 0.9545001983642578, "length": 5.0, "mode": "test", "epoch": 17}
{"loss": 0.09152303636074066, "acc": 0.9723677635192871, "length": 5.0, "mode": "train", "epoch": 18}
{"loss": 0.1268015056848526, "acc": 0.9579644203186035, "length": 5.0, "mode": "test", "epoch": 18}
{"loss": 0.08987388759851456, "acc": 0.972795844078064, "length": 5.0, "mode": "train", "epoch": 19}
{"loss": 0.1299963742494583, "acc": 0.9555650949478149, "length": 5.0, "mode": "test", "epoch": 19}
{"loss": 0.09006019681692123, "acc": 0.9725783467292786, "length": 5.0, "mode": "train", "epoch": 20}
{"loss": 0.11688481271266937, "acc": 0.9622923731803894, "length": 5.0, "mode": "test", "epoch": 20}
{"loss": 0.08666437119245529, "acc": 0.9737883806228638, "length": 5.0, "mode": "train", "epoch": 21}
{"loss": 0.11387893557548523, "acc": 0.9630361199378967, "length": 5.0, "mode": "test", "epoch": 21}
{"loss": 0.08537529408931732, "acc": 0.9742552638053894, "length": 5.0, "mode": "train", "epoch": 22}
{"loss": 0.12161298096179962, "acc": 0.959990382194519, "length": 5.0, "mode": "test", "epoch": 22}
{"loss": 0.08503705263137817, "acc": 0.9742146730422974, "length": 5.0, "mode": "train", "epoch": 23}
{"loss": 0.1159801110625267, "acc": 0.962148904800415, "length": 5.0, "mode": "test", "epoch": 23}
{"loss": 0.08442725241184235, "acc": 0.9745306968688965, "length": 5.0, "mode": "train", "epoch": 24}
{"loss": 0.11713717877864838, "acc": 0.9621467590332031, "length": 5.0, "mode": "test", "epoch": 24}
{"loss": 0.08444775640964508, "acc": 0.9745030403137207, "length": 5.0, "mode": "train", "epoch": 25}
{"loss": 0.10848846286535263, "acc": 0.9657491445541382, "length": 5.0, "mode": "test", "epoch": 25}
{"loss": 0.08336770534515381, "acc": 0.9748597145080566, "length": 5.0, "mode": "train", "epoch": 26}
{"loss": 0.11137901246547699, "acc": 0.9644681811332703, "length": 5.0, "mode": "test", "epoch": 26}
{"loss": 0.08356932550668716, "acc": 0.9747087359428406, "length": 5.0, "mode": "train", "epoch": 27}
{"loss": 0.10622751712799072, "acc": 0.9670462012290955, "length": 5.0, "mode": "test", "epoch": 27}
{"loss": 0.08307762444019318, "acc": 0.9748378396034241, "length": 5.0, "mode": "train", "epoch": 28}
{"loss": 0.11894002556800842, "acc": 0.9610391855239868, "length": 5.0, "mode": "test", "epoch": 28}
{"loss": 0.08173247426748276, "acc": 0.9751702547073364, "length": 5.0, "mode": "train", "epoch": 29}
{"loss": 0.10281314700841904, "acc": 0.9676893949508667, "length": 5.0, "mode": "test", "epoch": 29}
{"loss": 0.08079357445240021, "acc": 0.9755716919898987, "length": 5.0, "mode": "train", "epoch": 30}
{"loss": 0.10585967451334, "acc": 0.9671477675437927, "length": 5.0, "mode": "test", "epoch": 30}
{"loss": 0.07798416167497635, "acc": 0.9766582250595093, "length": 5.0, "mode": "train", "epoch": 31}
{"loss": 0.10047557950019836, "acc": 0.9686546921730042, "length": 5.0, "mode": "test", "epoch": 31}
{"loss": 0.07500404119491577, "acc": 0.9779539704322815, "length": 5.0, "mode": "train", "epoch": 32}
{"loss": 0.10227923095226288, "acc": 0.9669626951217651, "length": 5.0, "mode": "test", "epoch": 32}
{"loss": 0.07459121942520142, "acc": 0.9781840443611145, "length": 5.0, "mode": "train", "epoch": 33}
{"loss": 0.09816573560237885, "acc": 0.9689854383468628, "length": 5.0, "mode": "test", "epoch": 33}
{"loss": 0.07379745692014694, "acc": 0.9784716367721558, "length": 5.0, "mode": "train", "epoch": 34}
{"loss": 0.10622668266296387, "acc": 0.9664543271064758, "length": 5.0, "mode": "test", "epoch": 34}
{"loss": 0.07326970994472504, "acc": 0.9785603880882263, "length": 5.0, "mode": "train", "epoch": 35}
{"loss": 0.0989874005317688, "acc": 0.9697346687316895, "length": 5.0, "mode": "test", "epoch": 35}
{"loss": 0.07389446347951889, "acc": 0.9783657789230347, "length": 5.0, "mode": "train", "epoch": 36}
{"loss": 0.09119285643100739, "acc": 0.9731505513191223, "length": 5.0, "mode": "test", "epoch": 36}
{"loss": 0.07328719645738602, "acc": 0.9785568118095398, "length": 5.0, "mode": "train", "epoch": 37}
{"loss": 0.08937099575996399, "acc": 0.9735840559005737, "length": 5.0, "mode": "test", "epoch": 37}
{"loss": 0.07217814028263092, "acc": 0.9788604974746704, "length": 5.0, "mode": "train", "epoch": 38}
{"loss": 0.09003512561321259, "acc": 0.9728007316589355, "length": 5.0, "mode": "test", "epoch": 38}
{"loss": 0.0715218186378479, "acc": 0.9790619611740112, "length": 5.0, "mode": "train", "epoch": 39}
{"loss": 0.08910401910543442, "acc": 0.9731153249740601, "length": 5.0, "mode": "test", "epoch": 39}
{"loss": 0.07613648474216461, "acc": 0.9775440096855164, "length": 5.0, "mode": "train", "epoch": 40}
{"loss": 0.09264203161001205, "acc": 0.9732180833816528, "length": 5.0, "mode": "test", "epoch": 40}
{"loss": 0.07270506024360657, "acc": 0.9788587093353271, "length": 5.0, "mode": "train", "epoch": 41}
{"loss": 0.0937880352139473, "acc": 0.9720932841300964, "length": 5.0, "mode": "test", "epoch": 41}
{"loss": 0.07237915694713593, "acc": 0.9789364337921143, "length": 5.0, "mode": "train", "epoch": 42}
{"loss": 0.08416514098644257, "acc": 0.9759343266487122, "length": 5.0, "mode": "test", "epoch": 42}
{"loss": 0.07022061198949814, "acc": 0.9794777631759644, "length": 5.0, "mode": "train", "epoch": 43}
{"loss": 0.08596629649400711, "acc": 0.9743760824203491, "length": 5.0, "mode": "test", "epoch": 43}
{"loss": 0.06853064894676208, "acc": 0.9800412058830261, "length": 5.0, "mode": "train", "epoch": 44}
{"loss": 0.08403130620718002, "acc": 0.9748427271842957, "length": 5.0, "mode": "test", "epoch": 44}
{"loss": 0.06814678013324738, "acc": 0.9801239967346191, "length": 5.0, "mode": "train", "epoch": 45}
{"loss": 0.08438435941934586, "acc": 0.9754923582077026, "length": 5.0, "mode": "test", "epoch": 45}
{"loss": 0.06605421751737595, "acc": 0.9808849692344666, "length": 5.0, "mode": "train", "epoch": 46}
{"loss": 0.08148573338985443, "acc": 0.9767112135887146, "length": 5.0, "mode": "test", "epoch": 46}
{"loss": 0.06978949159383774, "acc": 0.9794308543205261, "length": 5.0, "mode": "train", "epoch": 47}
{"loss": 0.09824278205633163, "acc": 0.9709417223930359, "length": 5.0, "mode": "test", "epoch": 47}
{"loss": 0.0667753517627716, "acc": 0.9805992841720581, "length": 5.0, "mode": "train", "epoch": 48}
{"loss": 0.07761452347040176, "acc": 0.9773308634757996, "length": 5.0, "mode": "test", "epoch": 48}
{"loss": 0.06295117735862732, "acc": 0.9820946455001831, "length": 5.0, "mode": "train", "epoch": 49}
{"loss": 0.07795330882072449, "acc": 0.9779376983642578, "length": 5.0, "mode": "test", "epoch": 49}
{"loss": 0.0646996796131134, "acc": 0.9815908670425415, "length": 5.0, "mode": "train", "epoch": 50}
{"loss": 0.07841059565544128, "acc": 0.9776027798652649, "length": 5.0, "mode": "test", "epoch": 50}
{"loss": 0.060672130435705185, "acc": 0.9828833937644958, "length": 5.0, "mode": "train", "epoch": 51}
{"loss": 0.07804916799068451, "acc": 0.9780704975128174, "length": 5.0, "mode": "test", "epoch": 51}
{"loss": 0.06133385747671127, "acc": 0.9827805757522583, "length": 5.0, "mode": "train", "epoch": 52}
{"loss": 0.07591168582439423, "acc": 0.9782534241676331, "length": 5.0, "mode": "test", "epoch": 52}
{"loss": 0.0592983141541481, "acc": 0.9834840297698975, "length": 5.0, "mode": "train", "epoch": 53}
{"loss": 0.07511474192142487, "acc": 0.9788815975189209, "length": 5.0, "mode": "test", "epoch": 53}
{"loss": 0.05874023959040642, "acc": 0.9836570620536804, "length": 5.0, "mode": "train", "epoch": 54}
{"loss": 0.07612911611795425, "acc": 0.9787811040878296, "length": 5.0, "mode": "test", "epoch": 54}
{"loss": 0.05813273414969444, "acc": 0.9838700890541077, "length": 5.0, "mode": "train", "epoch": 55}
{"loss": 0.07181068509817123, "acc": 0.9803639054298401, "length": 5.0, "mode": "test", "epoch": 55}
{"loss": 0.05878114700317383, "acc": 0.9837384223937988, "length": 5.0, "mode": "train", "epoch": 56}
{"loss": 0.07020550966262817, "acc": 0.981143057346344, "length": 5.0, "mode": "test", "epoch": 56}
{"loss": 0.05754385516047478, "acc": 0.9841423630714417, "length": 5.0, "mode": "train", "epoch": 57}
{"loss": 0.07065077871084213, "acc": 0.9805073142051697, "length": 5.0, "mode": "test", "epoch": 57}
{"loss": 0.0566144697368145, "acc": 0.9844522476196289, "length": 5.0, "mode": "train", "epoch": 58}
{"loss": 0.08607719838619232, "acc": 0.976394534111023, "length": 5.0, "mode": "test", "epoch": 58}
{"loss": 0.05728938803076744, "acc": 0.9841950535774231, "length": 5.0, "mode": "train", "epoch": 59}
{"loss": 0.06781420856714249, "acc": 0.9816609621047974, "length": 5.0, "mode": "test", "epoch": 59}
{"loss": 0.05443548783659935, "acc": 0.9850451350212097, "length": 5.0, "mode": "train", "epoch": 60}
{"loss": 0.06713055819272995, "acc": 0.9817573428153992, "length": 5.0, "mode": "test", "epoch": 60}
test accuracy: 0.9794211983680725
