ndevices 0
# ["--attributes=4", "--values=8", "--game_size=10", "--vocab_size_factor=3", "--n_epochs=60", "--batch_size=128", "--learning_rate=0.001", "--speaker_hidden_size=256", "--temp_update=0.97", "--temperature=1"]
data loaded from: data/dim(4,8).ds
vocab size 28
message length 4
{"loss": 0.43869173526763916, "acc": 0.7906226515769958, "length": 4.82568359375, "mode": "train", "epoch": 1}
{"loss": 0.3502315580844879, "acc": 0.8488280177116394, "length": 5.0, "mode": "test", "epoch": 1}
{"loss": 0.3256080448627472, "acc": 0.8626227378845215, "length": 4.999974727630615, "mode": "train", "epoch": 2}
{"loss": 0.31129953265190125, "acc": 0.8707341551780701, "length": 5.0, "mode": "test", "epoch": 2}
{"loss": 0.2976538836956024, "acc": 0.8762954473495483, "length": 4.999990940093994, "mode": "train", "epoch": 3}
{"loss": 0.2814304232597351, "acc": 0.885547935962677, "length": 5.0, "mode": "test", "epoch": 3}
{"loss": 0.2740665674209595, "acc": 0.8879989385604858, "length": 4.999996185302734, "mode": "train", "epoch": 4}
{"loss": 0.26153382658958435, "acc": 0.8956806063652039, "length": 5.0, "mode": "test", "epoch": 4}
{"loss": 0.2520659267902374, "acc": 0.9003251791000366, "length": 4.999999046325684, "mode": "train", "epoch": 5}
{"loss": 0.24314947426319122, "acc": 0.9059139490127563, "length": 5.0, "mode": "test", "epoch": 5}
{"loss": 0.23536914587020874, "acc": 0.9083510637283325, "length": 4.999999046325684, "mode": "train", "epoch": 6}
{"loss": 0.23222874104976654, "acc": 0.911296010017395, "length": 5.0, "mode": "test", "epoch": 6}
{"loss": 0.22655025124549866, "acc": 0.9115731120109558, "length": 5.0, "mode": "train", "epoch": 7}
{"loss": 0.22030913829803467, "acc": 0.9155265092849731, "length": 5.0, "mode": "test", "epoch": 7}
{"loss": 0.22046144306659698, "acc": 0.9136998653411865, "length": 5.0, "mode": "train", "epoch": 8}
{"loss": 0.23294419050216675, "acc": 0.9108647704124451, "length": 5.0, "mode": "test", "epoch": 8}
{"loss": 0.2146308869123459, "acc": 0.9163047671318054, "length": 5.0, "mode": "train", "epoch": 9}
{"loss": 0.21298611164093018, "acc": 0.918552041053772, "length": 5.0, "mode": "test", "epoch": 9}
{"loss": 0.20991450548171997, "acc": 0.9183576703071594, "length": 5.0, "mode": "train", "epoch": 10}
{"loss": 0.20775623619556427, "acc": 0.9198256134986877, "length": 5.0, "mode": "test", "epoch": 10}
{"loss": 0.20749153196811676, "acc": 0.9191232323646545, "length": 5.0, "mode": "train", "epoch": 11}
{"loss": 0.2066383957862854, "acc": 0.9204763174057007, "length": 5.0, "mode": "test", "epoch": 11}
{"loss": 0.20684781670570374, "acc": 0.9195801615715027, "length": 4.999999523162842, "mode": "train", "epoch": 12}
{"loss": 0.21151567995548248, "acc": 0.9186172485351562, "length": 5.0, "mode": "test", "epoch": 12}
{"loss": 0.2047991305589676, "acc": 0.9203840494155884, "length": 5.0, "mode": "train", "epoch": 13}
{"loss": 0.20884865522384644, "acc": 0.9184235334396362, "length": 5.0, "mode": "test", "epoch": 13}
{"loss": 0.20551124215126038, "acc": 0.9196637272834778, "length": 5.0, "mode": "train", "epoch": 14}
{"loss": 0.20191581547260284, "acc": 0.9217283725738525, "length": 5.0, "mode": "test", "epoch": 14}
{"loss": 0.20031720399856567, "acc": 0.9217474460601807, "length": 5.0, "mode": "train", "epoch": 15}
{"loss": 0.1985662430524826, "acc": 0.9234524369239807, "length": 5.0, "mode": "test", "epoch": 15}
{"loss": 0.20979097485542297, "acc": 0.9168155193328857, "length": 5.0, "mode": "train", "epoch": 16}
{"loss": 0.20846135914325714, "acc": 0.9194296002388, "length": 5.0, "mode": "test", "epoch": 16}
{"loss": 0.2026514858007431, "acc": 0.920659065246582, "length": 5.0, "mode": "train", "epoch": 17}
{"loss": 0.20568016171455383, "acc": 0.9194134473800659, "length": 5.0, "mode": "test", "epoch": 17}
{"loss": 0.20021450519561768, "acc": 0.9215548038482666, "length": 5.0, "mode": "train", "epoch": 18}
{"loss": 0.20065130293369293, "acc": 0.9213698506355286, "length": 5.0, "mode": "test", "epoch": 18}
{"loss": 0.1980496197938919, "acc": 0.9221255779266357, "length": 5.0, "mode": "train", "epoch": 19}
{"loss": 0.19524818658828735, "acc": 0.9243097305297852, "length": 5.0, "mode": "test", "epoch": 19}
{"loss": 0.19567205011844635, "acc": 0.9232692122459412, "length": 5.0, "mode": "train", "epoch": 20}
{"loss": 0.19764959812164307, "acc": 0.9241523742675781, "length": 5.0, "mode": "test", "epoch": 20}
{"loss": 0.19509132206439972, "acc": 0.9237170219421387, "length": 4.999999523162842, "mode": "train", "epoch": 21}
{"loss": 0.19739554822444916, "acc": 0.9236964583396912, "length": 5.0, "mode": "test", "epoch": 21}
{"loss": 0.19414113461971283, "acc": 0.9244690537452698, "length": 5.0, "mode": "train", "epoch": 22}
{"loss": 0.19893619418144226, "acc": 0.9234247207641602, "length": 5.0, "mode": "test", "epoch": 22}
{"loss": 0.19398446381092072, "acc": 0.9247289896011353, "length": 5.0, "mode": "train", "epoch": 23}
{"loss": 0.19391128420829773, "acc": 0.9264929294586182, "length": 5.0, "mode": "test", "epoch": 23}
{"loss": 0.18898124992847443, "acc": 0.9268077611923218, "length": 5.0, "mode": "train", "epoch": 24}
{"loss": 0.1972047984600067, "acc": 0.9250214695930481, "length": 5.0, "mode": "test", "epoch": 24}
{"loss": 0.18844372034072876, "acc": 0.9265831112861633, "length": 5.0, "mode": "train", "epoch": 25}
{"loss": 0.1866578608751297, "acc": 0.9283733367919922, "length": 5.0, "mode": "test", "epoch": 25}
{"loss": 0.18202970921993256, "acc": 0.9297077059745789, "length": 5.0, "mode": "train", "epoch": 26}
{"loss": 0.1820230931043625, "acc": 0.9313709139823914, "length": 5.0, "mode": "test", "epoch": 26}
{"loss": 0.1783999651670456, "acc": 0.9314360618591309, "length": 5.0, "mode": "train", "epoch": 27}
{"loss": 0.17899146676063538, "acc": 0.9324111938476562, "length": 5.0, "mode": "test", "epoch": 27}
{"loss": 0.17586281895637512, "acc": 0.9326032400131226, "length": 5.0, "mode": "train", "epoch": 28}
{"loss": 0.18116509914398193, "acc": 0.9310348033905029, "length": 5.0, "mode": "test", "epoch": 28}
{"loss": 0.1737644374370575, "acc": 0.9334209561347961, "length": 5.0, "mode": "train", "epoch": 29}
{"loss": 0.17464955151081085, "acc": 0.9344061017036438, "length": 5.0, "mode": "test", "epoch": 29}
{"loss": 0.17368561029434204, "acc": 0.9337252974510193, "length": 5.0, "mode": "train", "epoch": 30}
{"loss": 0.18982458114624023, "acc": 0.9273650646209717, "length": 5.0, "mode": "test", "epoch": 30}
{"loss": 0.1778229922056198, "acc": 0.9322490692138672, "length": 5.0, "mode": "train", "epoch": 31}
{"loss": 0.1794198453426361, "acc": 0.9317294359207153, "length": 5.0, "mode": "test", "epoch": 31}
{"loss": 0.17300726473331451, "acc": 0.9339614510536194, "length": 5.0, "mode": "train", "epoch": 32}
{"loss": 0.17081430554389954, "acc": 0.9361600875854492, "length": 5.0, "mode": "test", "epoch": 32}
{"loss": 0.17186357080936432, "acc": 0.9350697994232178, "length": 5.0, "mode": "train", "epoch": 33}
{"loss": 0.17585153877735138, "acc": 0.9349614381790161, "length": 5.0, "mode": "test", "epoch": 33}
{"loss": 0.17187663912773132, "acc": 0.9350444674491882, "length": 5.0, "mode": "train", "epoch": 34}
{"loss": 0.17238716781139374, "acc": 0.9365271925926208, "length": 5.0, "mode": "test", "epoch": 34}
{"loss": 0.17054468393325806, "acc": 0.9358817338943481, "length": 5.0, "mode": "train", "epoch": 35}
{"loss": 0.17247135937213898, "acc": 0.9357630610466003, "length": 5.0, "mode": "test", "epoch": 35}
{"loss": 0.16905231773853302, "acc": 0.936594545841217, "length": 5.0, "mode": "train", "epoch": 36}
{"loss": 0.16926300525665283, "acc": 0.9375513195991516, "length": 5.0, "mode": "test", "epoch": 36}
{"loss": 0.16588006913661957, "acc": 0.937847375869751, "length": 5.0, "mode": "train", "epoch": 37}
{"loss": 0.16376180946826935, "acc": 0.9399207830429077, "length": 5.0, "mode": "test", "epoch": 37}
{"loss": 0.16748923063278198, "acc": 0.9374054670333862, "length": 5.0, "mode": "train", "epoch": 38}
{"loss": 0.17792148888111115, "acc": 0.9340720772743225, "length": 5.0, "mode": "test", "epoch": 38}
{"loss": 0.1650426983833313, "acc": 0.9385892748832703, "length": 5.0, "mode": "train", "epoch": 39}
{"loss": 0.16034245491027832, "acc": 0.94140625, "length": 5.0, "mode": "test", "epoch": 39}
{"loss": 0.16223864257335663, "acc": 0.9395586848258972, "length": 5.0, "mode": "train", "epoch": 40}
{"loss": 0.16227896511554718, "acc": 0.9400171637535095, "length": 5.0, "mode": "test", "epoch": 40}
{"loss": 0.15946196019649506, "acc": 0.9408442974090576, "length": 5.0, "mode": "train", "epoch": 41}
{"loss": 0.15951977670192719, "acc": 0.9416213631629944, "length": 5.0, "mode": "test", "epoch": 41}
{"loss": 0.1612369567155838, "acc": 0.9403936862945557, "length": 5.0, "mode": "train", "epoch": 42}
{"loss": 0.1720256507396698, "acc": 0.9376722574234009, "length": 5.0, "mode": "test", "epoch": 42}
{"loss": 0.16287244856357574, "acc": 0.9398243427276611, "length": 5.0, "mode": "train", "epoch": 43}
{"loss": 0.15933147072792053, "acc": 0.9421693682670593, "length": 5.0, "mode": "test", "epoch": 43}
{"loss": 0.1571526974439621, "acc": 0.9425326585769653, "length": 5.0, "mode": "train", "epoch": 44}
{"loss": 0.15867410600185394, "acc": 0.9426743388175964, "length": 5.0, "mode": "test", "epoch": 44}
{"loss": 0.15498970448970795, "acc": 0.9434306621551514, "length": 5.0, "mode": "train", "epoch": 45}
{"loss": 0.15414656698703766, "acc": 0.9446843266487122, "length": 5.0, "mode": "test", "epoch": 45}
{"loss": 0.1556164026260376, "acc": 0.9434632062911987, "length": 5.0, "mode": "train", "epoch": 46}
{"loss": 0.15344597399234772, "acc": 0.9443311095237732, "length": 5.0, "mode": "test", "epoch": 46}
{"loss": 0.1507997363805771, "acc": 0.9454319477081299, "length": 5.0, "mode": "train", "epoch": 47}
{"loss": 0.15056678652763367, "acc": 0.9465003609657288, "length": 5.0, "mode": "test", "epoch": 47}
{"loss": 0.1507534682750702, "acc": 0.9455268383026123, "length": 5.0, "mode": "train", "epoch": 48}
{"loss": 0.14926446974277496, "acc": 0.9461280107498169, "length": 5.0, "mode": "test", "epoch": 48}
{"loss": 0.1504562944173813, "acc": 0.9453075528144836, "length": 5.0, "mode": "train", "epoch": 49}
{"loss": 0.14801323413848877, "acc": 0.9469938278198242, "length": 5.0, "mode": "test", "epoch": 49}
{"loss": 0.14801877737045288, "acc": 0.9462727308273315, "length": 5.0, "mode": "train", "epoch": 50}
{"loss": 0.1493275910615921, "acc": 0.946750819683075, "length": 5.0, "mode": "test", "epoch": 50}
{"loss": 0.15078137814998627, "acc": 0.9451775550842285, "length": 5.0, "mode": "train", "epoch": 51}
{"loss": 0.15030206739902496, "acc": 0.94651859998703, "length": 5.0, "mode": "test", "epoch": 51}
{"loss": 0.15024051070213318, "acc": 0.9457287192344666, "length": 5.0, "mode": "train", "epoch": 52}
{"loss": 0.15025103092193604, "acc": 0.9465250968933105, "length": 5.0, "mode": "test", "epoch": 52}
{"loss": 0.14827558398246765, "acc": 0.9465062022209167, "length": 5.0, "mode": "train", "epoch": 53}
{"loss": 0.1535927653312683, "acc": 0.9443835020065308, "length": 5.0, "mode": "test", "epoch": 53}
{"loss": 0.14687098562717438, "acc": 0.9467996954917908, "length": 5.0, "mode": "train", "epoch": 54}
{"loss": 0.14810378849506378, "acc": 0.9469423890113831, "length": 5.0, "mode": "test", "epoch": 54}
{"loss": 0.14981530606746674, "acc": 0.9459038376808167, "length": 5.0, "mode": "train", "epoch": 55}
{"loss": 0.145151749253273, "acc": 0.9480297565460205, "length": 5.0, "mode": "test", "epoch": 55}
{"loss": 0.14505639672279358, "acc": 0.9479195475578308, "length": 5.0, "mode": "train", "epoch": 56}
{"loss": 0.14560973644256592, "acc": 0.9488483667373657, "length": 5.0, "mode": "test", "epoch": 56}
{"loss": 0.14446258544921875, "acc": 0.9481756091117859, "length": 5.0, "mode": "train", "epoch": 57}
{"loss": 0.14537960290908813, "acc": 0.9485326409339905, "length": 5.0, "mode": "test", "epoch": 57}
{"loss": 0.143168643116951, "acc": 0.9485360383987427, "length": 5.0, "mode": "train", "epoch": 58}
{"loss": 0.14240847527980804, "acc": 0.9496917128562927, "length": 5.0, "mode": "test", "epoch": 58}
{"loss": 0.14095284044742584, "acc": 0.9492616653442383, "length": 5.0, "mode": "train", "epoch": 59}
{"loss": 0.1392134726047516, "acc": 0.9506153464317322, "length": 5.0, "mode": "test", "epoch": 59}
{"loss": 0.14176389575004578, "acc": 0.9489923119544983, "length": 5.0, "mode": "train", "epoch": 60}
{"loss": 0.14628943800926208, "acc": 0.9482138156890869, "length": 5.0, "mode": "test", "epoch": 60}
test accuracy: 0.9411100149154663
