ndevices 0
# ["--attributes=4", "--values=8", "--game_size=10", "--vocab_size_factor=3", "--n_epochs=60", "--batch_size=128", "--learning_rate=0.001", "--speaker_hidden_size=256", "--temp_update=0.97", "--temperature=1.5"]
data loaded from: data/dim(4,8).ds
vocab size 28
message length 4
{"loss": 0.4079676866531372, "acc": 0.806901752948761, "length": 4.862625598907471, "mode": "train", "epoch": 1}
{"loss": 0.3249780237674713, "acc": 0.8619478344917297, "length": 5.0, "mode": "test", "epoch": 1}
{"loss": 0.26960480213165283, "acc": 0.8914040923118591, "length": 4.999776363372803, "mode": "train", "epoch": 2}
{"loss": 0.2563789188861847, "acc": 0.8950749635696411, "length": 5.0, "mode": "test", "epoch": 2}
{"loss": 0.2132311463356018, "acc": 0.9173892736434937, "length": 4.999927997589111, "mode": "train", "epoch": 3}
{"loss": 0.21434903144836426, "acc": 0.9152793288230896, "length": 5.0, "mode": "test", "epoch": 3}
{"loss": 0.18171629309654236, "acc": 0.9319925308227539, "length": 4.999978065490723, "mode": "train", "epoch": 4}
{"loss": 0.18985089659690857, "acc": 0.9284557700157166, "length": 5.0, "mode": "test", "epoch": 4}
{"loss": 0.16384124755859375, "acc": 0.940148651599884, "length": 4.999990940093994, "mode": "train", "epoch": 5}
{"loss": 0.17997555434703827, "acc": 0.9337939023971558, "length": 5.0, "mode": "test", "epoch": 5}
{"loss": 0.16226913034915924, "acc": 0.9411681294441223, "length": 4.999994277954102, "mode": "train", "epoch": 6}
{"loss": 0.16620105504989624, "acc": 0.9391235113143921, "length": 5.0, "mode": "test", "epoch": 6}
{"loss": 0.14058445394039154, "acc": 0.9501951932907104, "length": 4.999998569488525, "mode": "train", "epoch": 7}
{"loss": 0.14623264968395233, "acc": 0.9480211138725281, "length": 5.0, "mode": "test", "epoch": 7}
{"loss": 0.13331668078899384, "acc": 0.9531732797622681, "length": 4.999997138977051, "mode": "train", "epoch": 8}
{"loss": 0.142211452126503, "acc": 0.9494573473930359, "length": 5.0, "mode": "test", "epoch": 8}
{"loss": 0.1356540322303772, "acc": 0.952418863773346, "length": 4.999999523162842, "mode": "train", "epoch": 9}
{"loss": 0.13945162296295166, "acc": 0.9501904845237732, "length": 5.0, "mode": "test", "epoch": 9}
{"loss": 0.1287975162267685, "acc": 0.9550495743751526, "length": 5.0, "mode": "train", "epoch": 10}
{"loss": 0.13712073862552643, "acc": 0.9533818364143372, "length": 5.0, "mode": "test", "epoch": 10}
{"loss": 0.13042987883090973, "acc": 0.9544994235038757, "length": 5.0, "mode": "train", "epoch": 11}
{"loss": 0.1573132872581482, "acc": 0.9437158703804016, "length": 5.0, "mode": "test", "epoch": 11}
{"loss": 0.1304667592048645, "acc": 0.9541969895362854, "length": 5.0, "mode": "train", "epoch": 12}
{"loss": 0.13288986682891846, "acc": 0.9532341361045837, "length": 5.0, "mode": "test", "epoch": 12}
{"loss": 0.12894801795482635, "acc": 0.955051839351654, "length": 5.0, "mode": "train", "epoch": 13}
{"loss": 0.13173626363277435, "acc": 0.9532522559165955, "length": 5.0, "mode": "test", "epoch": 13}
{"loss": 0.12412286549806595, "acc": 0.9566617012023926, "length": 5.0, "mode": "train", "epoch": 14}
{"loss": 0.13604818284511566, "acc": 0.9539533257484436, "length": 5.0, "mode": "test", "epoch": 14}
{"loss": 0.1265174150466919, "acc": 0.955684244632721, "length": 5.0, "mode": "train", "epoch": 15}
{"loss": 0.134436696767807, "acc": 0.9529549479484558, "length": 5.0, "mode": "test", "epoch": 15}
{"loss": 0.1251963973045349, "acc": 0.9563934803009033, "length": 5.0, "mode": "train", "epoch": 16}
{"loss": 0.13175925612449646, "acc": 0.9547828435897827, "length": 5.0, "mode": "test", "epoch": 16}
{"loss": 0.12321975082159042, "acc": 0.957404375076294, "length": 5.0, "mode": "train", "epoch": 17}
{"loss": 0.1369827836751938, "acc": 0.9526294469833374, "length": 5.0, "mode": "test", "epoch": 17}
{"loss": 0.12510819733142853, "acc": 0.9571883678436279, "length": 5.0, "mode": "train", "epoch": 18}
{"loss": 0.12668398022651672, "acc": 0.9572624564170837, "length": 5.0, "mode": "test", "epoch": 18}
{"loss": 0.12394142895936966, "acc": 0.9575775265693665, "length": 5.0, "mode": "train", "epoch": 19}
{"loss": 0.1260358691215515, "acc": 0.957726776599884, "length": 5.0, "mode": "test", "epoch": 19}
{"loss": 0.1240762397646904, "acc": 0.95755934715271, "length": 5.0, "mode": "train", "epoch": 20}
{"loss": 0.1276351809501648, "acc": 0.9568482041358948, "length": 5.0, "mode": "test", "epoch": 20}
{"loss": 0.12568601965904236, "acc": 0.9569231271743774, "length": 5.0, "mode": "train", "epoch": 21}
{"loss": 0.12618641555309296, "acc": 0.9575546383857727, "length": 5.0, "mode": "test", "epoch": 21}
{"loss": 0.12326949834823608, "acc": 0.9580340385437012, "length": 5.0, "mode": "train", "epoch": 22}
{"loss": 0.12864507734775543, "acc": 0.9563590884208679, "length": 5.0, "mode": "test", "epoch": 22}
{"loss": 0.1324184089899063, "acc": 0.9540685415267944, "length": 5.0, "mode": "train", "epoch": 23}
{"loss": 0.15511181950569153, "acc": 0.9462392330169678, "length": 5.0, "mode": "test", "epoch": 23}
{"loss": 0.13092970848083496, "acc": 0.9553192853927612, "length": 5.0, "mode": "train", "epoch": 24}
{"loss": 0.13001003861427307, "acc": 0.9558786153793335, "length": 5.0, "mode": "test", "epoch": 24}
{"loss": 0.12872274219989777, "acc": 0.9560059905052185, "length": 5.0, "mode": "train", "epoch": 25}
{"loss": 0.14395304024219513, "acc": 0.9497697949409485, "length": 5.0, "mode": "test", "epoch": 25}
{"loss": 0.12464796006679535, "acc": 0.9576088786125183, "length": 5.0, "mode": "train", "epoch": 26}
{"loss": 0.12209615856409073, "acc": 0.959474503993988, "length": 5.0, "mode": "test", "epoch": 26}
{"loss": 0.12089477479457855, "acc": 0.9594306945800781, "length": 5.0, "mode": "train", "epoch": 27}
{"loss": 0.12945739924907684, "acc": 0.9565218091011047, "length": 5.0, "mode": "test", "epoch": 27}
{"loss": 0.12244682013988495, "acc": 0.9590204358100891, "length": 5.0, "mode": "train", "epoch": 28}
{"loss": 0.138719379901886, "acc": 0.9528552889823914, "length": 5.0, "mode": "test", "epoch": 28}
{"loss": 0.13076846301555634, "acc": 0.9553421139717102, "length": 5.0, "mode": "train", "epoch": 29}
{"loss": 0.1255204677581787, "acc": 0.9587072134017944, "length": 5.0, "mode": "test", "epoch": 29}
{"loss": 0.11946403980255127, "acc": 0.9599876403808594, "length": 5.0, "mode": "train", "epoch": 30}
{"loss": 0.12322020530700684, "acc": 0.9590486884117126, "length": 5.0, "mode": "test", "epoch": 30}
{"loss": 0.12321126461029053, "acc": 0.9584118723869324, "length": 5.0, "mode": "train", "epoch": 31}
{"loss": 0.12843820452690125, "acc": 0.9567530155181885, "length": 5.0, "mode": "test", "epoch": 31}
{"loss": 0.12989452481269836, "acc": 0.9561915993690491, "length": 5.0, "mode": "train", "epoch": 32}
{"loss": 0.13960647583007812, "acc": 0.9533079266548157, "length": 5.0, "mode": "test", "epoch": 32}
{"loss": 0.1234409436583519, "acc": 0.9586915373802185, "length": 5.0, "mode": "train", "epoch": 33}
{"loss": 0.12039589136838913, "acc": 0.9606335759162903, "length": 5.0, "mode": "test", "epoch": 33}
{"loss": 0.11884184181690216, "acc": 0.9607670903205872, "length": 5.0, "mode": "train", "epoch": 34}
{"loss": 0.11747800558805466, "acc": 0.9620108604431152, "length": 5.0, "mode": "test", "epoch": 34}
{"loss": 0.12019460648298264, "acc": 0.9598572850227356, "length": 5.0, "mode": "train", "epoch": 35}
{"loss": 0.12081003934144974, "acc": 0.9605811834335327, "length": 5.0, "mode": "test", "epoch": 35}
{"loss": 0.1212632805109024, "acc": 0.9595605731010437, "length": 5.0, "mode": "train", "epoch": 36}
{"loss": 0.119845911860466, "acc": 0.9607064127922058, "length": 5.0, "mode": "test", "epoch": 36}
{"loss": 0.12295324355363846, "acc": 0.9588090777397156, "length": 5.0, "mode": "train", "epoch": 37}
{"loss": 0.11922704428434372, "acc": 0.9615784287452698, "length": 5.0, "mode": "test", "epoch": 37}
{"loss": 0.13773854076862335, "acc": 0.9535248875617981, "length": 5.0, "mode": "train", "epoch": 38}
{"loss": 0.13294002413749695, "acc": 0.9551540613174438, "length": 5.0, "mode": "test", "epoch": 38}
{"loss": 0.1335618942975998, "acc": 0.9544293284416199, "length": 5.0, "mode": "train", "epoch": 39}
{"loss": 0.14844851195812225, "acc": 0.9476893544197083, "length": 5.0, "mode": "test", "epoch": 39}
{"loss": 0.13757383823394775, "acc": 0.9512467980384827, "length": 5.0, "mode": "train", "epoch": 40}
{"loss": 0.1345718801021576, "acc": 0.9527547955513, "length": 5.0, "mode": "test", "epoch": 40}
{"loss": 0.12421136349439621, "acc": 0.958099365234375, "length": 5.0, "mode": "train", "epoch": 41}
{"loss": 0.11977588385343552, "acc": 0.9606025815010071, "length": 5.0, "mode": "test", "epoch": 41}
{"loss": 0.12079209834337234, "acc": 0.9599597454071045, "length": 5.0, "mode": "train", "epoch": 42}
{"loss": 0.11960230767726898, "acc": 0.9603948593139648, "length": 5.0, "mode": "test", "epoch": 42}
{"loss": 0.11669199913740158, "acc": 0.9616024494171143, "length": 5.0, "mode": "train", "epoch": 43}
{"loss": 0.11572892963886261, "acc": 0.9626338481903076, "length": 5.0, "mode": "test", "epoch": 43}
{"loss": 0.1154935210943222, "acc": 0.9620969295501709, "length": 5.0, "mode": "train", "epoch": 44}
{"loss": 0.13899526000022888, "acc": 0.953785240650177, "length": 5.0, "mode": "test", "epoch": 44}
{"loss": 0.12150601297616959, "acc": 0.9599407911300659, "length": 5.0, "mode": "train", "epoch": 45}
{"loss": 0.12237048894166946, "acc": 0.9596736431121826, "length": 5.0, "mode": "test", "epoch": 45}
{"loss": 0.12097318470478058, "acc": 0.9590732455253601, "length": 5.0, "mode": "train", "epoch": 46}
{"loss": 0.12137715518474579, "acc": 0.9592851400375366, "length": 5.0, "mode": "test", "epoch": 46}
{"loss": 0.11580803245306015, "acc": 0.9616852402687073, "length": 5.0, "mode": "train", "epoch": 47}
{"loss": 0.11744165420532227, "acc": 0.9621874690055847, "length": 5.0, "mode": "test", "epoch": 47}
{"loss": 0.11525366455316544, "acc": 0.9620851278305054, "length": 5.0, "mode": "train", "epoch": 48}
{"loss": 0.1165938526391983, "acc": 0.9622709155082703, "length": 5.0, "mode": "test", "epoch": 48}
{"loss": 0.11916033178567886, "acc": 0.9602704644203186, "length": 5.0, "mode": "train", "epoch": 49}
{"loss": 0.11980752646923065, "acc": 0.9607672691345215, "length": 5.0, "mode": "test", "epoch": 49}
{"loss": 0.11562392115592957, "acc": 0.9619406461715698, "length": 5.0, "mode": "train", "epoch": 50}
{"loss": 0.11183004826307297, "acc": 0.9639061689376831, "length": 5.0, "mode": "test", "epoch": 50}
{"loss": 0.11243002861738205, "acc": 0.9628608226776123, "length": 5.0, "mode": "train", "epoch": 51}
{"loss": 0.11227067559957504, "acc": 0.963441789150238, "length": 5.0, "mode": "test", "epoch": 51}
{"loss": 0.11477118730545044, "acc": 0.962212085723877, "length": 5.0, "mode": "train", "epoch": 52}
{"loss": 0.11653176695108414, "acc": 0.9623224139213562, "length": 5.0, "mode": "test", "epoch": 52}
{"loss": 0.11466839164495468, "acc": 0.9624112248420715, "length": 5.0, "mode": "train", "epoch": 53}
{"loss": 0.11443891376256943, "acc": 0.9629837870597839, "length": 5.0, "mode": "test", "epoch": 53}
{"loss": 0.11519227176904678, "acc": 0.9621037244796753, "length": 5.0, "mode": "train", "epoch": 54}
{"loss": 0.11395201832056046, "acc": 0.9633284211158752, "length": 5.0, "mode": "test", "epoch": 54}
{"loss": 0.11058865487575531, "acc": 0.963821530342102, "length": 5.0, "mode": "train", "epoch": 55}
{"loss": 0.11148133128881454, "acc": 0.964709997177124, "length": 5.0, "mode": "test", "epoch": 55}
{"loss": 0.1101277619600296, "acc": 0.9638773798942566, "length": 5.0, "mode": "train", "epoch": 56}
{"loss": 0.10915485769510269, "acc": 0.9647698402404785, "length": 5.0, "mode": "test", "epoch": 56}
{"loss": 0.10902032256126404, "acc": 0.9643287062644958, "length": 5.0, "mode": "train", "epoch": 57}
{"loss": 0.1104278638958931, "acc": 0.9642561674118042, "length": 5.0, "mode": "test", "epoch": 57}
{"loss": 0.110939159989357, "acc": 0.9635699391365051, "length": 5.0, "mode": "train", "epoch": 58}
{"loss": 0.11263051629066467, "acc": 0.9644210338592529, "length": 5.0, "mode": "test", "epoch": 58}
{"loss": 0.11787286400794983, "acc": 0.9606329798698425, "length": 5.0, "mode": "train", "epoch": 59}
{"loss": 0.11931150406599045, "acc": 0.9605275392532349, "length": 5.0, "mode": "test", "epoch": 59}
{"loss": 0.11628754436969757, "acc": 0.9613875150680542, "length": 5.0, "mode": "train", "epoch": 60}
{"loss": 0.11856193840503693, "acc": 0.9613420963287354, "length": 5.0, "mode": "test", "epoch": 60}
test accuracy: 0.9573147296905518
