ndevices 0
# ["--attributes=4", "--values=8", "--game_size=10", "--vocab_size_factor=3", "--n_epochs=60", "--batch_size=128", "--learning_rate=0.001", "--speaker_hidden_size=256", "--temp_update=0.97", "--temperature=2"]
data loaded from: data/dim(4,8).ds
vocab size 28
message length 4
{"loss": 0.4215654730796814, "acc": 0.7974329590797424, "length": 4.821173667907715, "mode": "train", "epoch": 1}
{"loss": 0.381750226020813, "acc": 0.8247367143630981, "length": 5.0, "mode": "test", "epoch": 1}
{"loss": 0.2925170660018921, "acc": 0.8803021907806396, "length": 4.999562740325928, "mode": "train", "epoch": 2}
{"loss": 0.3228572607040405, "acc": 0.85762619972229, "length": 5.0, "mode": "test", "epoch": 2}
{"loss": 0.23772482573986053, "acc": 0.9070144295692444, "length": 4.99984073638916, "mode": "train", "epoch": 3}
{"loss": 0.2576286494731903, "acc": 0.8980436325073242, "length": 5.0, "mode": "test", "epoch": 3}
{"loss": 0.19603073596954346, "acc": 0.9274367094039917, "length": 4.999931335449219, "mode": "train", "epoch": 4}
{"loss": 0.2299996316432953, "acc": 0.9100910425186157, "length": 5.0, "mode": "test", "epoch": 4}
{"loss": 0.16692551970481873, "acc": 0.941822350025177, "length": 4.999971866607666, "mode": "train", "epoch": 5}
{"loss": 0.18649496138095856, "acc": 0.9352086782455444, "length": 5.0, "mode": "test", "epoch": 5}
{"loss": 0.15274681150913239, "acc": 0.9475070238113403, "length": 4.999989032745361, "mode": "train", "epoch": 6}
{"loss": 0.1720433086156845, "acc": 0.9398148059844971, "length": 5.0, "mode": "test", "epoch": 6}
{"loss": 0.15041476488113403, "acc": 0.948310911655426, "length": 4.999995708465576, "mode": "train", "epoch": 7}
{"loss": 0.16937555372714996, "acc": 0.9415453672409058, "length": 5.0, "mode": "test", "epoch": 7}
{"loss": 0.14372454583644867, "acc": 0.9503340721130371, "length": 4.999998569488525, "mode": "train", "epoch": 8}
{"loss": 0.15993210673332214, "acc": 0.9442390203475952, "length": 5.0, "mode": "test", "epoch": 8}
{"loss": 0.14212223887443542, "acc": 0.9509081840515137, "length": 4.999999523162842, "mode": "train", "epoch": 9}
{"loss": 0.1619952768087387, "acc": 0.9434459805488586, "length": 5.0, "mode": "test", "epoch": 9}
{"loss": 0.13756048679351807, "acc": 0.9526576995849609, "length": 5.0, "mode": "train", "epoch": 10}
{"loss": 0.15606838464736938, "acc": 0.946150541305542, "length": 5.0, "mode": "test", "epoch": 10}
{"loss": 0.13571278750896454, "acc": 0.953654408454895, "length": 5.0, "mode": "train", "epoch": 11}
{"loss": 0.1503244936466217, "acc": 0.9499111771583557, "length": 5.0, "mode": "test", "epoch": 11}
{"loss": 0.13397417962551117, "acc": 0.9543607831001282, "length": 5.0, "mode": "train", "epoch": 12}
{"loss": 0.14553163945674896, "acc": 0.950588583946228, "length": 5.0, "mode": "test", "epoch": 12}
{"loss": 0.1312762051820755, "acc": 0.955176591873169, "length": 5.0, "mode": "train", "epoch": 13}
{"loss": 0.14869892597198486, "acc": 0.9498254060745239, "length": 5.0, "mode": "test", "epoch": 13}
{"loss": 0.1260548084974289, "acc": 0.9577604532241821, "length": 5.0, "mode": "train", "epoch": 14}
{"loss": 0.14209610223770142, "acc": 0.9522250294685364, "length": 5.0, "mode": "test", "epoch": 14}
{"loss": 0.1233258843421936, "acc": 0.9588816165924072, "length": 5.0, "mode": "train", "epoch": 15}
{"loss": 0.13641580939292908, "acc": 0.9545215964317322, "length": 5.0, "mode": "test", "epoch": 15}
{"loss": 0.12586571276187897, "acc": 0.9581024646759033, "length": 5.0, "mode": "train", "epoch": 16}
{"loss": 0.1332896500825882, "acc": 0.9564501643180847, "length": 5.0, "mode": "test", "epoch": 16}
{"loss": 0.12151388823986053, "acc": 0.9594285488128662, "length": 5.0, "mode": "train", "epoch": 17}
{"loss": 0.13110525906085968, "acc": 0.957056999206543, "length": 5.0, "mode": "test", "epoch": 17}
{"loss": 0.12310133129358292, "acc": 0.9587215185165405, "length": 5.0, "mode": "train", "epoch": 18}
{"loss": 0.15150003135204315, "acc": 0.9491534233093262, "length": 5.0, "mode": "test", "epoch": 18}
{"loss": 0.12491078674793243, "acc": 0.9584625959396362, "length": 5.0, "mode": "train", "epoch": 19}
{"loss": 0.12704379856586456, "acc": 0.9596586227416992, "length": 5.0, "mode": "test", "epoch": 19}
{"loss": 0.11514198035001755, "acc": 0.9629265069961548, "length": 5.0, "mode": "train", "epoch": 20}
{"loss": 0.12171629071235657, "acc": 0.961840808391571, "length": 5.0, "mode": "test", "epoch": 20}
{"loss": 0.11153246462345123, "acc": 0.9644832015037537, "length": 5.0, "mode": "train", "epoch": 21}
{"loss": 0.11821120977401733, "acc": 0.9627600312232971, "length": 5.0, "mode": "test", "epoch": 21}
{"loss": 0.12509797513484955, "acc": 0.9593936800956726, "length": 5.0, "mode": "train", "epoch": 22}
{"loss": 0.11944638937711716, "acc": 0.9627963900566101, "length": 5.0, "mode": "test", "epoch": 22}
{"loss": 0.10765183717012405, "acc": 0.965846598148346, "length": 5.0, "mode": "train", "epoch": 23}
{"loss": 0.11640867590904236, "acc": 0.963625967502594, "length": 5.0, "mode": "test", "epoch": 23}
{"loss": 0.10862407833337784, "acc": 0.9653260707855225, "length": 5.0, "mode": "train", "epoch": 24}
{"loss": 0.1178617849946022, "acc": 0.9630607962608337, "length": 5.0, "mode": "test", "epoch": 24}
{"loss": 0.10832621902227402, "acc": 0.9655558466911316, "length": 5.0, "mode": "train", "epoch": 25}
{"loss": 0.11264688521623611, "acc": 0.9652600288391113, "length": 5.0, "mode": "test", "epoch": 25}
{"loss": 0.11056634783744812, "acc": 0.9646123051643372, "length": 5.0, "mode": "train", "epoch": 26}
{"loss": 0.11820042133331299, "acc": 0.9635177254676819, "length": 5.0, "mode": "test", "epoch": 26}
{"loss": 0.1075468361377716, "acc": 0.9658412337303162, "length": 5.0, "mode": "train", "epoch": 27}
{"loss": 0.1160554438829422, "acc": 0.9635947942733765, "length": 5.0, "mode": "test", "epoch": 27}
{"loss": 0.10825619846582413, "acc": 0.9656175971031189, "length": 5.0, "mode": "train", "epoch": 28}
{"loss": 0.11152594536542892, "acc": 0.9656882286071777, "length": 5.0, "mode": "test", "epoch": 28}
{"loss": 0.10629698634147644, "acc": 0.9660770297050476, "length": 5.0, "mode": "train", "epoch": 29}
{"loss": 0.1140831932425499, "acc": 0.9648929238319397, "length": 5.0, "mode": "test", "epoch": 29}
{"loss": 0.10611416399478912, "acc": 0.9663033485412598, "length": 5.0, "mode": "train", "epoch": 30}
{"loss": 0.10829783231019974, "acc": 0.9669755697250366, "length": 5.0, "mode": "test", "epoch": 30}
{"loss": 0.10790109634399414, "acc": 0.9654039144515991, "length": 5.0, "mode": "train", "epoch": 31}
{"loss": 0.11778664588928223, "acc": 0.964414656162262, "length": 5.0, "mode": "test", "epoch": 31}
{"loss": 0.11177116632461548, "acc": 0.9643776416778564, "length": 5.0, "mode": "train", "epoch": 32}
{"loss": 0.11610724031925201, "acc": 0.9638056755065918, "length": 5.0, "mode": "test", "epoch": 32}
{"loss": 0.11070747673511505, "acc": 0.9645901918411255, "length": 5.0, "mode": "train", "epoch": 33}
{"loss": 0.11840768903493881, "acc": 0.9634471535682678, "length": 5.0, "mode": "test", "epoch": 33}
{"loss": 0.11737886816263199, "acc": 0.9620484709739685, "length": 5.0, "mode": "train", "epoch": 34}
{"loss": 0.12842096388339996, "acc": 0.9582587480545044, "length": 5.0, "mode": "test", "epoch": 34}
{"loss": 0.11603792756795883, "acc": 0.9624027609825134, "length": 5.0, "mode": "train", "epoch": 35}
{"loss": 0.11856728047132492, "acc": 0.9620259404182434, "length": 5.0, "mode": "test", "epoch": 35}
{"loss": 0.1101042628288269, "acc": 0.96481853723526, "length": 5.0, "mode": "train", "epoch": 36}
{"loss": 0.11232876777648926, "acc": 0.9652429819107056, "length": 5.0, "mode": "test", "epoch": 36}
{"loss": 0.11061734706163406, "acc": 0.9648609161376953, "length": 5.0, "mode": "train", "epoch": 37}
{"loss": 0.11791073530912399, "acc": 0.963957667350769, "length": 5.0, "mode": "test", "epoch": 37}
{"loss": 0.10969947278499603, "acc": 0.9654107093811035, "length": 5.0, "mode": "train", "epoch": 38}
{"loss": 0.11129238456487656, "acc": 0.966009259223938, "length": 5.0, "mode": "test", "epoch": 38}
{"loss": 0.10756547003984451, "acc": 0.9659321904182434, "length": 5.0, "mode": "train", "epoch": 39}
{"loss": 0.11676862835884094, "acc": 0.9641599059104919, "length": 5.0, "mode": "test", "epoch": 39}
{"loss": 0.10818123072385788, "acc": 0.965670108795166, "length": 5.0, "mode": "train", "epoch": 40}
{"loss": 0.12094312906265259, "acc": 0.962593138217926, "length": 5.0, "mode": "test", "epoch": 40}
{"loss": 0.10849685221910477, "acc": 0.9656943082809448, "length": 5.0, "mode": "train", "epoch": 41}
{"loss": 0.11570670455694199, "acc": 0.9641908407211304, "length": 5.0, "mode": "test", "epoch": 41}
{"loss": 0.11400977522134781, "acc": 0.9636998176574707, "length": 5.0, "mode": "train", "epoch": 42}
{"loss": 0.1122446060180664, "acc": 0.9656881093978882, "length": 5.0, "mode": "test", "epoch": 42}
{"loss": 0.10876521468162537, "acc": 0.9656304121017456, "length": 5.0, "mode": "train", "epoch": 43}
{"loss": 0.11965630948543549, "acc": 0.9628146886825562, "length": 5.0, "mode": "test", "epoch": 43}
{"loss": 0.11039859056472778, "acc": 0.9653693437576294, "length": 5.0, "mode": "train", "epoch": 44}
{"loss": 0.11165763437747955, "acc": 0.9659149646759033, "length": 5.0, "mode": "test", "epoch": 44}
{"loss": 0.10865575820207596, "acc": 0.9657285213470459, "length": 5.0, "mode": "train", "epoch": 45}
{"loss": 0.11092209815979004, "acc": 0.9662660956382751, "length": 5.0, "mode": "test", "epoch": 45}
{"loss": 0.10658959299325943, "acc": 0.9663795828819275, "length": 5.0, "mode": "train", "epoch": 46}
{"loss": 0.1114058718085289, "acc": 0.965681791305542, "length": 5.0, "mode": "test", "epoch": 46}
{"loss": 0.11061343550682068, "acc": 0.9651217460632324, "length": 5.0, "mode": "train", "epoch": 47}
{"loss": 0.11579661816358566, "acc": 0.964613676071167, "length": 5.0, "mode": "test", "epoch": 47}
{"loss": 0.1276523768901825, "acc": 0.9581871032714844, "length": 5.0, "mode": "train", "epoch": 48}
{"loss": 0.13696084916591644, "acc": 0.9556968212127686, "length": 5.0, "mode": "test", "epoch": 48}
{"loss": 0.1236022412776947, "acc": 0.9594900012016296, "length": 5.0, "mode": "train", "epoch": 49}
{"loss": 0.11778615415096283, "acc": 0.9629570245742798, "length": 5.0, "mode": "test", "epoch": 49}
{"loss": 0.11730316281318665, "acc": 0.962062418460846, "length": 5.0, "mode": "train", "epoch": 50}
{"loss": 0.12889161705970764, "acc": 0.9580168128013611, "length": 5.0, "mode": "test", "epoch": 50}
{"loss": 0.12441914528608322, "acc": 0.9590688943862915, "length": 5.0, "mode": "train", "epoch": 51}
{"loss": 0.12383028864860535, "acc": 0.9603692293167114, "length": 5.0, "mode": "test", "epoch": 51}
{"loss": 0.12152839452028275, "acc": 0.9603486061096191, "length": 5.0, "mode": "train", "epoch": 52}
{"loss": 0.12162793427705765, "acc": 0.9621511697769165, "length": 5.0, "mode": "test", "epoch": 52}
{"loss": 0.11588962376117706, "acc": 0.9625069499015808, "length": 5.0, "mode": "train", "epoch": 53}
{"loss": 0.11985962837934494, "acc": 0.9617466926574707, "length": 5.0, "mode": "test", "epoch": 53}
{"loss": 0.11407345533370972, "acc": 0.9629730582237244, "length": 5.0, "mode": "train", "epoch": 54}
{"loss": 0.11616533994674683, "acc": 0.9633250832557678, "length": 5.0, "mode": "test", "epoch": 54}
{"loss": 0.11288446933031082, "acc": 0.9634454250335693, "length": 5.0, "mode": "train", "epoch": 55}
{"loss": 0.11651984602212906, "acc": 0.9637606739997864, "length": 5.0, "mode": "test", "epoch": 55}
{"loss": 0.11775720119476318, "acc": 0.9620737433433533, "length": 5.0, "mode": "train", "epoch": 56}
{"loss": 0.12043336778879166, "acc": 0.9622655510902405, "length": 5.0, "mode": "test", "epoch": 56}
{"loss": 0.11624506860971451, "acc": 0.9630491137504578, "length": 5.0, "mode": "train", "epoch": 57}
{"loss": 0.11623313277959824, "acc": 0.9645152688026428, "length": 5.0, "mode": "test", "epoch": 57}
{"loss": 0.11097045987844467, "acc": 0.9648295640945435, "length": 5.0, "mode": "train", "epoch": 58}
{"loss": 0.11351329833269119, "acc": 0.965115487575531, "length": 5.0, "mode": "test", "epoch": 58}
{"loss": 0.10826101154088974, "acc": 0.9655755758285522, "length": 5.0, "mode": "train", "epoch": 59}
{"loss": 0.11009839922189713, "acc": 0.9659791588783264, "length": 5.0, "mode": "test", "epoch": 59}
{"loss": 0.10857650637626648, "acc": 0.9654489755630493, "length": 5.0, "mode": "train", "epoch": 60}
{"loss": 0.11503681540489197, "acc": 0.9637918472290039, "length": 5.0, "mode": "test", "epoch": 60}
test accuracy: 0.9615517258644104
