ndevices 0
# ["--attributes=4", "--values=8", "--game_size=10", "--vocab_size_factor=3", "--n_epochs=60", "--batch_size=128", "--learning_rate=0.001", "--speaker_hidden_size=256", "--temp_update=0.99", "--temperature=1"]
data loaded from: data/dim(4,8).ds
vocab size 28
message length 4
{"loss": 0.3927191495895386, "acc": 0.8172115087509155, "length": 4.82218599319458, "mode": "train", "epoch": 1}
{"loss": 0.2941804826259613, "acc": 0.8798351287841797, "length": 5.0, "mode": "test", "epoch": 1}
{"loss": 0.27213728427886963, "acc": 0.8905660510063171, "length": 4.999907493591309, "mode": "train", "epoch": 2}
{"loss": 0.25359222292900085, "acc": 0.9007663130760193, "length": 5.0, "mode": "test", "epoch": 2}
{"loss": 0.2371334582567215, "acc": 0.9074493050575256, "length": 4.999965190887451, "mode": "train", "epoch": 3}
{"loss": 0.2322082370519638, "acc": 0.9096201658248901, "length": 5.0, "mode": "test", "epoch": 3}
{"loss": 0.219315305352211, "acc": 0.9144274592399597, "length": 4.999983787536621, "mode": "train", "epoch": 4}
{"loss": 0.22130264341831207, "acc": 0.9149261713027954, "length": 5.0, "mode": "test", "epoch": 4}
{"loss": 0.21348603069782257, "acc": 0.9164402484893799, "length": 4.99999475479126, "mode": "train", "epoch": 5}
{"loss": 0.21261291205883026, "acc": 0.9176691174507141, "length": 5.0, "mode": "test", "epoch": 5}
{"loss": 0.2075573056936264, "acc": 0.9185431003570557, "length": 4.999998092651367, "mode": "train", "epoch": 6}
{"loss": 0.20486195385456085, "acc": 0.920449435710907, "length": 5.0, "mode": "test", "epoch": 6}
{"loss": 0.2001662701368332, "acc": 0.9216699004173279, "length": 4.999998092651367, "mode": "train", "epoch": 7}
{"loss": 0.2051330953836441, "acc": 0.9210810661315918, "length": 5.0, "mode": "test", "epoch": 7}
{"loss": 0.19644562900066376, "acc": 0.9235684871673584, "length": 4.999999046325684, "mode": "train", "epoch": 8}
{"loss": 0.1945999562740326, "acc": 0.9255908131599426, "length": 5.0, "mode": "test", "epoch": 8}
{"loss": 0.19770458340644836, "acc": 0.9234519004821777, "length": 4.999999046325684, "mode": "train", "epoch": 9}
{"loss": 0.1972389966249466, "acc": 0.9243140816688538, "length": 5.0, "mode": "test", "epoch": 9}
{"loss": 0.18631424009799957, "acc": 0.9276121854782104, "length": 4.999999523162842, "mode": "train", "epoch": 10}
{"loss": 0.1869792938232422, "acc": 0.9293953776359558, "length": 5.0, "mode": "test", "epoch": 10}
{"loss": 0.18167555332183838, "acc": 0.9297786951065063, "length": 5.0, "mode": "train", "epoch": 11}
{"loss": 0.1887410581111908, "acc": 0.9292262196540833, "length": 5.0, "mode": "test", "epoch": 11}
{"loss": 0.18199224770069122, "acc": 0.9300059676170349, "length": 5.0, "mode": "train", "epoch": 12}
{"loss": 0.18769954144954681, "acc": 0.9287510514259338, "length": 5.0, "mode": "test", "epoch": 12}
{"loss": 0.1776433289051056, "acc": 0.9321228265762329, "length": 4.999999523162842, "mode": "train", "epoch": 13}
{"loss": 0.18074211478233337, "acc": 0.9324432611465454, "length": 5.0, "mode": "test", "epoch": 13}
{"loss": 0.17022539675235748, "acc": 0.9353967905044556, "length": 5.0, "mode": "train", "epoch": 14}
{"loss": 0.18058839440345764, "acc": 0.9315260648727417, "length": 5.0, "mode": "test", "epoch": 14}
{"loss": 0.1702342927455902, "acc": 0.9361189603805542, "length": 5.0, "mode": "train", "epoch": 15}
{"loss": 0.17114926874637604, "acc": 0.9369959831237793, "length": 5.0, "mode": "test", "epoch": 15}
{"loss": 0.16688154637813568, "acc": 0.937696099281311, "length": 5.0, "mode": "train", "epoch": 16}
{"loss": 0.16770786046981812, "acc": 0.9387275576591492, "length": 5.0, "mode": "test", "epoch": 16}
{"loss": 0.1606248915195465, "acc": 0.9409124255180359, "length": 5.0, "mode": "train", "epoch": 17}
{"loss": 0.16638143360614777, "acc": 0.9399508833885193, "length": 5.0, "mode": "test", "epoch": 17}
{"loss": 0.157478928565979, "acc": 0.9429087042808533, "length": 5.0, "mode": "train", "epoch": 18}
{"loss": 0.15697704255580902, "acc": 0.9443921446800232, "length": 5.0, "mode": "test", "epoch": 18}
{"loss": 0.1533149778842926, "acc": 0.9452724456787109, "length": 5.0, "mode": "train", "epoch": 19}
{"loss": 0.16195519268512726, "acc": 0.943220317363739, "length": 5.0, "mode": "test", "epoch": 19}
{"loss": 0.15028566122055054, "acc": 0.9473819732666016, "length": 5.0, "mode": "train", "epoch": 20}
{"loss": 0.1641249805688858, "acc": 0.9426475763320923, "length": 5.0, "mode": "test", "epoch": 20}
{"loss": 0.14689688384532928, "acc": 0.9490927457809448, "length": 5.0, "mode": "train", "epoch": 21}
{"loss": 0.14348888397216797, "acc": 0.9519093036651611, "length": 5.0, "mode": "test", "epoch": 21}
{"loss": 0.1388450711965561, "acc": 0.9525743126869202, "length": 5.0, "mode": "train", "epoch": 22}
{"loss": 0.1412414163351059, "acc": 0.9530425667762756, "length": 5.0, "mode": "test", "epoch": 22}
{"loss": 0.1356458067893982, "acc": 0.9539391398429871, "length": 5.0, "mode": "train", "epoch": 23}
{"loss": 0.14313939213752747, "acc": 0.9518569111824036, "length": 5.0, "mode": "test", "epoch": 23}
{"loss": 0.1346459835767746, "acc": 0.9545776844024658, "length": 5.0, "mode": "train", "epoch": 24}
{"loss": 0.13780292868614197, "acc": 0.9543290734291077, "length": 5.0, "mode": "test", "epoch": 24}
{"loss": 0.13293641805648804, "acc": 0.9553161263465881, "length": 5.0, "mode": "train", "epoch": 25}
{"loss": 0.13516110181808472, "acc": 0.9552525281906128, "length": 5.0, "mode": "test", "epoch": 25}
{"loss": 0.13155809044837952, "acc": 0.9556753635406494, "length": 5.0, "mode": "train", "epoch": 26}
{"loss": 0.13352461159229279, "acc": 0.9563506841659546, "length": 5.0, "mode": "test", "epoch": 26}
{"loss": 0.12789799273014069, "acc": 0.9572446346282959, "length": 5.0, "mode": "train", "epoch": 27}
{"loss": 0.13414955139160156, "acc": 0.9558839797973633, "length": 5.0, "mode": "test", "epoch": 27}
{"loss": 0.1304178684949875, "acc": 0.9566560387611389, "length": 5.0, "mode": "train", "epoch": 28}
{"loss": 0.13875822722911835, "acc": 0.9543911218643188, "length": 5.0, "mode": "test", "epoch": 28}
{"loss": 0.12764453887939453, "acc": 0.9579132199287415, "length": 5.0, "mode": "train", "epoch": 29}
{"loss": 0.13007286190986633, "acc": 0.9581281542778015, "length": 5.0, "mode": "test", "epoch": 29}
{"loss": 0.12591402232646942, "acc": 0.9586725831031799, "length": 5.0, "mode": "train", "epoch": 30}
{"loss": 0.1350298970937729, "acc": 0.9562093615531921, "length": 5.0, "mode": "test", "epoch": 30}
{"loss": 0.1257546842098236, "acc": 0.9588435888290405, "length": 5.0, "mode": "train", "epoch": 31}
{"loss": 0.12470041215419769, "acc": 0.9603628516197205, "length": 5.0, "mode": "test", "epoch": 31}
{"loss": 0.12539926171302795, "acc": 0.9592156410217285, "length": 5.0, "mode": "train", "epoch": 32}
{"loss": 0.13062117993831635, "acc": 0.9586451053619385, "length": 5.0, "mode": "test", "epoch": 32}
{"loss": 0.12134285271167755, "acc": 0.9606956243515015, "length": 5.0, "mode": "train", "epoch": 33}
{"loss": 0.1227024644613266, "acc": 0.9615100622177124, "length": 5.0, "mode": "test", "epoch": 33}
{"loss": 0.1193297803401947, "acc": 0.9614980816841125, "length": 5.0, "mode": "train", "epoch": 34}
{"loss": 0.12568901479244232, "acc": 0.9600224494934082, "length": 5.0, "mode": "test", "epoch": 34}
{"loss": 0.11977928876876831, "acc": 0.961645781993866, "length": 5.0, "mode": "train", "epoch": 35}
{"loss": 0.12323486059904099, "acc": 0.9610390663146973, "length": 5.0, "mode": "test", "epoch": 35}
{"loss": 0.11706824600696564, "acc": 0.962425947189331, "length": 5.0, "mode": "train", "epoch": 36}
{"loss": 0.1235077753663063, "acc": 0.9610595107078552, "length": 5.0, "mode": "test", "epoch": 36}
{"loss": 0.12112418562173843, "acc": 0.9613596200942993, "length": 5.0, "mode": "train", "epoch": 37}
{"loss": 0.12143947929143906, "acc": 0.9616833925247192, "length": 5.0, "mode": "test", "epoch": 37}
{"loss": 0.11809059977531433, "acc": 0.9621797800064087, "length": 5.0, "mode": "train", "epoch": 38}
{"loss": 0.11844608932733536, "acc": 0.9623866081237793, "length": 5.0, "mode": "test", "epoch": 38}
{"loss": 0.11614438891410828, "acc": 0.9628835320472717, "length": 5.0, "mode": "train", "epoch": 39}
{"loss": 0.11999205499887466, "acc": 0.962411105632782, "length": 5.0, "mode": "test", "epoch": 39}
{"loss": 0.11520225554704666, "acc": 0.9633951187133789, "length": 5.0, "mode": "train", "epoch": 40}
{"loss": 0.11948108673095703, "acc": 0.9626979827880859, "length": 5.0, "mode": "test", "epoch": 40}
{"loss": 0.12013574689626694, "acc": 0.9614113569259644, "length": 5.0, "mode": "train", "epoch": 41}
{"loss": 0.13174699246883392, "acc": 0.9584728479385376, "length": 5.0, "mode": "test", "epoch": 41}
{"loss": 0.11969763040542603, "acc": 0.9616274833679199, "length": 5.0, "mode": "train", "epoch": 42}
{"loss": 0.11992412060499191, "acc": 0.9626390337944031, "length": 5.0, "mode": "test", "epoch": 42}
{"loss": 0.11496904492378235, "acc": 0.9634583592414856, "length": 5.0, "mode": "train", "epoch": 43}
{"loss": 0.1185053288936615, "acc": 0.9629151821136475, "length": 5.0, "mode": "test", "epoch": 43}
{"loss": 0.11310072988271713, "acc": 0.9638850092887878, "length": 5.0, "mode": "train", "epoch": 44}
{"loss": 0.11726268380880356, "acc": 0.9637339115142822, "length": 5.0, "mode": "test", "epoch": 44}
{"loss": 0.11273323744535446, "acc": 0.9641085267066956, "length": 5.0, "mode": "train", "epoch": 45}
{"loss": 0.11750931292772293, "acc": 0.9631785154342651, "length": 5.0, "mode": "test", "epoch": 45}
{"loss": 0.11387421190738678, "acc": 0.9637225866317749, "length": 5.0, "mode": "train", "epoch": 46}
{"loss": 0.13769280910491943, "acc": 0.95729660987854, "length": 5.0, "mode": "test", "epoch": 46}
{"loss": 0.12277461588382721, "acc": 0.9601741433143616, "length": 5.0, "mode": "train", "epoch": 47}
{"loss": 0.1206250935792923, "acc": 0.9619777798652649, "length": 5.0, "mode": "test", "epoch": 47}
{"loss": 0.1153823584318161, "acc": 0.9632367491722107, "length": 5.0, "mode": "train", "epoch": 48}
{"loss": 0.11893852800130844, "acc": 0.962508499622345, "length": 5.0, "mode": "test", "epoch": 48}
{"loss": 0.11485940963029861, "acc": 0.9632850289344788, "length": 5.0, "mode": "train", "epoch": 49}
{"loss": 0.11989806592464447, "acc": 0.9624571800231934, "length": 5.0, "mode": "test", "epoch": 49}
{"loss": 0.11755407601594925, "acc": 0.9624020457267761, "length": 5.0, "mode": "train", "epoch": 50}
{"loss": 0.1214921623468399, "acc": 0.9622505903244019, "length": 5.0, "mode": "test", "epoch": 50}
{"loss": 0.11436796188354492, "acc": 0.9637593626976013, "length": 5.0, "mode": "train", "epoch": 51}
{"loss": 0.11640528589487076, "acc": 0.9639095067977905, "length": 5.0, "mode": "test", "epoch": 51}
{"loss": 0.11624108254909515, "acc": 0.962905764579773, "length": 5.0, "mode": "train", "epoch": 52}
{"loss": 0.12025336921215057, "acc": 0.9624903202056885, "length": 5.0, "mode": "test", "epoch": 52}
{"loss": 0.11311431974172592, "acc": 0.9638698101043701, "length": 5.0, "mode": "train", "epoch": 53}
{"loss": 0.11500950902700424, "acc": 0.9644777178764343, "length": 5.0, "mode": "test", "epoch": 53}
{"loss": 0.11189495772123337, "acc": 0.9643922448158264, "length": 5.0, "mode": "train", "epoch": 54}
{"loss": 0.11724729090929031, "acc": 0.9635252356529236, "length": 5.0, "mode": "test", "epoch": 54}
{"loss": 0.11304868757724762, "acc": 0.9639652371406555, "length": 5.0, "mode": "train", "epoch": 55}
{"loss": 0.1191776841878891, "acc": 0.9628263115882874, "length": 5.0, "mode": "test", "epoch": 55}
{"loss": 0.11335253715515137, "acc": 0.9640382528305054, "length": 5.0, "mode": "train", "epoch": 56}
{"loss": 0.1180790439248085, "acc": 0.9627119302749634, "length": 5.0, "mode": "test", "epoch": 56}
{"loss": 0.11263848096132278, "acc": 0.964148998260498, "length": 5.0, "mode": "train", "epoch": 57}
{"loss": 0.11534938216209412, "acc": 0.9643172025680542, "length": 5.0, "mode": "test", "epoch": 57}
{"loss": 0.11021924763917923, "acc": 0.9649087190628052, "length": 5.0, "mode": "train", "epoch": 58}
{"loss": 0.11402501910924911, "acc": 0.964496910572052, "length": 5.0, "mode": "test", "epoch": 58}
{"loss": 0.11086829751729965, "acc": 0.9646544456481934, "length": 5.0, "mode": "train", "epoch": 59}
{"loss": 0.1174418181180954, "acc": 0.9638933539390564, "length": 5.0, "mode": "test", "epoch": 59}
{"loss": 0.1140977069735527, "acc": 0.9636281132698059, "length": 5.0, "mode": "train", "epoch": 60}
{"loss": 0.1180214062333107, "acc": 0.9635798335075378, "length": 5.0, "mode": "test", "epoch": 60}
test accuracy: 0.9604214429855347
