ndevices 0
# ["--attributes=4", "--values=8", "--game_size=10", "--vocab_size_factor=3", "--n_epochs=60", "--batch_size=32", "--learning_rate=0.0005", "--speaker_hidden_size=256", "--temp_update=0.97", "--temperature=1.5"]
data loaded from: data/dim(4,8).ds
vocab size 28
message length 4
{"loss": 0.39014455676078796, "acc": 0.8192849159240723, "length": 4.918911933898926, "mode": "train", "epoch": 1}
{"loss": 0.3188023567199707, "acc": 0.8675235509872437, "length": 5.0, "mode": "test", "epoch": 1}
{"loss": 0.265027791261673, "acc": 0.8927122950553894, "length": 4.999899864196777, "mode": "train", "epoch": 2}
{"loss": 0.2620013654232025, "acc": 0.8962222337722778, "length": 5.0, "mode": "test", "epoch": 2}
{"loss": 0.22781696915626526, "acc": 0.9109463691711426, "length": 4.999993801116943, "mode": "train", "epoch": 3}
{"loss": 0.22810567915439606, "acc": 0.9106870293617249, "length": 5.0, "mode": "test", "epoch": 3}
{"loss": 0.21200793981552124, "acc": 0.9174979329109192, "length": 5.0, "mode": "train", "epoch": 4}
{"loss": 0.2179918885231018, "acc": 0.9156110286712646, "length": 5.0, "mode": "test", "epoch": 4}
{"loss": 0.19968155026435852, "acc": 0.922476589679718, "length": 5.0, "mode": "train", "epoch": 5}
{"loss": 0.20554272830486298, "acc": 0.921025276184082, "length": 5.0, "mode": "test", "epoch": 5}
{"loss": 0.1932123750448227, "acc": 0.9248232245445251, "length": 5.0, "mode": "train", "epoch": 6}
{"loss": 0.19730274379253387, "acc": 0.9239746928215027, "length": 5.0, "mode": "test", "epoch": 6}
{"loss": 0.1896708905696869, "acc": 0.9258655309677124, "length": 5.0, "mode": "train", "epoch": 7}
{"loss": 0.19365078210830688, "acc": 0.9249914884567261, "length": 5.0, "mode": "test", "epoch": 7}
{"loss": 0.18641072511672974, "acc": 0.9273474812507629, "length": 5.0, "mode": "train", "epoch": 8}
{"loss": 0.20053631067276, "acc": 0.9222539067268372, "length": 5.0, "mode": "test", "epoch": 8}
{"loss": 0.18305416405200958, "acc": 0.9296671152114868, "length": 5.0, "mode": "train", "epoch": 9}
{"loss": 0.18461169302463531, "acc": 0.930894672870636, "length": 5.0, "mode": "test", "epoch": 9}
{"loss": 0.1715201586484909, "acc": 0.9365472793579102, "length": 5.0, "mode": "train", "epoch": 10}
{"loss": 0.17390203475952148, "acc": 0.9382031559944153, "length": 5.0, "mode": "test", "epoch": 10}
{"loss": 0.16284482181072235, "acc": 0.9426504969596863, "length": 5.0, "mode": "train", "epoch": 11}
{"loss": 0.16881965100765228, "acc": 0.9436622262001038, "length": 5.0, "mode": "test", "epoch": 11}
{"loss": 0.15056008100509644, "acc": 0.9486992359161377, "length": 5.0, "mode": "train", "epoch": 12}
{"loss": 0.15170034766197205, "acc": 0.9493781924247742, "length": 5.0, "mode": "test", "epoch": 12}
{"loss": 0.14594914019107819, "acc": 0.9509814381599426, "length": 5.0, "mode": "train", "epoch": 13}
{"loss": 0.15097938477993011, "acc": 0.9491428136825562, "length": 5.0, "mode": "test", "epoch": 13}
{"loss": 0.14309161901474, "acc": 0.9522459506988525, "length": 5.0, "mode": "train", "epoch": 14}
{"loss": 0.1510777473449707, "acc": 0.9510317444801331, "length": 5.0, "mode": "test", "epoch": 14}
{"loss": 0.14157657325267792, "acc": 0.953154981136322, "length": 5.0, "mode": "train", "epoch": 15}
{"loss": 0.14921797811985016, "acc": 0.9512757062911987, "length": 5.0, "mode": "test", "epoch": 15}
{"loss": 0.139976367354393, "acc": 0.9537322521209717, "length": 5.0, "mode": "train", "epoch": 16}
{"loss": 0.14568492770195007, "acc": 0.9527654647827148, "length": 5.0, "mode": "test", "epoch": 16}
{"loss": 0.13724692165851593, "acc": 0.9546732306480408, "length": 5.0, "mode": "train", "epoch": 17}
{"loss": 0.14212524890899658, "acc": 0.9538227915763855, "length": 5.0, "mode": "test", "epoch": 17}
{"loss": 0.13702085614204407, "acc": 0.9547399282455444, "length": 5.0, "mode": "train", "epoch": 18}
{"loss": 0.1475248783826828, "acc": 0.9522634148597717, "length": 5.0, "mode": "test", "epoch": 18}
{"loss": 0.13520587980747223, "acc": 0.9554491639137268, "length": 5.0, "mode": "train", "epoch": 19}
{"loss": 0.13744153082370758, "acc": 0.9556902050971985, "length": 5.0, "mode": "test", "epoch": 19}
{"loss": 0.13519510626792908, "acc": 0.9553878307342529, "length": 5.0, "mode": "train", "epoch": 20}
{"loss": 0.1384526491165161, "acc": 0.9553156495094299, "length": 5.0, "mode": "test", "epoch": 20}
{"loss": 0.13534489274024963, "acc": 0.9552997350692749, "length": 5.0, "mode": "train", "epoch": 21}
{"loss": 0.138800710439682, "acc": 0.9555383324623108, "length": 5.0, "mode": "test", "epoch": 21}
{"loss": 0.13355551660060883, "acc": 0.9561961889266968, "length": 5.0, "mode": "train", "epoch": 22}
{"loss": 0.14176157116889954, "acc": 0.9540731906890869, "length": 5.0, "mode": "test", "epoch": 22}
{"loss": 0.13206706941127777, "acc": 0.9566871523857117, "length": 5.0, "mode": "train", "epoch": 23}
{"loss": 0.1377997249364853, "acc": 0.9556604027748108, "length": 5.0, "mode": "test", "epoch": 23}
{"loss": 0.12985865771770477, "acc": 0.957729697227478, "length": 5.0, "mode": "train", "epoch": 24}
{"loss": 0.1365855634212494, "acc": 0.9563239216804504, "length": 5.0, "mode": "test", "epoch": 24}
{"loss": 0.12952615320682526, "acc": 0.9580975770950317, "length": 5.0, "mode": "train", "epoch": 25}
{"loss": 0.13424666225910187, "acc": 0.9569039344787598, "length": 5.0, "mode": "test", "epoch": 25}
{"loss": 0.13064001500606537, "acc": 0.9578514695167542, "length": 5.0, "mode": "train", "epoch": 26}
{"loss": 0.13329651951789856, "acc": 0.9578403234481812, "length": 5.0, "mode": "test", "epoch": 26}
{"loss": 0.1284894049167633, "acc": 0.9586957693099976, "length": 5.0, "mode": "train", "epoch": 27}
{"loss": 0.12923948466777802, "acc": 0.9597645401954651, "length": 5.0, "mode": "test", "epoch": 27}
{"loss": 0.1278591901063919, "acc": 0.9589248895645142, "length": 5.0, "mode": "train", "epoch": 28}
{"loss": 0.12927459180355072, "acc": 0.9589939713478088, "length": 5.0, "mode": "test", "epoch": 28}
{"loss": 0.1263485848903656, "acc": 0.9596072435379028, "length": 5.0, "mode": "train", "epoch": 29}
{"loss": 0.12574636936187744, "acc": 0.9607908725738525, "length": 5.0, "mode": "test", "epoch": 29}
{"loss": 0.12745802104473114, "acc": 0.9594460725784302, "length": 5.0, "mode": "train", "epoch": 30}
{"loss": 0.13074082136154175, "acc": 0.9588378071784973, "length": 5.0, "mode": "test", "epoch": 30}
{"loss": 0.12594179809093475, "acc": 0.9597171545028687, "length": 5.0, "mode": "train", "epoch": 31}
{"loss": 0.12556181848049164, "acc": 0.960707426071167, "length": 5.0, "mode": "test", "epoch": 31}
{"loss": 0.12768520414829254, "acc": 0.9592112898826599, "length": 5.0, "mode": "train", "epoch": 32}
{"loss": 0.13169564306735992, "acc": 0.9580950140953064, "length": 5.0, "mode": "test", "epoch": 32}
{"loss": 0.12542250752449036, "acc": 0.9598081707954407, "length": 5.0, "mode": "train", "epoch": 33}
{"loss": 0.1241983100771904, "acc": 0.9609686136245728, "length": 5.0, "mode": "test", "epoch": 33}
{"loss": 0.125575989484787, "acc": 0.9600147008895874, "length": 5.0, "mode": "train", "epoch": 34}
{"loss": 0.12420399487018585, "acc": 0.9612671732902527, "length": 5.0, "mode": "test", "epoch": 34}
{"loss": 0.12353819608688354, "acc": 0.9608562588691711, "length": 5.0, "mode": "train", "epoch": 35}
{"loss": 0.12543416023254395, "acc": 0.9611151814460754, "length": 5.0, "mode": "test", "epoch": 35}
{"loss": 0.12840238213539124, "acc": 0.9588096141815186, "length": 5.0, "mode": "train", "epoch": 36}
{"loss": 0.1290794163942337, "acc": 0.9597795009613037, "length": 5.0, "mode": "test", "epoch": 36}
{"loss": 0.1257249116897583, "acc": 0.9599644541740417, "length": 5.0, "mode": "train", "epoch": 37}
{"loss": 0.12918628752231598, "acc": 0.9599721431732178, "length": 5.0, "mode": "test", "epoch": 37}
{"loss": 0.12441938370466232, "acc": 0.9606732130050659, "length": 5.0, "mode": "train", "epoch": 38}
{"loss": 0.124855175614357, "acc": 0.9615849852561951, "length": 5.0, "mode": "test", "epoch": 38}
{"loss": 0.12630914151668549, "acc": 0.9600892066955566, "length": 5.0, "mode": "train", "epoch": 39}
{"loss": 0.12895694375038147, "acc": 0.9602794051170349, "length": 5.0, "mode": "test", "epoch": 39}
{"loss": 0.12472937256097794, "acc": 0.9605380296707153, "length": 5.0, "mode": "train", "epoch": 40}
{"loss": 0.12937235832214355, "acc": 0.9603435397148132, "length": 5.0, "mode": "test", "epoch": 40}
{"loss": 0.12377902120351791, "acc": 0.9608252048492432, "length": 5.0, "mode": "train", "epoch": 41}
{"loss": 0.1261792629957199, "acc": 0.9613516330718994, "length": 5.0, "mode": "test", "epoch": 41}
{"loss": 0.12337543070316315, "acc": 0.9610489010810852, "length": 5.0, "mode": "train", "epoch": 42}
{"loss": 0.12400516122579575, "acc": 0.9616073966026306, "length": 5.0, "mode": "test", "epoch": 42}
{"loss": 0.1233389675617218, "acc": 0.960961103439331, "length": 5.0, "mode": "train", "epoch": 43}
{"loss": 0.12398305535316467, "acc": 0.9615111351013184, "length": 5.0, "mode": "test", "epoch": 43}
{"loss": 0.12321896851062775, "acc": 0.960920512676239, "length": 5.0, "mode": "train", "epoch": 44}
{"loss": 0.1227426677942276, "acc": 0.9620130658149719, "length": 5.0, "mode": "test", "epoch": 44}
{"loss": 0.12167709320783615, "acc": 0.9613528251647949, "length": 5.0, "mode": "train", "epoch": 45}
{"loss": 0.12298277020454407, "acc": 0.9616844654083252, "length": 5.0, "mode": "test", "epoch": 45}
{"loss": 0.12142013758420944, "acc": 0.9613363146781921, "length": 5.0, "mode": "train", "epoch": 46}
{"loss": 0.12222152203321457, "acc": 0.9620141386985779, "length": 5.0, "mode": "test", "epoch": 46}
{"loss": 0.12270116060972214, "acc": 0.960773766040802, "length": 5.0, "mode": "train", "epoch": 47}
{"loss": 0.12456511706113815, "acc": 0.9612296223640442, "length": 5.0, "mode": "test", "epoch": 47}
{"loss": 0.12166944891214371, "acc": 0.96123868227005, "length": 5.0, "mode": "train", "epoch": 48}
{"loss": 0.1230563148856163, "acc": 0.9616223573684692, "length": 5.0, "mode": "test", "epoch": 48}
{"loss": 0.12364336103200912, "acc": 0.9605777263641357, "length": 5.0, "mode": "train", "epoch": 49}
{"loss": 0.12974514067173004, "acc": 0.96019047498703, "length": 5.0, "mode": "test", "epoch": 49}
{"loss": 0.12341949343681335, "acc": 0.960828423500061, "length": 5.0, "mode": "train", "epoch": 50}
{"loss": 0.1270599067211151, "acc": 0.9602997303009033, "length": 5.0, "mode": "test", "epoch": 50}
{"loss": 0.1239263117313385, "acc": 0.9607413411140442, "length": 5.0, "mode": "train", "epoch": 51}
{"loss": 0.12290770560503006, "acc": 0.9619361162185669, "length": 5.0, "mode": "test", "epoch": 51}
{"loss": 0.12321797013282776, "acc": 0.9607164859771729, "length": 5.0, "mode": "train", "epoch": 52}
{"loss": 0.12993822991847992, "acc": 0.9597217440605164, "length": 5.0, "mode": "test", "epoch": 52}
{"loss": 0.12642893195152283, "acc": 0.9594060182571411, "length": 5.0, "mode": "train", "epoch": 53}
{"loss": 0.1263030618429184, "acc": 0.9605823159217834, "length": 5.0, "mode": "test", "epoch": 53}
{"loss": 0.12475032359361649, "acc": 0.9600638747215271, "length": 5.0, "mode": "train", "epoch": 54}
{"loss": 0.12592123448848724, "acc": 0.9610723853111267, "length": 5.0, "mode": "test", "epoch": 54}
{"loss": 0.12299060821533203, "acc": 0.9608452320098877, "length": 5.0, "mode": "train", "epoch": 55}
{"loss": 0.1242477223277092, "acc": 0.9609299898147583, "length": 5.0, "mode": "test", "epoch": 55}
{"loss": 0.12161014974117279, "acc": 0.9615615010261536, "length": 5.0, "mode": "train", "epoch": 56}
{"loss": 0.12395525723695755, "acc": 0.961719810962677, "length": 5.0, "mode": "test", "epoch": 56}
{"loss": 0.12065915763378143, "acc": 0.9615284204483032, "length": 5.0, "mode": "train", "epoch": 57}
{"loss": 0.12260673940181732, "acc": 0.9613378047943115, "length": 5.0, "mode": "test", "epoch": 57}
{"loss": 0.12042705714702606, "acc": 0.9619899392127991, "length": 5.0, "mode": "train", "epoch": 58}
{"loss": 0.12130220979452133, "acc": 0.96269690990448, "length": 5.0, "mode": "test", "epoch": 58}
{"loss": 0.121185302734375, "acc": 0.9621149301528931, "length": 5.0, "mode": "train", "epoch": 59}
{"loss": 0.12513019144535065, "acc": 0.9617154598236084, "length": 5.0, "mode": "test", "epoch": 59}
{"loss": 0.1194227784872055, "acc": 0.962784469127655, "length": 5.0, "mode": "train", "epoch": 60}
{"loss": 0.11899644881486893, "acc": 0.9637575149536133, "length": 5.0, "mode": "test", "epoch": 60}
test accuracy: 0.9612414240837097
