ndevices 0
# ["--attributes=4", "--values=8", "--game_size=10", "--vocab_size_factor=3", "--n_epochs=60", "--batch_size=128", "--learning_rate=0.001", "--speaker_hidden_size=256", "--temp_update=0.99", "--temperature=1.5"]
data loaded from: data/dim(4,8).ds
vocab size 28
message length 4
{"loss": 0.4169378876686096, "acc": 0.8043791055679321, "length": 4.885499000549316, "mode": "train", "epoch": 1}
{"loss": 0.3374461829662323, "acc": 0.855597198009491, "length": 5.0, "mode": "test", "epoch": 1}
{"loss": 0.2989623546600342, "acc": 0.8757264018058777, "length": 4.999879360198975, "mode": "train", "epoch": 2}
{"loss": 0.2836577892303467, "acc": 0.8822624087333679, "length": 5.0, "mode": "test", "epoch": 2}
{"loss": 0.2612190842628479, "acc": 0.893469512462616, "length": 4.999954700469971, "mode": "train", "epoch": 3}
{"loss": 0.25577181577682495, "acc": 0.8968215584754944, "length": 5.0, "mode": "test", "epoch": 3}
{"loss": 0.24046702682971954, "acc": 0.9017288088798523, "length": 4.999979019165039, "mode": "train", "epoch": 4}
{"loss": 0.23913726210594177, "acc": 0.9034749865531921, "length": 5.0, "mode": "test", "epoch": 4}
{"loss": 0.22062121331691742, "acc": 0.9121024012565613, "length": 4.999988079071045, "mode": "train", "epoch": 5}
{"loss": 0.22502662241458893, "acc": 0.9100309014320374, "length": 5.0, "mode": "test", "epoch": 5}
{"loss": 0.19439956545829773, "acc": 0.9270834922790527, "length": 4.999994277954102, "mode": "train", "epoch": 6}
{"loss": 0.20111176371574402, "acc": 0.9241470098495483, "length": 5.0, "mode": "test", "epoch": 6}
{"loss": 0.18120776116847992, "acc": 0.9341871738433838, "length": 4.999995708465576, "mode": "train", "epoch": 7}
{"loss": 0.18950599431991577, "acc": 0.9318482875823975, "length": 5.0, "mode": "test", "epoch": 7}
{"loss": 0.16926108300685883, "acc": 0.939749538898468, "length": 4.999996662139893, "mode": "train", "epoch": 8}
{"loss": 0.17984101176261902, "acc": 0.9356902837753296, "length": 5.0, "mode": "test", "epoch": 8}
{"loss": 0.16166557371616364, "acc": 0.9431740045547485, "length": 4.999999046325684, "mode": "train", "epoch": 9}
{"loss": 0.1692964881658554, "acc": 0.942062258720398, "length": 5.0, "mode": "test", "epoch": 9}
{"loss": 0.15516898036003113, "acc": 0.9462527632713318, "length": 5.0, "mode": "train", "epoch": 10}
{"loss": 0.16631539165973663, "acc": 0.9431731700897217, "length": 5.0, "mode": "test", "epoch": 10}
{"loss": 0.1493368297815323, "acc": 0.9486736059188843, "length": 5.0, "mode": "train", "epoch": 11}
{"loss": 0.16274060308933258, "acc": 0.9425951838493347, "length": 5.0, "mode": "test", "epoch": 11}
{"loss": 0.14551812410354614, "acc": 0.9502065777778625, "length": 5.0, "mode": "train", "epoch": 12}
{"loss": 0.1513800323009491, "acc": 0.9493492841720581, "length": 5.0, "mode": "test", "epoch": 12}
{"loss": 0.14334315061569214, "acc": 0.9512454271316528, "length": 5.0, "mode": "train", "epoch": 13}
{"loss": 0.15413601696491241, "acc": 0.9479345083236694, "length": 5.0, "mode": "test", "epoch": 13}
{"loss": 0.1382705569267273, "acc": 0.9532715678215027, "length": 5.0, "mode": "train", "epoch": 14}
{"loss": 0.1424301415681839, "acc": 0.9524710774421692, "length": 5.0, "mode": "test", "epoch": 14}
{"loss": 0.13367655873298645, "acc": 0.9552779197692871, "length": 5.0, "mode": "train", "epoch": 15}
{"loss": 0.1466502547264099, "acc": 0.9510210156440735, "length": 5.0, "mode": "test", "epoch": 15}
{"loss": 0.12947142124176025, "acc": 0.9572599530220032, "length": 5.0, "mode": "train", "epoch": 16}
{"loss": 0.1419641226530075, "acc": 0.9531580805778503, "length": 5.0, "mode": "test", "epoch": 16}
{"loss": 0.12601839005947113, "acc": 0.9586070775985718, "length": 5.0, "mode": "train", "epoch": 17}
{"loss": 0.13529206812381744, "acc": 0.9562093615531921, "length": 5.0, "mode": "test", "epoch": 17}
{"loss": 0.1242038682103157, "acc": 0.9595116972923279, "length": 5.0, "mode": "train", "epoch": 18}
{"loss": 0.1307603120803833, "acc": 0.9584716558456421, "length": 5.0, "mode": "test", "epoch": 18}
{"loss": 0.12114594876766205, "acc": 0.9607039093971252, "length": 5.0, "mode": "train", "epoch": 19}
{"loss": 0.1330222189426422, "acc": 0.9568578600883484, "length": 5.0, "mode": "test", "epoch": 19}
{"loss": 0.12123983353376389, "acc": 0.9607046842575073, "length": 5.0, "mode": "train", "epoch": 20}
{"loss": 0.13493379950523376, "acc": 0.9568984508514404, "length": 5.0, "mode": "test", "epoch": 20}
{"loss": 0.11935919523239136, "acc": 0.9615294337272644, "length": 5.0, "mode": "train", "epoch": 21}
{"loss": 0.12928788363933563, "acc": 0.9586890935897827, "length": 5.0, "mode": "test", "epoch": 21}
{"loss": 0.11879679560661316, "acc": 0.9617055654525757, "length": 5.0, "mode": "train", "epoch": 22}
{"loss": 0.13135366141796112, "acc": 0.9578306674957275, "length": 5.0, "mode": "test", "epoch": 22}
{"loss": 0.1162494346499443, "acc": 0.9628357291221619, "length": 5.0, "mode": "train", "epoch": 23}
{"loss": 0.12268388271331787, "acc": 0.9612104296684265, "length": 5.0, "mode": "test", "epoch": 23}
{"loss": 0.11322561651468277, "acc": 0.9638186693191528, "length": 5.0, "mode": "train", "epoch": 24}
{"loss": 0.12063103169202805, "acc": 0.9623361825942993, "length": 5.0, "mode": "test", "epoch": 24}
{"loss": 0.11345816403627396, "acc": 0.9637510776519775, "length": 5.0, "mode": "train", "epoch": 25}
{"loss": 0.11876498907804489, "acc": 0.9624239802360535, "length": 5.0, "mode": "test", "epoch": 25}
{"loss": 0.11535236239433289, "acc": 0.9631857872009277, "length": 5.0, "mode": "train", "epoch": 26}
{"loss": 0.12804310023784637, "acc": 0.9593503475189209, "length": 5.0, "mode": "test", "epoch": 26}
{"loss": 0.11360658705234528, "acc": 0.963693380355835, "length": 5.0, "mode": "train", "epoch": 27}
{"loss": 0.1280624270439148, "acc": 0.9596457481384277, "length": 5.0, "mode": "test", "epoch": 27}
{"loss": 0.11677351593971252, "acc": 0.962678074836731, "length": 5.0, "mode": "train", "epoch": 28}
{"loss": 0.12038422375917435, "acc": 0.9627428650856018, "length": 5.0, "mode": "test", "epoch": 28}
{"loss": 0.11395978182554245, "acc": 0.9634721875190735, "length": 5.0, "mode": "train", "epoch": 29}
{"loss": 0.12180444598197937, "acc": 0.9622420072555542, "length": 5.0, "mode": "test", "epoch": 29}
{"loss": 0.11355790495872498, "acc": 0.9637222290039062, "length": 5.0, "mode": "train", "epoch": 30}
{"loss": 0.12105295062065125, "acc": 0.9624872207641602, "length": 5.0, "mode": "test", "epoch": 30}
{"loss": 0.11188658326864243, "acc": 0.9641488790512085, "length": 5.0, "mode": "train", "epoch": 31}
{"loss": 0.11570389568805695, "acc": 0.9640143513679504, "length": 5.0, "mode": "test", "epoch": 31}
{"loss": 0.11166809499263763, "acc": 0.9641475081443787, "length": 5.0, "mode": "train", "epoch": 32}
{"loss": 0.12240881472826004, "acc": 0.9623693823814392, "length": 5.0, "mode": "test", "epoch": 32}
{"loss": 0.11169994622468948, "acc": 0.9642075300216675, "length": 5.0, "mode": "train", "epoch": 33}
{"loss": 0.1183309257030487, "acc": 0.9632406234741211, "length": 5.0, "mode": "test", "epoch": 33}
{"loss": 0.11399680376052856, "acc": 0.9635892510414124, "length": 5.0, "mode": "train", "epoch": 34}
{"loss": 0.11725937575101852, "acc": 0.9631946086883545, "length": 5.0, "mode": "test", "epoch": 34}
{"loss": 0.11056064814329147, "acc": 0.9644874334335327, "length": 5.0, "mode": "train", "epoch": 35}
{"loss": 0.11701001971960068, "acc": 0.9630094170570374, "length": 5.0, "mode": "test", "epoch": 35}
{"loss": 0.10955851525068283, "acc": 0.9646733999252319, "length": 5.0, "mode": "train", "epoch": 36}
{"loss": 0.1187254935503006, "acc": 0.9630820751190186, "length": 5.0, "mode": "test", "epoch": 36}
{"loss": 0.11210288107395172, "acc": 0.9640637040138245, "length": 5.0, "mode": "train", "epoch": 37}
{"loss": 0.11720612645149231, "acc": 0.963351845741272, "length": 5.0, "mode": "test", "epoch": 37}
{"loss": 0.11019334197044373, "acc": 0.9645912051200867, "length": 5.0, "mode": "train", "epoch": 38}
{"loss": 0.11332421749830246, "acc": 0.9649035930633545, "length": 5.0, "mode": "test", "epoch": 38}
{"loss": 0.10812981426715851, "acc": 0.9651045799255371, "length": 5.0, "mode": "train", "epoch": 39}
{"loss": 0.1130354255437851, "acc": 0.9646992683410645, "length": 5.0, "mode": "test", "epoch": 39}
{"loss": 0.10911479592323303, "acc": 0.9648272395133972, "length": 5.0, "mode": "train", "epoch": 40}
{"loss": 0.11240561306476593, "acc": 0.9650759100914001, "length": 5.0, "mode": "test", "epoch": 40}
{"loss": 0.1095440611243248, "acc": 0.9647061824798584, "length": 5.0, "mode": "train", "epoch": 41}
{"loss": 0.12219539284706116, "acc": 0.9620290994644165, "length": 5.0, "mode": "test", "epoch": 41}
{"loss": 0.11237359791994095, "acc": 0.9639702439308167, "length": 5.0, "mode": "train", "epoch": 42}
{"loss": 0.11391134560108185, "acc": 0.9644113779067993, "length": 5.0, "mode": "test", "epoch": 42}
{"loss": 0.11103581637144089, "acc": 0.9640904664993286, "length": 5.0, "mode": "train", "epoch": 43}
{"loss": 0.12042763084173203, "acc": 0.9626359343528748, "length": 5.0, "mode": "test", "epoch": 43}
{"loss": 0.11632388085126877, "acc": 0.9621244072914124, "length": 5.0, "mode": "train", "epoch": 44}
{"loss": 0.12255096435546875, "acc": 0.961065948009491, "length": 5.0, "mode": "test", "epoch": 44}
{"loss": 0.1115351989865303, "acc": 0.9637818932533264, "length": 5.0, "mode": "train", "epoch": 45}
{"loss": 0.11342525482177734, "acc": 0.9645151495933533, "length": 5.0, "mode": "test", "epoch": 45}
{"loss": 0.10959376394748688, "acc": 0.9645885229110718, "length": 5.0, "mode": "train", "epoch": 46}
{"loss": 0.11426662653684616, "acc": 0.9645494222640991, "length": 5.0, "mode": "test", "epoch": 46}
{"loss": 0.11053653061389923, "acc": 0.9643219709396362, "length": 5.0, "mode": "train", "epoch": 47}
{"loss": 0.11817631125450134, "acc": 0.9631110429763794, "length": 5.0, "mode": "test", "epoch": 47}
{"loss": 0.11340128630399704, "acc": 0.9629876613616943, "length": 5.0, "mode": "train", "epoch": 48}
{"loss": 0.11713243275880814, "acc": 0.9630961418151855, "length": 5.0, "mode": "test", "epoch": 48}
{"loss": 0.11300255358219147, "acc": 0.9633790850639343, "length": 5.0, "mode": "train", "epoch": 49}
{"loss": 0.12036711722612381, "acc": 0.9620482325553894, "length": 5.0, "mode": "test", "epoch": 49}
{"loss": 0.11380812525749207, "acc": 0.9627547860145569, "length": 5.0, "mode": "train", "epoch": 50}
{"loss": 0.12175767123699188, "acc": 0.9614008665084839, "length": 5.0, "mode": "test", "epoch": 50}
{"loss": 0.11300278455018997, "acc": 0.9630661606788635, "length": 5.0, "mode": "train", "epoch": 51}
{"loss": 0.1158548966050148, "acc": 0.9635391235351562, "length": 5.0, "mode": "test", "epoch": 51}
{"loss": 0.1138170063495636, "acc": 0.9626351594924927, "length": 5.0, "mode": "train", "epoch": 52}
{"loss": 0.12774117290973663, "acc": 0.9585540294647217, "length": 5.0, "mode": "test", "epoch": 52}
{"loss": 0.11527736485004425, "acc": 0.9621037244796753, "length": 5.0, "mode": "train", "epoch": 53}
{"loss": 0.11808908730745316, "acc": 0.9628103375434875, "length": 5.0, "mode": "test", "epoch": 53}
{"loss": 0.1125786229968071, "acc": 0.9633534550666809, "length": 5.0, "mode": "train", "epoch": 54}
{"loss": 0.11683979630470276, "acc": 0.9631035923957825, "length": 5.0, "mode": "test", "epoch": 54}
{"loss": 0.1101296991109848, "acc": 0.9641820788383484, "length": 5.0, "mode": "train", "epoch": 55}
{"loss": 0.11401651799678802, "acc": 0.9643857479095459, "length": 5.0, "mode": "test", "epoch": 55}
{"loss": 0.11077665537595749, "acc": 0.9641706943511963, "length": 5.0, "mode": "train", "epoch": 56}
{"loss": 0.11807145178318024, "acc": 0.9633336067199707, "length": 5.0, "mode": "test", "epoch": 56}
{"loss": 0.11043405532836914, "acc": 0.9641311168670654, "length": 5.0, "mode": "train", "epoch": 57}
{"loss": 0.1132688894867897, "acc": 0.9645054936408997, "length": 5.0, "mode": "test", "epoch": 57}
{"loss": 0.10822189599275589, "acc": 0.9647583365440369, "length": 5.0, "mode": "train", "epoch": 58}
{"loss": 0.11216723173856735, "acc": 0.9646703600883484, "length": 5.0, "mode": "test", "epoch": 58}
{"loss": 0.10782252997159958, "acc": 0.9648837447166443, "length": 5.0, "mode": "train", "epoch": 59}
{"loss": 0.11294479668140411, "acc": 0.9645217061042786, "length": 5.0, "mode": "test", "epoch": 59}
{"loss": 0.11088290810585022, "acc": 0.9641653895378113, "length": 5.0, "mode": "train", "epoch": 60}
{"loss": 0.11844705045223236, "acc": 0.9630169868469238, "length": 5.0, "mode": "test", "epoch": 60}
test accuracy: 0.9622154235839844
