ndevices 0
# ["--attributes=4", "--values=8", "--game_size=10", "--vocab_size_factor=3", "--n_epochs=60", "--batch_size=128", "--learning_rate=0.001", "--speaker_hidden_size=256", "--temp_update=0.99", "--temperature=2"]
data loaded from: data/dim(4,8).ds
vocab size 28
message length 4
{"loss": 0.3766426146030426, "acc": 0.8229158520698547, "length": 4.825474262237549, "mode": "train", "epoch": 1}
{"loss": 0.3538837134838104, "acc": 0.8361612558364868, "length": 5.0, "mode": "test", "epoch": 1}
{"loss": 0.23152942955493927, "acc": 0.9099803566932678, "length": 4.999817371368408, "mode": "train", "epoch": 2}
{"loss": 0.29685625433921814, "acc": 0.8747451305389404, "length": 5.0, "mode": "test", "epoch": 2}
{"loss": 0.20344635844230652, "acc": 0.9225386381149292, "length": 4.999948024749756, "mode": "train", "epoch": 3}
{"loss": 0.24966348707675934, "acc": 0.8992177248001099, "length": 5.0, "mode": "test", "epoch": 3}
{"loss": 0.1938098669052124, "acc": 0.9264252781867981, "length": 4.999975681304932, "mode": "train", "epoch": 4}
{"loss": 0.24066972732543945, "acc": 0.9064415693283081, "length": 5.0, "mode": "test", "epoch": 4}
{"loss": 0.17166976630687714, "acc": 0.9360461831092834, "length": 4.999980926513672, "mode": "train", "epoch": 5}
{"loss": 0.22349122166633606, "acc": 0.909399688243866, "length": 5.0, "mode": "test", "epoch": 5}
{"loss": 0.14676208794116974, "acc": 0.948908269405365, "length": 4.999983787536621, "mode": "train", "epoch": 6}
{"loss": 0.21589651703834534, "acc": 0.9196499586105347, "length": 5.0, "mode": "test", "epoch": 6}
{"loss": 0.1322655826807022, "acc": 0.955262303352356, "length": 4.9999918937683105, "mode": "train", "epoch": 7}
{"loss": 0.1763581782579422, "acc": 0.9344017505645752, "length": 5.0, "mode": "test", "epoch": 7}
{"loss": 0.1246093362569809, "acc": 0.9582560062408447, "length": 4.999996662139893, "mode": "train", "epoch": 8}
{"loss": 0.1564987301826477, "acc": 0.9438656568527222, "length": 5.0, "mode": "test", "epoch": 8}
{"loss": 0.11916027218103409, "acc": 0.960517406463623, "length": 4.999997615814209, "mode": "train", "epoch": 9}
{"loss": 0.15068896114826202, "acc": 0.947516143321991, "length": 5.0, "mode": "test", "epoch": 9}
{"loss": 0.10874961316585541, "acc": 0.9652746915817261, "length": 4.999999046325684, "mode": "train", "epoch": 10}
{"loss": 0.14311639964580536, "acc": 0.9497601985931396, "length": 5.0, "mode": "test", "epoch": 10}
{"loss": 0.10218538343906403, "acc": 0.9675728678703308, "length": 5.0, "mode": "train", "epoch": 11}
{"loss": 0.13812965154647827, "acc": 0.9518032670021057, "length": 5.0, "mode": "test", "epoch": 11}
{"loss": 0.09798422455787659, "acc": 0.9693575501441956, "length": 5.0, "mode": "train", "epoch": 12}
{"loss": 0.1421681046485901, "acc": 0.9502235651016235, "length": 5.0, "mode": "test", "epoch": 12}
{"loss": 0.09583957493305206, "acc": 0.9699202179908752, "length": 5.0, "mode": "train", "epoch": 13}
{"loss": 0.1362466961145401, "acc": 0.9538667798042297, "length": 5.0, "mode": "test", "epoch": 13}
{"loss": 0.09477152675390244, "acc": 0.9703336954116821, "length": 5.0, "mode": "train", "epoch": 14}
{"loss": 0.13234136998653412, "acc": 0.9531581997871399, "length": 5.0, "mode": "test", "epoch": 14}
{"loss": 0.09387917071580887, "acc": 0.9704267978668213, "length": 5.0, "mode": "train", "epoch": 15}
{"loss": 0.1299765706062317, "acc": 0.9554945230484009, "length": 5.0, "mode": "test", "epoch": 15}
{"loss": 0.09156295657157898, "acc": 0.971238374710083, "length": 5.0, "mode": "train", "epoch": 16}
{"loss": 0.13292482495307922, "acc": 0.9539715647697449, "length": 5.0, "mode": "test", "epoch": 16}
{"loss": 0.0847008153796196, "acc": 0.9744732975959778, "length": 5.0, "mode": "train", "epoch": 17}
{"loss": 0.1248709037899971, "acc": 0.9584086537361145, "length": 5.0, "mode": "test", "epoch": 17}
{"loss": 0.08161333203315735, "acc": 0.9754592180252075, "length": 5.0, "mode": "train", "epoch": 18}
{"loss": 0.13207519054412842, "acc": 0.956346333026886, "length": 5.0, "mode": "test", "epoch": 18}
{"loss": 0.08145739138126373, "acc": 0.9754781723022461, "length": 5.0, "mode": "train", "epoch": 19}
{"loss": 0.104019396007061, "acc": 0.967191755771637, "length": 5.0, "mode": "test", "epoch": 19}
{"loss": 0.07719512283802032, "acc": 0.9767767190933228, "length": 5.0, "mode": "train", "epoch": 20}
{"loss": 0.10434626787900925, "acc": 0.9659321904182434, "length": 5.0, "mode": "test", "epoch": 20}
{"loss": 0.07386940717697144, "acc": 0.9782607555389404, "length": 5.0, "mode": "train", "epoch": 21}
{"loss": 0.09476310759782791, "acc": 0.9709064364433289, "length": 5.0, "mode": "test", "epoch": 21}
{"loss": 0.07147341966629028, "acc": 0.9789367318153381, "length": 5.0, "mode": "train", "epoch": 22}
{"loss": 0.10393064469099045, "acc": 0.9660895466804504, "length": 5.0, "mode": "test", "epoch": 22}
{"loss": 0.06902427226305008, "acc": 0.9799906015396118, "length": 5.0, "mode": "train", "epoch": 23}
{"loss": 0.10754705965518951, "acc": 0.9668557643890381, "length": 5.0, "mode": "test", "epoch": 23}
{"loss": 0.0653296560049057, "acc": 0.9814188480377197, "length": 5.0, "mode": "train", "epoch": 24}
{"loss": 0.10438691079616547, "acc": 0.9678360819816589, "length": 5.0, "mode": "test", "epoch": 24}
{"loss": 0.06373409181833267, "acc": 0.9818710088729858, "length": 5.0, "mode": "train", "epoch": 25}
{"loss": 0.09932980686426163, "acc": 0.968786358833313, "length": 5.0, "mode": "test", "epoch": 25}
{"loss": 0.06192219257354736, "acc": 0.9823318719863892, "length": 5.0, "mode": "train", "epoch": 26}
{"loss": 0.09175077825784683, "acc": 0.9709204435348511, "length": 5.0, "mode": "test", "epoch": 26}
{"loss": 0.06057882681488991, "acc": 0.9829978942871094, "length": 5.0, "mode": "train", "epoch": 27}
{"loss": 0.099816232919693, "acc": 0.9666642546653748, "length": 5.0, "mode": "test", "epoch": 27}
{"loss": 0.060920096933841705, "acc": 0.9827814102172852, "length": 5.0, "mode": "train", "epoch": 28}
{"loss": 0.08238191902637482, "acc": 0.9750299453735352, "length": 5.0, "mode": "test", "epoch": 28}
{"loss": 0.057733356952667236, "acc": 0.9838235974311829, "length": 5.0, "mode": "train", "epoch": 29}
{"loss": 0.08542877435684204, "acc": 0.9735894799232483, "length": 5.0, "mode": "test", "epoch": 29}
{"loss": 0.057587817311286926, "acc": 0.9837402105331421, "length": 5.0, "mode": "train", "epoch": 30}
{"loss": 0.09146841615438461, "acc": 0.9719991683959961, "length": 5.0, "mode": "test", "epoch": 30}
{"loss": 0.05823729187250137, "acc": 0.9836050271987915, "length": 5.0, "mode": "train", "epoch": 31}
{"loss": 0.08593519777059555, "acc": 0.9739415049552917, "length": 5.0, "mode": "test", "epoch": 31}
{"loss": 0.05819815397262573, "acc": 0.9835851788520813, "length": 5.0, "mode": "train", "epoch": 32}
{"loss": 0.08413143455982208, "acc": 0.9745184183120728, "length": 5.0, "mode": "test", "epoch": 32}
{"loss": 0.05764945223927498, "acc": 0.9837324023246765, "length": 5.0, "mode": "train", "epoch": 33}
{"loss": 0.08626429736614227, "acc": 0.9733753800392151, "length": 5.0, "mode": "test", "epoch": 33}
{"loss": 0.05818743258714676, "acc": 0.983583927154541, "length": 5.0, "mode": "train", "epoch": 34}
{"loss": 0.07737211883068085, "acc": 0.9759984612464905, "length": 5.0, "mode": "test", "epoch": 34}
{"loss": 0.05776494741439819, "acc": 0.983646035194397, "length": 5.0, "mode": "train", "epoch": 35}
{"loss": 0.07343343645334244, "acc": 0.9786921143531799, "length": 5.0, "mode": "test", "epoch": 35}
{"loss": 0.05668620020151138, "acc": 0.9839551448822021, "length": 5.0, "mode": "train", "epoch": 36}
{"loss": 0.07352885603904724, "acc": 0.9788955450057983, "length": 5.0, "mode": "test", "epoch": 36}
{"loss": 0.05804376304149628, "acc": 0.9835647344589233, "length": 5.0, "mode": "train", "epoch": 37}
{"loss": 0.08066744357347488, "acc": 0.975683867931366, "length": 5.0, "mode": "test", "epoch": 37}
{"loss": 0.056737907230854034, "acc": 0.9838559627532959, "length": 5.0, "mode": "train", "epoch": 38}
{"loss": 0.0691298320889473, "acc": 0.9804666042327881, "length": 5.0, "mode": "test", "epoch": 38}
{"loss": 0.05667676776647568, "acc": 0.9838370084762573, "length": 5.0, "mode": "train", "epoch": 39}
{"loss": 0.08789490908384323, "acc": 0.9739170074462891, "length": 5.0, "mode": "test", "epoch": 39}
{"loss": 0.0566808357834816, "acc": 0.9838712215423584, "length": 5.0, "mode": "train", "epoch": 40}
{"loss": 0.06914292275905609, "acc": 0.9807395339012146, "length": 5.0, "mode": "test", "epoch": 40}
{"loss": 0.056940753012895584, "acc": 0.9837134480476379, "length": 5.0, "mode": "train", "epoch": 41}
{"loss": 0.07271994650363922, "acc": 0.979626476764679, "length": 5.0, "mode": "test", "epoch": 41}
{"loss": 0.05602201446890831, "acc": 0.9840481281280518, "length": 5.0, "mode": "train", "epoch": 42}
{"loss": 0.06941595673561096, "acc": 0.9801785945892334, "length": 5.0, "mode": "test", "epoch": 42}
{"loss": 0.055611588060855865, "acc": 0.9840152263641357, "length": 5.0, "mode": "train", "epoch": 43}
{"loss": 0.07001297175884247, "acc": 0.980572521686554, "length": 5.0, "mode": "test", "epoch": 43}
{"loss": 0.05567455664277077, "acc": 0.9839602708816528, "length": 5.0, "mode": "train", "epoch": 44}
{"loss": 0.07484058290719986, "acc": 0.9779012799263, "length": 5.0, "mode": "test", "epoch": 44}
{"loss": 0.05402729660272598, "acc": 0.984641432762146, "length": 5.0, "mode": "train", "epoch": 45}
{"loss": 0.07257064431905746, "acc": 0.9784364700317383, "length": 5.0, "mode": "test", "epoch": 45}
{"loss": 0.05141649767756462, "acc": 0.9860155582427979, "length": 5.0, "mode": "train", "epoch": 46}
{"loss": 0.0644885003566742, "acc": 0.9822859168052673, "length": 5.0, "mode": "test", "epoch": 46}
{"loss": 0.04900531843304634, "acc": 0.9868016839027405, "length": 5.0, "mode": "train", "epoch": 47}
{"loss": 0.06275908648967743, "acc": 0.9820162057876587, "length": 5.0, "mode": "test", "epoch": 47}
{"loss": 0.053161121904850006, "acc": 0.9853808879852295, "length": 5.0, "mode": "train", "epoch": 48}
{"loss": 0.06501979380846024, "acc": 0.981965959072113, "length": 5.0, "mode": "test", "epoch": 48}
{"loss": 0.04811282455921173, "acc": 0.9869930148124695, "length": 5.0, "mode": "train", "epoch": 49}
{"loss": 0.0565335638821125, "acc": 0.9849840402603149, "length": 5.0, "mode": "test", "epoch": 49}
{"loss": 0.04784252494573593, "acc": 0.9870064854621887, "length": 5.0, "mode": "train", "epoch": 50}
{"loss": 0.06091469153761864, "acc": 0.9836044311523438, "length": 5.0, "mode": "test", "epoch": 50}
{"loss": 0.048649925738573074, "acc": 0.9868146181106567, "length": 5.0, "mode": "train", "epoch": 51}
{"loss": 0.0642523393034935, "acc": 0.982089102268219, "length": 5.0, "mode": "test", "epoch": 51}
{"loss": 0.048768434673547745, "acc": 0.9867454171180725, "length": 5.0, "mode": "train", "epoch": 52}
{"loss": 0.06324217468500137, "acc": 0.9827600717544556, "length": 5.0, "mode": "test", "epoch": 52}
{"loss": 0.04856085404753685, "acc": 0.9866912364959717, "length": 5.0, "mode": "train", "epoch": 53}
{"loss": 0.05775931850075722, "acc": 0.9848822355270386, "length": 5.0, "mode": "test", "epoch": 53}
{"loss": 0.047593437135219574, "acc": 0.9869968891143799, "length": 5.0, "mode": "train", "epoch": 54}
{"loss": 0.06160496920347214, "acc": 0.9838302135467529, "length": 5.0, "mode": "test", "epoch": 54}
{"loss": 0.048538729548454285, "acc": 0.9867439866065979, "length": 5.0, "mode": "train", "epoch": 55}
{"loss": 0.055821117013692856, "acc": 0.9853885173797607, "length": 5.0, "mode": "test", "epoch": 55}
{"loss": 0.047465816140174866, "acc": 0.9869990348815918, "length": 5.0, "mode": "train", "epoch": 56}
{"loss": 0.058790020644664764, "acc": 0.9846168160438538, "length": 5.0, "mode": "test", "epoch": 56}
{"loss": 0.04812001436948776, "acc": 0.9868203401565552, "length": 5.0, "mode": "train", "epoch": 57}
{"loss": 0.05662531778216362, "acc": 0.9854206442832947, "length": 5.0, "mode": "test", "epoch": 57}
{"loss": 0.04767471179366112, "acc": 0.9869676828384399, "length": 5.0, "mode": "train", "epoch": 58}
{"loss": 0.06124582141637802, "acc": 0.9838933944702148, "length": 5.0, "mode": "test", "epoch": 58}
{"loss": 0.04776045307517052, "acc": 0.9869401454925537, "length": 5.0, "mode": "train", "epoch": 59}
{"loss": 0.05558774247765541, "acc": 0.9854956269264221, "length": 5.0, "mode": "test", "epoch": 59}
{"loss": 0.04663759097456932, "acc": 0.9871859550476074, "length": 5.0, "mode": "train", "epoch": 60}
{"loss": 0.05577707290649414, "acc": 0.9855371713638306, "length": 5.0, "mode": "test", "epoch": 60}
test accuracy: 0.9845656752586365
