ndevices 0
# ["--attributes=4", "--values=8", "--game_size=10", "--vocab_size_factor=3", "--n_epochs=60", "--batch_size=32", "--learning_rate=0.0005", "--speaker_hidden_size=256", "--temp_update=0.97", "--temperature=2"]
data loaded from: data/dim(4,8).ds
vocab size 28
message length 4
{"loss": 0.408941388130188, "acc": 0.8123621344566345, "length": 4.9772138595581055, "mode": "train", "epoch": 1}
{"loss": 0.34761372208595276, "acc": 0.8450994491577148, "length": 5.0, "mode": "test", "epoch": 1}
{"loss": 0.29192879796028137, "acc": 0.876181960105896, "length": 4.9999847412109375, "mode": "train", "epoch": 2}
{"loss": 0.30871257185935974, "acc": 0.8666394352912903, "length": 5.0, "mode": "test", "epoch": 2}
{"loss": 0.24794119596481323, "acc": 0.895834743976593, "length": 4.999996185302734, "mode": "train", "epoch": 3}
{"loss": 0.2623293399810791, "acc": 0.8874572515487671, "length": 5.0, "mode": "test", "epoch": 3}
{"loss": 0.22202220559120178, "acc": 0.9087596535682678, "length": 4.999999523162842, "mode": "train", "epoch": 4}
{"loss": 0.24049341678619385, "acc": 0.8992936611175537, "length": 5.0, "mode": "test", "epoch": 4}
{"loss": 0.20063714683055878, "acc": 0.9196497201919556, "length": 5.0, "mode": "train", "epoch": 5}
{"loss": 0.21485738456249237, "acc": 0.9155800938606262, "length": 5.0, "mode": "test", "epoch": 5}
{"loss": 0.19096234440803528, "acc": 0.9231826066970825, "length": 5.0, "mode": "train", "epoch": 6}
{"loss": 0.2083209902048111, "acc": 0.9170077443122864, "length": 5.0, "mode": "test", "epoch": 6}
{"loss": 0.1868571788072586, "acc": 0.9244378805160522, "length": 5.0, "mode": "train", "epoch": 7}
{"loss": 0.1959964483976364, "acc": 0.9228606820106506, "length": 5.0, "mode": "test", "epoch": 7}
{"loss": 0.18236109614372253, "acc": 0.926425039768219, "length": 5.0, "mode": "train", "epoch": 8}
{"loss": 0.19105234742164612, "acc": 0.9241406321525574, "length": 5.0, "mode": "test", "epoch": 8}
{"loss": 0.17997874319553375, "acc": 0.9277687668800354, "length": 5.0, "mode": "train", "epoch": 9}
{"loss": 0.19292382895946503, "acc": 0.9237039685249329, "length": 5.0, "mode": "test", "epoch": 9}
{"loss": 0.17199677228927612, "acc": 0.9323857426643372, "length": 5.0, "mode": "train", "epoch": 10}
{"loss": 0.18428553640842438, "acc": 0.9285487532615662, "length": 5.0, "mode": "test", "epoch": 10}
{"loss": 0.15998712182044983, "acc": 0.9398316144943237, "length": 5.0, "mode": "train", "epoch": 11}
{"loss": 0.16805213689804077, "acc": 0.9385027885437012, "length": 5.0, "mode": "test", "epoch": 11}
{"loss": 0.1445380449295044, "acc": 0.9481629133224487, "length": 5.0, "mode": "train", "epoch": 12}
{"loss": 0.1537909358739853, "acc": 0.9456731677055359, "length": 5.0, "mode": "test", "epoch": 12}
{"loss": 0.14061468839645386, "acc": 0.9506467580795288, "length": 5.0, "mode": "train", "epoch": 13}
{"loss": 0.1474308967590332, "acc": 0.9496020078659058, "length": 5.0, "mode": "test", "epoch": 13}
{"loss": 0.13268883526325226, "acc": 0.9539397954940796, "length": 5.0, "mode": "train", "epoch": 14}
{"loss": 0.15305884182453156, "acc": 0.9458990097045898, "length": 5.0, "mode": "test", "epoch": 14}
{"loss": 0.12479451298713684, "acc": 0.9577792882919312, "length": 5.0, "mode": "train", "epoch": 15}
{"loss": 0.13450631499290466, "acc": 0.9552996754646301, "length": 5.0, "mode": "test", "epoch": 15}
{"loss": 0.11862565577030182, "acc": 0.9605169296264648, "length": 5.0, "mode": "train", "epoch": 16}
{"loss": 0.1316814422607422, "acc": 0.956311047077179, "length": 5.0, "mode": "test", "epoch": 16}
{"loss": 0.11544996500015259, "acc": 0.9622728824615479, "length": 5.0, "mode": "train", "epoch": 17}
{"loss": 0.12559247016906738, "acc": 0.9593376517295837, "length": 5.0, "mode": "test", "epoch": 17}
{"loss": 0.11256822943687439, "acc": 0.9633515477180481, "length": 5.0, "mode": "train", "epoch": 18}
{"loss": 0.12330803275108337, "acc": 0.9609525203704834, "length": 5.0, "mode": "test", "epoch": 18}
{"loss": 0.11079168319702148, "acc": 0.9640986919403076, "length": 5.0, "mode": "train", "epoch": 19}
{"loss": 0.12382416427135468, "acc": 0.9608635902404785, "length": 5.0, "mode": "test", "epoch": 19}
{"loss": 0.10841857641935349, "acc": 0.9650543928146362, "length": 5.0, "mode": "train", "epoch": 20}
{"loss": 0.11561170965433121, "acc": 0.9632929563522339, "length": 5.0, "mode": "test", "epoch": 20}
{"loss": 0.10830122232437134, "acc": 0.9651311039924622, "length": 5.0, "mode": "train", "epoch": 21}
{"loss": 0.11763042211532593, "acc": 0.9628499150276184, "length": 5.0, "mode": "test", "epoch": 21}
{"loss": 0.10696249455213547, "acc": 0.9655659198760986, "length": 5.0, "mode": "train", "epoch": 22}
{"loss": 0.1123083233833313, "acc": 0.964972198009491, "length": 5.0, "mode": "test", "epoch": 22}
{"loss": 0.10653028637170792, "acc": 0.9658149480819702, "length": 5.0, "mode": "train", "epoch": 23}
{"loss": 0.12192847579717636, "acc": 0.9624422192573547, "length": 5.0, "mode": "test", "epoch": 23}
{"loss": 0.10610661655664444, "acc": 0.96587735414505, "length": 5.0, "mode": "train", "epoch": 24}
{"loss": 0.11467228829860687, "acc": 0.9645997881889343, "length": 5.0, "mode": "test", "epoch": 24}
{"loss": 0.10597262531518936, "acc": 0.9660964012145996, "length": 5.0, "mode": "train", "epoch": 25}
{"loss": 0.11147905141115189, "acc": 0.9653028249740601, "length": 5.0, "mode": "test", "epoch": 25}
{"loss": 0.1046745628118515, "acc": 0.9663328528404236, "length": 5.0, "mode": "train", "epoch": 26}
{"loss": 0.11317363381385803, "acc": 0.9645387530326843, "length": 5.0, "mode": "test", "epoch": 26}
{"loss": 0.10533081740140915, "acc": 0.9662514925003052, "length": 5.0, "mode": "train", "epoch": 27}
{"loss": 0.12677854299545288, "acc": 0.9612146615982056, "length": 5.0, "mode": "test", "epoch": 27}
{"loss": 0.10789231956005096, "acc": 0.9652918577194214, "length": 5.0, "mode": "train", "epoch": 28}
{"loss": 0.11678475141525269, "acc": 0.9636558890342712, "length": 5.0, "mode": "test", "epoch": 28}
{"loss": 0.11103960871696472, "acc": 0.9637793302536011, "length": 5.0, "mode": "train", "epoch": 29}
{"loss": 0.11597784608602524, "acc": 0.9638066291809082, "length": 5.0, "mode": "test", "epoch": 29}
{"loss": 0.1096712052822113, "acc": 0.9645819664001465, "length": 5.0, "mode": "train", "epoch": 30}
{"loss": 0.11529771238565445, "acc": 0.9642049074172974, "length": 5.0, "mode": "test", "epoch": 30}
{"loss": 0.10902925580739975, "acc": 0.9649701118469238, "length": 5.0, "mode": "train", "epoch": 31}
{"loss": 0.11195772886276245, "acc": 0.9653167128562927, "length": 5.0, "mode": "test", "epoch": 31}
{"loss": 0.10817670077085495, "acc": 0.9649971127510071, "length": 4.999996662139893, "mode": "train", "epoch": 32}
{"loss": 0.11193793267011642, "acc": 0.9651831388473511, "length": 5.0, "mode": "test", "epoch": 32}
{"loss": 0.10601147264242172, "acc": 0.9660146236419678, "length": 5.0, "mode": "train", "epoch": 33}
{"loss": 0.11109089106321335, "acc": 0.9655853509902954, "length": 5.0, "mode": "test", "epoch": 33}
{"loss": 0.10650239884853363, "acc": 0.9660221934318542, "length": 5.0, "mode": "train", "epoch": 34}
{"loss": 0.11513815075159073, "acc": 0.9644060730934143, "length": 5.0, "mode": "test", "epoch": 34}
{"loss": 0.10826554894447327, "acc": 0.9653403759002686, "length": 5.0, "mode": "train", "epoch": 35}
{"loss": 0.113906130194664, "acc": 0.9648618698120117, "length": 5.0, "mode": "test", "epoch": 35}
{"loss": 0.1062447726726532, "acc": 0.9660260677337646, "length": 5.0, "mode": "train", "epoch": 36}
{"loss": 0.10976951569318771, "acc": 0.9659855961799622, "length": 5.0, "mode": "test", "epoch": 36}
{"loss": 0.10558756440877914, "acc": 0.9662429094314575, "length": 5.0, "mode": "train", "epoch": 37}
{"loss": 0.11490042507648468, "acc": 0.9641929864883423, "length": 5.0, "mode": "test", "epoch": 37}
{"loss": 0.1061878576874733, "acc": 0.9661113619804382, "length": 5.0, "mode": "train", "epoch": 38}
{"loss": 0.11253579705953598, "acc": 0.9654194712638855, "length": 5.0, "mode": "test", "epoch": 38}
{"loss": 0.10610011219978333, "acc": 0.9661747813224792, "length": 5.0, "mode": "train", "epoch": 39}
{"loss": 0.11169295758008957, "acc": 0.9654816389083862, "length": 5.0, "mode": "test", "epoch": 39}
{"loss": 0.10611113160848618, "acc": 0.9660481810569763, "length": 5.0, "mode": "train", "epoch": 40}
{"loss": 0.11230970174074173, "acc": 0.9653017520904541, "length": 5.0, "mode": "test", "epoch": 40}
{"loss": 0.10565150529146194, "acc": 0.9662125706672668, "length": 5.0, "mode": "train", "epoch": 41}
{"loss": 0.11192744225263596, "acc": 0.9654825925827026, "length": 5.0, "mode": "test", "epoch": 41}
{"loss": 0.10596407204866409, "acc": 0.965954065322876, "length": 5.0, "mode": "train", "epoch": 42}
{"loss": 0.10838094353675842, "acc": 0.9666717052459717, "length": 5.0, "mode": "test", "epoch": 42}
{"loss": 0.10455348342657089, "acc": 0.9666675329208374, "length": 5.0, "mode": "train", "epoch": 43}
{"loss": 0.10738252848386765, "acc": 0.9669339060783386, "length": 5.0, "mode": "test", "epoch": 43}
{"loss": 0.10785175114870071, "acc": 0.9654306769371033, "length": 5.0, "mode": "train", "epoch": 44}
{"loss": 0.11303412169218063, "acc": 0.9647955894470215, "length": 5.0, "mode": "test", "epoch": 44}
{"loss": 0.1077069342136383, "acc": 0.9653885364532471, "length": 5.0, "mode": "train", "epoch": 45}
{"loss": 0.11429614573717117, "acc": 0.9651060104370117, "length": 5.0, "mode": "test", "epoch": 45}
{"loss": 0.10653809458017349, "acc": 0.9659903049468994, "length": 5.0, "mode": "train", "epoch": 46}
{"loss": 0.10944558680057526, "acc": 0.9663013219833374, "length": 5.0, "mode": "test", "epoch": 46}
{"loss": 0.10705652087926865, "acc": 0.9658805131912231, "length": 5.0, "mode": "train", "epoch": 47}
{"loss": 0.10904479026794434, "acc": 0.9662617444992065, "length": 5.0, "mode": "test", "epoch": 47}
{"loss": 0.10516303032636642, "acc": 0.9664855003356934, "length": 5.0, "mode": "train", "epoch": 48}
{"loss": 0.1103830337524414, "acc": 0.9661923050880432, "length": 5.0, "mode": "test", "epoch": 48}
{"loss": 0.10564899444580078, "acc": 0.9663479328155518, "length": 5.0, "mode": "train", "epoch": 49}
{"loss": 0.11053355038166046, "acc": 0.9658722281455994, "length": 5.0, "mode": "test", "epoch": 49}
{"loss": 0.1048116460442543, "acc": 0.9665305614471436, "length": 5.0, "mode": "train", "epoch": 50}
{"loss": 0.10986918956041336, "acc": 0.9663484692573547, "length": 5.0, "mode": "test", "epoch": 50}
{"loss": 0.10586852580308914, "acc": 0.9661637544631958, "length": 5.0, "mode": "train", "epoch": 51}
{"loss": 0.11010067909955978, "acc": 0.9660638570785522, "length": 5.0, "mode": "test", "epoch": 51}
{"loss": 0.10449889302253723, "acc": 0.9666507244110107, "length": 5.0, "mode": "train", "epoch": 52}
{"loss": 0.1082318052649498, "acc": 0.9666758179664612, "length": 5.0, "mode": "test", "epoch": 52}
{"loss": 0.10375957936048508, "acc": 0.9668654203414917, "length": 5.0, "mode": "train", "epoch": 53}
{"loss": 0.11180993914604187, "acc": 0.9659193754196167, "length": 5.0, "mode": "test", "epoch": 53}
{"loss": 0.10288724303245544, "acc": 0.9670542478561401, "length": 5.0, "mode": "train", "epoch": 54}
{"loss": 0.10972997546195984, "acc": 0.9665699601173401, "length": 5.0, "mode": "test", "epoch": 54}
{"loss": 0.10322438925504684, "acc": 0.966942548751831, "length": 5.0, "mode": "train", "epoch": 55}
{"loss": 0.10892829298973083, "acc": 0.9664469957351685, "length": 5.0, "mode": "test", "epoch": 55}
{"loss": 0.10237332433462143, "acc": 0.9671755433082581, "length": 5.0, "mode": "train", "epoch": 56}
{"loss": 0.11039617657661438, "acc": 0.9658240079879761, "length": 5.0, "mode": "test", "epoch": 56}
{"loss": 0.10177157074213028, "acc": 0.9673709869384766, "length": 5.0, "mode": "train", "epoch": 57}
{"loss": 0.10919871181249619, "acc": 0.9663056135177612, "length": 5.0, "mode": "test", "epoch": 57}
{"loss": 0.10286717116832733, "acc": 0.9669443368911743, "length": 5.0, "mode": "train", "epoch": 58}
{"loss": 0.11263703554868698, "acc": 0.9655382037162781, "length": 5.0, "mode": "test", "epoch": 58}
{"loss": 0.1031748503446579, "acc": 0.9669243097305298, "length": 5.0, "mode": "train", "epoch": 59}
{"loss": 0.1082775816321373, "acc": 0.9667048454284668, "length": 5.0, "mode": "test", "epoch": 59}
{"loss": 0.102785624563694, "acc": 0.9671663045883179, "length": 5.0, "mode": "train", "epoch": 60}
{"loss": 0.1066696047782898, "acc": 0.9672004580497742, "length": 5.0, "mode": "test", "epoch": 60}
test accuracy: 0.9626390933990479
