ndevices 0
# ["--attributes=4", "--values=8", "--game_size=10", "--vocab_size_factor=3", "--n_epochs=60", "--batch_size=32", "--learning_rate=0.0005", "--speaker_hidden_size=256", "--temp_update=0.99", "--temperature=1"]
data loaded from: data/dim(4,8).ds
vocab size 28
message length 4
{"loss": 0.40048614144325256, "acc": 0.8141826391220093, "length": 4.914654731750488, "mode": "train", "epoch": 1}
{"loss": 0.32234495878219604, "acc": 0.864997923374176, "length": 5.0, "mode": "test", "epoch": 1}
{"loss": 0.29672759771347046, "acc": 0.8769652843475342, "length": 4.999992370605469, "mode": "train", "epoch": 2}
{"loss": 0.28443625569343567, "acc": 0.882430374622345, "length": 5.0, "mode": "test", "epoch": 2}
{"loss": 0.27020707726478577, "acc": 0.889074444770813, "length": 4.999998569488525, "mode": "train", "epoch": 3}
{"loss": 0.2650105655193329, "acc": 0.8930180668830872, "length": 5.0, "mode": "test", "epoch": 3}
{"loss": 0.25440770387649536, "acc": 0.8963305950164795, "length": 5.0, "mode": "train", "epoch": 4}
{"loss": 0.24977406859397888, "acc": 0.9019937515258789, "length": 5.0, "mode": "test", "epoch": 4}
{"loss": 0.23508116602897644, "acc": 0.9071264863014221, "length": 4.999999046325684, "mode": "train", "epoch": 5}
{"loss": 0.22512589395046234, "acc": 0.9116684794425964, "length": 5.0, "mode": "test", "epoch": 5}
{"loss": 0.22056521475315094, "acc": 0.9128729104995728, "length": 5.0, "mode": "train", "epoch": 6}
{"loss": 0.22003525495529175, "acc": 0.9142571687698364, "length": 5.0, "mode": "test", "epoch": 6}
{"loss": 0.2136562019586563, "acc": 0.9153087139129639, "length": 5.0, "mode": "train", "epoch": 7}
{"loss": 0.22033561766147614, "acc": 0.9127772450447083, "length": 5.0, "mode": "test", "epoch": 7}
{"loss": 0.20661436021327972, "acc": 0.918868899345398, "length": 5.0, "mode": "train", "epoch": 8}
{"loss": 0.20606838166713715, "acc": 0.9204579591751099, "length": 5.0, "mode": "test", "epoch": 8}
{"loss": 0.19633714854717255, "acc": 0.9252423644065857, "length": 5.0, "mode": "train", "epoch": 9}
{"loss": 0.1963561326265335, "acc": 0.9271575212478638, "length": 5.0, "mode": "test", "epoch": 9}
{"loss": 0.18405912816524506, "acc": 0.9320736527442932, "length": 5.0, "mode": "train", "epoch": 10}
{"loss": 0.18247584998607635, "acc": 0.9346222281455994, "length": 5.0, "mode": "test", "epoch": 10}
{"loss": 0.1743004024028778, "acc": 0.9369277954101562, "length": 5.0, "mode": "train", "epoch": 11}
{"loss": 0.17880211770534515, "acc": 0.9370461702346802, "length": 5.0, "mode": "test", "epoch": 11}
{"loss": 0.16955362260341644, "acc": 0.9391030669212341, "length": 5.0, "mode": "train", "epoch": 12}
{"loss": 0.16937994956970215, "acc": 0.939804196357727, "length": 5.0, "mode": "test", "epoch": 12}
{"loss": 0.16561922430992126, "acc": 0.9407865405082703, "length": 5.0, "mode": "train", "epoch": 13}
{"loss": 0.17211861908435822, "acc": 0.9399968385696411, "length": 5.0, "mode": "test", "epoch": 13}
{"loss": 0.16313771903514862, "acc": 0.9417828321456909, "length": 5.0, "mode": "train", "epoch": 14}
{"loss": 0.16646842658519745, "acc": 0.9417219758033752, "length": 5.0, "mode": "test", "epoch": 14}
{"loss": 0.16227100789546967, "acc": 0.9419349431991577, "length": 5.0, "mode": "train", "epoch": 15}
{"loss": 0.16123951971530914, "acc": 0.9434257745742798, "length": 5.0, "mode": "test", "epoch": 15}
{"loss": 0.1580258160829544, "acc": 0.9437174797058105, "length": 5.0, "mode": "train", "epoch": 16}
{"loss": 0.1592199057340622, "acc": 0.9439148902893066, "length": 5.0, "mode": "test", "epoch": 16}
{"loss": 0.15497693419456482, "acc": 0.9447497725486755, "length": 5.0, "mode": "train", "epoch": 17}
{"loss": 0.16001194715499878, "acc": 0.9436697363853455, "length": 5.0, "mode": "test", "epoch": 17}
{"loss": 0.15384459495544434, "acc": 0.9451005458831787, "length": 5.0, "mode": "train", "epoch": 18}
{"loss": 0.157965749502182, "acc": 0.9449110627174377, "length": 5.0, "mode": "test", "epoch": 18}
{"loss": 0.15382586419582367, "acc": 0.9449899196624756, "length": 5.0, "mode": "train", "epoch": 19}
{"loss": 0.1601184457540512, "acc": 0.9438848495483398, "length": 5.0, "mode": "test", "epoch": 19}
{"loss": 0.15171551704406738, "acc": 0.9457458853721619, "length": 5.0, "mode": "train", "epoch": 20}
{"loss": 0.15379713475704193, "acc": 0.9460563063621521, "length": 5.0, "mode": "test", "epoch": 20}
{"loss": 0.15170049667358398, "acc": 0.9460849165916443, "length": 5.0, "mode": "train", "epoch": 21}
{"loss": 0.15668611228466034, "acc": 0.9450909495353699, "length": 5.0, "mode": "test", "epoch": 21}
{"loss": 0.14887306094169617, "acc": 0.946944534778595, "length": 5.0, "mode": "train", "epoch": 22}
{"loss": 0.15071405470371246, "acc": 0.947198212146759, "length": 5.0, "mode": "test", "epoch": 22}
{"loss": 0.14611956477165222, "acc": 0.9481428265571594, "length": 5.0, "mode": "train", "epoch": 23}
{"loss": 0.15121932327747345, "acc": 0.9475568532943726, "length": 5.0, "mode": "test", "epoch": 23}
{"loss": 0.1444784253835678, "acc": 0.9488067030906677, "length": 5.0, "mode": "train", "epoch": 24}
{"loss": 0.14856089651584625, "acc": 0.9488099813461304, "length": 5.0, "mode": "test", "epoch": 24}
{"loss": 0.14421719312667847, "acc": 0.9490849375724792, "length": 5.0, "mode": "train", "epoch": 25}
{"loss": 0.1494937390089035, "acc": 0.9485060572624207, "length": 5.0, "mode": "test", "epoch": 25}
{"loss": 0.14169113337993622, "acc": 0.9500192403793335, "length": 5.0, "mode": "train", "epoch": 26}
{"loss": 0.14463813602924347, "acc": 0.9500288367271423, "length": 5.0, "mode": "test", "epoch": 26}
{"loss": 0.1404026299715042, "acc": 0.9505605101585388, "length": 5.0, "mode": "train", "epoch": 27}
{"loss": 0.14876540005207062, "acc": 0.9486783742904663, "length": 5.0, "mode": "test", "epoch": 27}
{"loss": 0.14037728309631348, "acc": 0.9506017565727234, "length": 5.0, "mode": "train", "epoch": 28}
{"loss": 0.14461255073547363, "acc": 0.9504066705703735, "length": 5.0, "mode": "test", "epoch": 28}
{"loss": 0.1380961686372757, "acc": 0.9511712193489075, "length": 5.0, "mode": "train", "epoch": 29}
{"loss": 0.14416857063770294, "acc": 0.9504184722900391, "length": 5.0, "mode": "test", "epoch": 29}
{"loss": 0.13848863542079926, "acc": 0.9511079788208008, "length": 5.0, "mode": "train", "epoch": 30}
{"loss": 0.14621569216251373, "acc": 0.9499861001968384, "length": 5.0, "mode": "test", "epoch": 30}
{"loss": 0.1372792273759842, "acc": 0.9516149759292603, "length": 5.0, "mode": "train", "epoch": 31}
{"loss": 0.14118987321853638, "acc": 0.9512017965316772, "length": 5.0, "mode": "test", "epoch": 31}
{"loss": 0.13621273636817932, "acc": 0.9518864750862122, "length": 5.0, "mode": "train", "epoch": 32}
{"loss": 0.1420764923095703, "acc": 0.9513548016548157, "length": 5.0, "mode": "test", "epoch": 32}
{"loss": 0.1364242434501648, "acc": 0.9516855478286743, "length": 5.0, "mode": "train", "epoch": 33}
{"loss": 0.141730397939682, "acc": 0.9512414932250977, "length": 5.0, "mode": "test", "epoch": 33}
{"loss": 0.13680899143218994, "acc": 0.9515330791473389, "length": 5.0, "mode": "train", "epoch": 34}
{"loss": 0.14441482722759247, "acc": 0.9504987597465515, "length": 5.0, "mode": "test", "epoch": 34}
{"loss": 0.13827523589134216, "acc": 0.9510731101036072, "length": 5.0, "mode": "train", "epoch": 35}
{"loss": 0.1435410976409912, "acc": 0.9505072832107544, "length": 5.0, "mode": "test", "epoch": 35}
{"loss": 0.1370212733745575, "acc": 0.9514612555503845, "length": 5.0, "mode": "train", "epoch": 36}
{"loss": 0.1490318775177002, "acc": 0.9482031464576721, "length": 5.0, "mode": "test", "epoch": 36}
{"loss": 0.13679419457912445, "acc": 0.9515286087989807, "length": 5.0, "mode": "train", "epoch": 37}
{"loss": 0.14725002646446228, "acc": 0.9496896266937256, "length": 5.0, "mode": "test", "epoch": 37}
{"loss": 0.1349889487028122, "acc": 0.9520912170410156, "length": 5.0, "mode": "train", "epoch": 38}
{"loss": 0.14029961824417114, "acc": 0.9514919519424438, "length": 5.0, "mode": "test", "epoch": 38}
{"loss": 0.13543590903282166, "acc": 0.9519442915916443, "length": 5.0, "mode": "train", "epoch": 39}
{"loss": 0.1401270031929016, "acc": 0.9516298770904541, "length": 5.0, "mode": "test", "epoch": 39}
{"loss": 0.13521309196949005, "acc": 0.9520144462585449, "length": 5.0, "mode": "train", "epoch": 40}
{"loss": 0.13938108086585999, "acc": 0.951766848564148, "length": 5.0, "mode": "test", "epoch": 40}
{"loss": 0.13567739725112915, "acc": 0.9518939256668091, "length": 5.0, "mode": "train", "epoch": 41}
{"loss": 0.13981829583644867, "acc": 0.95149827003479, "length": 5.0, "mode": "test", "epoch": 41}
{"loss": 0.13447444140911102, "acc": 0.9521849751472473, "length": 5.0, "mode": "train", "epoch": 42}
{"loss": 0.13923713564872742, "acc": 0.9517967700958252, "length": 5.0, "mode": "test", "epoch": 42}
{"loss": 0.13665121793746948, "acc": 0.9514325857162476, "length": 5.0, "mode": "train", "epoch": 43}
{"loss": 0.14148429036140442, "acc": 0.9509149193763733, "length": 5.0, "mode": "test", "epoch": 43}
{"loss": 0.13329268991947174, "acc": 0.9524664878845215, "length": 5.0, "mode": "train", "epoch": 44}
{"loss": 0.13998565077781677, "acc": 0.9515433311462402, "length": 5.0, "mode": "test", "epoch": 44}
{"loss": 0.13477730751037598, "acc": 0.9520262479782104, "length": 5.0, "mode": "train", "epoch": 45}
{"loss": 0.14075212180614471, "acc": 0.9511998295783997, "length": 5.0, "mode": "test", "epoch": 45}
{"loss": 0.13368169963359833, "acc": 0.9523894786834717, "length": 5.0, "mode": "train", "epoch": 46}
{"loss": 0.13968418538570404, "acc": 0.9515517950057983, "length": 5.0, "mode": "test", "epoch": 46}
{"loss": 0.1333133578300476, "acc": 0.9524643421173096, "length": 5.0, "mode": "train", "epoch": 47}
{"loss": 0.14081956446170807, "acc": 0.9510563015937805, "length": 5.0, "mode": "test", "epoch": 47}
{"loss": 0.13528776168823242, "acc": 0.9518240094184875, "length": 5.0, "mode": "train", "epoch": 48}
{"loss": 0.13988910615444183, "acc": 0.9516919851303101, "length": 5.0, "mode": "test", "epoch": 48}
{"loss": 0.13455145061016083, "acc": 0.9521108865737915, "length": 5.0, "mode": "train", "epoch": 49}
{"loss": 0.13869482278823853, "acc": 0.9519639015197754, "length": 5.0, "mode": "test", "epoch": 49}
{"loss": 0.132870614528656, "acc": 0.952652633190155, "length": 5.0, "mode": "train", "epoch": 50}
{"loss": 0.1410059630870819, "acc": 0.9517219662666321, "length": 5.0, "mode": "test", "epoch": 50}
{"loss": 0.13351312279701233, "acc": 0.9524990320205688, "length": 5.0, "mode": "train", "epoch": 51}
{"loss": 0.13791371881961823, "acc": 0.9521510004997253, "length": 5.0, "mode": "test", "epoch": 51}
{"loss": 0.1328837275505066, "acc": 0.952536404132843, "length": 5.0, "mode": "train", "epoch": 52}
{"loss": 0.1380227655172348, "acc": 0.9521757960319519, "length": 5.0, "mode": "test", "epoch": 52}
{"loss": 0.13359545171260834, "acc": 0.952419638633728, "length": 5.0, "mode": "train", "epoch": 53}
{"loss": 0.13835753500461578, "acc": 0.9521501064300537, "length": 5.0, "mode": "test", "epoch": 53}
{"loss": 0.13348516821861267, "acc": 0.9524444341659546, "length": 5.0, "mode": "train", "epoch": 54}
{"loss": 0.14345386624336243, "acc": 0.9510306715965271, "length": 5.0, "mode": "test", "epoch": 54}
{"loss": 0.132284015417099, "acc": 0.9527665972709656, "length": 5.0, "mode": "train", "epoch": 55}
{"loss": 0.13789790868759155, "acc": 0.9519530534744263, "length": 5.0, "mode": "test", "epoch": 55}
{"loss": 0.132188081741333, "acc": 0.9528011679649353, "length": 5.0, "mode": "train", "epoch": 56}
{"loss": 0.13814055919647217, "acc": 0.952215313911438, "length": 5.0, "mode": "test", "epoch": 56}
{"loss": 0.1334589123725891, "acc": 0.9525538682937622, "length": 5.0, "mode": "train", "epoch": 57}
{"loss": 0.1380975842475891, "acc": 0.9521511793136597, "length": 5.0, "mode": "test", "epoch": 57}
{"loss": 0.13347212970256805, "acc": 0.9524293541908264, "length": 5.0, "mode": "train", "epoch": 58}
{"loss": 0.14320865273475647, "acc": 0.9507245421409607, "length": 5.0, "mode": "test", "epoch": 58}
{"loss": 0.13220512866973877, "acc": 0.9526256918907166, "length": 5.0, "mode": "train", "epoch": 59}
{"loss": 0.13745515048503876, "acc": 0.9519166946411133, "length": 5.0, "mode": "test", "epoch": 59}
{"loss": 0.13206353783607483, "acc": 0.9529756307601929, "length": 5.0, "mode": "train", "epoch": 60}
{"loss": 0.13930252194404602, "acc": 0.9519511461257935, "length": 5.0, "mode": "test", "epoch": 60}
test accuracy: 0.9462165832519531
