# ["--attributes=5", "--values=4", "--game_size=10", "--vocab_size_factor=3", "--n_epochs=60", "--batch_size=32", "--learning_rate=0.001", "--hidden_size=128", "--temp_update=0.99", "--temperature=2", "--length_cost=0.01", "--max_mess_len=30"]
Creating train_ds and val_ds...

Creating test_ds...
vocab size 13
message length 30
{"loss": 0.7426379323005676, "acc": 0.511958658695221, "length": 4.903985023498535, "mode": "train", "epoch": 1}
{"loss": 0.7003353834152222, "acc": 0.5261719226837158, "length": 1.0, "mode": "test", "epoch": 1}
{"loss": 0.7025241255760193, "acc": 0.5291429162025452, "length": 1.0684949159622192, "mode": "train", "epoch": 2}
{"loss": 0.7042913436889648, "acc": 0.50390625, "length": 1.0, "mode": "test", "epoch": 2}
{"loss": 0.7025064826011658, "acc": 0.5278061032295227, "length": 1.0327919721603394, "mode": "train", "epoch": 3}
{"loss": 0.6988705992698669, "acc": 0.5474609732627869, "length": 1.0, "mode": "test", "epoch": 3}
{"loss": 0.7005265355110168, "acc": 0.5186291933059692, "length": 1.021616816520691, "mode": "train", "epoch": 4}
{"loss": 0.702858030796051, "acc": 0.5396484732627869, "length": 1.0, "mode": "test", "epoch": 4}
{"loss": 0.7013999819755554, "acc": 0.5283039212226868, "length": 1.0158013105392456, "mode": "train", "epoch": 5}
{"loss": 0.7028007507324219, "acc": 0.5078125, "length": 1.0, "mode": "test", "epoch": 5}
{"loss": 0.7028539776802063, "acc": 0.520196795463562, "length": 1.0121361017227173, "mode": "train", "epoch": 6}
{"loss": 0.7007601857185364, "acc": 0.540820300579071, "length": 1.0, "mode": "test", "epoch": 6}
{"loss": 0.700376570224762, "acc": 0.5245373249053955, "length": 1.0092573165893555, "mode": "train", "epoch": 7}
{"loss": 0.7008578777313232, "acc": 0.536328136920929, "length": 1.0, "mode": "test", "epoch": 7}
{"loss": 0.7001811265945435, "acc": 0.5395717024803162, "length": 1.0071814060211182, "mode": "train", "epoch": 8}
{"loss": 0.7028557062149048, "acc": 0.526562511920929, "length": 1.0, "mode": "test", "epoch": 8}
{"loss": 0.700043797492981, "acc": 0.537344753742218, "length": 1.005646824836731, "mode": "train", "epoch": 9}
{"loss": 0.6987800598144531, "acc": 0.543164074420929, "length": 1.0, "mode": "test", "epoch": 9}
{"loss": 0.6992758512496948, "acc": 0.5235850214958191, "length": 1.0048655271530151, "mode": "train", "epoch": 10}
{"loss": 0.699699878692627, "acc": 0.5406250357627869, "length": 1.0, "mode": "test", "epoch": 10}
{"loss": 0.699788510799408, "acc": 0.519886314868927, "length": 1.0043994188308716, "mode": "train", "epoch": 11}
{"loss": 0.7005225419998169, "acc": 0.534960925579071, "length": 1.0, "mode": "test", "epoch": 11}
{"loss": 0.7002138495445251, "acc": 0.5303599238395691, "length": 1.0034716129302979, "mode": "train", "epoch": 12}
{"loss": 0.7016327381134033, "acc": 0.50390625, "length": 1.0, "mode": "test", "epoch": 12}
{"loss": 0.6988744139671326, "acc": 0.5331354141235352, "length": 1.0029879808425903, "mode": "train", "epoch": 13}
{"loss": 0.7003424167633057, "acc": 0.5287109017372131, "length": 1.0, "mode": "test", "epoch": 13}
{"loss": 0.6982111930847168, "acc": 0.5293683409690857, "length": 1.0025831460952759, "mode": "train", "epoch": 14}
{"loss": 0.6967006325721741, "acc": 0.5400390625, "length": 1.0, "mode": "test", "epoch": 14}
{"loss": 0.6988817453384399, "acc": 0.533963143825531, "length": 1.002383828163147, "mode": "train", "epoch": 15}
{"loss": 0.6984593272209167, "acc": 0.546679675579071, "length": 1.0, "mode": "test", "epoch": 15}
{"loss": 0.6980488896369934, "acc": 0.5290725827217102, "length": 1.0020079612731934, "mode": "train", "epoch": 16}
{"loss": 0.7003737688064575, "acc": 0.531054675579071, "length": 1.0, "mode": "test", "epoch": 16}
{"loss": 0.6996896862983704, "acc": 0.5380195379257202, "length": 1.0017410516738892, "mode": "train", "epoch": 17}
{"loss": 0.6995248198509216, "acc": 0.544921875, "length": 1.0, "mode": "test", "epoch": 17}
{"loss": 0.6967928409576416, "acc": 0.541060209274292, "length": 1.0013636350631714, "mode": "train", "epoch": 18}
{"loss": 0.6967105865478516, "acc": 0.5416015982627869, "length": 1.0, "mode": "test", "epoch": 18}
{"loss": 0.6965900659561157, "acc": 0.5387353301048279, "length": 1.0011684894561768, "mode": "train", "epoch": 19}
{"loss": 0.7002895474433899, "acc": 0.545117199420929, "length": 1.0, "mode": "test", "epoch": 19}
{"loss": 0.697405993938446, "acc": 0.5227710604667664, "length": 1.0010782480239868, "mode": "train", "epoch": 20}
{"loss": 0.6967766880989075, "acc": 0.5439453721046448, "length": 1.0, "mode": "test", "epoch": 20}
{"loss": 0.6963486671447754, "acc": 0.5303893685340881, "length": 1.0009527206420898, "mode": "train", "epoch": 21}
{"loss": 0.6996541619300842, "acc": 0.5250000357627869, "length": 1.0, "mode": "test", "epoch": 21}
{"loss": 0.6949707865715027, "acc": 0.5352209210395813, "length": 1.0008143186569214, "mode": "train", "epoch": 22}
{"loss": 0.6982399821281433, "acc": 0.5408203601837158, "length": 1.0, "mode": "test", "epoch": 22}
{"loss": 0.6958359479904175, "acc": 0.5341503620147705, "length": 1.000662088394165, "mode": "train", "epoch": 23}
{"loss": 0.6996331214904785, "acc": 0.5244140625, "length": 1.0, "mode": "test", "epoch": 23}
{"loss": 0.6945010423660278, "acc": 0.5333179831504822, "length": 1.0005927085876465, "mode": "train", "epoch": 24}
{"loss": 0.6969020962715149, "acc": 0.5267577767372131, "length": 1.0, "mode": "test", "epoch": 24}
{"loss": 0.695192813873291, "acc": 0.5376640558242798, "length": 1.0005261898040771, "mode": "train", "epoch": 25}
{"loss": 0.7011030912399292, "acc": 0.505664050579071, "length": 1.0, "mode": "test", "epoch": 25}
{"loss": 0.6919845342636108, "acc": 0.5603703856468201, "length": 1.0004554986953735, "mode": "train", "epoch": 26}
{"loss": 0.6984621286392212, "acc": 0.5275391936302185, "length": 1.0, "mode": "test", "epoch": 26}
{"loss": 0.6934118866920471, "acc": 0.5476123094558716, "length": 1.0004481077194214, "mode": "train", "epoch": 27}
{"loss": 0.6957857012748718, "acc": 0.5650390982627869, "length": 1.0, "mode": "test", "epoch": 27}
{"loss": 0.6918377876281738, "acc": 0.5501183271408081, "length": 1.0003383159637451, "mode": "train", "epoch": 28}
{"loss": 0.6948375701904297, "acc": 0.5697265267372131, "length": 1.0, "mode": "test", "epoch": 28}
{"loss": 0.6902458667755127, "acc": 0.5654948353767395, "length": 1.0003278255462646, "mode": "train", "epoch": 29}
{"loss": 0.6961097717285156, "acc": 0.554882824420929, "length": 1.0, "mode": "test", "epoch": 29}
{"loss": 0.692020058631897, "acc": 0.562811553478241, "length": 1.0002878904342651, "mode": "train", "epoch": 30}
{"loss": 0.6997449398040771, "acc": 0.5279297232627869, "length": 1.0, "mode": "test", "epoch": 30}
{"loss": 0.6918439269065857, "acc": 0.5634059309959412, "length": 1.0002449750900269, "mode": "train", "epoch": 31}
{"loss": 0.6943103671073914, "acc": 0.5658202767372131, "length": 1.0, "mode": "test", "epoch": 31}
{"loss": 0.6901296973228455, "acc": 0.5614995956420898, "length": 1.0002645254135132, "mode": "train", "epoch": 32}
{"loss": 0.7015309929847717, "acc": 0.535351574420929, "length": 1.0, "mode": "test", "epoch": 32}
{"loss": 0.6905352473258972, "acc": 0.5633479356765747, "length": 1.0001938343048096, "mode": "train", "epoch": 33}
{"loss": 0.6957597136497498, "acc": 0.5503906607627869, "length": 1.0, "mode": "test", "epoch": 33}
{"loss": 0.69102942943573, "acc": 0.5599514842033386, "length": 1.0001940727233887, "mode": "train", "epoch": 34}
{"loss": 0.6945481300354004, "acc": 0.5687499642372131, "length": 1.0, "mode": "test", "epoch": 34}
{"loss": 0.6881322264671326, "acc": 0.5811662673950195, "length": 1.0001634359359741, "mode": "train", "epoch": 35}
{"loss": 0.6991392374038696, "acc": 0.5240234732627869, "length": 1.0, "mode": "test", "epoch": 35}
{"loss": 0.6877402067184448, "acc": 0.5674020051956177, "length": 1.0001469850540161, "mode": "train", "epoch": 36}
{"loss": 0.6943817138671875, "acc": 0.5611328482627869, "length": 1.0, "mode": "test", "epoch": 36}
{"loss": 0.6898768544197083, "acc": 0.5717511177062988, "length": 1.0001397132873535, "mode": "train", "epoch": 37}
{"loss": 0.6942596435546875, "acc": 0.558789074420929, "length": 1.0, "mode": "test", "epoch": 37}
{"loss": 0.6898658871650696, "acc": 0.5608466863632202, "length": 1.000101089477539, "mode": "train", "epoch": 38}
{"loss": 0.6929240822792053, "acc": 0.5736327767372131, "length": 1.0, "mode": "test", "epoch": 38}
{"loss": 0.6890283823013306, "acc": 0.5691884756088257, "length": 1.0001012086868286, "mode": "train", "epoch": 39}
{"loss": 0.6975591778755188, "acc": 0.5517578125, "length": 1.0, "mode": "test", "epoch": 39}
{"loss": 0.6883445978164673, "acc": 0.5653152465820312, "length": 1.0000872611999512, "mode": "train", "epoch": 40}
{"loss": 0.6968280076980591, "acc": 0.5517578125, "length": 1.0, "mode": "test", "epoch": 40}
{"loss": 0.6890251636505127, "acc": 0.5688914656639099, "length": 1.0000782012939453, "mode": "train", "epoch": 41}
{"loss": 0.6958481073379517, "acc": 0.5658202767372131, "length": 1.0, "mode": "test", "epoch": 41}
{"loss": 0.6873454451560974, "acc": 0.5724666714668274, "length": 1.000073790550232, "mode": "train", "epoch": 42}
{"loss": 0.6940920948982239, "acc": 0.5689453482627869, "length": 1.0, "mode": "test", "epoch": 42}
{"loss": 0.6881278157234192, "acc": 0.5651364922523499, "length": 1.0002305507659912, "mode": "train", "epoch": 43}
{"loss": 0.6954766511917114, "acc": 0.5517578125, "length": 1.0, "mode": "test", "epoch": 43}
{"loss": 0.6881920695304871, "acc": 0.566984236240387, "length": 1.00005304813385, "mode": "train", "epoch": 44}
{"loss": 0.6986160278320312, "acc": 0.5230469107627869, "length": 1.0, "mode": "test", "epoch": 44}
{"loss": 0.6859080791473389, "acc": 0.5706195831298828, "length": 1.000048041343689, "mode": "train", "epoch": 45}
{"loss": 0.6996475458145142, "acc": 0.5255860686302185, "length": 1.0, "mode": "test", "epoch": 45}
{"loss": 0.6872740387916565, "acc": 0.5735398530960083, "length": 1.0000379085540771, "mode": "train", "epoch": 46}
{"loss": 0.6965698003768921, "acc": 0.5556640625, "length": 1.0, "mode": "test", "epoch": 46}
{"loss": 0.6860120892524719, "acc": 0.5719307065010071, "length": 1.0000790357589722, "mode": "train", "epoch": 47}
{"loss": 0.6954790949821472, "acc": 0.526171863079071, "length": 1.0, "mode": "test", "epoch": 47}
{"loss": 0.6860783696174622, "acc": 0.5659711360931396, "length": 1.0000468492507935, "mode": "train", "epoch": 48}
{"loss": 0.6974241733551025, "acc": 0.5658202767372131, "length": 1.0, "mode": "test", "epoch": 48}
{"loss": 0.6882548332214355, "acc": 0.5706787705421448, "length": 1.0000483989715576, "mode": "train", "epoch": 49}
{"loss": 0.6942595839500427, "acc": 0.5535156726837158, "length": 1.0, "mode": "test", "epoch": 49}
{"loss": 0.6879822611808777, "acc": 0.5751490592956543, "length": 1.0000289678573608, "mode": "train", "epoch": 50}
{"loss": 0.7018811702728271, "acc": 0.5269531607627869, "length": 1.0, "mode": "test", "epoch": 50}
{"loss": 0.6867031455039978, "acc": 0.5710964202880859, "length": 1.000024676322937, "mode": "train", "epoch": 51}
{"loss": 0.6933281421661377, "acc": 0.567578136920929, "length": 1.0, "mode": "test", "epoch": 51}
{"loss": 0.6885735392570496, "acc": 0.568295419216156, "length": 1.0000226497650146, "mode": "train", "epoch": 52}
{"loss": 0.698137640953064, "acc": 0.5222656726837158, "length": 1.0, "mode": "test", "epoch": 52}
{"loss": 0.6873880624771118, "acc": 0.56549471616745, "length": 1.00002121925354, "mode": "train", "epoch": 53}
{"loss": 0.6956256031990051, "acc": 0.558789074420929, "length": 1.0, "mode": "test", "epoch": 53}
{"loss": 0.6863362193107605, "acc": 0.5673421025276184, "length": 1.0000286102294922, "mode": "train", "epoch": 54}
{"loss": 0.6955991983413696, "acc": 0.5240234732627869, "length": 1.0, "mode": "test", "epoch": 54}
{"loss": 0.6866679191589355, "acc": 0.5685338973999023, "length": 1.0000193119049072, "mode": "train", "epoch": 55}
{"loss": 0.6970838308334351, "acc": 0.5525391101837158, "length": 1.0, "mode": "test", "epoch": 55}
{"loss": 0.6852375268936157, "acc": 0.5705004334449768, "length": 1.0000200271606445, "mode": "train", "epoch": 56}
{"loss": 0.6997147798538208, "acc": 0.5316405892372131, "length": 1.0, "mode": "test", "epoch": 56}
{"loss": 0.6853759288787842, "acc": 0.5685935020446777, "length": 1.000014066696167, "mode": "train", "epoch": 57}
{"loss": 0.6965762972831726, "acc": 0.567578136920929, "length": 1.0, "mode": "test", "epoch": 57}
{"loss": 0.6854652166366577, "acc": 0.5682955980300903, "length": 1.0000156164169312, "mode": "train", "epoch": 58}
{"loss": 0.69478839635849, "acc": 0.5525391101837158, "length": 1.0, "mode": "test", "epoch": 58}
{"loss": 0.6864315271377563, "acc": 0.5674015879631042, "length": 1.000012993812561, "mode": "train", "epoch": 59}
{"loss": 0.6961811184883118, "acc": 0.556445300579071, "length": 1.0, "mode": "test", "epoch": 59}
{"loss": 0.6856675148010254, "acc": 0.5614421367645264, "length": 1.0000137090682983, "mode": "train", "epoch": 60}
{"loss": 0.6987789273262024, "acc": 0.5208984017372131, "length": 1.0, "mode": "test", "epoch": 60}
test accuracy: 0.30031251907348633
