# ["--attributes=5", "--values=4", "--game_size=10", "--vocab_size_factor=3", "--n_epochs=60", "--batch_size=32", "--learning_rate=0.001", "--hidden_size=128", "--temp_update=0.99", "--temperature=2", "--length_cost=0.005", "--max_mess_len=5"]
Creating train_ds and val_ds...

Creating test_ds...
vocab size 13
message length 5
{"loss": 0.7113129496574402, "acc": 0.5207481384277344, "length": 2.785382032394409, "mode": "train", "epoch": 1}
{"loss": 0.6988639831542969, "acc": 0.52734375, "length": 1.0, "mode": "test", "epoch": 1}
{"loss": 0.695367693901062, "acc": 0.540656566619873, "length": 1.0427459478378296, "mode": "train", "epoch": 2}
{"loss": 0.6974904537200928, "acc": 0.5224609375, "length": 1.0, "mode": "test", "epoch": 2}
{"loss": 0.6952293515205383, "acc": 0.5391786098480225, "length": 1.0194075107574463, "mode": "train", "epoch": 3}
{"loss": 0.6975823044776917, "acc": 0.5316405892372131, "length": 1.0, "mode": "test", "epoch": 3}
{"loss": 0.6951197981834412, "acc": 0.5351956486701965, "length": 1.0122079849243164, "mode": "train", "epoch": 4}
{"loss": 0.6973713636398315, "acc": 0.529296875, "length": 1.0, "mode": "test", "epoch": 4}
{"loss": 0.6940458416938782, "acc": 0.5443955063819885, "length": 1.0085598230361938, "mode": "train", "epoch": 5}
{"loss": 0.6984201669692993, "acc": 0.523632824420929, "length": 1.0, "mode": "test", "epoch": 5}
{"loss": 0.6948909759521484, "acc": 0.5378215909004211, "length": 1.006852626800537, "mode": "train", "epoch": 6}
{"loss": 0.696503221988678, "acc": 0.5142578482627869, "length": 1.0, "mode": "test", "epoch": 6}
{"loss": 0.6946834921836853, "acc": 0.5343215465545654, "length": 1.0054285526275635, "mode": "train", "epoch": 7}
{"loss": 0.6968645453453064, "acc": 0.529296875, "length": 1.0, "mode": "test", "epoch": 7}
{"loss": 0.6939764618873596, "acc": 0.5393429398536682, "length": 1.0041635036468506, "mode": "train", "epoch": 8}
{"loss": 0.6984357833862305, "acc": 0.5210937857627869, "length": 1.0, "mode": "test", "epoch": 8}
{"loss": 0.6955262422561646, "acc": 0.5351161360740662, "length": 1.003621220588684, "mode": "train", "epoch": 9}
{"loss": 0.6981127262115479, "acc": 0.531445324420929, "length": 1.0, "mode": "test", "epoch": 9}
{"loss": 0.6938077211380005, "acc": 0.5399268865585327, "length": 1.002767562866211, "mode": "train", "epoch": 10}
{"loss": 0.6975783705711365, "acc": 0.523632824420929, "length": 1.0, "mode": "test", "epoch": 10}
{"loss": 0.6943253874778748, "acc": 0.5465355515480042, "length": 1.0023021697998047, "mode": "train", "epoch": 11}
{"loss": 0.6991883516311646, "acc": 0.5302734971046448, "length": 1.0, "mode": "test", "epoch": 11}
{"loss": 0.6933373808860779, "acc": 0.5436174273490906, "length": 1.0020703077316284, "mode": "train", "epoch": 12}
{"loss": 0.696484386920929, "acc": 0.522265613079071, "length": 1.0, "mode": "test", "epoch": 12}
{"loss": 0.6934619545936584, "acc": 0.5391101241111755, "length": 1.001646637916565, "mode": "train", "epoch": 13}
{"loss": 0.6966602802276611, "acc": 0.5289062857627869, "length": 1.0, "mode": "test", "epoch": 13}
{"loss": 0.6931125521659851, "acc": 0.5470706820487976, "length": 1.001384973526001, "mode": "train", "epoch": 14}
{"loss": 0.69786137342453, "acc": 0.522265613079071, "length": 1.0, "mode": "test", "epoch": 14}
{"loss": 0.6938403248786926, "acc": 0.5440820455551147, "length": 1.0012301206588745, "mode": "train", "epoch": 15}
{"loss": 0.6975834369659424, "acc": 0.514453113079071, "length": 1.0, "mode": "test", "epoch": 15}
{"loss": 0.6932564973831177, "acc": 0.5438488125801086, "length": 1.0010380744934082, "mode": "train", "epoch": 16}
{"loss": 0.6969262361526489, "acc": 0.5361328125, "length": 1.0, "mode": "test", "epoch": 16}
{"loss": 0.6938144564628601, "acc": 0.5446144342422485, "length": 1.0009429454803467, "mode": "train", "epoch": 17}
{"loss": 0.696721613407135, "acc": 0.531445324420929, "length": 1.0, "mode": "test", "epoch": 17}
{"loss": 0.6928081512451172, "acc": 0.539988100528717, "length": 1.0007487535476685, "mode": "train", "epoch": 18}
{"loss": 0.6956280469894409, "acc": 0.522265613079071, "length": 1.0, "mode": "test", "epoch": 18}
{"loss": 0.6933411955833435, "acc": 0.5410405397415161, "length": 1.000667691230774, "mode": "train", "epoch": 19}
{"loss": 0.6970506310462952, "acc": 0.514453113079071, "length": 1.0, "mode": "test", "epoch": 19}
{"loss": 0.6924323439598083, "acc": 0.5432655215263367, "length": 1.000582218170166, "mode": "train", "epoch": 20}
{"loss": 0.6966492533683777, "acc": 0.522265613079071, "length": 1.0, "mode": "test", "epoch": 20}
{"loss": 0.6919249892234802, "acc": 0.5491788387298584, "length": 1.0004881620407104, "mode": "train", "epoch": 21}
{"loss": 0.6972261667251587, "acc": 0.5291016101837158, "length": 1.0, "mode": "test", "epoch": 21}
{"loss": 0.6918853521347046, "acc": 0.5415089726448059, "length": 1.0004314184188843, "mode": "train", "epoch": 22}
{"loss": 0.6952993869781494, "acc": 0.5201172232627869, "length": 1.0, "mode": "test", "epoch": 22}
{"loss": 0.6919652223587036, "acc": 0.5491793751716614, "length": 1.000406265258789, "mode": "train", "epoch": 23}
{"loss": 0.6987363696098328, "acc": 0.538281261920929, "length": 1.0, "mode": "test", "epoch": 23}
{"loss": 0.6913222670555115, "acc": 0.5536873936653137, "length": 1.000319004058838, "mode": "train", "epoch": 24}
{"loss": 0.6964974999427795, "acc": 0.53125, "length": 1.0, "mode": "test", "epoch": 24}
{"loss": 0.6915884613990784, "acc": 0.5483603477478027, "length": 1.0003010034561157, "mode": "train", "epoch": 25}
{"loss": 0.696877121925354, "acc": 0.516796886920929, "length": 1.0, "mode": "test", "epoch": 25}
{"loss": 0.6913699507713318, "acc": 0.5512279272079468, "length": 1.0002790689468384, "mode": "train", "epoch": 26}
{"loss": 0.697278618812561, "acc": 0.5316405892372131, "length": 1.0, "mode": "test", "epoch": 26}
{"loss": 0.691005289554596, "acc": 0.5667425394058228, "length": 1.0002245903015137, "mode": "train", "epoch": 27}
{"loss": 0.6960468888282776, "acc": 0.531445324420929, "length": 1.0, "mode": "test", "epoch": 27}
{"loss": 0.6908171772956848, "acc": 0.5426818132400513, "length": 1.0002593994140625, "mode": "train", "epoch": 28}
{"loss": 0.697817862033844, "acc": 0.5291016101837158, "length": 1.0, "mode": "test", "epoch": 28}
{"loss": 0.6901900768280029, "acc": 0.5556207299232483, "length": 1.0001963376998901, "mode": "train", "epoch": 29}
{"loss": 0.695972740650177, "acc": 0.5291016101837158, "length": 1.0, "mode": "test", "epoch": 29}
{"loss": 0.69087815284729, "acc": 0.5584302544593811, "length": 1.0001786947250366, "mode": "train", "epoch": 30}
{"loss": 0.6960999369621277, "acc": 0.5291016101837158, "length": 1.0, "mode": "test", "epoch": 30}
{"loss": 0.6905769109725952, "acc": 0.5556190609931946, "length": 1.0001782178878784, "mode": "train", "epoch": 31}
{"loss": 0.6962372064590454, "acc": 0.53125, "length": 1.0, "mode": "test", "epoch": 31}
{"loss": 0.6893600225448608, "acc": 0.5594843029975891, "length": 1.0001393556594849, "mode": "train", "epoch": 32}
{"loss": 0.6965649127960205, "acc": 0.5291016101837158, "length": 1.0, "mode": "test", "epoch": 32}
{"loss": 0.6900855302810669, "acc": 0.5579037666320801, "length": 1.0001225471496582, "mode": "train", "epoch": 33}
{"loss": 0.6946842074394226, "acc": 0.5291016101837158, "length": 1.0, "mode": "test", "epoch": 33}
{"loss": 0.6901320815086365, "acc": 0.5649293065071106, "length": 1.0001003742218018, "mode": "train", "epoch": 34}
{"loss": 0.6991225481033325, "acc": 0.5271484851837158, "length": 1.0, "mode": "test", "epoch": 34}
{"loss": 0.6886957287788391, "acc": 0.5647537112236023, "length": 1.0000920295715332, "mode": "train", "epoch": 35}
{"loss": 0.6965075135231018, "acc": 0.5224609375, "length": 1.0, "mode": "test", "epoch": 35}
{"loss": 0.6891465187072754, "acc": 0.5559715628623962, "length": 1.0000815391540527, "mode": "train", "epoch": 36}
{"loss": 0.6971705555915833, "acc": 0.5248046517372131, "length": 1.0, "mode": "test", "epoch": 36}
{"loss": 0.6898337602615356, "acc": 0.5574358105659485, "length": 1.0000723600387573, "mode": "train", "epoch": 37}
{"loss": 0.6986426115036011, "acc": 0.531445324420929, "length": 1.0, "mode": "test", "epoch": 37}
{"loss": 0.6910523772239685, "acc": 0.548535943031311, "length": 1.0000598430633545, "mode": "train", "epoch": 38}
{"loss": 0.6978288292884827, "acc": 0.5248046517372131, "length": 1.0, "mode": "test", "epoch": 38}
{"loss": 0.6893646121025085, "acc": 0.5561477541923523, "length": 1.000052571296692, "mode": "train", "epoch": 39}
{"loss": 0.6962809562683105, "acc": 0.5150390267372131, "length": 1.0, "mode": "test", "epoch": 39}
{"loss": 0.6880510449409485, "acc": 0.5598358511924744, "length": 1.0000438690185547, "mode": "train", "epoch": 40}
{"loss": 0.6965582370758057, "acc": 0.5248046517372131, "length": 1.0, "mode": "test", "epoch": 40}
{"loss": 0.6883326172828674, "acc": 0.561416745185852, "length": 1.0000429153442383, "mode": "train", "epoch": 41}
{"loss": 0.6959763169288635, "acc": 0.5160155892372131, "length": 1.0, "mode": "test", "epoch": 41}
{"loss": 0.6891564726829529, "acc": 0.5568501949310303, "length": 1.0000417232513428, "mode": "train", "epoch": 42}
{"loss": 0.6970158815383911, "acc": 0.5248046517372131, "length": 1.0, "mode": "test", "epoch": 42}
{"loss": 0.6885033845901489, "acc": 0.5583138465881348, "length": 1.0000349283218384, "mode": "train", "epoch": 43}
{"loss": 0.6967288851737976, "acc": 0.5380859971046448, "length": 1.0, "mode": "test", "epoch": 43}
{"loss": 0.6884812116622925, "acc": 0.5626462697982788, "length": 1.000030755996704, "mode": "train", "epoch": 44}
{"loss": 0.6976425051689148, "acc": 0.5269531607627869, "length": 1.0, "mode": "test", "epoch": 44}
{"loss": 0.6881697177886963, "acc": 0.5593089461326599, "length": 1.0000249147415161, "mode": "train", "epoch": 45}
{"loss": 0.6964836120605469, "acc": 0.5248046517372131, "length": 1.0, "mode": "test", "epoch": 45}
{"loss": 0.6890173554420471, "acc": 0.553922712802887, "length": 1.0000249147415161, "mode": "train", "epoch": 46}
{"loss": 0.695658802986145, "acc": 0.520312488079071, "length": 1.0, "mode": "test", "epoch": 46}
{"loss": 0.6886292695999146, "acc": 0.5614169239997864, "length": 1.000020980834961, "mode": "train", "epoch": 47}
{"loss": 0.6960229277610779, "acc": 0.5228515267372131, "length": 1.0, "mode": "test", "epoch": 47}
{"loss": 0.6890180706977844, "acc": 0.5539225935935974, "length": 1.000016689300537, "mode": "train", "epoch": 48}
{"loss": 0.6964849829673767, "acc": 0.5337890982627869, "length": 1.0, "mode": "test", "epoch": 48}
{"loss": 0.688295841217041, "acc": 0.5661590099334717, "length": 1.000015139579773, "mode": "train", "epoch": 49}
{"loss": 0.6959021687507629, "acc": 0.520312488079071, "length": 1.0, "mode": "test", "epoch": 49}
{"loss": 0.6881863474845886, "acc": 0.5547423958778381, "length": 1.0000149011611938, "mode": "train", "epoch": 50}
{"loss": 0.6960885524749756, "acc": 0.520312488079071, "length": 1.0, "mode": "test", "epoch": 50}
{"loss": 0.6876632571220398, "acc": 0.5590749382972717, "length": 1.0000135898590088, "mode": "train", "epoch": 51}
{"loss": 0.6960507035255432, "acc": 0.5228515267372131, "length": 1.0, "mode": "test", "epoch": 51}
{"loss": 0.6883925795555115, "acc": 0.5575526356697083, "length": 1.0000108480453491, "mode": "train", "epoch": 52}
{"loss": 0.6971630454063416, "acc": 0.5380859971046448, "length": 1.0, "mode": "test", "epoch": 52}
{"loss": 0.6882464289665222, "acc": 0.5638757944107056, "length": 1.0000090599060059, "mode": "train", "epoch": 53}
{"loss": 0.6963127851486206, "acc": 0.5228515267372131, "length": 1.0, "mode": "test", "epoch": 53}
{"loss": 0.6880267858505249, "acc": 0.5616509318351746, "length": 1.0000098943710327, "mode": "train", "epoch": 54}
{"loss": 0.6963084936141968, "acc": 0.520312488079071, "length": 1.0, "mode": "test", "epoch": 54}
{"loss": 0.6882262229919434, "acc": 0.5599530935287476, "length": 1.0000076293945312, "mode": "train", "epoch": 55}
{"loss": 0.6971648335456848, "acc": 0.5316405892372131, "length": 1.0, "mode": "test", "epoch": 55}
{"loss": 0.6867891550064087, "acc": 0.5610655546188354, "length": 1.0000064373016357, "mode": "train", "epoch": 56}
{"loss": 0.6964877247810364, "acc": 0.5160155892372131, "length": 1.0, "mode": "test", "epoch": 56}
{"loss": 0.6876250505447388, "acc": 0.5621193647384644, "length": 1.0000077486038208, "mode": "train", "epoch": 57}
{"loss": 0.6974592804908752, "acc": 0.5248046517372131, "length": 1.0, "mode": "test", "epoch": 57}
{"loss": 0.6872127056121826, "acc": 0.5600116848945618, "length": 1.0000053644180298, "mode": "train", "epoch": 58}
{"loss": 0.6971302628517151, "acc": 0.5130859017372131, "length": 1.0, "mode": "test", "epoch": 58}
{"loss": 0.6879211068153381, "acc": 0.5607143044471741, "length": 1.0000044107437134, "mode": "train", "epoch": 59}
{"loss": 0.6965850591659546, "acc": 0.5316405892372131, "length": 1.0, "mode": "test", "epoch": 59}
{"loss": 0.6869106292724609, "acc": 0.5664519667625427, "length": 1.000004768371582, "mode": "train", "epoch": 60}
{"loss": 0.6960973143577576, "acc": 0.520312488079071, "length": 1.0, "mode": "test", "epoch": 60}
test accuracy: 0.32500001788139343
