# ["--attributes=5", "--values=16", "--game_size=10", "--vocab_size_factor=3", "--n_epochs=60", "--batch_size=32", "--learning_rate=0.001", "--hidden_size=128", "--temp_update=0.99", "--temperature=2", "--length_cost=0.005", "--max_mess_len=10"]
Creating train_ds and val_ds...

Creating test_ds...
vocab size 13
message length 10
{"loss": 0.710639238357544, "acc": 0.5351817607879639, "length": 3.581177234649658, "mode": "train", "epoch": 1}
{"loss": 0.6942654848098755, "acc": 0.526171863079071, "length": 1.0, "mode": "test", "epoch": 1}
{"loss": 0.693811297416687, "acc": 0.5435329675674438, "length": 1.0484261512756348, "mode": "train", "epoch": 2}
{"loss": 0.6948895454406738, "acc": 0.5394530892372131, "length": 1.0, "mode": "test", "epoch": 2}
{"loss": 0.6937774419784546, "acc": 0.547025740146637, "length": 1.0217680931091309, "mode": "train", "epoch": 3}
{"loss": 0.6941035389900208, "acc": 0.5378906726837158, "length": 1.0, "mode": "test", "epoch": 3}
{"loss": 0.6930864453315735, "acc": 0.546058177947998, "length": 1.014387607574463, "mode": "train", "epoch": 4}
{"loss": 0.6950538158416748, "acc": 0.533203125, "length": 1.0, "mode": "test", "epoch": 4}
{"loss": 0.6938623785972595, "acc": 0.5462178587913513, "length": 1.0121352672576904, "mode": "train", "epoch": 5}
{"loss": 0.6930105686187744, "acc": 0.5373046398162842, "length": 1.0, "mode": "test", "epoch": 5}
{"loss": 0.6927250623703003, "acc": 0.5553898811340332, "length": 1.0079797506332397, "mode": "train", "epoch": 6}
{"loss": 0.6941084265708923, "acc": 0.5394530892372131, "length": 1.0, "mode": "test", "epoch": 6}
{"loss": 0.6931567192077637, "acc": 0.5500547289848328, "length": 1.0065780878067017, "mode": "train", "epoch": 7}
{"loss": 0.6956163644790649, "acc": 0.5423827767372131, "length": 1.0, "mode": "test", "epoch": 7}
{"loss": 0.6922805905342102, "acc": 0.5489505529403687, "length": 1.0050370693206787, "mode": "train", "epoch": 8}
{"loss": 0.6937399506568909, "acc": 0.5384765267372131, "length": 1.0, "mode": "test", "epoch": 8}
{"loss": 0.6928103566169739, "acc": 0.53807133436203, "length": 1.0044341087341309, "mode": "train", "epoch": 9}
{"loss": 0.6932291388511658, "acc": 0.5341796875, "length": 1.0, "mode": "test", "epoch": 9}
{"loss": 0.6924408078193665, "acc": 0.550422191619873, "length": 1.0037258863449097, "mode": "train", "epoch": 10}
{"loss": 0.6935153603553772, "acc": 0.5384765267372131, "length": 1.0, "mode": "test", "epoch": 10}
{"loss": 0.6920589208602905, "acc": 0.549239456653595, "length": 1.003093957901001, "mode": "train", "epoch": 11}
{"loss": 0.6939106583595276, "acc": 0.5394530892372131, "length": 1.0, "mode": "test", "epoch": 11}
{"loss": 0.6910498142242432, "acc": 0.5570342540740967, "length": 1.0027518272399902, "mode": "train", "epoch": 12}
{"loss": 0.6928234100341797, "acc": 0.5384765267372131, "length": 1.0, "mode": "test", "epoch": 12}
{"loss": 0.6913296580314636, "acc": 0.5509967803955078, "length": 1.0022917985916138, "mode": "train", "epoch": 13}
{"loss": 0.6918876767158508, "acc": 0.5394530892372131, "length": 1.0, "mode": "test", "epoch": 13}
{"loss": 0.6922706961631775, "acc": 0.5502966046333313, "length": 1.0021452903747559, "mode": "train", "epoch": 14}
{"loss": 0.6925495862960815, "acc": 0.5384765267372131, "length": 1.0, "mode": "test", "epoch": 14}
{"loss": 0.6916291117668152, "acc": 0.5513424873352051, "length": 1.0017672777175903, "mode": "train", "epoch": 15}
{"loss": 0.6932975053787231, "acc": 0.5394530892372131, "length": 1.0, "mode": "test", "epoch": 15}
{"loss": 0.6906014084815979, "acc": 0.5525174140930176, "length": 1.0015757083892822, "mode": "train", "epoch": 16}
{"loss": 0.6917848587036133, "acc": 0.5394530892372131, "length": 1.0, "mode": "test", "epoch": 16}
{"loss": 0.6905985474586487, "acc": 0.5486558675765991, "length": 1.001381278038025, "mode": "train", "epoch": 17}
{"loss": 0.6949264407157898, "acc": 0.524218738079071, "length": 1.0, "mode": "test", "epoch": 17}
{"loss": 0.6905712485313416, "acc": 0.5535716414451599, "length": 1.001092791557312, "mode": "train", "epoch": 18}
{"loss": 0.6915816068649292, "acc": 0.5394530892372131, "length": 1.0, "mode": "test", "epoch": 18}
{"loss": 0.6894004940986633, "acc": 0.5512893795967102, "length": 1.0010305643081665, "mode": "train", "epoch": 19}
{"loss": 0.6929759383201599, "acc": 0.533203125, "length": 1.0, "mode": "test", "epoch": 19}
{"loss": 0.6900538206100464, "acc": 0.5505867004394531, "length": 1.0008766651153564, "mode": "train", "epoch": 20}
{"loss": 0.6915600299835205, "acc": 0.5394530892372131, "length": 1.0, "mode": "test", "epoch": 20}
{"loss": 0.6901642680168152, "acc": 0.5550354719161987, "length": 1.0007578134536743, "mode": "train", "epoch": 21}
{"loss": 0.693814218044281, "acc": 0.5369141101837158, "length": 1.0, "mode": "test", "epoch": 21}
{"loss": 0.6908591985702515, "acc": 0.5501217246055603, "length": 1.0006808042526245, "mode": "train", "epoch": 22}
{"loss": 0.6922427415847778, "acc": 0.5394530892372131, "length": 1.0, "mode": "test", "epoch": 22}
{"loss": 0.6894756555557251, "acc": 0.5534552931785583, "length": 1.0005555152893066, "mode": "train", "epoch": 23}
{"loss": 0.6944767832756042, "acc": 0.5384765267372131, "length": 1.0, "mode": "test", "epoch": 23}
{"loss": 0.6906474232673645, "acc": 0.5549790263175964, "length": 1.0005160570144653, "mode": "train", "epoch": 24}
{"loss": 0.6927460432052612, "acc": 0.525195300579071, "length": 1.0, "mode": "test", "epoch": 24}
{"loss": 0.6895290017127991, "acc": 0.5491247177124023, "length": 1.000444769859314, "mode": "train", "epoch": 25}
{"loss": 0.6933977007865906, "acc": 0.5369141101837158, "length": 1.0, "mode": "test", "epoch": 25}
{"loss": 0.689316987991333, "acc": 0.5507007837295532, "length": 1.000410795211792, "mode": "train", "epoch": 26}
{"loss": 0.6920220851898193, "acc": 0.5394530892372131, "length": 1.0, "mode": "test", "epoch": 26}
{"loss": 0.6890788078308105, "acc": 0.5471910238265991, "length": 1.0004026889801025, "mode": "train", "epoch": 27}
{"loss": 0.6910123825073242, "acc": 0.5394530892372131, "length": 1.0, "mode": "test", "epoch": 27}
{"loss": 0.6883324384689331, "acc": 0.558021605014801, "length": 1.0003225803375244, "mode": "train", "epoch": 28}
{"loss": 0.6934444308280945, "acc": 0.523632824420929, "length": 1.0, "mode": "test", "epoch": 28}
{"loss": 0.688152551651001, "acc": 0.5518748164176941, "length": 1.0002977848052979, "mode": "train", "epoch": 29}
{"loss": 0.6914963722229004, "acc": 0.5384765267372131, "length": 1.0, "mode": "test", "epoch": 29}
{"loss": 0.6890096068382263, "acc": 0.5458455085754395, "length": 1.0002728700637817, "mode": "train", "epoch": 30}
{"loss": 0.690896213054657, "acc": 0.529296875, "length": 1.0, "mode": "test", "epoch": 30}
{"loss": 0.6880274415016174, "acc": 0.5516396164894104, "length": 1.0002174377441406, "mode": "train", "epoch": 31}
{"loss": 0.6929118037223816, "acc": 0.524218738079071, "length": 1.0, "mode": "test", "epoch": 31}
{"loss": 0.6879149079322815, "acc": 0.5555622577667236, "length": 1.000218152999878, "mode": "train", "epoch": 32}
{"loss": 0.6908774375915527, "acc": 0.5378906726837158, "length": 1.0, "mode": "test", "epoch": 32}
{"loss": 0.6889548897743225, "acc": 0.5459597110748291, "length": 1.0002042055130005, "mode": "train", "epoch": 33}
{"loss": 0.691608726978302, "acc": 0.525195300579071, "length": 1.0, "mode": "test", "epoch": 33}
{"loss": 0.6877399682998657, "acc": 0.5526935458183289, "length": 1.000169038772583, "mode": "train", "epoch": 34}
{"loss": 0.6915268301963806, "acc": 0.533203125, "length": 1.0, "mode": "test", "epoch": 34}
{"loss": 0.6873425841331482, "acc": 0.555796205997467, "length": 1.0001412630081177, "mode": "train", "epoch": 35}
{"loss": 0.6906150579452515, "acc": 0.523632824420929, "length": 1.0, "mode": "test", "epoch": 35}
{"loss": 0.6870673298835754, "acc": 0.5534545183181763, "length": 1.0001496076583862, "mode": "train", "epoch": 36}
{"loss": 0.6925024390220642, "acc": 0.522656261920929, "length": 1.0, "mode": "test", "epoch": 36}
{"loss": 0.688058078289032, "acc": 0.550820529460907, "length": 1.0001343488693237, "mode": "train", "epoch": 37}
{"loss": 0.690193772315979, "acc": 0.5394530892372131, "length": 1.0, "mode": "test", "epoch": 37}
{"loss": 0.6890645027160645, "acc": 0.5502345561981201, "length": 1.0001306533813477, "mode": "train", "epoch": 38}
{"loss": 0.6913706064224243, "acc": 0.525195300579071, "length": 1.0, "mode": "test", "epoch": 38}
{"loss": 0.6885926127433777, "acc": 0.549824595451355, "length": 1.000093936920166, "mode": "train", "epoch": 39}
{"loss": 0.6935344934463501, "acc": 0.529296875, "length": 1.0, "mode": "test", "epoch": 39}
{"loss": 0.6880159974098206, "acc": 0.5583136677742004, "length": 1.0000873804092407, "mode": "train", "epoch": 40}
{"loss": 0.6898610591888428, "acc": 0.5296874642372131, "length": 1.0, "mode": "test", "epoch": 40}
{"loss": 0.6875181794166565, "acc": 0.5536300539970398, "length": 1.0000768899917603, "mode": "train", "epoch": 41}
{"loss": 0.6905077695846558, "acc": 0.525585949420929, "length": 1.0, "mode": "test", "epoch": 41}
{"loss": 0.6872175931930542, "acc": 0.547600269317627, "length": 1.000076413154602, "mode": "train", "epoch": 42}
{"loss": 0.6906757354736328, "acc": 0.5240234732627869, "length": 1.0, "mode": "test", "epoch": 42}
{"loss": 0.6868221163749695, "acc": 0.550878643989563, "length": 1.0000643730163574, "mode": "train", "epoch": 43}
{"loss": 0.6923831105232239, "acc": 0.525195300579071, "length": 1.0, "mode": "test", "epoch": 43}
{"loss": 0.686623215675354, "acc": 0.5526349544525146, "length": 1.0000479221343994, "mode": "train", "epoch": 44}
{"loss": 0.6916371583938599, "acc": 0.5283203125, "length": 1.0, "mode": "test", "epoch": 44}
{"loss": 0.6870410442352295, "acc": 0.5543913841247559, "length": 1.000051736831665, "mode": "train", "epoch": 45}
{"loss": 0.6904217600822449, "acc": 0.5277343392372131, "length": 1.0, "mode": "test", "epoch": 45}
{"loss": 0.6872261762619019, "acc": 0.5524590611457825, "length": 1.0000576972961426, "mode": "train", "epoch": 46}
{"loss": 0.690981388092041, "acc": 0.528124988079071, "length": 1.0, "mode": "test", "epoch": 46}
{"loss": 0.6867198944091797, "acc": 0.5540400743484497, "length": 1.000036358833313, "mode": "train", "epoch": 47}
{"loss": 0.6923579573631287, "acc": 0.525195300579071, "length": 1.0, "mode": "test", "epoch": 47}
{"loss": 0.6872547268867493, "acc": 0.5542154908180237, "length": 1.0000320672988892, "mode": "train", "epoch": 48}
{"loss": 0.6911781430244446, "acc": 0.5277343392372131, "length": 1.0, "mode": "test", "epoch": 48}
{"loss": 0.6863758563995361, "acc": 0.5599530935287476, "length": 1.0000303983688354, "mode": "train", "epoch": 49}
{"loss": 0.6896170973777771, "acc": 0.529296875, "length": 1.0, "mode": "test", "epoch": 49}
{"loss": 0.6862137317657471, "acc": 0.5474238991737366, "length": 1.0000278949737549, "mode": "train", "epoch": 50}
{"loss": 0.6925390362739563, "acc": 0.522656261920929, "length": 1.0, "mode": "test", "epoch": 50}
{"loss": 0.6881676316261292, "acc": 0.5583721399307251, "length": 1.0000264644622803, "mode": "train", "epoch": 51}
{"loss": 0.6917669773101807, "acc": 0.5277343392372131, "length": 1.0, "mode": "test", "epoch": 51}
{"loss": 0.6864123344421387, "acc": 0.5552693009376526, "length": 1.0000226497650146, "mode": "train", "epoch": 52}
{"loss": 0.6918636560440063, "acc": 0.529296875, "length": 1.0, "mode": "test", "epoch": 52}
{"loss": 0.6864001750946045, "acc": 0.5596018433570862, "length": 1.0000193119049072, "mode": "train", "epoch": 53}
{"loss": 0.689968466758728, "acc": 0.528124988079071, "length": 1.0, "mode": "test", "epoch": 53}
{"loss": 0.6861468553543091, "acc": 0.5570257902145386, "length": 1.000027060508728, "mode": "train", "epoch": 54}
{"loss": 0.6912075281143188, "acc": 0.5277343392372131, "length": 1.0, "mode": "test", "epoch": 54}
{"loss": 0.6867750883102417, "acc": 0.544379472732544, "length": 1.000023603439331, "mode": "train", "epoch": 55}
{"loss": 0.6909075379371643, "acc": 0.5277343392372131, "length": 1.0, "mode": "test", "epoch": 55}
{"loss": 0.6864867806434631, "acc": 0.5604215264320374, "length": 1.000016212463379, "mode": "train", "epoch": 56}
{"loss": 0.6905230283737183, "acc": 0.529296875, "length": 1.0, "mode": "test", "epoch": 56}
{"loss": 0.6867678165435791, "acc": 0.5509368777275085, "length": 1.0000101327896118, "mode": "train", "epoch": 57}
{"loss": 0.691373884677887, "acc": 0.5277343392372131, "length": 1.0, "mode": "test", "epoch": 57}
{"loss": 0.6876547932624817, "acc": 0.553571343421936, "length": 1.0000109672546387, "mode": "train", "epoch": 58}
{"loss": 0.6910473704338074, "acc": 0.529296875, "length": 1.0, "mode": "test", "epoch": 58}
{"loss": 0.686383068561554, "acc": 0.5613583326339722, "length": 1.0000133514404297, "mode": "train", "epoch": 59}
{"loss": 0.6905750036239624, "acc": 0.5296874642372131, "length": 1.0, "mode": "test", "epoch": 59}
{"loss": 0.6863159537315369, "acc": 0.5490633249282837, "length": 1.0000088214874268, "mode": "train", "epoch": 60}
{"loss": 0.6900832056999207, "acc": 0.528124988079071, "length": 1.0, "mode": "test", "epoch": 60}
test accuracy: 0.3191666901111603
