ndevices 0
# ["--attributes=3", "--values=16", "--context_unaware=False", "--game_size=10", "--vocab_size_factor=3", "--n_epochs=60", "--batch_size=32", "--learning_rate=0.001", "--hidden_size=128", "--temp_update=0.99", "--temperature=2", "--length_cost=0.005", "--max_mess_len=3"]
Creating train_ds and val_ds...

Creating test_ds...
vocab size 52
message length 3
{"loss": 0.6984659433364868, "acc": 0.5027167201042175, "length": 1.0308295488357544, "mode": "train", "epoch": 1}
{"loss": 0.6982260942459106, "acc": 0.5016923546791077, "length": 1.0, "mode": "test", "epoch": 1}
{"loss": 0.6981784105300903, "acc": 0.5036739110946655, "length": 1.0000094175338745, "mode": "train", "epoch": 2}
{"loss": 0.698158860206604, "acc": 0.5028403401374817, "length": 1.0, "mode": "test", "epoch": 2}
{"loss": 0.6981292963027954, "acc": 0.505047619342804, "length": 1.0000016689300537, "mode": "train", "epoch": 3}
{"loss": 0.698063313961029, "acc": 0.5046856999397278, "length": 1.0, "mode": "test", "epoch": 3}
{"loss": 0.6981180310249329, "acc": 0.5038659572601318, "length": 1.000000238418579, "mode": "train", "epoch": 4}
{"loss": 0.6980519890785217, "acc": 0.5051921010017395, "length": 1.0, "mode": "test", "epoch": 4}
{"loss": 0.6980736255645752, "acc": 0.5055685043334961, "length": 1.0, "mode": "train", "epoch": 5}
{"loss": 0.6980763077735901, "acc": 0.5048154592514038, "length": 1.0, "mode": "test", "epoch": 5}
{"loss": 0.6980245113372803, "acc": 0.506521463394165, "length": 1.0, "mode": "train", "epoch": 6}
{"loss": 0.6980094313621521, "acc": 0.5054336190223694, "length": 1.0, "mode": "test", "epoch": 6}
{"loss": 0.6979696154594421, "acc": 0.5067387223243713, "length": 1.0, "mode": "train", "epoch": 7}
{"loss": 0.6979456543922424, "acc": 0.5057039260864258, "length": 1.0, "mode": "test", "epoch": 7}
{"loss": 0.6978916525840759, "acc": 0.5079311728477478, "length": 1.0, "mode": "train", "epoch": 8}
{"loss": 0.6979213356971741, "acc": 0.5071853399276733, "length": 1.0, "mode": "test", "epoch": 8}
{"loss": 0.6977493166923523, "acc": 0.5094254612922668, "length": 1.0, "mode": "train", "epoch": 9}
{"loss": 0.6977746486663818, "acc": 0.508097231388092, "length": 1.0, "mode": "test", "epoch": 9}
{"loss": 0.6975311636924744, "acc": 0.5118216872215271, "length": 1.0, "mode": "train", "epoch": 10}
{"loss": 0.6977047920227051, "acc": 0.5088091492652893, "length": 1.0, "mode": "test", "epoch": 10}
{"loss": 0.697276771068573, "acc": 0.5154308676719666, "length": 1.0, "mode": "train", "epoch": 11}
{"loss": 0.6974111795425415, "acc": 0.5122458338737488, "length": 1.0, "mode": "test", "epoch": 11}
{"loss": 0.6969908475875854, "acc": 0.5191864371299744, "length": 1.0, "mode": "train", "epoch": 12}
{"loss": 0.6972155570983887, "acc": 0.5149077773094177, "length": 1.0, "mode": "test", "epoch": 12}
{"loss": 0.6967303156852722, "acc": 0.5206224322319031, "length": 1.0, "mode": "train", "epoch": 13}
{"loss": 0.6970789432525635, "acc": 0.5173929333686829, "length": 1.0, "mode": "test", "epoch": 13}
{"loss": 0.6964380741119385, "acc": 0.5219528675079346, "length": 1.0, "mode": "train", "epoch": 14}
{"loss": 0.697010338306427, "acc": 0.5181607007980347, "length": 1.0, "mode": "test", "epoch": 14}
{"loss": 0.6960911154747009, "acc": 0.525112509727478, "length": 1.0, "mode": "train", "epoch": 15}
{"loss": 0.6966112852096558, "acc": 0.5190888047218323, "length": 1.0, "mode": "test", "epoch": 15}
{"loss": 0.6958375573158264, "acc": 0.525477409362793, "length": 1.0, "mode": "train", "epoch": 16}
{"loss": 0.6965828537940979, "acc": 0.5196005702018738, "length": 1.0, "mode": "test", "epoch": 16}
{"loss": 0.6956180930137634, "acc": 0.5261308550834656, "length": 1.0, "mode": "train", "epoch": 17}
{"loss": 0.696370542049408, "acc": 0.5220984816551208, "length": 1.0, "mode": "test", "epoch": 17}
{"loss": 0.6953895092010498, "acc": 0.5270845890045166, "length": 1.0, "mode": "train", "epoch": 18}
{"loss": 0.6960920095443726, "acc": 0.5232735872268677, "length": 1.0, "mode": "test", "epoch": 18}
{"loss": 0.695213794708252, "acc": 0.5278526544570923, "length": 1.0, "mode": "train", "epoch": 19}
{"loss": 0.6960222125053406, "acc": 0.5223525762557983, "length": 1.0, "mode": "test", "epoch": 19}
{"loss": 0.69503253698349, "acc": 0.5288404822349548, "length": 1.0, "mode": "train", "epoch": 20}
{"loss": 0.6957809925079346, "acc": 0.5247170925140381, "length": 1.0, "mode": "test", "epoch": 20}
{"loss": 0.6948397159576416, "acc": 0.5291464924812317, "length": 1.0, "mode": "train", "epoch": 21}
{"loss": 0.6956380009651184, "acc": 0.5258668065071106, "length": 1.0, "mode": "test", "epoch": 21}
{"loss": 0.6946284770965576, "acc": 0.530456006526947, "length": 1.0, "mode": "train", "epoch": 22}
{"loss": 0.6953288316726685, "acc": 0.5254145264625549, "length": 1.0, "mode": "test", "epoch": 22}
{"loss": 0.6944066882133484, "acc": 0.5306923985481262, "length": 1.0, "mode": "train", "epoch": 23}
{"loss": 0.695322573184967, "acc": 0.5241330862045288, "length": 1.0, "mode": "test", "epoch": 23}
{"loss": 0.6942416429519653, "acc": 0.5319610238075256, "length": 1.0, "mode": "train", "epoch": 24}
{"loss": 0.695094883441925, "acc": 0.5281304717063904, "length": 1.0, "mode": "test", "epoch": 24}
{"loss": 0.6940858960151672, "acc": 0.5319874286651611, "length": 1.0, "mode": "train", "epoch": 25}
{"loss": 0.6948553919792175, "acc": 0.5277501344680786, "length": 1.0, "mode": "test", "epoch": 25}
{"loss": 0.6938819289207458, "acc": 0.5319898724555969, "length": 1.0, "mode": "train", "epoch": 26}
{"loss": 0.6949086785316467, "acc": 0.5287432074546814, "length": 1.0, "mode": "test", "epoch": 26}
{"loss": 0.6936708092689514, "acc": 0.5339798927307129, "length": 1.0, "mode": "train", "epoch": 27}
{"loss": 0.6946467161178589, "acc": 0.5281736254692078, "length": 1.0, "mode": "test", "epoch": 27}
{"loss": 0.6934633851051331, "acc": 0.5337980389595032, "length": 1.0, "mode": "train", "epoch": 28}
{"loss": 0.6945439577102661, "acc": 0.5293577313423157, "length": 1.0, "mode": "test", "epoch": 28}
{"loss": 0.6932454109191895, "acc": 0.5347066521644592, "length": 1.0, "mode": "train", "epoch": 29}
{"loss": 0.6945624947547913, "acc": 0.5278258323669434, "length": 1.0, "mode": "test", "epoch": 29}
{"loss": 0.6930397748947144, "acc": 0.5357556939125061, "length": 1.0, "mode": "train", "epoch": 30}
{"loss": 0.6942750215530396, "acc": 0.533028781414032, "length": 1.0, "mode": "test", "epoch": 30}
{"loss": 0.6927959322929382, "acc": 0.5354135632514954, "length": 1.0, "mode": "train", "epoch": 31}
{"loss": 0.6940534710884094, "acc": 0.5301596522331238, "length": 1.0, "mode": "test", "epoch": 31}
{"loss": 0.6925156116485596, "acc": 0.5368555784225464, "length": 1.0, "mode": "train", "epoch": 32}
{"loss": 0.6939476728439331, "acc": 0.5317744016647339, "length": 1.0, "mode": "test", "epoch": 32}
{"loss": 0.6922624111175537, "acc": 0.5375889539718628, "length": 1.0, "mode": "train", "epoch": 33}
{"loss": 0.6936384439468384, "acc": 0.5326197147369385, "length": 1.0, "mode": "test", "epoch": 33}
{"loss": 0.6919012069702148, "acc": 0.5379964709281921, "length": 1.0, "mode": "train", "epoch": 34}
{"loss": 0.69358229637146, "acc": 0.5323763489723206, "length": 1.0, "mode": "test", "epoch": 34}
{"loss": 0.6915757060050964, "acc": 0.5394355654716492, "length": 1.0, "mode": "train", "epoch": 35}
{"loss": 0.6932435035705566, "acc": 0.5324683785438538, "length": 1.0, "mode": "test", "epoch": 35}
{"loss": 0.6911981105804443, "acc": 0.5392950773239136, "length": 1.0, "mode": "train", "epoch": 36}
{"loss": 0.693108856678009, "acc": 0.5330358743667603, "length": 1.0, "mode": "test", "epoch": 36}
{"loss": 0.6908445358276367, "acc": 0.5416013598442078, "length": 1.0, "mode": "train", "epoch": 37}
{"loss": 0.692571222782135, "acc": 0.5340757966041565, "length": 1.0, "mode": "test", "epoch": 37}
{"loss": 0.6903462409973145, "acc": 0.5412682890892029, "length": 1.0, "mode": "train", "epoch": 38}
{"loss": 0.6927016973495483, "acc": 0.5364781022071838, "length": 1.0, "mode": "test", "epoch": 38}
{"loss": 0.6898297667503357, "acc": 0.5430218577384949, "length": 1.0, "mode": "train", "epoch": 39}
{"loss": 0.6921437382698059, "acc": 0.5353896617889404, "length": 1.0, "mode": "test", "epoch": 39}
{"loss": 0.6893201470375061, "acc": 0.5437377691268921, "length": 1.0, "mode": "train", "epoch": 40}
{"loss": 0.6921488046646118, "acc": 0.5381866693496704, "length": 1.0, "mode": "test", "epoch": 40}
{"loss": 0.6887595057487488, "acc": 0.5454162359237671, "length": 1.0, "mode": "train", "epoch": 41}
{"loss": 0.6913793087005615, "acc": 0.5335280299186707, "length": 1.0, "mode": "test", "epoch": 41}
{"loss": 0.6880800724029541, "acc": 0.5465433597564697, "length": 1.0, "mode": "train", "epoch": 42}
{"loss": 0.6913109421730042, "acc": 0.5387704968452454, "length": 1.0, "mode": "test", "epoch": 42}
{"loss": 0.6874301433563232, "acc": 0.5468571782112122, "length": 1.0, "mode": "train", "epoch": 43}
{"loss": 0.6900234222412109, "acc": 0.5372135043144226, "length": 1.0, "mode": "test", "epoch": 43}
{"loss": 0.6866271495819092, "acc": 0.5482165217399597, "length": 1.0, "mode": "train", "epoch": 44}
{"loss": 0.6894103288650513, "acc": 0.5399149060249329, "length": 1.0, "mode": "test", "epoch": 44}
{"loss": 0.6859341859817505, "acc": 0.5481906533241272, "length": 1.0, "mode": "train", "epoch": 45}
{"loss": 0.689037024974823, "acc": 0.5358366370201111, "length": 1.0, "mode": "test", "epoch": 45}
{"loss": 0.6851115822792053, "acc": 0.5498865842819214, "length": 1.0, "mode": "train", "epoch": 46}
{"loss": 0.6882018446922302, "acc": 0.5366421937942505, "length": 1.0, "mode": "test", "epoch": 46}
{"loss": 0.6843329668045044, "acc": 0.5504770874977112, "length": 1.0, "mode": "train", "epoch": 47}
{"loss": 0.6879957318305969, "acc": 0.5395310521125793, "length": 1.0, "mode": "test", "epoch": 47}
{"loss": 0.6835078001022339, "acc": 0.5514720678329468, "length": 1.0, "mode": "train", "epoch": 48}
{"loss": 0.6873297691345215, "acc": 0.5371792316436768, "length": 1.0, "mode": "test", "epoch": 48}
{"loss": 0.682652473449707, "acc": 0.5522630214691162, "length": 1.0, "mode": "train", "epoch": 49}
{"loss": 0.6870631575584412, "acc": 0.5412755608558655, "length": 1.0, "mode": "test", "epoch": 49}
{"loss": 0.681854784488678, "acc": 0.5533750057220459, "length": 1.0, "mode": "train", "epoch": 50}
{"loss": 0.6862622499465942, "acc": 0.5374568104743958, "length": 1.0, "mode": "test", "epoch": 50}
{"loss": 0.6810759902000427, "acc": 0.5530462265014648, "length": 1.0, "mode": "train", "epoch": 51}
{"loss": 0.6856750845909119, "acc": 0.5453845858573914, "length": 1.0, "mode": "test", "epoch": 51}
{"loss": 0.6802311539649963, "acc": 0.5549708008766174, "length": 1.0, "mode": "train", "epoch": 52}
{"loss": 0.6850034594535828, "acc": 0.5336613059043884, "length": 1.0, "mode": "test", "epoch": 52}
{"loss": 0.6794106960296631, "acc": 0.5556752681732178, "length": 1.0, "mode": "train", "epoch": 53}
{"loss": 0.684611976146698, "acc": 0.5436074733734131, "length": 1.0, "mode": "test", "epoch": 53}
{"loss": 0.6786022782325745, "acc": 0.5565028190612793, "length": 1.0, "mode": "train", "epoch": 54}
{"loss": 0.6837301850318909, "acc": 0.5421064496040344, "length": 1.0, "mode": "test", "epoch": 54}
{"loss": 0.6779041886329651, "acc": 0.5562082529067993, "length": 1.0, "mode": "train", "epoch": 55}
{"loss": 0.6837831735610962, "acc": 0.5362798571586609, "length": 1.0, "mode": "test", "epoch": 55}
{"loss": 0.6772072315216064, "acc": 0.5569931864738464, "length": 1.0, "mode": "train", "epoch": 56}
{"loss": 0.6826039552688599, "acc": 0.5464370846748352, "length": 1.0, "mode": "test", "epoch": 56}
{"loss": 0.6764296889305115, "acc": 0.5575243830680847, "length": 1.0, "mode": "train", "epoch": 57}
{"loss": 0.6822225451469421, "acc": 0.5374495387077332, "length": 1.0, "mode": "test", "epoch": 57}
{"loss": 0.6757752895355225, "acc": 0.5589165687561035, "length": 1.0, "mode": "train", "epoch": 58}
{"loss": 0.6812923550605774, "acc": 0.5449376106262207, "length": 1.0, "mode": "test", "epoch": 58}
{"loss": 0.6750849485397339, "acc": 0.559106171131134, "length": 1.0, "mode": "train", "epoch": 59}
{"loss": 0.6805780529975891, "acc": 0.5484411716461182, "length": 1.0, "mode": "test", "epoch": 59}
{"loss": 0.6743792295455933, "acc": 0.5599613785743713, "length": 1.0, "mode": "train", "epoch": 60}
{"loss": 0.6804103255271912, "acc": 0.5405349135398865, "length": 1.0, "mode": "test", "epoch": 60}
test accuracy: 0.27437201142311096
