ndevices 0
# ["--attributes=3", "--values=16", "--context_unaware=False", "--game_size=10", "--vocab_size_factor=3", "--n_epochs=60", "--batch_size=32", "--learning_rate=0.001", "--hidden_size=128", "--temp_update=0.99", "--temperature=2", "--length_cost=0.005", "--max_mess_len=5"]
Creating train_ds and val_ds...

Creating test_ds...
vocab size 52
message length 5
{"loss": 0.6985511779785156, "acc": 0.5020198225975037, "length": 1.0459872484207153, "mode": "train", "epoch": 1}
{"loss": 0.6981493234634399, "acc": 0.5028615593910217, "length": 1.0, "mode": "test", "epoch": 1}
{"loss": 0.6981496810913086, "acc": 0.5040623545646667, "length": 1.0000181198120117, "mode": "train", "epoch": 2}
{"loss": 0.6980690360069275, "acc": 0.505387544631958, "length": 1.0, "mode": "test", "epoch": 2}
{"loss": 0.6981264352798462, "acc": 0.5044657588005066, "length": 1.0000033378601074, "mode": "train", "epoch": 3}
{"loss": 0.6981680393218994, "acc": 0.5018746852874756, "length": 1.0, "mode": "test", "epoch": 3}
{"loss": 0.6980921626091003, "acc": 0.5056043863296509, "length": 1.0000005960464478, "mode": "train", "epoch": 4}
{"loss": 0.6981383562088013, "acc": 0.5024051070213318, "length": 1.0, "mode": "test", "epoch": 4}
{"loss": 0.6980686783790588, "acc": 0.5047723054885864, "length": 1.0, "mode": "train", "epoch": 5}
{"loss": 0.6981527209281921, "acc": 0.5067263245582581, "length": 1.0, "mode": "test", "epoch": 5}
{"loss": 0.6980429291725159, "acc": 0.5056187510490417, "length": 1.0, "mode": "train", "epoch": 6}
{"loss": 0.6980489492416382, "acc": 0.5052413940429688, "length": 1.0, "mode": "test", "epoch": 6}
{"loss": 0.698014497756958, "acc": 0.506849467754364, "length": 1.0, "mode": "train", "epoch": 7}
{"loss": 0.6980768442153931, "acc": 0.5043627619743347, "length": 1.0, "mode": "test", "epoch": 7}
{"loss": 0.6979542374610901, "acc": 0.5070616602897644, "length": 1.0, "mode": "train", "epoch": 8}
{"loss": 0.697974443435669, "acc": 0.5063691139221191, "length": 1.0, "mode": "test", "epoch": 8}
{"loss": 0.6978504061698914, "acc": 0.5085659027099609, "length": 1.0, "mode": "train", "epoch": 9}
{"loss": 0.697785496711731, "acc": 0.5096240639686584, "length": 1.0, "mode": "test", "epoch": 9}
{"loss": 0.6974712610244751, "acc": 0.5127838850021362, "length": 1.0, "mode": "train", "epoch": 10}
{"loss": 0.6975341439247131, "acc": 0.514367401599884, "length": 1.0, "mode": "test", "epoch": 10}
{"loss": 0.6969526410102844, "acc": 0.5176945328712463, "length": 1.0, "mode": "train", "epoch": 11}
{"loss": 0.697189450263977, "acc": 0.5177738070487976, "length": 1.0, "mode": "test", "epoch": 11}
{"loss": 0.6965572834014893, "acc": 0.5216822624206543, "length": 1.0, "mode": "train", "epoch": 12}
{"loss": 0.6969862580299377, "acc": 0.5172110199928284, "length": 1.0, "mode": "test", "epoch": 12}
{"loss": 0.6962413191795349, "acc": 0.5238381624221802, "length": 1.0, "mode": "train", "epoch": 13}
{"loss": 0.6969718933105469, "acc": 0.5166498422622681, "length": 1.0, "mode": "test", "epoch": 13}
{"loss": 0.6960164308547974, "acc": 0.5238718390464783, "length": 1.0, "mode": "train", "epoch": 14}
{"loss": 0.696668267250061, "acc": 0.5205001831054688, "length": 1.0, "mode": "test", "epoch": 14}
{"loss": 0.6958281397819519, "acc": 0.5255389213562012, "length": 1.0, "mode": "train", "epoch": 15}
{"loss": 0.696893572807312, "acc": 0.5203738808631897, "length": 1.0, "mode": "test", "epoch": 15}
{"loss": 0.6956298351287842, "acc": 0.5258389711380005, "length": 1.0, "mode": "train", "epoch": 16}
{"loss": 0.6964345574378967, "acc": 0.5245868563652039, "length": 1.0, "mode": "test", "epoch": 16}
{"loss": 0.6953724026679993, "acc": 0.5275235772132874, "length": 1.0, "mode": "train", "epoch": 17}
{"loss": 0.6963086128234863, "acc": 0.5224758386611938, "length": 1.0, "mode": "test", "epoch": 17}
{"loss": 0.6951287984848022, "acc": 0.5275986790657043, "length": 1.0, "mode": "train", "epoch": 18}
{"loss": 0.696197509765625, "acc": 0.5216242074966431, "length": 1.0, "mode": "test", "epoch": 18}
{"loss": 0.6949000954627991, "acc": 0.5292579531669617, "length": 1.0, "mode": "train", "epoch": 19}
{"loss": 0.695987343788147, "acc": 0.5243558883666992, "length": 1.0, "mode": "test", "epoch": 19}
{"loss": 0.6946847438812256, "acc": 0.5289015173912048, "length": 1.0, "mode": "train", "epoch": 20}
{"loss": 0.6958557367324829, "acc": 0.5250523090362549, "length": 1.0, "mode": "test", "epoch": 20}
{"loss": 0.6945160627365112, "acc": 0.5306738615036011, "length": 1.0, "mode": "train", "epoch": 21}
{"loss": 0.6955714225769043, "acc": 0.526124119758606, "length": 1.0, "mode": "test", "epoch": 21}
{"loss": 0.6943780779838562, "acc": 0.5307236909866333, "length": 1.0, "mode": "train", "epoch": 22}
{"loss": 0.6954488754272461, "acc": 0.5260302424430847, "length": 1.0, "mode": "test", "epoch": 22}
{"loss": 0.6942424178123474, "acc": 0.5312509536743164, "length": 1.0, "mode": "train", "epoch": 23}
{"loss": 0.6955994367599487, "acc": 0.5266400575637817, "length": 1.0, "mode": "test", "epoch": 23}
{"loss": 0.6941430568695068, "acc": 0.5315197110176086, "length": 1.0, "mode": "train", "epoch": 24}
{"loss": 0.6954416632652283, "acc": 0.5259039402008057, "length": 1.0, "mode": "test", "epoch": 24}
{"loss": 0.6939809322357178, "acc": 0.5321666598320007, "length": 1.0, "mode": "train", "epoch": 25}
{"loss": 0.6951683759689331, "acc": 0.5259110927581787, "length": 1.0, "mode": "test", "epoch": 25}
{"loss": 0.693867564201355, "acc": 0.5328965187072754, "length": 1.0, "mode": "train", "epoch": 26}
{"loss": 0.6951966881752014, "acc": 0.5273671746253967, "length": 1.0, "mode": "test", "epoch": 26}
{"loss": 0.6936729550361633, "acc": 0.5333420038223267, "length": 1.0, "mode": "train", "epoch": 27}
{"loss": 0.695083737373352, "acc": 0.5266527533531189, "length": 1.0, "mode": "test", "epoch": 27}
{"loss": 0.6935732960700989, "acc": 0.5332433581352234, "length": 1.0, "mode": "train", "epoch": 28}
{"loss": 0.6949490904808044, "acc": 0.5274502635002136, "length": 1.0, "mode": "test", "epoch": 28}
{"loss": 0.6934072971343994, "acc": 0.533871591091156, "length": 1.0, "mode": "train", "epoch": 29}
{"loss": 0.6948029398918152, "acc": 0.5252471566200256, "length": 1.0, "mode": "test", "epoch": 29}
{"loss": 0.6932656168937683, "acc": 0.5345504283905029, "length": 1.0, "mode": "train", "epoch": 30}
{"loss": 0.6946156620979309, "acc": 0.5271903872489929, "length": 1.0, "mode": "test", "epoch": 30}
{"loss": 0.693086564540863, "acc": 0.5348833799362183, "length": 1.0, "mode": "train", "epoch": 31}
{"loss": 0.6947003602981567, "acc": 0.5262972712516785, "length": 1.0, "mode": "test", "epoch": 31}
{"loss": 0.6929245591163635, "acc": 0.5350890755653381, "length": 1.0, "mode": "train", "epoch": 32}
{"loss": 0.6946619153022766, "acc": 0.5277370810508728, "length": 1.0, "mode": "test", "epoch": 32}
{"loss": 0.6927114725112915, "acc": 0.5365156531333923, "length": 1.0, "mode": "train", "epoch": 33}
{"loss": 0.6944881677627563, "acc": 0.530084490776062, "length": 1.0, "mode": "test", "epoch": 33}
{"loss": 0.6925842761993408, "acc": 0.536881148815155, "length": 1.0, "mode": "train", "epoch": 34}
{"loss": 0.6940511465072632, "acc": 0.5289369225502014, "length": 1.0, "mode": "test", "epoch": 34}
{"loss": 0.6923279762268066, "acc": 0.5376880168914795, "length": 1.0, "mode": "train", "epoch": 35}
{"loss": 0.6939948201179504, "acc": 0.5318815112113953, "length": 1.0, "mode": "test", "epoch": 35}
{"loss": 0.6921348571777344, "acc": 0.5374860167503357, "length": 1.0, "mode": "train", "epoch": 36}
{"loss": 0.6937729716300964, "acc": 0.5312734246253967, "length": 1.0, "mode": "test", "epoch": 36}
{"loss": 0.6918805241584778, "acc": 0.5379440784454346, "length": 1.0, "mode": "train", "epoch": 37}
{"loss": 0.6936269402503967, "acc": 0.5325436592102051, "length": 1.0, "mode": "test", "epoch": 37}
{"loss": 0.6916175484657288, "acc": 0.5386289358139038, "length": 1.0, "mode": "train", "epoch": 38}
{"loss": 0.6933984160423279, "acc": 0.5298354029655457, "length": 1.0, "mode": "test", "epoch": 38}
{"loss": 0.6913291215896606, "acc": 0.5397266149520874, "length": 1.0, "mode": "train", "epoch": 39}
{"loss": 0.6935319304466248, "acc": 0.5314791798591614, "length": 1.0, "mode": "test", "epoch": 39}
{"loss": 0.6910178661346436, "acc": 0.5404631495475769, "length": 1.0, "mode": "train", "epoch": 40}
{"loss": 0.6934130191802979, "acc": 0.5319897532463074, "length": 1.0, "mode": "test", "epoch": 40}
{"loss": 0.6907154321670532, "acc": 0.5420990586280823, "length": 1.0, "mode": "train", "epoch": 41}
{"loss": 0.6930170059204102, "acc": 0.5334241986274719, "length": 1.0, "mode": "test", "epoch": 41}
{"loss": 0.690321683883667, "acc": 0.5423250794410706, "length": 1.0, "mode": "train", "epoch": 42}
{"loss": 0.6926465034484863, "acc": 0.5325508117675781, "length": 1.0, "mode": "test", "epoch": 42}
{"loss": 0.6899595260620117, "acc": 0.5433182716369629, "length": 1.0, "mode": "train", "epoch": 43}
{"loss": 0.6924957633018494, "acc": 0.5332545042037964, "length": 1.0, "mode": "test", "epoch": 43}
{"loss": 0.6895217895507812, "acc": 0.5434072613716125, "length": 1.0, "mode": "train", "epoch": 44}
{"loss": 0.6922805905342102, "acc": 0.5341331958770752, "length": 1.0, "mode": "test", "epoch": 44}
{"loss": 0.6890836954116821, "acc": 0.5440366864204407, "length": 1.0, "mode": "train", "epoch": 45}
{"loss": 0.6917187571525574, "acc": 0.5350281596183777, "length": 1.0, "mode": "test", "epoch": 45}
{"loss": 0.6886436939239502, "acc": 0.5452043414115906, "length": 1.0, "mode": "train", "epoch": 46}
{"loss": 0.6912409067153931, "acc": 0.5353114008903503, "length": 1.0, "mode": "test", "epoch": 46}
{"loss": 0.6881940960884094, "acc": 0.5455504655838013, "length": 1.0, "mode": "train", "epoch": 47}
{"loss": 0.6909849047660828, "acc": 0.5325454473495483, "length": 1.0, "mode": "test", "epoch": 47}
{"loss": 0.6876331567764282, "acc": 0.5467276573181152, "length": 1.0, "mode": "train", "epoch": 48}
{"loss": 0.6907497048377991, "acc": 0.53840571641922, "length": 1.0, "mode": "test", "epoch": 48}
{"loss": 0.6871438026428223, "acc": 0.5472369194030762, "length": 1.0, "mode": "train", "epoch": 49}
{"loss": 0.6905535459518433, "acc": 0.5382505655288696, "length": 1.0, "mode": "test", "epoch": 49}
{"loss": 0.6865564584732056, "acc": 0.5481278300285339, "length": 1.0, "mode": "train", "epoch": 50}
{"loss": 0.6901717782020569, "acc": 0.5350082516670227, "length": 1.0, "mode": "test", "epoch": 50}
{"loss": 0.6860624551773071, "acc": 0.5487591028213501, "length": 1.0, "mode": "train", "epoch": 51}
{"loss": 0.6895643472671509, "acc": 0.5319734811782837, "length": 1.0, "mode": "test", "epoch": 51}
{"loss": 0.6854823231697083, "acc": 0.5487321019172668, "length": 1.0, "mode": "train", "epoch": 52}
{"loss": 0.6894940137863159, "acc": 0.5362477898597717, "length": 1.0, "mode": "test", "epoch": 52}
{"loss": 0.6849207878112793, "acc": 0.5505777597427368, "length": 1.0, "mode": "train", "epoch": 53}
{"loss": 0.6887387037277222, "acc": 0.5427919626235962, "length": 1.0, "mode": "test", "epoch": 53}
{"loss": 0.6843836903572083, "acc": 0.5497132539749146, "length": 1.0, "mode": "train", "epoch": 54}
{"loss": 0.6883941888809204, "acc": 0.5437282919883728, "length": 1.0, "mode": "test", "epoch": 54}
{"loss": 0.6837917566299438, "acc": 0.5514633059501648, "length": 1.0, "mode": "train", "epoch": 55}
{"loss": 0.6876494884490967, "acc": 0.5339275598526001, "length": 1.0, "mode": "test", "epoch": 55}
{"loss": 0.6831541657447815, "acc": 0.552266538143158, "length": 1.0, "mode": "train", "epoch": 56}
{"loss": 0.6874390840530396, "acc": 0.5386691689491272, "length": 1.0, "mode": "test", "epoch": 56}
{"loss": 0.6826481819152832, "acc": 0.5521042346954346, "length": 1.0, "mode": "train", "epoch": 57}
{"loss": 0.6869195103645325, "acc": 0.5414928793907166, "length": 1.0, "mode": "test", "epoch": 57}
{"loss": 0.6820024251937866, "acc": 0.5532910227775574, "length": 1.0, "mode": "train", "epoch": 58}
{"loss": 0.6864524483680725, "acc": 0.5367656946182251, "length": 1.0, "mode": "test", "epoch": 58}
{"loss": 0.6814034581184387, "acc": 0.5537652969360352, "length": 1.0, "mode": "train", "epoch": 59}
{"loss": 0.6859374642372131, "acc": 0.5354142189025879, "length": 1.0, "mode": "test", "epoch": 59}
{"loss": 0.6808490753173828, "acc": 0.5543243885040283, "length": 1.0, "mode": "train", "epoch": 60}
{"loss": 0.6849948763847351, "acc": 0.5429813861846924, "length": 1.0, "mode": "test", "epoch": 60}
test accuracy: 0.28112468123435974
