ndevices 0
# ["--attributes=3", "--values=16", "--context_unaware=True", "--game_size=10", "--vocab_size_factor=3", "--n_epochs=60", "--batch_size=32", "--learning_rate=0.001", "--hidden_size=128", "--temp_update=0.99", "--temperature=2", "--length_cost=0.005", "--max_mess_len=3"]
Creating train_ds and val_ds...

Creating test_ds...
vocab size 52
message length 3
{"loss": 0.6984634399414062, "acc": 0.5033273696899414, "length": 1.0300880670547485, "mode": "train", "epoch": 1}
{"loss": 0.6981250047683716, "acc": 0.5081300139427185, "length": 1.0, "mode": "test", "epoch": 1}
{"loss": 0.6981694102287292, "acc": 0.5040084719657898, "length": 1.0000146627426147, "mode": "train", "epoch": 2}
{"loss": 0.698134183883667, "acc": 0.5057088136672974, "length": 1.0, "mode": "test", "epoch": 2}
{"loss": 0.6981288194656372, "acc": 0.5044765472412109, "length": 1.000002384185791, "mode": "train", "epoch": 3}
{"loss": 0.698086142539978, "acc": 0.5055769681930542, "length": 1.0, "mode": "test", "epoch": 3}
{"loss": 0.6981208920478821, "acc": 0.5043677687644958, "length": 1.000000238418579, "mode": "train", "epoch": 4}
{"loss": 0.6980346441268921, "acc": 0.5072243213653564, "length": 1.0, "mode": "test", "epoch": 4}
{"loss": 0.698101282119751, "acc": 0.5050011277198792, "length": 1.0, "mode": "train", "epoch": 5}
{"loss": 0.6980849504470825, "acc": 0.5053640604019165, "length": 1.0, "mode": "test", "epoch": 5}
{"loss": 0.6980685591697693, "acc": 0.505795419216156, "length": 1.0, "mode": "train", "epoch": 6}
{"loss": 0.6980584263801575, "acc": 0.5070258975028992, "length": 1.0, "mode": "test", "epoch": 6}
{"loss": 0.6980277895927429, "acc": 0.5053712129592896, "length": 1.0, "mode": "train", "epoch": 7}
{"loss": 0.6979865431785583, "acc": 0.5077457427978516, "length": 1.0, "mode": "test", "epoch": 7}
{"loss": 0.6979615092277527, "acc": 0.5075867176055908, "length": 1.0, "mode": "train", "epoch": 8}
{"loss": 0.6979528069496155, "acc": 0.508806586265564, "length": 1.0, "mode": "test", "epoch": 8}
{"loss": 0.697863757610321, "acc": 0.509594202041626, "length": 1.0, "mode": "train", "epoch": 9}
{"loss": 0.697848916053772, "acc": 0.5104557871818542, "length": 1.0, "mode": "test", "epoch": 9}
{"loss": 0.6975663900375366, "acc": 0.511965811252594, "length": 1.0, "mode": "train", "epoch": 10}
{"loss": 0.6976178288459778, "acc": 0.5106830596923828, "length": 1.0, "mode": "test", "epoch": 10}
{"loss": 0.6969932317733765, "acc": 0.5186511278152466, "length": 1.0, "mode": "train", "epoch": 11}
{"loss": 0.6971160769462585, "acc": 0.5187156796455383, "length": 1.0, "mode": "test", "epoch": 11}
{"loss": 0.696431040763855, "acc": 0.5220040082931519, "length": 1.0, "mode": "train", "epoch": 12}
{"loss": 0.696813702583313, "acc": 0.5188168287277222, "length": 1.0, "mode": "test", "epoch": 12}
{"loss": 0.6960251927375793, "acc": 0.5233349800109863, "length": 1.0, "mode": "train", "epoch": 13}
{"loss": 0.6966043710708618, "acc": 0.520359456539154, "length": 1.0, "mode": "test", "epoch": 13}
{"loss": 0.6958053708076477, "acc": 0.5246148109436035, "length": 1.0, "mode": "train", "epoch": 14}
{"loss": 0.6964017748832703, "acc": 0.5212903618812561, "length": 1.0, "mode": "test", "epoch": 14}
{"loss": 0.6955609321594238, "acc": 0.5256904363632202, "length": 1.0, "mode": "train", "epoch": 15}
{"loss": 0.6961231827735901, "acc": 0.5238922238349915, "length": 1.0, "mode": "test", "epoch": 15}
{"loss": 0.6953436732292175, "acc": 0.5272862911224365, "length": 1.0, "mode": "train", "epoch": 16}
{"loss": 0.6958729028701782, "acc": 0.522244930267334, "length": 1.0, "mode": "test", "epoch": 16}
{"loss": 0.6950855255126953, "acc": 0.5276967287063599, "length": 1.0, "mode": "train", "epoch": 17}
{"loss": 0.6959058046340942, "acc": 0.5245741605758667, "length": 1.0, "mode": "test", "epoch": 17}
{"loss": 0.6948931813240051, "acc": 0.5276432633399963, "length": 1.0, "mode": "train", "epoch": 18}
{"loss": 0.6956679821014404, "acc": 0.5230478048324585, "length": 1.0, "mode": "test", "epoch": 18}
{"loss": 0.6946719288825989, "acc": 0.5292842388153076, "length": 1.0, "mode": "train", "epoch": 19}
{"loss": 0.695618748664856, "acc": 0.5246680378913879, "length": 1.0, "mode": "test", "epoch": 19}
{"loss": 0.6944799423217773, "acc": 0.5289513468742371, "length": 1.0, "mode": "train", "epoch": 20}
{"loss": 0.6952946186065674, "acc": 0.5230441689491272, "length": 1.0, "mode": "test", "epoch": 20}
{"loss": 0.6942587494850159, "acc": 0.5309559106826782, "length": 1.0, "mode": "train", "epoch": 21}
{"loss": 0.6951565146446228, "acc": 0.5235277414321899, "length": 1.0, "mode": "test", "epoch": 21}
{"loss": 0.6940688490867615, "acc": 0.5308254957199097, "length": 1.0, "mode": "train", "epoch": 22}
{"loss": 0.6950669288635254, "acc": 0.5250559449195862, "length": 1.0, "mode": "test", "epoch": 22}
{"loss": 0.693906307220459, "acc": 0.5309775471687317, "length": 1.0, "mode": "train", "epoch": 23}
{"loss": 0.6949172616004944, "acc": 0.5252651572227478, "length": 1.0, "mode": "test", "epoch": 23}
{"loss": 0.6937128305435181, "acc": 0.5319569110870361, "length": 1.0, "mode": "train", "epoch": 24}
{"loss": 0.6948319673538208, "acc": 0.5284209251403809, "length": 1.0, "mode": "test", "epoch": 24}
{"loss": 0.6934727430343628, "acc": 0.5332391858100891, "length": 1.0, "mode": "train", "epoch": 25}
{"loss": 0.6947400569915771, "acc": 0.5276017189025879, "length": 1.0, "mode": "test", "epoch": 25}
{"loss": 0.6932815909385681, "acc": 0.5338335037231445, "length": 1.0, "mode": "train", "epoch": 26}
{"loss": 0.6947447061538696, "acc": 0.525115430355072, "length": 1.0, "mode": "test", "epoch": 26}
{"loss": 0.6931021213531494, "acc": 0.5342450141906738, "length": 1.0, "mode": "train", "epoch": 27}
{"loss": 0.6942513585090637, "acc": 0.5285869240760803, "length": 1.0, "mode": "test", "epoch": 27}
{"loss": 0.6928902864456177, "acc": 0.5349811315536499, "length": 1.0, "mode": "train", "epoch": 28}
{"loss": 0.6941575407981873, "acc": 0.5289422869682312, "length": 1.0, "mode": "test", "epoch": 28}
{"loss": 0.6926868557929993, "acc": 0.5355657339096069, "length": 1.0, "mode": "train", "epoch": 29}
{"loss": 0.6942312717437744, "acc": 0.5291643142700195, "length": 1.0, "mode": "test", "epoch": 29}
{"loss": 0.6924940943717957, "acc": 0.5361143350601196, "length": 1.0, "mode": "train", "epoch": 30}
{"loss": 0.6939762830734253, "acc": 0.529328465461731, "length": 1.0, "mode": "test", "epoch": 30}
{"loss": 0.6921824216842651, "acc": 0.5365890860557556, "length": 1.0, "mode": "train", "epoch": 31}
{"loss": 0.6942379474639893, "acc": 0.5309576988220215, "length": 1.0, "mode": "test", "epoch": 31}
{"loss": 0.6919974684715271, "acc": 0.5379061698913574, "length": 1.0, "mode": "train", "epoch": 32}
{"loss": 0.6935904622077942, "acc": 0.5308313965797424, "length": 1.0, "mode": "test", "epoch": 32}
{"loss": 0.6916938424110413, "acc": 0.5383971333503723, "length": 1.0, "mode": "train", "epoch": 33}
{"loss": 0.6935250759124756, "acc": 0.5296658873558044, "length": 1.0, "mode": "test", "epoch": 33}
{"loss": 0.6914324760437012, "acc": 0.5384355783462524, "length": 1.0, "mode": "train", "epoch": 34}
{"loss": 0.6935970187187195, "acc": 0.5306077003479004, "length": 1.0, "mode": "test", "epoch": 34}
{"loss": 0.6910836100578308, "acc": 0.5395110845565796, "length": 1.0, "mode": "train", "epoch": 35}
{"loss": 0.692836582660675, "acc": 0.5347936153411865, "length": 1.0, "mode": "test", "epoch": 35}
{"loss": 0.690782904624939, "acc": 0.5398752689361572, "length": 1.0, "mode": "train", "epoch": 36}
{"loss": 0.6928513050079346, "acc": 0.5334060788154602, "length": 1.0, "mode": "test", "epoch": 36}
{"loss": 0.690452516078949, "acc": 0.5404562950134277, "length": 1.0, "mode": "train", "epoch": 37}
{"loss": 0.6927739977836609, "acc": 0.5353439450263977, "length": 1.0, "mode": "test", "epoch": 37}
{"loss": 0.6901442408561707, "acc": 0.5415493249893188, "length": 1.0, "mode": "train", "epoch": 38}
{"loss": 0.6922778487205505, "acc": 0.5338301062583923, "length": 1.0, "mode": "test", "epoch": 38}
{"loss": 0.6897528767585754, "acc": 0.5417746901512146, "length": 1.0, "mode": "train", "epoch": 39}
{"loss": 0.6920619010925293, "acc": 0.5336243510246277, "length": 1.0, "mode": "test", "epoch": 39}
{"loss": 0.6893682479858398, "acc": 0.5427564978599548, "length": 1.0, "mode": "train", "epoch": 40}
{"loss": 0.6918393969535828, "acc": 0.5335468053817749, "length": 1.0, "mode": "test", "epoch": 40}
{"loss": 0.6890203356742859, "acc": 0.5439220666885376, "length": 1.0, "mode": "train", "epoch": 41}
{"loss": 0.6918544769287109, "acc": 0.5359916090965271, "length": 1.0, "mode": "test", "epoch": 41}
{"loss": 0.6886782050132751, "acc": 0.5449316501617432, "length": 1.0, "mode": "train", "epoch": 42}
{"loss": 0.6915224194526672, "acc": 0.5381116271018982, "length": 1.0, "mode": "test", "epoch": 42}
{"loss": 0.6882949471473694, "acc": 0.5452495217323303, "length": 1.0, "mode": "train", "epoch": 43}
{"loss": 0.6910032033920288, "acc": 0.53629469871521, "length": 1.0, "mode": "test", "epoch": 43}
{"loss": 0.6879038214683533, "acc": 0.5453510284423828, "length": 1.0, "mode": "train", "epoch": 44}
{"loss": 0.6910146474838257, "acc": 0.5374386310577393, "length": 1.0, "mode": "test", "epoch": 44}
{"loss": 0.6875194311141968, "acc": 0.5458384156227112, "length": 1.0, "mode": "train", "epoch": 45}
{"loss": 0.6907389760017395, "acc": 0.5399302840232849, "length": 1.0, "mode": "test", "epoch": 45}
{"loss": 0.6871232390403748, "acc": 0.5468688011169434, "length": 1.0, "mode": "train", "epoch": 46}
{"loss": 0.6901863813400269, "acc": 0.5372347831726074, "length": 1.0, "mode": "test", "epoch": 46}
{"loss": 0.686840295791626, "acc": 0.546578586101532, "length": 1.0, "mode": "train", "epoch": 47}
{"loss": 0.6897857189178467, "acc": 0.5377290844917297, "length": 1.0, "mode": "test", "epoch": 47}
{"loss": 0.6864747405052185, "acc": 0.5469475388526917, "length": 1.0, "mode": "train", "epoch": 48}
{"loss": 0.6898383498191833, "acc": 0.536873996257782, "length": 1.0, "mode": "test", "epoch": 48}
{"loss": 0.6860842704772949, "acc": 0.5472564697265625, "length": 1.0, "mode": "train", "epoch": 49}
{"loss": 0.6896942853927612, "acc": 0.5377941131591797, "length": 1.0, "mode": "test", "epoch": 49}
{"loss": 0.6858002543449402, "acc": 0.5476986765861511, "length": 1.0, "mode": "train", "epoch": 50}
{"loss": 0.6893851161003113, "acc": 0.539423406124115, "length": 1.0, "mode": "test", "epoch": 50}
{"loss": 0.6854479908943176, "acc": 0.5486684441566467, "length": 1.0, "mode": "train", "epoch": 51}
{"loss": 0.6890217661857605, "acc": 0.5388784408569336, "length": 1.0, "mode": "test", "epoch": 51}
{"loss": 0.6851406097412109, "acc": 0.5490842461585999, "length": 1.0, "mode": "train", "epoch": 52}
{"loss": 0.6886430382728577, "acc": 0.5353510975837708, "length": 1.0, "mode": "test", "epoch": 52}
{"loss": 0.6848189830780029, "acc": 0.54925137758255, "length": 1.0, "mode": "train", "epoch": 53}
{"loss": 0.6887365579605103, "acc": 0.5399302840232849, "length": 1.0, "mode": "test", "epoch": 53}
{"loss": 0.6844478249549866, "acc": 0.5489130020141602, "length": 1.0, "mode": "train", "epoch": 54}
{"loss": 0.6881687045097351, "acc": 0.5397949814796448, "length": 1.0, "mode": "test", "epoch": 54}
{"loss": 0.6841150522232056, "acc": 0.5499140024185181, "length": 1.0, "mode": "train", "epoch": 55}
{"loss": 0.6878094673156738, "acc": 0.537797749042511, "length": 1.0, "mode": "test", "epoch": 55}
{"loss": 0.683605432510376, "acc": 0.5507546663284302, "length": 1.0, "mode": "train", "epoch": 56}
{"loss": 0.6875733137130737, "acc": 0.5384472608566284, "length": 1.0, "mode": "test", "epoch": 56}
{"loss": 0.6831855773925781, "acc": 0.5500444769859314, "length": 1.0, "mode": "train", "epoch": 57}
{"loss": 0.6876425743103027, "acc": 0.5387323498725891, "length": 1.0, "mode": "test", "epoch": 57}
{"loss": 0.6827881336212158, "acc": 0.5514582395553589, "length": 1.0, "mode": "train", "epoch": 58}
{"loss": 0.6867943406105042, "acc": 0.5371264815330505, "length": 1.0, "mode": "test", "epoch": 58}
{"loss": 0.6823210716247559, "acc": 0.5517299771308899, "length": 1.0, "mode": "train", "epoch": 59}
{"loss": 0.6868036389350891, "acc": 0.5408505201339722, "length": 1.0, "mode": "test", "epoch": 59}
{"loss": 0.6818478107452393, "acc": 0.553000807762146, "length": 1.0, "mode": "train", "epoch": 60}
{"loss": 0.6866272687911987, "acc": 0.5411356687545776, "length": 1.0, "mode": "test", "epoch": 60}
test accuracy: 0.28816527128219604
