ndevices 0
# ["--attributes=3", "--values=16", "--context_unaware=True", "--game_size=10", "--vocab_size_factor=3", "--n_epochs=60", "--batch_size=32", "--learning_rate=0.001", "--hidden_size=128", "--temp_update=0.99", "--temperature=2", "--length_cost=0.005", "--max_mess_len=5"]
Creating train_ds and val_ds...

Creating test_ds...
vocab size 52
message length 5
{"loss": 0.6985201239585876, "acc": 0.5035485029220581, "length": 1.0451542139053345, "mode": "train", "epoch": 1}
{"loss": 0.6982868909835815, "acc": 0.5001928806304932, "length": 1.0, "mode": "test", "epoch": 1}
{"loss": 0.6981677412986755, "acc": 0.5040380358695984, "length": 1.00002121925354, "mode": "train", "epoch": 2}
{"loss": 0.6984841227531433, "acc": 0.5053507685661316, "length": 1.0, "mode": "test", "epoch": 2}
{"loss": 0.6981347799301147, "acc": 0.5050299167633057, "length": 1.0000033378601074, "mode": "train", "epoch": 3}
{"loss": 0.6981995105743408, "acc": 0.5043936967849731, "length": 1.0, "mode": "test", "epoch": 3}
{"loss": 0.6981208920478821, "acc": 0.5047284960746765, "length": 1.0000005960464478, "mode": "train", "epoch": 4}
{"loss": 0.6981341242790222, "acc": 0.504887580871582, "length": 1.0, "mode": "test", "epoch": 4}
{"loss": 0.6980956196784973, "acc": 0.5046852827072144, "length": 1.0, "mode": "train", "epoch": 5}
{"loss": 0.6982007026672363, "acc": 0.5024420022964478, "length": 1.0, "mode": "test", "epoch": 5}
{"loss": 0.6980789303779602, "acc": 0.5060980319976807, "length": 1.0, "mode": "train", "epoch": 6}
{"loss": 0.6981110572814941, "acc": 0.503564715385437, "length": 1.0, "mode": "test", "epoch": 6}
{"loss": 0.6980262994766235, "acc": 0.5060074925422668, "length": 1.0, "mode": "train", "epoch": 7}
{"loss": 0.6980856657028198, "acc": 0.5059399604797363, "length": 1.0, "mode": "test", "epoch": 7}
{"loss": 0.6980155110359192, "acc": 0.5063544511795044, "length": 1.0, "mode": "train", "epoch": 8}
{"loss": 0.6980466246604919, "acc": 0.5042765736579895, "length": 1.0, "mode": "test", "epoch": 8}
{"loss": 0.6979289054870605, "acc": 0.5086013078689575, "length": 1.0, "mode": "train", "epoch": 9}
{"loss": 0.6979696750640869, "acc": 0.5068105459213257, "length": 1.0, "mode": "test", "epoch": 9}
{"loss": 0.6977342367172241, "acc": 0.5117698311805725, "length": 1.0, "mode": "train", "epoch": 10}
{"loss": 0.6977153420448303, "acc": 0.5099480748176575, "length": 1.0, "mode": "test", "epoch": 10}
{"loss": 0.6972078680992126, "acc": 0.5160876512527466, "length": 1.0, "mode": "train", "epoch": 11}
{"loss": 0.6972614526748657, "acc": 0.5155709385871887, "length": 1.0, "mode": "test", "epoch": 11}
{"loss": 0.6967714428901672, "acc": 0.5190514326095581, "length": 1.0, "mode": "train", "epoch": 12}
{"loss": 0.6971789598464966, "acc": 0.518016517162323, "length": 1.0, "mode": "test", "epoch": 12}
{"loss": 0.696383535861969, "acc": 0.523168683052063, "length": 1.0, "mode": "train", "epoch": 13}
{"loss": 0.6968386173248291, "acc": 0.5201412439346313, "length": 1.0, "mode": "test", "epoch": 13}
{"loss": 0.6960353255271912, "acc": 0.5250005722045898, "length": 1.0, "mode": "train", "epoch": 14}
{"loss": 0.6967232823371887, "acc": 0.5203630328178406, "length": 1.0, "mode": "test", "epoch": 14}
{"loss": 0.6956206560134888, "acc": 0.5273303389549255, "length": 1.0, "mode": "train", "epoch": 15}
{"loss": 0.6964358687400818, "acc": 0.5211668014526367, "length": 1.0, "mode": "test", "epoch": 15}
{"loss": 0.6953199505805969, "acc": 0.5275903344154358, "length": 1.0, "mode": "train", "epoch": 16}
{"loss": 0.6961968541145325, "acc": 0.522549033164978, "length": 1.0, "mode": "test", "epoch": 16}
{"loss": 0.6949984431266785, "acc": 0.5292342901229858, "length": 1.0, "mode": "train", "epoch": 17}
{"loss": 0.6959736943244934, "acc": 0.5249026417732239, "length": 1.0, "mode": "test", "epoch": 17}
{"loss": 0.6948195099830627, "acc": 0.5289989709854126, "length": 1.0, "mode": "train", "epoch": 18}
{"loss": 0.6957954168319702, "acc": 0.5263876914978027, "length": 1.0, "mode": "test", "epoch": 18}
{"loss": 0.6945458054542542, "acc": 0.5311868786811829, "length": 1.0, "mode": "train", "epoch": 19}
{"loss": 0.6957752108573914, "acc": 0.5236988067626953, "length": 1.0, "mode": "test", "epoch": 19}
{"loss": 0.6943336129188538, "acc": 0.5320534110069275, "length": 1.0, "mode": "train", "epoch": 20}
{"loss": 0.6956700682640076, "acc": 0.5253477692604065, "length": 1.0, "mode": "test", "epoch": 20}
{"loss": 0.6941405534744263, "acc": 0.5320575833320618, "length": 1.0, "mode": "train", "epoch": 21}
{"loss": 0.6957780718803406, "acc": 0.5250882506370544, "length": 1.0, "mode": "test", "epoch": 21}
{"loss": 0.6939896941184998, "acc": 0.5321404337882996, "length": 1.0, "mode": "train", "epoch": 22}
{"loss": 0.6954805850982666, "acc": 0.524653971195221, "length": 1.0, "mode": "test", "epoch": 22}
{"loss": 0.693822979927063, "acc": 0.5328297019004822, "length": 1.0, "mode": "train", "epoch": 23}
{"loss": 0.6953973174095154, "acc": 0.5269193649291992, "length": 1.0, "mode": "test", "epoch": 23}
{"loss": 0.6936542391777039, "acc": 0.5341273546218872, "length": 1.0, "mode": "train", "epoch": 24}
{"loss": 0.6953935027122498, "acc": 0.5265372395515442, "length": 1.0, "mode": "test", "epoch": 24}
{"loss": 0.693527340888977, "acc": 0.5332561135292053, "length": 1.0, "mode": "train", "epoch": 25}
{"loss": 0.6954095959663391, "acc": 0.5256542563438416, "length": 1.0, "mode": "test", "epoch": 25}
{"loss": 0.6933359503746033, "acc": 0.5350225567817688, "length": 1.0, "mode": "train", "epoch": 26}
{"loss": 0.6950638294219971, "acc": 0.5274366140365601, "length": 1.0, "mode": "test", "epoch": 26}
{"loss": 0.6931449770927429, "acc": 0.5358426570892334, "length": 1.0, "mode": "train", "epoch": 27}
{"loss": 0.6950398683547974, "acc": 0.5261732339859009, "length": 1.0, "mode": "test", "epoch": 27}
{"loss": 0.692996621131897, "acc": 0.534891664981842, "length": 1.0, "mode": "train", "epoch": 28}
{"loss": 0.6949394345283508, "acc": 0.5265930891036987, "length": 1.0, "mode": "test", "epoch": 28}
{"loss": 0.6928262710571289, "acc": 0.5361543893814087, "length": 1.0, "mode": "train", "epoch": 29}
{"loss": 0.6946704983711243, "acc": 0.5298064947128296, "length": 1.0, "mode": "test", "epoch": 29}
{"loss": 0.6926516890525818, "acc": 0.5368863940238953, "length": 1.0, "mode": "train", "epoch": 30}
{"loss": 0.6945403814315796, "acc": 0.5276275873184204, "length": 1.0, "mode": "test", "epoch": 30}
{"loss": 0.6924197673797607, "acc": 0.5377413630485535, "length": 1.0, "mode": "train", "epoch": 31}
{"loss": 0.6943827271461487, "acc": 0.5284999012947083, "length": 1.0, "mode": "test", "epoch": 31}
{"loss": 0.6921894550323486, "acc": 0.5372772216796875, "length": 1.0, "mode": "train", "epoch": 32}
{"loss": 0.6944097280502319, "acc": 0.5288854837417603, "length": 1.0, "mode": "test", "epoch": 32}
{"loss": 0.692001223564148, "acc": 0.5389092564582825, "length": 1.0, "mode": "train", "epoch": 33}
{"loss": 0.6942379474639893, "acc": 0.5296874642372131, "length": 1.0, "mode": "test", "epoch": 33}
{"loss": 0.6917734742164612, "acc": 0.5390028953552246, "length": 1.0, "mode": "train", "epoch": 34}
{"loss": 0.6939443945884705, "acc": 0.5296226143836975, "length": 1.0, "mode": "test", "epoch": 34}
{"loss": 0.6914645433425903, "acc": 0.540371298789978, "length": 1.0, "mode": "train", "epoch": 35}
{"loss": 0.6938562393188477, "acc": 0.5291811227798462, "length": 1.0, "mode": "test", "epoch": 35}
{"loss": 0.6913039684295654, "acc": 0.5387933254241943, "length": 1.0, "mode": "train", "epoch": 36}
{"loss": 0.6934661865234375, "acc": 0.5302857756614685, "length": 1.0, "mode": "test", "epoch": 36}
{"loss": 0.690986692905426, "acc": 0.5410059690475464, "length": 1.0, "mode": "train", "epoch": 37}
{"loss": 0.6934301257133484, "acc": 0.5299307703971863, "length": 1.0, "mode": "test", "epoch": 37}
{"loss": 0.690742552280426, "acc": 0.5400422811508179, "length": 1.0, "mode": "train", "epoch": 38}
{"loss": 0.6933496594429016, "acc": 0.5307580232620239, "length": 1.0, "mode": "test", "epoch": 38}
{"loss": 0.6904118657112122, "acc": 0.541480302810669, "length": 1.0, "mode": "train", "epoch": 39}
{"loss": 0.6929996609687805, "acc": 0.5303975939750671, "length": 1.0, "mode": "test", "epoch": 39}
{"loss": 0.6900901198387146, "acc": 0.5426704287528992, "length": 1.0, "mode": "train", "epoch": 40}
{"loss": 0.6928651332855225, "acc": 0.5323277115821838, "length": 1.0, "mode": "test", "epoch": 40}
{"loss": 0.6897149085998535, "acc": 0.5429267287254333, "length": 1.0, "mode": "train", "epoch": 41}
{"loss": 0.6925951838493347, "acc": 0.5321654677391052, "length": 1.0, "mode": "test", "epoch": 41}
{"loss": 0.6893702149391174, "acc": 0.5437260270118713, "length": 1.0, "mode": "train", "epoch": 42}
{"loss": 0.6920063495635986, "acc": 0.5334954857826233, "length": 1.0, "mode": "test", "epoch": 42}
{"loss": 0.6889834403991699, "acc": 0.5445539355278015, "length": 1.0, "mode": "train", "epoch": 43}
{"loss": 0.6918203234672546, "acc": 0.5327170491218567, "length": 1.0, "mode": "test", "epoch": 43}
{"loss": 0.6886023283004761, "acc": 0.545670211315155, "length": 1.0, "mode": "train", "epoch": 44}
{"loss": 0.6917662024497986, "acc": 0.5325709581375122, "length": 1.0, "mode": "test", "epoch": 44}
{"loss": 0.6881294846534729, "acc": 0.5459200143814087, "length": 1.0, "mode": "train", "epoch": 45}
{"loss": 0.6914478540420532, "acc": 0.535654604434967, "length": 1.0, "mode": "test", "epoch": 45}
{"loss": 0.6878253221511841, "acc": 0.5459727644920349, "length": 1.0, "mode": "train", "epoch": 46}
{"loss": 0.6914106607437134, "acc": 0.5374459028244019, "length": 1.0, "mode": "test", "epoch": 46}
{"loss": 0.6874387264251709, "acc": 0.5470356941223145, "length": 1.0, "mode": "train", "epoch": 47}
{"loss": 0.6907831430435181, "acc": 0.5361447334289551, "length": 1.0, "mode": "test", "epoch": 47}
{"loss": 0.6869707703590393, "acc": 0.5478702187538147, "length": 1.0, "mode": "train", "epoch": 48}
{"loss": 0.6904841065406799, "acc": 0.5349588990211487, "length": 1.0, "mode": "test", "epoch": 48}
{"loss": 0.686610758304596, "acc": 0.5480881929397583, "length": 1.0, "mode": "train", "epoch": 49}
{"loss": 0.689940333366394, "acc": 0.5367449522018433, "length": 1.0, "mode": "test", "epoch": 49}
{"loss": 0.6862347722053528, "acc": 0.548105001449585, "length": 1.0, "mode": "train", "epoch": 50}
{"loss": 0.689805269241333, "acc": 0.5355445742607117, "length": 1.0, "mode": "test", "epoch": 50}
{"loss": 0.685815155506134, "acc": 0.5484652519226074, "length": 1.0, "mode": "train", "epoch": 51}
{"loss": 0.6898083686828613, "acc": 0.5355284214019775, "length": 1.0, "mode": "test", "epoch": 51}
{"loss": 0.6854921579360962, "acc": 0.549220621585846, "length": 1.0, "mode": "train", "epoch": 52}
{"loss": 0.6892890334129333, "acc": 0.5373197793960571, "length": 1.0, "mode": "test", "epoch": 52}
{"loss": 0.6851431727409363, "acc": 0.5493977665901184, "length": 1.0, "mode": "train", "epoch": 53}
{"loss": 0.6894510984420776, "acc": 0.538145124912262, "length": 1.0, "mode": "test", "epoch": 53}
{"loss": 0.6848296523094177, "acc": 0.5494571924209595, "length": 1.0, "mode": "train", "epoch": 54}
{"loss": 0.6886597871780396, "acc": 0.5386696457862854, "length": 1.0, "mode": "test", "epoch": 54}
{"loss": 0.6844800114631653, "acc": 0.5496775507926941, "length": 1.0, "mode": "train", "epoch": 55}
{"loss": 0.6884944438934326, "acc": 0.5388515591621399, "length": 1.0, "mode": "test", "epoch": 55}
{"loss": 0.6842113733291626, "acc": 0.549560546875, "length": 1.0, "mode": "train", "epoch": 56}
{"loss": 0.6881086826324463, "acc": 0.5385398864746094, "length": 1.0, "mode": "test", "epoch": 56}
{"loss": 0.6838547587394714, "acc": 0.550708532333374, "length": 1.0, "mode": "train", "epoch": 57}
{"loss": 0.687949538230896, "acc": 0.5393885970115662, "length": 1.0, "mode": "test", "epoch": 57}
{"loss": 0.6835129857063293, "acc": 0.5507373809814453, "length": 1.0, "mode": "train", "epoch": 58}
{"loss": 0.6875591278076172, "acc": 0.5369502902030945, "length": 1.0, "mode": "test", "epoch": 58}
{"loss": 0.6831589937210083, "acc": 0.550815999507904, "length": 1.0, "mode": "train", "epoch": 59}
{"loss": 0.6871920824050903, "acc": 0.5387201309204102, "length": 1.0, "mode": "test", "epoch": 59}
{"loss": 0.6829244494438171, "acc": 0.5504275560379028, "length": 1.0, "mode": "train", "epoch": 60}
{"loss": 0.6872435212135315, "acc": 0.5353931188583374, "length": 1.0, "mode": "test", "epoch": 60}
test accuracy: 0.31575655937194824
