ndevices 0
# ["--attributes=4", "--values=4", "--game_size=10", "--vocab_size_factor=3", "--n_epochs=60", "--batch_size=64", "--learning_rate=0.001", "--speaker_hidden_size=128", "--temp_update=0.97", "--temperature=1"]
Creating train_ds and val_ds...

Creating test_ds...
vocab size 13
message length 3
{"loss": 0.6981756091117859, "acc": 0.521314799785614, "length": 3.3345699310302734, "mode": "train", "epoch": 1}
{"loss": 0.6891800165176392, "acc": 0.550000011920929, "length": 1.0, "mode": "test", "epoch": 1}
{"loss": 0.6834166646003723, "acc": 0.5656489729881287, "length": 2.078342914581299, "mode": "train", "epoch": 2}
{"loss": 0.674199104309082, "acc": 0.5984801650047302, "length": 1.328125, "mode": "test", "epoch": 2}
{"loss": 0.6474311947822571, "acc": 0.6398915648460388, "length": 2.403649091720581, "mode": "train", "epoch": 3}
{"loss": 0.6144527792930603, "acc": 0.7052062749862671, "length": 2.4765625, "mode": "test", "epoch": 3}
{"loss": 0.5766326785087585, "acc": 0.7002887725830078, "length": 2.8662445545196533, "mode": "train", "epoch": 4}
{"loss": 0.5563280582427979, "acc": 0.7167754769325256, "length": 3.0625, "mode": "test", "epoch": 4}
{"loss": 0.5102487206459045, "acc": 0.7546282410621643, "length": 3.093961477279663, "mode": "train", "epoch": 5}
{"loss": 0.513556718826294, "acc": 0.7914946675300598, "length": 3.09375, "mode": "test", "epoch": 5}
{"loss": 0.46517452597618103, "acc": 0.789820671081543, "length": 3.190825939178467, "mode": "train", "epoch": 6}
{"loss": 0.47082650661468506, "acc": 0.7937256097793579, "length": 3.25, "mode": "test", "epoch": 6}
{"loss": 0.4379177689552307, "acc": 0.8105707168579102, "length": 3.268994092941284, "mode": "train", "epoch": 7}
{"loss": 0.4570571780204773, "acc": 0.8086669445037842, "length": 3.21484375, "mode": "test", "epoch": 7}
{"loss": 0.4165320098400116, "acc": 0.822791576385498, "length": 3.3052237033843994, "mode": "train", "epoch": 8}
{"loss": 0.43643271923065186, "acc": 0.8180877566337585, "length": 3.26171875, "mode": "test", "epoch": 8}
{"loss": 0.3989448547363281, "acc": 0.8288671374320984, "length": 3.3359501361846924, "mode": "train", "epoch": 9}
{"loss": 0.4302162826061249, "acc": 0.82440185546875, "length": 3.21484375, "mode": "test", "epoch": 9}
{"loss": 0.388480007648468, "acc": 0.8376419544219971, "length": 3.3141582012176514, "mode": "train", "epoch": 10}
{"loss": 0.4292117953300476, "acc": 0.8254424929618835, "length": 3.21484375, "mode": "test", "epoch": 10}
{"loss": 0.3717755973339081, "acc": 0.8424645662307739, "length": 3.327298879623413, "mode": "train", "epoch": 11}
{"loss": 0.4031403958797455, "acc": 0.8334656357765198, "length": 3.390625, "mode": "test", "epoch": 11}
{"loss": 0.357134610414505, "acc": 0.8514197468757629, "length": 3.3494150638580322, "mode": "train", "epoch": 12}
{"loss": 0.3888472616672516, "acc": 0.8295227289199829, "length": 3.33203125, "mode": "test", "epoch": 12}
{"loss": 0.3493373692035675, "acc": 0.848108172416687, "length": 3.387363910675049, "mode": "train", "epoch": 13}
{"loss": 0.3799670934677124, "acc": 0.8383209705352783, "length": 3.42578125, "mode": "test", "epoch": 13}
{"loss": 0.33969077467918396, "acc": 0.8565178513526917, "length": 3.4246180057525635, "mode": "train", "epoch": 14}
{"loss": 0.3667341470718384, "acc": 0.8454194068908691, "length": 3.47265625, "mode": "test", "epoch": 14}
{"loss": 0.3296106159687042, "acc": 0.8563018441200256, "length": 3.457669734954834, "mode": "train", "epoch": 15}
{"loss": 0.3584456741809845, "acc": 0.8419220447540283, "length": 3.44921875, "mode": "test", "epoch": 15}
{"loss": 0.32623809576034546, "acc": 0.8588451147079468, "length": 3.486724615097046, "mode": "train", "epoch": 16}
{"loss": 0.3516198694705963, "acc": 0.8448243141174316, "length": 3.4609375, "mode": "test", "epoch": 16}
{"loss": 0.3210700452327728, "acc": 0.8614267110824585, "length": 3.522686243057251, "mode": "train", "epoch": 17}
{"loss": 0.3361217677593231, "acc": 0.8622101545333862, "length": 3.53125, "mode": "test", "epoch": 17}
{"loss": 0.3079206943511963, "acc": 0.8713884353637695, "length": 3.604083299636841, "mode": "train", "epoch": 18}
{"loss": 0.32293155789375305, "acc": 0.871228039264679, "length": 3.51953125, "mode": "test", "epoch": 18}
{"loss": 0.29699423909187317, "acc": 0.8773882389068604, "length": 3.5839338302612305, "mode": "train", "epoch": 19}
{"loss": 0.32417264580726624, "acc": 0.8700897693634033, "length": 3.66015625, "mode": "test", "epoch": 19}
{"loss": 0.2948981821537018, "acc": 0.8820253610610962, "length": 3.6105191707611084, "mode": "train", "epoch": 20}
{"loss": 0.32564234733581543, "acc": 0.8852325677871704, "length": 3.49609375, "mode": "test", "epoch": 20}
{"loss": 0.28864678740501404, "acc": 0.8808444142341614, "length": 3.5535244941711426, "mode": "train", "epoch": 21}
{"loss": 0.31738710403442383, "acc": 0.8783936500549316, "length": 3.47265625, "mode": "test", "epoch": 21}
{"loss": 0.28277382254600525, "acc": 0.8859103322029114, "length": 3.5581634044647217, "mode": "train", "epoch": 22}
{"loss": 0.30995142459869385, "acc": 0.8873595595359802, "length": 3.5078125, "mode": "test", "epoch": 22}
{"loss": 0.28170114755630493, "acc": 0.8857672214508057, "length": 3.5849552154541016, "mode": "train", "epoch": 23}
{"loss": 0.3098506033420563, "acc": 0.8851990103721619, "length": 3.4609375, "mode": "test", "epoch": 23}
{"loss": 0.290894478559494, "acc": 0.8814851641654968, "length": 3.587909460067749, "mode": "train", "epoch": 24}
{"loss": 0.2997000217437744, "acc": 0.8855102062225342, "length": 3.54296875, "mode": "test", "epoch": 24}
{"loss": 0.2801479399204254, "acc": 0.8867058157920837, "length": 3.612027883529663, "mode": "train", "epoch": 25}
{"loss": 0.30390799045562744, "acc": 0.8848877549171448, "length": 3.5546875, "mode": "test", "epoch": 25}
{"loss": 0.2642127573490143, "acc": 0.8936091661453247, "length": 3.5832161903381348, "mode": "train", "epoch": 26}
{"loss": 0.29775470495224, "acc": 0.8863494992256165, "length": 3.61328125, "mode": "test", "epoch": 26}
{"loss": 0.2671622633934021, "acc": 0.8925604224205017, "length": 3.622771978378296, "mode": "train", "epoch": 27}
{"loss": 0.2948281466960907, "acc": 0.892681896686554, "length": 3.578125, "mode": "test", "epoch": 27}
{"loss": 0.25731930136680603, "acc": 0.8969182968139648, "length": 3.6206040382385254, "mode": "train", "epoch": 28}
{"loss": 0.29365479946136475, "acc": 0.8923370838165283, "length": 3.5546875, "mode": "test", "epoch": 28}
{"loss": 0.2620156407356262, "acc": 0.8959294557571411, "length": 3.6147549152374268, "mode": "train", "epoch": 29}
{"loss": 0.2899460196495056, "acc": 0.8924010992050171, "length": 3.56640625, "mode": "test", "epoch": 29}
{"loss": 0.2600714862346649, "acc": 0.8951529860496521, "length": 3.6312947273254395, "mode": "train", "epoch": 30}
{"loss": 0.29245877265930176, "acc": 0.882525622844696, "length": 3.61328125, "mode": "test", "epoch": 30}
{"loss": 0.2559133470058441, "acc": 0.8979995250701904, "length": 3.6490678787231445, "mode": "train", "epoch": 31}
{"loss": 0.28359106183052063, "acc": 0.8965880870819092, "length": 3.671875, "mode": "test", "epoch": 31}
{"loss": 0.2526344656944275, "acc": 0.8999496698379517, "length": 3.7034194469451904, "mode": "train", "epoch": 32}
{"loss": 0.2903916537761688, "acc": 0.8957214951515198, "length": 3.75390625, "mode": "test", "epoch": 32}
{"loss": 0.2471529245376587, "acc": 0.901861846446991, "length": 3.7661619186401367, "mode": "train", "epoch": 33}
{"loss": 0.27781426906585693, "acc": 0.8949981331825256, "length": 3.7265625, "mode": "test", "epoch": 33}
{"loss": 0.24535319209098816, "acc": 0.9028373956680298, "length": 3.7323598861694336, "mode": "train", "epoch": 34}
{"loss": 0.269822895526886, "acc": 0.8999360203742981, "length": 3.6640625, "mode": "test", "epoch": 34}
{"loss": 0.23873946070671082, "acc": 0.906654953956604, "length": 3.7317750453948975, "mode": "train", "epoch": 35}
{"loss": 0.27239423990249634, "acc": 0.8954406976699829, "length": 3.6953125, "mode": "test", "epoch": 35}
{"loss": 0.2367994636297226, "acc": 0.9068366289138794, "length": 3.8006324768066406, "mode": "train", "epoch": 36}
{"loss": 0.2692674696445465, "acc": 0.8953094482421875, "length": 3.80078125, "mode": "test", "epoch": 36}
{"loss": 0.23590442538261414, "acc": 0.9036126136779785, "length": 3.841341972351074, "mode": "train", "epoch": 37}
{"loss": 0.2730197310447693, "acc": 0.891876220703125, "length": 3.75390625, "mode": "test", "epoch": 37}
{"loss": 0.23301473259925842, "acc": 0.9064497351646423, "length": 3.838773488998413, "mode": "train", "epoch": 38}
{"loss": 0.2598842978477478, "acc": 0.9003234505653381, "length": 3.81640625, "mode": "test", "epoch": 38}
{"loss": 0.22175906598567963, "acc": 0.9120422005653381, "length": 3.8641531467437744, "mode": "train", "epoch": 39}
{"loss": 0.2650197446346283, "acc": 0.896679699420929, "length": 3.890625, "mode": "test", "epoch": 39}
{"loss": 0.21684281527996063, "acc": 0.9154016971588135, "length": 3.9053311347961426, "mode": "train", "epoch": 40}
{"loss": 0.25655636191368103, "acc": 0.9023285508155823, "length": 3.8671875, "mode": "test", "epoch": 40}
{"loss": 0.2208796739578247, "acc": 0.9129865169525146, "length": 3.898040533065796, "mode": "train", "epoch": 41}
{"loss": 0.24679312109947205, "acc": 0.9041290283203125, "length": 3.84375, "mode": "test", "epoch": 41}
{"loss": 0.22110939025878906, "acc": 0.9119107723236084, "length": 3.873664140701294, "mode": "train", "epoch": 42}
{"loss": 0.24752846360206604, "acc": 0.9039521217346191, "length": 3.859375, "mode": "test", "epoch": 42}
{"loss": 0.20965535938739777, "acc": 0.9176158308982849, "length": 3.919379472732544, "mode": "train", "epoch": 43}
{"loss": 0.25222069025039673, "acc": 0.90673828125, "length": 3.86328125, "mode": "test", "epoch": 43}
{"loss": 0.20369352400302887, "acc": 0.9211435914039612, "length": 3.909931182861328, "mode": "train", "epoch": 44}
{"loss": 0.25567927956581116, "acc": 0.8974303603172302, "length": 3.88671875, "mode": "test", "epoch": 44}
{"loss": 0.20825372636318207, "acc": 0.91733717918396, "length": 3.9191784858703613, "mode": "train", "epoch": 45}
{"loss": 0.24844405055046082, "acc": 0.9111419320106506, "length": 3.84765625, "mode": "test", "epoch": 45}
{"loss": 0.20713019371032715, "acc": 0.9196776747703552, "length": 3.896674394607544, "mode": "train", "epoch": 46}
{"loss": 0.23823969066143036, "acc": 0.9109345078468323, "length": 3.87109375, "mode": "test", "epoch": 46}
{"loss": 0.2103356271982193, "acc": 0.9220699667930603, "length": 3.9032695293426514, "mode": "train", "epoch": 47}
{"loss": 0.2511897087097168, "acc": 0.9100006222724915, "length": 3.84765625, "mode": "test", "epoch": 47}
{"loss": 0.2249111384153366, "acc": 0.9153024554252625, "length": 3.9162609577178955, "mode": "train", "epoch": 48}
{"loss": 0.2631159722805023, "acc": 0.9055144786834717, "length": 3.8671875, "mode": "test", "epoch": 48}
{"loss": 0.22527869045734406, "acc": 0.909660279750824, "length": 3.8915297985076904, "mode": "train", "epoch": 49}
{"loss": 0.2521201968193054, "acc": 0.9109526872634888, "length": 3.8828125, "mode": "test", "epoch": 49}
{"loss": 0.22034774720668793, "acc": 0.9153660535812378, "length": 3.911841869354248, "mode": "train", "epoch": 50}
{"loss": 0.24291828274726868, "acc": 0.909497082233429, "length": 3.859375, "mode": "test", "epoch": 50}
{"loss": 0.21242821216583252, "acc": 0.9137219190597534, "length": 3.8979523181915283, "mode": "train", "epoch": 51}
{"loss": 0.2559766471385956, "acc": 0.902423083782196, "length": 3.83203125, "mode": "test", "epoch": 51}
{"loss": 0.21369652450084686, "acc": 0.917108952999115, "length": 3.8953661918640137, "mode": "train", "epoch": 52}
{"loss": 0.23663637042045593, "acc": 0.9129027724266052, "length": 3.85546875, "mode": "test", "epoch": 52}
{"loss": 0.2153954654932022, "acc": 0.9128913283348083, "length": 3.9028232097625732, "mode": "train", "epoch": 53}
{"loss": 0.23187977075576782, "acc": 0.9125761985778809, "length": 3.83203125, "mode": "test", "epoch": 53}
{"loss": 0.2053893804550171, "acc": 0.9182844758033752, "length": 3.9171576499938965, "mode": "train", "epoch": 54}
{"loss": 0.22907549142837524, "acc": 0.9057586193084717, "length": 3.88671875, "mode": "test", "epoch": 54}
{"loss": 0.19780731201171875, "acc": 0.9216775894165039, "length": 3.9081943035125732, "mode": "train", "epoch": 55}
{"loss": 0.22408577799797058, "acc": 0.9146362543106079, "length": 3.8515625, "mode": "test", "epoch": 55}
{"loss": 0.20172135531902313, "acc": 0.9235541820526123, "length": 3.891341209411621, "mode": "train", "epoch": 56}
{"loss": 0.23459631204605103, "acc": 0.9139831066131592, "length": 3.86328125, "mode": "test", "epoch": 56}
{"loss": 0.20055551826953888, "acc": 0.9201496243476868, "length": 3.9092719554901123, "mode": "train", "epoch": 57}
{"loss": 0.22592684626579285, "acc": 0.9157378673553467, "length": 3.8515625, "mode": "test", "epoch": 57}
{"loss": 0.19315218925476074, "acc": 0.926880955696106, "length": 3.9120161533355713, "mode": "train", "epoch": 58}
{"loss": 0.2341953068971634, "acc": 0.9182616472244263, "length": 3.8984375, "mode": "test", "epoch": 58}
{"loss": 0.18814072012901306, "acc": 0.9266499876976013, "length": 3.9453136920928955, "mode": "train", "epoch": 59}
{"loss": 0.22306452691555023, "acc": 0.9177367687225342, "length": 3.8828125, "mode": "test", "epoch": 59}
{"loss": 0.1901453584432602, "acc": 0.9255226850509644, "length": 3.9140007495880127, "mode": "train", "epoch": 60}
{"loss": 0.21599940955638885, "acc": 0.9188201427459717, "length": 3.87890625, "mode": "test", "epoch": 60}
test accuracy: 0.7500260472297668
